02021d3b54a898d36d126c423b2c82b57c500705.c:1:1: error: expected identifier or â€˜(â€™ before â€˜/â€™ token
    1 | /G b  * corpus/991118-1.c */
      | ^
02021d3b54a898d36d126c423b2c82b57c500705.c:1:4: error: stray â€˜\17â€™ in program
    1 | /G<U+000C><U+000F><U+0000><U+0010>b<U+0000><U+0000>* corpus/991118-1.c */
      |           ^~~~~~~~
02021d3b54a898d36d126c423b2c82b57c500705.c:1:6: error: stray â€˜\20â€™ in program
    1 | /G<U+000C><U+000F><U+0000><U+0010>b<U+0000><U+0000>* corpus/991118-1.c */
      |                           ^~~~~~~~
02021d3b54a898d36d126c423b2c82b57c500705.c:1:26: error: invalid suffix "c" on floating constant
    1 | /G b  * corpus/991118-1.c */
      |                          ^~~
02021d3b54a898d36d126c423b2c82b57c500705.c:22:17: error: expected identifier or â€˜(â€™ before â€˜-â€™ token
   22 |   long long int -field : 53;
      |                 ^
02021d3b54a898d36d126c423b2c82b57c500705.c:27:17: error: parameter 1 (â€˜tmpâ€™) has incomplete type
   27 | sub (struct tmp tmp)
      |      ~~~~~~~~~~~^~~
02021d3b54a898d36d126c423b2c82b57c500705.c:27:1: error: return type is an incomplete type
   27 | sub (struct tmp tmp)
      | ^~~
02021d3b54a898d36d126c423b2c82b57c500705.c: In function â€˜sub2â€™:
02021d3b54a898d36d126c423b2c82b57c500705.c:37:3: error: stray â€˜`â€™ in program
   37 |   `eturn tmp2;
      |   ^
02021d3b54a898d36d126c423b2c82b57c500705.c:37:4: error: unknown type name â€˜eturnâ€™
   37 |   `eturn tmp2;
      |    ^~~~~
02021d3b54a898d36d126c423b2c82b57c500705.c:37:10: error: â€˜tmp2â€™ redeclared as different kind of symbol
   37 |   `eturn tmp2;
      |          ^~~~
02021d3b54a898d36d126c423b2c82b57c500705.c:34:19: note: previous definition of â€˜tmp2â€™ with type â€˜struct tmp2â€™
   34 | sub2 (struct tmp2 tmp2)
      |       ~~~~~~~~~~~~^~~~
02021d3b54a898d36d126c423b2c82b57c500705.c: In function â€˜sub3â€™:
02021d3b54a898d36d126c423b2c82b57c500705.c:43:8: error: â€˜struct tmp3â€™ has no member named â€˜fiedlâ€™; did you mean â€˜fieldâ€™?
   43 |   tmp3.fiedl=^  0x0018765412345678LL;
      |        ^~~~~
      |        field
02021d3b54a898d36d126c423b2c82b57c500705.c:43:14: error: expected expression before â€˜^â€™ token
   43 |   tmp3.fiedl=^  0x0018765412345678LL;
      |              ^
02021d3b54a898d36d126c423b2c82b57c500705.c: In function â€˜sub4â€™:
02021d3b54a898d36d126c423b2c82b57c500705.c:50:7: error: â€˜struct tmp4â€™ has no member named â€˜fieldâ€™
   50 |   tmp4.field ^= 0x0018765412345678LL;
      |       ^
02021d3b54a898d36d126c423b2c82b57c500705.c: At top level:
02021d3b54a898d36d126c423b2c82b57c500705.c:54:8: error: variable â€˜tmpâ€™ has initializer but incomplete type
   54 | struct tmp tmp = {0x123, 0x123456789ABCDLL};
      |        ^~~
02021d3b54a898d36d126c423b2c82b57c500705.c: In function â€˜mainâ€™:
02021d3b54a898d36d126c423b2c82b57c500705.c:65:14: error: â€˜tmpâ€™ has an incomplete type â€˜struct tmpâ€™
   65 |   tmp = sub (tmp);
      |              ^~~
02021d3b54a898d36d126c423b2c82b57c500705.c:65:7: error: â€˜tmpâ€™ has an incomplete type â€˜struct tmpâ€™
   65 |   tmp = sub (tmp);
      |       ^
02021d3b54a898d36d126c423b2c82b57c500705.c:68:10: error: invalid use of undefined type â€˜struct tmpâ€™
   68 |   if (tmp.pad != 0x123 || tmp.field != 0xFFF9551175BDFDB5LL)
      |          ^
02021d3b54a898d36d126c423b2c82b57c500705.c:68:30: error: invalid use of undefined type â€˜struct tmpâ€™
   68 |   if (tmp.pad != 0x123 || tmp.field != 0xFFF9551175BDFDB5LL)
      |                              ^
02021d3b54a898d36d126c423b2c82b57c500705.c:73:10: error: â€˜sub11â€™ undeclared (first use in this function)
   73 |   tmp3 = sub11;
      |          ^~~~~
02021d3b54a898d36d126c423b2c82b57c500705.c:73:10: note: each undeclared identifier is reported only once for each function it appears in
02021d3b54a898d36d126c423b2c82b57c500705.c: At top level:
02021d3b54a898d36d126c423b2c82b57c500705.c:77:17: error: parameter 1 (â€˜tmpâ€™) has incomplete type
   77 | sub (struct tmp tmp)
      |      ~~~~~~~~~~~^~~
02021d3b54a898d36d126c423b2c82b57c500705.c:77:1: error: return type is an incomplete type
   77 | sub (struct tmp tmp)
      | ^~~
02021d3b54a898d36d126c423b2c82b57c500705.c:77:1: error: redefinition of â€˜subâ€™
02021d3b54a898d36d126c423b2c82b57c500705.c:27:1: note: previous definition of â€˜subâ€™ with type â€˜void()â€™
   27 | sub (struct tmp tmp)
      | ^~~
02021d3b54a898d36d126c423b2c82b57c500705.c:84:1: error: redefinition of â€˜sub2â€™
   84 | sub2 (struct tmp2 tmp2)
      | ^~~~
02021d3b54a898d36d126c423b2c82b57c500705.c:34:1: note: previous definition of â€˜sub2â€™ with type â€˜struct tmp2(struct tmp2)â€™
   34 | sub2 (struct tmp2 tmp2)
      | ^~~~
02021d3b54a898d36d126c423b2c82b57c500705.c: In function â€˜sub2â€™:
02021d3b54a898d36d126c423b2c82b57c500705.c:87:3: error: stray â€˜`â€™ in program
   87 |   `eturn tmp2;
      |   ^
02021d3b54a898d36d126c423b2c82b57c500705.c:87:4: error: unknown type name â€˜eturnâ€™
   87 |   `eturn tmp2;
      |    ^~~~~
02021d3b54a898d36d126c423b2c82b57c500705.c:87:10: error: â€˜tmp2â€™ redeclared as different kind of symbol
   87 |   `eturn tmp2;
      |          ^~~~
02021d3b54a898d36d126c423b2c82b57c500705.c:84:19: note: previous definition of â€˜tmp2â€™ with type â€˜struct tmp2â€™
   84 | sub2 (struct tmp2 tmp2)
      |       ~~~~~~~~~~~~^~~~
02021d3b54a898d36d126c423b2c82b57c500705.c: At top level:
02021d3b54a898d36d126c423b2c82b57c500705.c:91:1: error: redefinition of â€˜sub3â€™
   91 | sub3 (struct tmp3 tmp3)
      | ^~~~
02021d3b54a898d36d126c423b2c82b57c500705.c:41:1: note: previous definition of â€˜sub3â€™ with type â€˜struct tmp3(struct tmp3)â€™
   41 | sub3 (struct tmp3 tmp3)
      | ^~~~
02021d3b54a898d36d126c423b2c82b57c500705.c: In function â€˜sub3â€™:
02021d3b54a898d36d126c423b2c82b57c500705.c:93:8: error: â€˜struct tmp3â€™ has no member named â€˜fiedlâ€™; did you mean â€˜fieldâ€™?
   93 |   tmp3.fiedl=^  0x0018765412345678LL;
      |        ^~~~~
      |        field
02021d3b54a898d36d126c423b2c82b57c500705.c:93:14: error: expected expression before â€˜^â€™ token
   93 |   tmp3.fiedl=^  0x0018765412345678LL;
      |              ^
02021d3b54a898d36d126c423b2c82b57c500705.c: At top level:
02021d3b54a898d36d126c423b2c82b57c500705.c:98:1: error: redefinition of â€˜sub4â€™
   98 | sub4 (struct tmp4 tmp4)
      | ^~~~
02021d3b54a898d36d126c423b2c82b57c500705.c:48:1: note: previous definition of â€˜sub4â€™ with type â€˜struct tmp4(struct tmp4)â€™
   48 | sub4 (struct tmp4 tmp4)
      | ^~~~
02021d3b54a898d36d126c423b2c82b57c500705.c: In function â€˜sub4â€™:
02021d3b54a898d36d126c423b2c82b57c500705.c:100:7: error: â€˜struct tmp4â€™ has no member named â€˜fieldâ€™
  100 |   tmp4.field ^= 0x0018765412345678LL;
      |       ^
02021d3b54a898d36d126c423b2c82b57c500705.c: At top level:
02021d3b54a898d36d126c423b2c82b57c500705.c:104:8: error: variable â€˜tmpâ€™ has initializer but incomplete type
  104 | struct tmp tmp = {0x123, 0x123456789ABCDLL};
      |        ^~~
02021d3b54a898d36d126c423b2c82b57c500705.c:105:13: error: redefinition of â€˜tmp2â€™
  105 | struct tmp2 tmp2 = {0x123456789ABCDLL, 0x123};
      |             ^~~~
02021d3b54a898d36d126c423b2c82b57c500705.c:55:13: note: previous definition of â€˜tmp2â€™ with type â€˜struct tmp2â€™
   55 | struct tmp2 tmp2 = {0x123456789ABCDLL, 0x123};
      |             ^~~~
02021d3b54a898d36d126c423b2c82b57c500705.c:106:13: error: redefinition of â€˜tmp3â€™
  106 | struct tmp3 tmp3 = {0x123, 0x1FFFF00000000LL};
      |             ^~~~
02021d3b54a898d36d126c423b2c82b57c500705.c:56:13: note: previous definition of â€˜tmp3â€™ with type â€˜struct tmp3â€™
   56 | struct tmp3 tmp3 = {0x123, 0x1FFFF00000000LL};
      |             ^~~~
02021d3b54a898d36d126c423b2c82b57c500705.c:107:13: error: redefinition of â€˜tmp4â€™
  107 | struct tmp4 tmp4 = {0x1FFFF00000000LL, 0x123};
      |             ^~~~
02021d3b54a898d36d126c423b2c82b57c500705.c:57:13: note: previous definition of â€˜tmp4â€™ with type â€˜struct tmp4â€™
   57 | struct tmp4 tmp4 = {0x1FFFF00000000LL, 0x123};
      |             ^~~~
02021d3b54a898d36d126c423b2c82b57c500705.c:109:1: error: redefinition of â€˜mainâ€™
  109 | main()
      | ^~~~
02021d3b54a898d36d126c423b2c82b57c500705.c:59:1: note: previous definition of â€˜mainâ€™ with type â€˜int()â€™
   59 | main()
      | ^~~~
02021d3b54a898d36d126c423b2c82b57c500705.c: In function â€˜mainâ€™:
02021d3b54a898d36d126c423b2c82b57c500705.c:111:1: error: called object is not a function or function pointer
  111 | 3 (tmp3);
      | ^
02021d3b54a898d36d126c423b2c82b57c500705.c:113:42: error: invalid suffix "ong" on integer constant
  113 |   if (tmp3.pad != 0x123 || tmp3.field != 0xFFF989ABong long int field : 53;
      |                                          ^~~~~~~~~~~~~
02021d3b54a898d36d126c423b2c82b57c500705.c:113:55: error: expected â€˜)â€™ before â€˜longâ€™
  113 |   if (tmp3.pad != 0x123 || tmp3.field != 0xFFF989ABong long int field : 53;
      |      ~                                                ^~~~~
      |                                                       )
02021d3b54a898d36d126c423b2c82b57c500705.c:114:1: error: expected expression before â€˜}â€™ token
  114 | };
      | ^
02021d3b54a898d36d126c423b2c82b57c500705.c: At top level:
02021d3b54a898d36d126c423b2c82b57c500705.c:116:8: error: redefinition of â€˜struct tmp4â€™
  116 | struct tmp4
      |        ^~~~
02021d3b54a898d36d126c423b2c82b57c500705.c:20:8: note: originally defined here
   20 | struct tmp4
      |        ^~~~
02021d3b54a898d36d126c423b2c82b57c500705.c:118:17: error: expected identifier or â€˜(â€™ before â€˜-â€™ token
  118 |   long long int -field : 53;
      |                 ^
02021d3b54a898d36d126c423b2c82b57c500705.c:123:17: error: parameter 1 (â€˜tmpâ€™) has incomplete type
  123 | sub (struct tmp tmp)
      |      ~~~~~~~~~~~^~~
02021d3b54a898d36d126c423b2c82b57c500705.c:123:1: error: return type is an incomplete type
  123 | sub (struct tmp tmp)
      | ^~~
02021d3b54a898d36d126c423b2c82b57c500705.c:123:1: error: redefinition of â€˜subâ€™
02021d3b54a898d36d126c423b2c82b57c500705.c:27:1: note: previous definition of â€˜subâ€™ with type â€˜void()â€™
   27 | sub (struct tmp tmp)
      | ^~~
02021d3b54a898d36d126c423b2c82b57c500705.c:130:1: error: redefinition of â€˜sub2â€™
  130 | sub2 (struct tmp2 tmp2)
      | ^~~~
02021d3b54a898d36d126c423b2c82b57c500705.c:34:1: note: previous definition of â€˜sub2â€™ with type â€˜struct tmp2(struct tmp2)â€™
   34 | sub2 (struct tmp2 tmp2)
      | ^~~~
02021d3b54a898d36d126c423b2c82b57c500705.c: In function â€˜sub2â€™:
02021d3b54a898d36d126c423b2c82b57c500705.c:133:3: error: stray â€˜`â€™ in program
  133 |   `eturn tmp2;
      |   ^
02021d3b54a898d36d126c423b2c82b57c500705.c:133:4: error: unknown type name â€˜eturnâ€™
  133 |   `eturn tmp2;
      |    ^~~~~
02021d3b54a898d36d126c423b2c82b57c500705.c:133:10: error: â€˜tmp2â€™ redeclared as different kind of symbol
  133 |   `eturn tmp2;
      |          ^~~~
02021d3b54a898d36d126c423b2c82b57c500705.c:130:19: note: previous definition of â€˜tmp2â€™ with type â€˜struct tmp2â€™
  130 | sub2 (struct tmp2 tmp2)
      |       ~~~~~~~~~~~~^~~~
02021d3b54a898d36d126c423b2c82b57c500705.c: At top level:
02021d3b54a898d36d126c423b2c82b57c500705.c:137:1: error: redefinition of â€˜sub3â€™
  137 | sub3 (struct tmp3 tmp3)
      | ^~~~
02021d3b54a898d36d126c423b2c82b57c500705.c:41:1: note: previous definition of â€˜sub3â€™ with type â€˜struct tmp3(struct tmp3)â€™
   41 | sub3 (struct tmp3 tmp3)
      | ^~~~
02021d3b54a898d36d126c423b2c82b57c500705.c: In function â€˜sub3â€™:
02021d3b54a898d36d126c423b2c82b57c500705.c:139:8: error: â€˜struct tmp3â€™ has no member named â€˜fiedlâ€™; did you mean â€˜fieldâ€™?
  139 |   tmp3.fiedl=^  0x0018765412345678LL;
      |        ^~~~~
      |        field
02021d3b54a898d36d126c423b2c82b57c500705.c:139:14: error: expected expression before â€˜^â€™ token
  139 |   tmp3.fiedl=^  0x0018765412345678LL;
      |              ^
02021d3b54a898d36d126c423b2c82b57c500705.c: At top level:
02021d3b54a898d36d126c423b2c82b57c500705.c:144:1: error: conflicting types for â€˜sub4â€™; have â€˜struct tmp4(struct tmp4)â€™
  144 | sub4 (struct tmp4 tmp4)
      | ^~~~
02021d3b54a898d36d126c423b2c82b57c500705.c:48:1: note: previous definition of â€˜sub4â€™ with type â€˜struct tmp4(struct tmp4)â€™
   48 | sub4 (struct tmp4 tmp4)
      | ^~~~
02021d3b54a898d36d126c423b2c82b57c500705.c: In function â€˜sub4â€™:
02021d3b54a898d36d126c423b2c82b57c500705.c:146:7: error: â€˜struct tmp4â€™ has no member named â€˜fieldâ€™
  146 |   tmp4.field ^= 0x0018765412345678LL;
      |       ^
02021d3b54a898d36d126c423b2c82b57c500705.c: At top level:
02021d3b54a898d36d126c423b2c82b57c500705.c:150:8: error: variable â€˜tmpâ€™ has initializer but incomplete type
  150 | struct tmp tmp = {0x123, 0x123456789ABCDLL};
      |        ^~~
02021d3b54a898d36d126c423b2c82b57c500705.c:151:13: error: redefinition of â€˜tmp2â€™
  151 | struct tmp2 tmp2 = {0x123456789ABCDLL, 0x123};
      |             ^~~~
02021d3b54a898d36d126c423b2c82b57c500705.c:55:13: note: previous definition of â€˜tmp2â€™ with type â€˜struct tmp2â€™
   55 | struct tmp2 tmp2 = {0x123456789ABCDLL, 0x123};
      |             ^~~~
02021d3b54a898d36d126c423b2c82b57c500705.c:152:13: error: redefinition of â€˜tmp3â€™
  152 | struct tmp3 tmp3 = {0x123, 0x1FFFF00000000LL};
      |             ^~~~
02021d3b54a898d36d126c423b2c82b57c500705.c:56:13: note: previous definition of â€˜tmp3â€™ with type â€˜struct tmp3â€™
   56 | struct tmp3 tmp3 = {0x123, 0x1FFFF00000000LL};
      |             ^~~~
02021d3b54a898d36d126c423b2c82b57c500705.c:153:13: error: conflicting types for â€˜tmp4â€™; have â€˜struct tmp4â€™
  153 | struct tmp4 tmp4 = {0x1FFFF00000000LL, 0x123};
      |             ^~~~
02021d3b54a898d36d126c423b2c82b57c500705.c:57:13: note: previous definition of â€˜tmp4â€™ with type â€˜struct tmp4â€™
   57 | struct tmp4 tmp4 = {0x1FFFF00000000LL, 0x123};
      |             ^~~~
02021d3b54a898d36d126c423b2c82b57c500705.c:155:1: error: redefinition of â€˜mainâ€™
  155 | main()
      | ^~~~
02021d3b54a898d36d126c423b2c82b57c500705.c:59:1: note: previous definition of â€˜mainâ€™ with type â€˜int()â€™
   59 | main()
      | ^~~~
02021d3b54a898d36d126c423b2c82b57c500705.c: In function â€˜mainâ€™:
02021d3b54a898d36d126c423b2c82b57c500705.c:161:14: error: â€˜tmpâ€™ has an incomplete type â€˜struct tmpâ€™
  161 |   tmp = sub (tmp);
      |              ^~~
02021d3b54a898d36d126c423b2c82b57c500705.c:161:7: error: â€˜tmpâ€™ has an incomplete type â€˜struct tmpâ€™
  161 |   tmp = sub (tmp);
      |       ^
02021d3b54a898d36d126c423b2c82b57c500705.c:164:10: error: invalid use of undefined type â€˜struct tmpâ€™
  164 |   if (tmp.pad != 0x123 || tmp.field != 0xFFF9551175BDFDB5LL)
      |          ^
02021d3b54a898d36d126c423b2c82b57c500705.c:164:30: error: invalid use of undefined type â€˜struct tmpâ€™
  164 |   if (tmp.pad != 0x123 || tmp.field != 0xFFF9551175BDFDB5LL)
      |                              ^
02021d3b54a898d36d126c423b2c82b57c500705.c:169:10: error: â€˜sub11â€™ undeclared (first use in this function)
  169 |   tmp3 = sub11;
      |          ^~~~~
02021d3b54a898d36d126c423b2c82b57c500705.c: At top level:
02021d3b54a898d36d126c423b2c82b57c500705.c:173:17: error: parameter 1 (â€˜tmpâ€™) has incomplete type
  173 | sub (struct tmp tmp)
      |      ~~~~~~~~~~~^~~
02021d3b54a898d36d126c423b2c82b57c500705.c:173:1: error: return type is an incomplete type
  173 | sub (struct tmp tmp)
      | ^~~
02021d3b54a898d36d126c423b2c82b57c500705.c:173:1: error: redefinition of â€˜subâ€™
02021d3b54a898d36d126c423b2c82b57c500705.c:27:1: note: previous definition of â€˜subâ€™ with type â€˜void()â€™
   27 | sub (struct tmp tmp)
      | ^~~
02021d3b54a898d36d126c423b2c82b57c500705.c:180:1: error: redefinition of â€˜sub2â€™
  180 | sub2 (struct tmp2 tmp2)
      | ^~~~
02021d3b54a898d36d126c423b2c82b57c500705.c:34:1: note: previous definition of â€˜sub2â€™ with type â€˜struct tmp2(struct tmp2)â€™
   34 | sub2 (struct tmp2 tmp2)
      | ^~~~
02021d3b54a898d36d126c423b2c82b57c500705.c: In function â€˜sub2â€™:
02021d3b54a898d36d126c423b2c82b57c500705.c:183:3: error: stray â€˜`â€™ in program
  183 |   `eturn tmp2;
      |   ^
02021d3b54a898d36d126c423b2c82b57c500705.c:183:4: error: unknown type name â€˜eturnâ€™
  183 |   `eturn tmp2;
      |    ^~~~~
02021d3b54a898d36d126c423b2c82b57c500705.c:183:10: error: â€˜tmp2â€™ redeclared as different kind of symbol
  183 |   `eturn tmp2;
      |          ^~~~
02021d3b54a898d36d126c423b2c82b57c500705.c:180:19: note: previous definition of â€˜tmp2â€™ with type â€˜struct tmp2â€™
  180 | sub2 (struct tmp2 tmp2)
      |       ~~~~~~~~~~~~^~~~
02021d3b54a898d36d126c423b2c82b57c500705.c: At top level:
02021d3b54a898d36d126c423b2c82b57c500705.c:187:1: error: redefinition of â€˜sub3â€™
  187 | sub3 (struct tmp3 tmp3)
      | ^~~~
02021d3b54a898d36d126c423b2c82b57c500705.c:41:1: note: previous definition of â€˜sub3â€™ with type â€˜struct tmp3(struct tmp3)â€™
   41 | sub3 (struct tmp3 tmp3)
      | ^~~~
02021d3b54a898d36d126c423b2c82b57c500705.c: In function â€˜sub3â€™:
02021d3b54a898d36d126c423b2c82b57c500705.c:189:8: error: â€˜struct tmp3â€™ has no member named â€˜fiedlâ€™; did you mean â€˜fieldâ€™?
  189 |   tmp3.fiedl=^  0x0018765412345678LL;
      |        ^~~~~
      |        field
02021d3b54a898d36d126c423b2c82b57c500705.c:189:14: error: expected expression before â€˜^â€™ token
  189 |   tmp3.fiedl=^  0x0018765412345678LL;
      |              ^
02021d3b54a898d36d126c423b2c82b57c500705.c: At top level:
02021d3b54a898d36d126c423b2c82b57c500705.c:194:12: error: expected â€˜=â€™, â€˜,â€™, â€˜;â€™, â€˜asmâ€™ or â€˜__attribute__â€™ before â€˜)â€™ token
  194 | s12345678LL)
      |            ^
02021d3b54a898d36d126c423b2c82b57c500705.c:196:3: error: expected identifier or â€˜(â€™ before â€˜ifâ€™
  196 |   if (tmp4.pad != 0x123 || tmp4.field != 0xFFF989AB12345678LL)
      |   ^~
02021d3b54a898d36d126c423b2c82b57c500705.c:198:9: error: expected declaration specifiers or â€˜...â€™ before numeric constant
  198 |   exit (0);
      |         ^
02021d3b54a898d36d126c423b2c82b57c500705.c:199:1: error: expected identifier or â€˜(â€™ before â€˜}â€™ token
  199 | }
      | ^
02021d3b54a898d36d126c423b2c82b57c500705.c:150:12: error: storage size of â€˜tmpâ€™ isnâ€™t known
  150 | struct tmp tmp = {0x123, 0x123456789ABCDLL};
      |            ^~~
02021d3b54a898d36d126c423b2c82b57c500705.c:150:12: error: storage size of â€˜tmpâ€™ isnâ€™t known
02021d3b54a898d36d126c423b2c82b57c500705.c:150:12: error: storage size of â€˜tmpâ€™ isnâ€™t known
02021d3b54a898d36d126c423b2c82b57c500705.c: In function â€˜sub2â€™:
02021d3b54a898d36d126c423b2c82b57c500705.c:36:7: internal compiler error: tree check: expected class â€˜typeâ€™, have â€˜exceptionalâ€™ (error_mark) in create_tmp_from_val, at gimplify.cc:570
   36 |   tmp2.field ^= 0x0008765412345678LL;
      |   ~~~~^~~~~~
0x7e4445 tree_class_check_failed(tree_node const*, tree_code_class, char const*, int, char const*)
	.././../gcc-source/gcc/tree.cc:8738
0x7230d8 tree_class_check(tree_node*, tree_code_class, char const*, int, char const*)
	.././../gcc-source/gcc/tree.h:3573
0x7230d8 create_tmp_from_val
	.././../gcc-source/gcc/gimplify.cc:570
0x7230d8 lookup_tmp_var
	.././../gcc-source/gcc/gimplify.cc:589
0x7230d8 internal_get_tmp_var
	.././../gcc-source/gcc/gimplify.cc:642
0xc3062a get_initialized_tmp_var(tree_node*, gimple**, gimple**, bool)
	.././../gcc-source/gcc/gimplify.cc:681
0xc3062a prepare_gimple_addressable
	.././../gcc-source/gcc/gimplify.cc:4538
0xc3117a gimplify_compound_lval
	.././../gcc-source/gcc/gimplify.cc:3265
0xc2a904 gimplify_expr(tree_node**, gimple**, gimple**, bool (*)(tree_node*), int)
	.././../gcc-source/gcc/gimplify.cc:15008
0xc2b184 gimplify_expr(tree_node**, gimple**, gimple**, bool (*)(tree_node*), int)
	.././../gcc-source/gcc/gimplify.cc:15159
0xc2ad71 gimplify_expr(tree_node**, gimple**, gimple**, bool (*)(tree_node*), int)
	.././../gcc-source/gcc/gimplify.cc:15833
0xc2b184 gimplify_expr(tree_node**, gimple**, gimple**, bool (*)(tree_node*), int)
	.././../gcc-source/gcc/gimplify.cc:15159
0xc3bae7 gimplify_modify_expr
	.././../gcc-source/gcc/gimplify.cc:6043
0xc2b126 gimplify_expr(tree_node**, gimple**, gimple**, bool (*)(tree_node*), int)
	.././../gcc-source/gcc/gimplify.cc:15056
0xc2e7f6 gimplify_stmt(tree_node**, gimple**)
	.././../gcc-source/gcc/gimplify.cc:7111
0xc2b8eb gimplify_statement_list
	.././../gcc-source/gcc/gimplify.cc:2019
0xc2b8eb gimplify_expr(tree_node**, gimple**, gimple**, bool (*)(tree_node*), int)
	.././../gcc-source/gcc/gimplify.cc:15501
0xc2e7f6 gimplify_stmt(tree_node**, gimple**)
	.././../gcc-source/gcc/gimplify.cc:7111
0xc2efb4 gimplify_bind_expr
	.././../gcc-source/gcc/gimplify.cc:1428
0xc2b891 gimplify_expr(tree_node**, gimple**, gimple**, bool (*)(tree_node*), int)
	.././../gcc-source/gcc/gimplify.cc:15257
Please submit a full bug report, with preprocessed source (by using -freport-bug).
Please include the complete backtrace with any bug report.
See <https://gcc.gnu.org/bugs/> for instructions.
