6dea033dc68dc6f0c9399033511edac8b831f0bc.c:1:1: error: expected identifier or ‘(’ before ‘/’ token
    1 | /   * corpus/20020402-3.c */
      | ^
6dea033dc68dc6f0c9399033511edac8b831f0bc.c:1:2: error: stray ‘\36’ in program
    1 | /<U+001E><U+0000><U+0000><U+0000>* corpus/20020402-3.c */
      |  ^~~~~~~~
6dea033dc68dc6f0c9399033511edac8b831f0bc.c:1:24: error: invalid suffix "c" on floating constant
    1 | /   * corpus/20020402-3.c */
      |                        ^~~
6dea033dc68dc6f0c9399033511edac8b831f0bc.c:20:7: error: two or more data types in declaration specifiers
   20 | const char *ss;
      |       ^~~~
6dea033dc68dc6f0c9399033511edac8b831f0bc.c:30:1: error: expected identifier or ‘(’ before ‘}’ token
   30 | };
      | ^
6dea033dc68dc6f0c9399033511edac8b831f0bc.c:36:7: error: two or more data types in declaration specifiers
   36 | const char *ss;
      |       ^~~~
6dea033dc68dc6f0c9399033511edac8b831f0bc.c:38:21: error: expected ‘)’ before ‘%’ token
   38 | int __attribute__((n%ipa)) dummy (const char *s, ...)
      |                     ^
      |                     )
6dea033dc68dc6f0c9399033511edac8b831f0bc.c:38:26: error: expected identifier or ‘(’ before ‘)’ token
   38 | int __attribute__((n%ipa)) dummy (const char *s, ...)
      |                          ^
6dea033dc68dc6f0c9399033511edac8b831f0bc.c:44:24: error: redefinition of ‘h’
   44 | static int j, v, e, f, h = 5, k, l, n, o, p, q, r, s, u, w, x, y, z, aa, ab, ac,
      |                        ^
6dea033dc68dc6f0c9399033511edac8b831f0bc.c:28:24: note: previous definition of ‘h’ with type ‘int’
   28 | static int j, v, e, f, h = 5, k, l, n, o, p, q, r, s, u, w, x, y, z, aa, ab, ac,
      |                        ^
6dea033dc68dc6f0c9399033511edac8b831f0bc.c:52:12: error: expected declaration specifiers or ‘...’ before ‘;’ token
   52 | static sho(; al; al--) {
      |            ^
6dea033dc68dc6f0c9399033511edac8b831f0bc.c:52:14: error: expected declaration specifiers or ‘...’ before ‘al’
   52 | static sho(; al; al--) {
      |              ^~
6dea033dc68dc6f0c9399033511edac8b831f0bc.c:52:18: error: expected declaration specifiers or ‘...’ before ‘al’
   52 | static sho(; al; al--) {
      |                  ^~
6dea033dc68dc6f0c9399033511edac8b831f0bc.c:61:3: error: non-static declaration of ‘r’ follows static declaration
   61 |   r = 0/* corpus/pr43220.c */
      |   ^
6dea033dc68dc6f0c9399033511edac8b831f0bc.c:44:49: note: previous declaration of ‘r’ with type ‘int’
   44 | static int j, v, e, f, h = 5, k, l, n, o, p, q, r, s, u, w, x, y, z, aa, ab, ac,
      |                                                 ^
6dea033dc68dc6f0c9399033511edac8b831f0bc.c:65:1: error: expected ‘,’ or ‘;’ before ‘void’
   65 | void *volatile ;
      | ^~~~
6dea033dc68dc6f0c9399033511edac8b831f0bc.c:66:3: error: expected identifier or ‘(’ before ‘return’
   66 |   return 0;
      |   ^~~~~~
6dea033dc68dc6f0c9399033511edac8b831f0bc.c:67:1: error: expected identifier or ‘(’ before ‘}’ token
   67 | }
      | ^
6dea033dc68dc6f0c9399033511edac8b831f0bc.c: In function ‘aw’:
6dea033dc68dc6f0c9399033511edac8b831f0bc.c:72:3: error: ‘cn’ undeclared (first use in this function); did you mean ‘c’?
   72 |   cn = (as((at(), ax)[2]), ax[4]);
      |   ^~
      |   c
6dea033dc68dc6f0c9399033511edac8b831f0bc.c:72:3: note: each undeclared identifier is reported only once for each function it appears in
6dea033dc68dc6f0c9399033511edac8b831f0bc.c:76:13: error: expected ‘=’, ‘,’, ‘;’, ‘asm’ or ‘__attribute__’ before ‘er’
   76 |     int a[] er struct block *b;
      |             ^~
6dea033dc68dc6f0c9399033511edac8b831f0bc.c:76:13: error: ‘er’ undeclared (first use in this function); did you mean ‘ar’?
   76 |     int a[] er struct block *b;
      |             ^~
      |             ar
6dea033dc68dc6f0c9399033511edac8b831f0bc.c:76:15: error: expected ‘;’ before ‘struct’
   76 |     int a[] er struct block *b;
      |               ^~~~~~~
      |               ;
6dea033dc68dc6f0c9399033511edac8b831f0bc.c:80:10: error: stray ‘\21’ in program
   80 |   bl = sy<U+0011>zO<U+0001><U+0010>b<U+0000><U+0000>ockvector;
      |          ^~~~~~~~
6dea033dc68dc6f0c9399033511edac8b831f0bc.c:80:8: error: ‘sy’ undeclared (first use in this function); did you mean ‘ay’?
   80 |   bl = syzOb  ockvector;
      |        ^~
      |        ay
6dea033dc68dc6f0c9399033511edac8b831f0bc.c:80:10: error: expected ‘;’ before ‘zO’
   80 |   bl = syzOb  ockvector;
      |          ^~~
      |          ;
6dea033dc68dc6f0c9399033511edac8b831f0bc.c:80:13: error: stray ‘\1’ in program
   80 |   bl = sy<U+0011>zO<U+0001><U+0010>b<U+0000><U+0000>ockvector;
      |                    ^~~~~~~~
6dea033dc68dc6f0c9399033511edac8b831f0bc.c:80:14: error: stray ‘\20’ in program
   80 |   bl = sy<U+0011>zO<U+0001><U+0010>b<U+0000><U+0000>ockvector;
      |                            ^~~~~~~~
6dea033dc68dc6f0c9399033511edac8b831f0bc.c:81:3: error: ‘b’ undeclared (first use in this function); did you mean ‘bl’?
   81 |   b = bl->block[0];
      |   ^
      |   bl
6dea033dc68dc6f0c9399033511edac8b831f0bc.c:81:9: error: invalid use of undefined type ‘struct blockvector’
   81 |   b = bl->block[0];
      |         ^~
6dea033dc68dc6f0c9399033511edac8b831f0bc.c:84:11: error: invalid use of undefined type ‘struct blockvector’
   84 |   top = bl->nblocks;
      |           ^~
6dea033dc68dc6f0c9399033511edac8b831f0bc.c:89:13: error: invalid use of undefined type ‘struct blockvector’
   89 |       b = bl->block[bot  lfah+];
      |             ^~
6dea033dc68dc6f0c9399033511edac8b831f0bc.c:89:24: error: expected ‘]’ before ‘lfah’
   89 |       b = bl->block[bot  lfah+];
      |                        ^ ~~~~
      |                        ]
6dea033dc68dc6f0c9399033511edac8b831f0bc.c:90:27: error: ‘pc’ undeclared (first use in this function); did you mean ‘c’?
   90 |       if (b->startaddr <= pc)
      |                           ^~
      |                           c
6dea033dc68dc6f0c9399033511edac8b831f0bc.c:98:13: error: invalid use of undefined type ‘struct blockvector’
   98 |       b = bl->block[bot];
      |             ^~
6dea033dc68dc6f0c9399033511edac8b831f0bc.c:101:18: error: ‘bl0000’ undeclared (first use in this function)
  101 |           return bl0000 block a a523e1d_3053_test3083535516.c */
      |                  ^~~~~~
6dea033dc68dc6f0c9399033511edac8b831f0bc.c:101:24: error: expected ‘;’ before ‘block’
  101 |           return bl0000 block a a523e1d_3053_test3083535516.c */
      |                        ^~~~~~
      |                        ;
In file included from /home/user42/data/csmith/runtime/csmith.h:40,
                 from 6dea033dc68dc6f0c9399033511edac8b831f0bc.c:102:
/usr/include/string.h:43:22: error: unknown type name ‘size_t’
   43 |                      size_t __n) __THROW __nonnull ((1, 2));
      |                      ^~~~~~
/usr/include/string.h:34:1: note: ‘size_t’ is defined in header ‘<stddef.h>’; did you forget to ‘#include <stddef.h>’?
   33 | #include <stddef.h>
  +++ |+#include <stddef.h>
   34 | 
/usr/include/string.h:46:56: error: unknown type name ‘size_t’
   46 | extern void *memmove (void *__dest, const void *__src, size_t __n)
      |                                                        ^~~~~~
/usr/include/string.h:46:56: note: ‘size_t’ is defined in header ‘<stddef.h>’; did you forget to ‘#include <stddef.h>’?
/usr/include/string.h:54:32: error: unknown type name ‘size_t’
   54 |                       int __c, size_t __n)
      |                                ^~~~~~
/usr/include/string.h:54:32: note: ‘size_t’ is defined in header ‘<stddef.h>’; did you forget to ‘#include <stddef.h>’?
/usr/include/string.h:60:42: error: unknown type name ‘size_t’
   60 | extern void *memset (void *__s, int __c, size_t __n) __THROW __nonnull ((1));
      |                                          ^~~~~~
/usr/include/string.h:60:42: note: ‘size_t’ is defined in header ‘<stddef.h>’; did you forget to ‘#include <stddef.h>’?
/usr/include/string.h:63:56: error: unknown type name ‘size_t’
   63 | extern int memcmp (const void *__s1, const void *__s2, size_t __n)
      |                                                        ^~~~~~
/usr/include/string.h:63:56: note: ‘size_t’ is defined in header ‘<stddef.h>’; did you forget to ‘#include <stddef.h>’?
/usr/include/string.h:90:48: error: unknown type name ‘size_t’
   90 | extern void *memchr (const void *__s, int __c, size_t __n)
      |                                                ^~~~~~
/usr/include/string.h:90:48: note: ‘size_t’ is defined in header ‘<stddef.h>’; did you forget to ‘#include <stddef.h>’?
/usr/include/string.h:125:53: error: unknown type name ‘size_t’
  125 |                       const char *__restrict __src, size_t __n)
      |                                                     ^~~~~~
/usr/include/string.h:125:53: note: ‘size_t’ is defined in header ‘<stddef.h>’; did you forget to ‘#include <stddef.h>’?
/usr/include/string.h:133:23: error: unknown type name ‘size_t’
  133 |                       size_t __n) __THROW __nonnull ((1, 2));
      |                       ^~~~~~
/usr/include/string.h:133:23: note: ‘size_t’ is defined in header ‘<stddef.h>’; did you forget to ‘#include <stddef.h>’?
/usr/include/string.h:139:57: error: unknown type name ‘size_t’
  139 | extern int strncmp (const char *__s1, const char *__s2, size_t __n)
      |                                                         ^~~~~~
/usr/include/string.h:139:57: note: ‘size_t’ is defined in header ‘<stddef.h>’; did you forget to ‘#include <stddef.h>’?
/usr/include/string.h:146:8: error: unknown type name ‘size_t’
  146 | extern size_t strxfrm (char *__restrict __dest,
      |        ^~~~~~
/usr/include/string.h:147:54: error: unknown type name ‘size_t’
  147 |                        const char *__restrict __src, size_t __n)
      |                                                      ^~~~~~
/usr/include/string.h:147:54: note: ‘size_t’ is defined in header ‘<stddef.h>’; did you forget to ‘#include <stddef.h>’?
/usr/include/string.h:159:8: error: unknown type name ‘size_t’
  159 | extern size_t strxfrm_l (char *__dest, const char *__src, size_t __n,
      |        ^~~~~~
/usr/include/string.h:159:59: error: unknown type name ‘size_t’
  159 | extern size_t strxfrm_l (char *__dest, const char *__src, size_t __n,
      |                                                           ^~~~~~
/usr/include/string.h:159:59: note: ‘size_t’ is defined in header ‘<stddef.h>’; did you forget to ‘#include <stddef.h>’?
/usr/include/string.h:174:45: error: unknown type name ‘size_t’
  174 | extern char *strndup (const char *__string, size_t __n)
      |                                             ^~~~~~
/usr/include/string.h:174:45: note: ‘size_t’ is defined in header ‘<stddef.h>’; did you forget to ‘#include <stddef.h>’?
/usr/include/string.h:272:8: error: unknown type name ‘size_t’
  272 | extern size_t strcspn (const char *__s, const char *__reject)
      |        ^~~~~~
/usr/include/string.h:276:8: error: unknown type name ‘size_t’
  276 | extern size_t strspn (const char *__s, const char *__accept)
      |        ^~~~~~
/usr/include/string.h:384:8: error: unknown type name ‘size_t’
  384 | extern size_t strlen (const char *__s)
      |        ^~~~~~
/usr/include/string.h:390:8: error: unknown type name ‘size_t’
  390 | extern size_t strnlen (const char *__string, size_t __maxlen)
      |        ^~~~~~
/usr/include/string.h:390:46: error: unknown type name ‘size_t’
  390 | extern size_t strnlen (const char *__string, size_t __maxlen)
      |                                              ^~~~~~
/usr/include/string.h:390:46: note: ‘size_t’ is defined in header ‘<stddef.h>’; did you forget to ‘#include <stddef.h>’?
In file included from /usr/include/features.h:424,
                 from /usr/include/x86_64-linux-gnu/bits/libc-header-start.h:33,
                 from /usr/include/string.h:26:
/usr/include/string.h:409:12: error: unknown type name ‘size_t’
  409 | extern int __REDIRECT_NTH (strerror_r,
      |            ^~~~~~~~~~~~~~
/usr/include/string.h:409:12: note: ‘size_t’ is defined in header ‘<stddef.h>’; did you forget to ‘#include <stddef.h>’?
In file included from /usr/include/string.h:431:
/usr/include/strings.h:34:54: error: unknown type name ‘size_t’
   34 | extern int bcmp (const void *__s1, const void *__s2, size_t __n)
      |                                                      ^~~~~~
/usr/include/strings.h:24:1: note: ‘size_t’ is defined in header ‘<stddef.h>’; did you forget to ‘#include <stddef.h>’?
   23 | #include <stddef.h>
  +++ |+#include <stddef.h>
   24 | 
/usr/include/strings.h:38:53: error: unknown type name ‘size_t’
   38 | extern void bcopy (const void *__src, void *__dest, size_t __n)
      |                                                     ^~~~~~
/usr/include/strings.h:38:53: note: ‘size_t’ is defined in header ‘<stddef.h>’; did you forget to ‘#include <stddef.h>’?
/usr/include/strings.h:42:31: error: unknown type name ‘size_t’
   42 | extern void bzero (void *__s, size_t __n) __THROW __nonnull ((1));
      |                               ^~~~~~
/usr/include/strings.h:42:31: note: ‘size_t’ is defined in header ‘<stddef.h>’; did you forget to ‘#include <stddef.h>’?
/usr/include/strings.h:120:61: error: unknown type name ‘size_t’
  120 | extern int strncasecmp (const char *__s1, const char *__s2, size_t __n)
      |                                                             ^~~~~~
/usr/include/strings.h:120:61: note: ‘size_t’ is defined in header ‘<stddef.h>’; did you forget to ‘#include <stddef.h>’?
/usr/include/strings.h:134:27: error: unknown type name ‘size_t’
  134 |                           size_t __n, locale_t __loc)
      |                           ^~~~~~
/usr/include/strings.h:134:27: note: ‘size_t’ is defined in header ‘<stddef.h>’; did you forget to ‘#include <stddef.h>’?
/usr/include/string.h:435:40: error: unknown type name ‘size_t’
  435 | extern void explicit_bzero (void *__s, size_t __n) __THROW __nonnull ((1));
      |                                        ^~~~~~
/usr/include/string.h:435:40: note: ‘size_t’ is defined in header ‘<stddef.h>’; did you forget to ‘#include <stddef.h>’?
/usr/include/string.h:457:55: error: unknown type name ‘size_t’
  457 |                         const char *__restrict __src, size_t __n)
      |                                                       ^~~~~~
/usr/include/string.h:457:55: note: ‘size_t’ is defined in header ‘<stddef.h>’; did you forget to ‘#include <stddef.h>’?
/usr/include/string.h:460:53: error: unknown type name ‘size_t’
  460 |                       const char *__restrict __src, size_t __n)
      |                                                     ^~~~~~
/usr/include/string.h:460:53: note: ‘size_t’ is defined in header ‘<stddef.h>’; did you forget to ‘#include <stddef.h>’?
In file included from /usr/include/stdio.h:41,
                 from /home/user42/data/csmith/runtime/platform_generic.h:39,
                 from /home/user42/data/csmith/runtime/random_inc.h:89,
                 from /home/user42/data/csmith/runtime/csmith.h:45:
/usr/include/x86_64-linux-gnu/bits/libio.h:306:3: error: unknown type name ‘size_t’
  306 |   size_t __pad5;
      |   ^~~~~~
/usr/include/x86_64-linux-gnu/bits/libio.h:309:67: error: ‘size_t’ undeclared (first use in this function)
  309 |   char _unused2[15 * sizeof (int) - 4 * sizeof (void *) - sizeof (size_t)];
      |                                                                   ^~~~~~
/usr/include/x86_64-linux-gnu/bits/libio.h:54:1: note: ‘size_t’ is defined in header ‘<stddef.h>’; did you forget to ‘#include <stddef.h>’?
   53 | #include <stdarg.h>
  +++ |+#include <stddef.h>
   54 | #ifdef __GNUC_VA_LIST
/usr/include/x86_64-linux-gnu/bits/libio.h:337:62: error: expected declaration specifiers or ‘...’ before ‘size_t’
  337 | typedef __ssize_t __io_read_fn (void *__cookie, char *__buf, size_t __nbytes);
      |                                                              ^~~~~~
/usr/include/x86_64-linux-gnu/bits/libio.h:346:34: error: expected declaration specifiers or ‘...’ before ‘size_t’
  346 |                                  size_t __n);
      |                                  ^~~~~~
/usr/include/x86_64-linux-gnu/bits/libio.h:467:19: error: expected ‘=’, ‘,’, ‘;’, ‘asm’ or ‘__attribute__’ before ‘_IO_sgetn’
  467 | extern _IO_size_t _IO_sgetn (_IO_FILE *, void *, _IO_size_t);
      |                   ^~~~~~~~~
/usr/include/x86_64-linux-gnu/bits/libio.h:467:30: error: expected expression before ‘_IO_FILE’
  467 | extern _IO_size_t _IO_sgetn (_IO_FILE *, void *, _IO_size_t);
      |                              ^~~~~~~~
/usr/include/stdio.h:278:35: error: expected declaration specifiers or ‘...’ before ‘size_t’
  278 | extern FILE *fmemopen (void *__s, size_t __len, const char *__modes)
      |                                   ^~~~~~
/usr/include/stdio.h:284:47: error: expected declaration specifiers or ‘...’ before ‘size_t’
  284 | extern FILE *open_memstream (char **__bufloc, size_t *__sizeloc) __THROW __wur;
      |                                               ^~~~~~
/usr/include/stdio.h:295:34: error: expected declaration specifiers or ‘...’ before ‘size_t’
  295 |                     int __modes, size_t __n) __THROW;
      |                                  ^~~~~~
/usr/include/stdio.h:301:24: error: expected declaration specifiers or ‘...’ before ‘size_t’
  301 |                        size_t __size) __THROW;
      |                        ^~~~~~
/usr/include/stdio.h:340:44: error: expected declaration specifiers or ‘...’ before ‘size_t’
  340 | extern int snprintf (char *__restrict __s, size_t __maxlen,
      |                                            ^~~~~~
/usr/include/stdio.h:344:45: error: expected declaration specifiers or ‘...’ before ‘size_t’
  344 | extern int vsnprintf (char *__restrict __s, size_t __maxlen,
      |                                             ^~~~~~
/usr/include/stdio.h:604:32: error: expected declaration specifiers or ‘...’ before ‘size_t’
  604 |                                size_t *__restrict __n, int __delimiter,
      |                                ^~~~~~
/usr/include/stdio.h:607:30: error: expected declaration specifiers or ‘...’ before ‘size_t’
  607 |                              size_t *__restrict __n, int __delimiter,
      |                              ^~~~~~
/usr/include/stdio.h:617:29: error: expected declaration specifiers or ‘...’ before ‘size_t’
  617 |                             size_t *__restrict __n,
      |                             ^~~~~~
/usr/include/stdio.h:646:15: error: expected ‘=’, ‘,’, ‘;’, ‘asm’ or ‘__attribute__’ before ‘fread’
  646 | extern size_t fread (void *__restrict __ptr, size_t __size,
      |               ^~~~~
/usr/include/stdio.h:646:22: error: expected expression before ‘void’
  646 | extern size_t fread (void *__restrict __ptr, size_t __size,
      |                      ^~~~
/usr/include/stdio.h:652:15: error: expected ‘=’, ‘,’, ‘;’, ‘asm’ or ‘__attribute__’ before ‘fwrite’
  652 | extern size_t fwrite (const void *__restrict __ptr, size_t __size,
      |               ^~~~~~
/usr/include/stdio.h:652:23: error: expected expression before ‘const’
  652 | extern size_t fwrite (const void *__restrict __ptr, size_t __size,
      |                       ^~~~~
/usr/include/stdio.h:652:15: error: too few arguments to function ‘fwrite’
  652 | extern size_t fwrite (const void *__restrict __ptr, size_t __size,
      |               ^~~~~~
/usr/include/stdio.h:673:15: error: expected ‘=’, ‘,’, ‘;’, ‘asm’ or ‘__attribute__’ before ‘fread_unlocked’
  673 | extern size_t fread_unlocked (void *__restrict __ptr, size_t __size,
      |               ^~~~~~~~~~~~~~
/usr/include/stdio.h:673:31: error: expected expression before ‘void’
  673 | extern size_t fread_unlocked (void *__restrict __ptr, size_t __size,
      |                               ^~~~
/usr/include/stdio.h:675:15: error: expected ‘=’, ‘,’, ‘;’, ‘asm’ or ‘__attribute__’ before ‘fwrite_unlocked’
  675 | extern size_t fwrite_unlocked (const void *__restrict __ptr, size_t __size,
      |               ^~~~~~~~~~~~~~~
/usr/include/stdio.h:675:32: error: expected expression before ‘const’
  675 | extern size_t fwrite_unlocked (const void *__restrict __ptr, size_t __size,
      |                                ^~~~~
/usr/include/stdio.h:675:15: error: too few arguments to function ‘fwrite_unlocked’
  675 | extern size_t fwrite_unlocked (const void *__restrict __ptr, size_t __size,
      |               ^~~~~~~~~~~~~~~
/home/user42/data/csmith/runtime/platform_generic.h:43:1: error: invalid storage class for function ‘platform_main_begin’
   43 | platform_main_begin(void)
      | ^~~~~~~~~~~~~~~~~~~
/home/user42/data/csmith/runtime/platform_generic.h:49:1: error: invalid storage class for function ‘platform_main_end’
   49 | platform_main_end(uint32_t crc, int flag)
      | ^~~~~~~~~~~~~~~~~
/home/user42/data/csmith/runtime/random_inc.h:99:23: error: invalid storage class for function ‘safe_unary_minus_func_int8_t_s’
   99 | #define FUNC_NAME(x) (safe_##x)
      |                       ^~~~~
/home/user42/data/csmith/build/runtime/safe_math.h:14:1: note: in expansion of macro ‘FUNC_NAME’
   14 | FUNC_NAME(unary_minus_func_int8_t_s)(int8_t si LOG_INDEX)
      | ^~~~~~~~~
/home/user42/data/csmith/runtime/random_inc.h:99:23: error: invalid storage class for function ‘safe_add_func_int8_t_s_s’
   99 | #define FUNC_NAME(x) (safe_##x)
      |                       ^~~~~
/home/user42/data/csmith/build/runtime/safe_math.h:28:1: note: in expansion of macro ‘FUNC_NAME’
   28 | FUNC_NAME(add_func_int8_t_s_s)(int8_t si1, int8_t si2 LOG_INDEX)
      | ^~~~~~~~~
/home/user42/data/csmith/runtime/random_inc.h:99:23: error: invalid storage class for function ‘safe_sub_func_int8_t_s_s’
   99 | #define FUNC_NAME(x) (safe_##x)
      |                       ^~~~~
/home/user42/data/csmith/build/runtime/safe_math.h:42:1: note: in expansion of macro ‘FUNC_NAME’
   42 | FUNC_NAME(sub_func_int8_t_s_s)(int8_t si1, int8_t si2 LOG_INDEX)
      | ^~~~~~~~~
/home/user42/data/csmith/runtime/random_inc.h:99:23: error: invalid storage class for function ‘safe_mul_func_int8_t_s_s’
   99 | #define FUNC_NAME(x) (safe_##x)
      |                       ^~~~~
/home/user42/data/csmith/build/runtime/safe_math.h:56:1: note: in expansion of macro ‘FUNC_NAME’
   56 | FUNC_NAME(mul_func_int8_t_s_s)(int8_t si1, int8_t si2 LOG_INDEX)
      | ^~~~~~~~~
/home/user42/data/csmith/runtime/random_inc.h:99:23: error: invalid storage class for function ‘safe_mod_func_int8_t_s_s’
   99 | #define FUNC_NAME(x) (safe_##x)
      |                       ^~~~~
/home/user42/data/csmith/build/runtime/safe_math.h:70:1: note: in expansion of macro ‘FUNC_NAME’
   70 | FUNC_NAME(mod_func_int8_t_s_s)(int8_t si1, int8_t si2 LOG_INDEX)
      | ^~~~~~~~~
/home/user42/data/csmith/runtime/random_inc.h:99:23: error: invalid storage class for function ‘safe_div_func_int8_t_s_s’
   99 | #define FUNC_NAME(x) (safe_##x)
      |                       ^~~~~
/home/user42/data/csmith/build/runtime/safe_math.h:82:1: note: in expansion of macro ‘FUNC_NAME’
   82 | FUNC_NAME(div_func_int8_t_s_s)(int8_t si1, int8_t si2 LOG_INDEX)
      | ^~~~~~~~~
/home/user42/data/csmith/runtime/random_inc.h:99:23: error: invalid storage class for function ‘safe_lshift_func_int8_t_s_s’
   99 | #define FUNC_NAME(x) (safe_##x)
      |                       ^~~~~
/home/user42/data/csmith/build/runtime/safe_math.h:94:1: note: in expansion of macro ‘FUNC_NAME’
   94 | FUNC_NAME(lshift_func_int8_t_s_s)(int8_t left, int right LOG_INDEX)
      | ^~~~~~~~~
/home/user42/data/csmith/runtime/random_inc.h:99:23: error: invalid storage class for function ‘safe_lshift_func_int8_t_s_u’
   99 | #define FUNC_NAME(x) (safe_##x)
      |                       ^~~~~
/home/user42/data/csmith/build/runtime/safe_math.h:106:1: note: in expansion of macro ‘FUNC_NAME’
  106 | FUNC_NAME(lshift_func_int8_t_s_u)(int8_t left, unsigned int right LOG_INDEX)
      | ^~~~~~~~~
/home/user42/data/csmith/runtime/random_inc.h:99:23: error: invalid storage class for function ‘safe_rshift_func_int8_t_s_s’
   99 | #define FUNC_NAME(x) (safe_##x)
      |                       ^~~~~
/home/user42/data/csmith/build/runtime/safe_math.h:118:1: note: in expansion of macro ‘FUNC_NAME’
  118 | FUNC_NAME(rshift_func_int8_t_s_s)(int8_t left, int right LOG_INDEX)
      | ^~~~~~~~~
/home/user42/data/csmith/runtime/random_inc.h:99:23: error: invalid storage class for function ‘safe_rshift_func_int8_t_s_u’
   99 | #define FUNC_NAME(x) (safe_##x)
      |                       ^~~~~
/home/user42/data/csmith/build/runtime/safe_math.h:130:1: note: in expansion of macro ‘FUNC_NAME’
  130 | FUNC_NAME(rshift_func_int8_t_s_u)(int8_t left, unsigned int right LOG_INDEX)
      | ^~~~~~~~~
/home/user42/data/csmith/runtime/random_inc.h:99:23: error: invalid storage class for function ‘safe_unary_minus_func_int16_t_s’
   99 | #define FUNC_NAME(x) (safe_##x)
      |                       ^~~~~
/home/user42/data/csmith/build/runtime/safe_math.h:144:1: note: in expansion of macro ‘FUNC_NAME’
  144 | FUNC_NAME(unary_minus_func_int16_t_s)(int16_t si LOG_INDEX)
      | ^~~~~~~~~
/home/user42/data/csmith/runtime/random_inc.h:99:23: error: invalid storage class for function ‘safe_add_func_int16_t_s_s’
   99 | #define FUNC_NAME(x) (safe_##x)
      |                       ^~~~~
/home/user42/data/csmith/build/runtime/safe_math.h:158:1: note: in expansion of macro ‘FUNC_NAME’
  158 | FUNC_NAME(add_func_int16_t_s_s)(int16_t si1, int16_t si2 LOG_INDEX)
      | ^~~~~~~~~
/home/user42/data/csmith/runtime/random_inc.h:99:23: error: invalid storage class for function ‘safe_sub_func_int16_t_s_s’
   99 | #define FUNC_NAME(x) (safe_##x)
      |                       ^~~~~
/home/user42/data/csmith/build/runtime/safe_math.h:172:1: note: in expansion of macro ‘FUNC_NAME’
  172 | FUNC_NAME(sub_func_int16_t_s_s)(int16_t si1, int16_t si2 LOG_INDEX)
      | ^~~~~~~~~
/home/user42/data/csmith/runtime/random_inc.h:99:23: error: invalid storage class for function ‘safe_mul_func_int16_t_s_s’
   99 | #define FUNC_NAME(x) (safe_##x)
      |                       ^~~~~
/home/user42/data/csmith/build/runtime/safe_math.h:186:1: note: in expansion of macro ‘FUNC_NAME’
  186 | FUNC_NAME(mul_func_int16_t_s_s)(int16_t si1, int16_t si2 LOG_INDEX)
      | ^~~~~~~~~
/home/user42/data/csmith/runtime/random_inc.h:99:23: error: invalid storage class for function ‘safe_mod_func_int16_t_s_s’
   99 | #define FUNC_NAME(x) (safe_##x)
      |                       ^~~~~
/home/user42/data/csmith/build/runtime/safe_math.h:200:1: note: in expansion of macro ‘FUNC_NAME’
  200 | FUNC_NAME(mod_func_int16_t_s_s)(int16_t si1, int16_t si2 LOG_INDEX)
      | ^~~~~~~~~
/home/user42/data/csmith/runtime/random_inc.h:99:23: error: invalid storage class for function ‘safe_div_func_int16_t_s_s’
   99 | #define FUNC_NAME(x) (safe_##x)
      |                       ^~~~~
/home/user42/data/csmith/build/runtime/safe_math.h:212:1: note: in expansion of macro ‘FUNC_NAME’
  212 | FUNC_NAME(div_func_int16_t_s_s)(int16_t si1, int16_t si2 LOG_INDEX)
      | ^~~~~~~~~
/home/user42/data/csmith/runtime/random_inc.h:99:23: error: invalid storage class for function ‘safe_lshift_func_int16_t_s_s’
   99 | #define FUNC_NAME(x) (safe_##x)
      |                       ^~~~~
/home/user42/data/csmith/build/runtime/safe_math.h:224:1: note: in expansion of macro ‘FUNC_NAME’
  224 | FUNC_NAME(lshift_func_int16_t_s_s)(int16_t left, int right LOG_INDEX)
      | ^~~~~~~~~
/home/user42/data/csmith/runtime/random_inc.h:99:23: error: invalid storage class for function ‘safe_lshift_func_int16_t_s_u’
   99 | #define FUNC_NAME(x) (safe_##x)
      |                       ^~~~~
/home/user42/data/csmith/build/runtime/safe_math.h:236:1: note: in expansion of macro ‘FUNC_NAME’
  236 | FUNC_NAME(lshift_func_int16_t_s_u)(int16_t left, unsigned int right LOG_INDEX)
      | ^~~~~~~~~
/home/user42/data/csmith/runtime/random_inc.h:99:23: error: invalid storage class for function ‘safe_rshift_func_int16_t_s_s’
   99 | #define FUNC_NAME(x) (safe_##x)
      |                       ^~~~~
/home/user42/data/csmith/build/runtime/safe_math.h:248:1: note: in expansion of macro ‘FUNC_NAME’
  248 | FUNC_NAME(rshift_func_int16_t_s_s)(int16_t left, int right LOG_INDEX)
      | ^~~~~~~~~
/home/user42/data/csmith/runtime/random_inc.h:99:23: error: invalid storage class for function ‘safe_rshift_func_int16_t_s_u’
   99 | #define FUNC_NAME(x) (safe_##x)
      |                       ^~~~~
/home/user42/data/csmith/build/runtime/safe_math.h:260:1: note: in expansion of macro ‘FUNC_NAME’
  260 | FUNC_NAME(rshift_func_int16_t_s_u)(int16_t left, unsigned int right LOG_INDEX)
      | ^~~~~~~~~
/home/user42/data/csmith/runtime/random_inc.h:99:23: error: invalid storage class for function ‘safe_unary_minus_func_int32_t_s’
   99 | #define FUNC_NAME(x) (safe_##x)
      |                       ^~~~~
/home/user42/data/csmith/build/runtime/safe_math.h:274:1: note: in expansion of macro ‘FUNC_NAME’
  274 | FUNC_NAME(unary_minus_func_int32_t_s)(int32_t si LOG_INDEX)
      | ^~~~~~~~~
/home/user42/data/csmith/runtime/random_inc.h:99:23: error: invalid storage class for function ‘safe_add_func_int32_t_s_s’
   99 | #define FUNC_NAME(x) (safe_##x)
      |                       ^~~~~
/home/user42/data/csmith/build/runtime/safe_math.h:288:1: note: in expansion of macro ‘FUNC_NAME’
  288 | FUNC_NAME(add_func_int32_t_s_s)(int32_t si1, int32_t si2 LOG_INDEX)
      | ^~~~~~~~~
/home/user42/data/csmith/runtime/random_inc.h:99:23: error: invalid storage class for function ‘safe_sub_func_int32_t_s_s’
   99 | #define FUNC_NAME(x) (safe_##x)
      |                       ^~~~~
/home/user42/data/csmith/build/runtime/safe_math.h:302:1: note: in expansion of macro ‘FUNC_NAME’
  302 | FUNC_NAME(sub_func_int32_t_s_s)(int32_t si1, int32_t si2 LOG_INDEX)
      | ^~~~~~~~~
/home/user42/data/csmith/runtime/random_inc.h:99:23: error: invalid storage class for function ‘safe_mul_func_int32_t_s_s’
   99 | #define FUNC_NAME(x) (safe_##x)
      |                       ^~~~~
/home/user42/data/csmith/build/runtime/safe_math.h:316:1: note: in expansion of macro ‘FUNC_NAME’
  316 | FUNC_NAME(mul_func_int32_t_s_s)(int32_t si1, int32_t si2 LOG_INDEX)
      | ^~~~~~~~~
/home/user42/data/csmith/runtime/random_inc.h:99:23: error: invalid storage class for function ‘safe_mod_func_int32_t_s_s’
   99 | #define FUNC_NAME(x) (safe_##x)
      |                       ^~~~~
/home/user42/data/csmith/build/runtime/safe_math.h:330:1: note: in expansion of macro ‘FUNC_NAME’
  330 | FUNC_NAME(mod_func_int32_t_s_s)(int32_t si1, int32_t si2 LOG_INDEX)
      | ^~~~~~~~~
/home/user42/data/csmith/runtime/random_inc.h:99:23: error: invalid storage class for function ‘safe_div_func_int32_t_s_s’
   99 | #define FUNC_NAME(x) (safe_##x)
      |                       ^~~~~
/home/user42/data/csmith/build/runtime/safe_math.h:342:1: note: in expansion of macro ‘FUNC_NAME’
  342 | FUNC_NAME(div_func_int32_t_s_s)(int32_t si1, int32_t si2 LOG_INDEX)
      | ^~~~~~~~~
/home/user42/data/csmith/runtime/random_inc.h:99:23: error: invalid storage class for function ‘safe_lshift_func_int32_t_s_s’
   99 | #define FUNC_NAME(x) (safe_##x)
      |                       ^~~~~
/home/user42/data/csmith/build/runtime/safe_math.h:354:1: note: in expansion of macro ‘FUNC_NAME’
  354 | FUNC_NAME(lshift_func_int32_t_s_s)(int32_t left, int right LOG_INDEX)
      | ^~~~~~~~~
/home/user42/data/csmith/runtime/random_inc.h:99:23: error: invalid storage class for function ‘safe_lshift_func_int32_t_s_u’
   99 | #define FUNC_NAME(x) (safe_##x)
      |                       ^~~~~
/home/user42/data/csmith/build/runtime/safe_math.h:366:1: note: in expansion of macro ‘FUNC_NAME’
  366 | FUNC_NAME(lshift_func_int32_t_s_u)(int32_t left, unsigned int right LOG_INDEX)
      | ^~~~~~~~~
/home/user42/data/csmith/runtime/random_inc.h:99:23: error: invalid storage class for function ‘safe_rshift_func_int32_t_s_s’
   99 | #define FUNC_NAME(x) (safe_##x)
      |                       ^~~~~
/home/user42/data/csmith/build/runtime/safe_math.h:378:1: note: in expansion of macro ‘FUNC_NAME’
  378 | FUNC_NAME(rshift_func_int32_t_s_s)(int32_t left, int right LOG_INDEX)
      | ^~~~~~~~~
/home/user42/data/csmith/runtime/random_inc.h:99:23: error: invalid storage class for function ‘safe_rshift_func_int32_t_s_u’
   99 | #define FUNC_NAME(x) (safe_##x)
      |                       ^~~~~
/home/user42/data/csmith/build/runtime/safe_math.h:390:1: note: in expansion of macro ‘FUNC_NAME’
  390 | FUNC_NAME(rshift_func_int32_t_s_u)(int32_t left, unsigned int right LOG_INDEX)
      | ^~~~~~~~~
/home/user42/data/csmith/runtime/random_inc.h:99:23: error: invalid storage class for function ‘safe_unary_minus_func_int64_t_s’
   99 | #define FUNC_NAME(x) (safe_##x)
      |                       ^~~~~
/home/user42/data/csmith/build/runtime/safe_math.h:405:1: note: in expansion of macro ‘FUNC_NAME’
  405 | FUNC_NAME(unary_minus_func_int64_t_s)(int64_t si LOG_INDEX)
      | ^~~~~~~~~
/home/user42/data/csmith/runtime/random_inc.h:99:23: error: invalid storage class for function ‘safe_add_func_int64_t_s_s’
   99 | #define FUNC_NAME(x) (safe_##x)
      |                       ^~~~~
/home/user42/data/csmith/build/runtime/safe_math.h:419:1: note: in expansion of macro ‘FUNC_NAME’
  419 | FUNC_NAME(add_func_int64_t_s_s)(int64_t si1, int64_t si2 LOG_INDEX)
      | ^~~~~~~~~
/home/user42/data/csmith/runtime/random_inc.h:99:23: error: invalid storage class for function ‘safe_sub_func_int64_t_s_s’
   99 | #define FUNC_NAME(x) (safe_##x)
      |                       ^~~~~
/home/user42/data/csmith/build/runtime/safe_math.h:433:1: note: in expansion of macro ‘FUNC_NAME’
  433 | FUNC_NAME(sub_func_int64_t_s_s)(int64_t si1, int64_t si2 LOG_INDEX)
      | ^~~~~~~~~
/home/user42/data/csmith/runtime/random_inc.h:99:23: error: invalid storage class for function ‘safe_mul_func_int64_t_s_s’
   99 | #define FUNC_NAME(x) (safe_##x)
      |                       ^~~~~
/home/user42/data/csmith/build/runtime/safe_math.h:447:1: note: in expansion of macro ‘FUNC_NAME’
  447 | FUNC_NAME(mul_func_int64_t_s_s)(int64_t si1, int64_t si2 LOG_INDEX)
      | ^~~~~~~~~
/home/user42/data/csmith/runtime/random_inc.h:99:23: error: invalid storage class for function ‘safe_mod_func_int64_t_s_s’
   99 | #define FUNC_NAME(x) (safe_##x)
      |                       ^~~~~
/home/user42/data/csmith/build/runtime/safe_math.h:461:1: note: in expansion of macro ‘FUNC_NAME’
  461 | FUNC_NAME(mod_func_int64_t_s_s)(int64_t si1, int64_t si2 LOG_INDEX)
      | ^~~~~~~~~
/home/user42/data/csmith/runtime/random_inc.h:99:23: error: invalid storage class for function ‘safe_div_func_int64_t_s_s’
   99 | #define FUNC_NAME(x) (safe_##x)
      |                       ^~~~~
/home/user42/data/csmith/build/runtime/safe_math.h:473:1: note: in expansion of macro ‘FUNC_NAME’
  473 | FUNC_NAME(div_func_int64_t_s_s)(int64_t si1, int64_t si2 LOG_INDEX)
      | ^~~~~~~~~
/home/user42/data/csmith/runtime/random_inc.h:99:23: error: invalid storage class for function ‘safe_lshift_func_int64_t_s_s’
   99 | #define FUNC_NAME(x) (safe_##x)
      |                       ^~~~~
/home/user42/data/csmith/build/runtime/safe_math.h:485:1: note: in expansion of macro ‘FUNC_NAME’
  485 | FUNC_NAME(lshift_func_int64_t_s_s)(int64_t left, int right LOG_INDEX)
      | ^~~~~~~~~
/home/user42/data/csmith/runtime/random_inc.h:99:23: error: invalid storage class for function ‘safe_lshift_func_int64_t_s_u’
   99 | #define FUNC_NAME(x) (safe_##x)
      |                       ^~~~~
/home/user42/data/csmith/build/runtime/safe_math.h:497:1: note: in expansion of macro ‘FUNC_NAME’
  497 | FUNC_NAME(lshift_func_int64_t_s_u)(int64_t left, unsigned int right LOG_INDEX)
      | ^~~~~~~~~
/home/user42/data/csmith/runtime/random_inc.h:99:23: error: invalid storage class for function ‘safe_rshift_func_int64_t_s_s’
   99 | #define FUNC_NAME(x) (safe_##x)
      |                       ^~~~~
/home/user42/data/csmith/build/runtime/safe_math.h:509:1: note: in expansion of macro ‘FUNC_NAME’
  509 | FUNC_NAME(rshift_func_int64_t_s_s)(int64_t left, int right LOG_INDEX)
      | ^~~~~~~~~
/home/user42/data/csmith/runtime/random_inc.h:99:23: error: invalid storage class for function ‘safe_rshift_func_int64_t_s_u’
   99 | #define FUNC_NAME(x) (safe_##x)
      |                       ^~~~~
/home/user42/data/csmith/build/runtime/safe_math.h:521:1: note: in expansion of macro ‘FUNC_NAME’
  521 | FUNC_NAME(rshift_func_int64_t_s_u)(int64_t left, unsigned int right LOG_INDEX)
      | ^~~~~~~~~
/home/user42/data/csmith/runtime/random_inc.h:99:23: error: invalid storage class for function ‘safe_unary_minus_func_uint8_t_u’
   99 | #define FUNC_NAME(x) (safe_##x)
      |                       ^~~~~
/home/user42/data/csmith/build/runtime/safe_math.h:539:1: note: in expansion of macro ‘FUNC_NAME’
  539 | FUNC_NAME(unary_minus_func_uint8_t_u)(uint8_t ui LOG_INDEX)
      | ^~~~~~~~~
/home/user42/data/csmith/runtime/random_inc.h:99:23: error: invalid storage class for function ‘safe_add_func_uint8_t_u_u’
   99 | #define FUNC_NAME(x) (safe_##x)
      |                       ^~~~~
/home/user42/data/csmith/build/runtime/safe_math.h:546:1: note: in expansion of macro ‘FUNC_NAME’
  546 | FUNC_NAME(add_func_uint8_t_u_u)(uint8_t ui1, uint8_t ui2 LOG_INDEX)
      | ^~~~~~~~~
/home/user42/data/csmith/runtime/random_inc.h:99:23: error: invalid storage class for function ‘safe_sub_func_uint8_t_u_u’
   99 | #define FUNC_NAME(x) (safe_##x)
      |                       ^~~~~
/home/user42/data/csmith/build/runtime/safe_math.h:553:1: note: in expansion of macro ‘FUNC_NAME’
  553 | FUNC_NAME(sub_func_uint8_t_u_u)(uint8_t ui1, uint8_t ui2 LOG_INDEX)
      | ^~~~~~~~~
/home/user42/data/csmith/runtime/random_inc.h:99:23: error: invalid storage class for function ‘safe_mul_func_uint8_t_u_u’
   99 | #define FUNC_NAME(x) (safe_##x)
      |                       ^~~~~
/home/user42/data/csmith/build/runtime/safe_math.h:560:1: note: in expansion of macro ‘FUNC_NAME’
  560 | FUNC_NAME(mul_func_uint8_t_u_u)(uint8_t ui1, uint8_t ui2 LOG_INDEX)
      | ^~~~~~~~~
/home/user42/data/csmith/runtime/random_inc.h:99:23: error: invalid storage class for function ‘safe_mod_func_uint8_t_u_u’
   99 | #define FUNC_NAME(x) (safe_##x)
      |                       ^~~~~
/home/user42/data/csmith/build/runtime/safe_math.h:567:1: note: in expansion of macro ‘FUNC_NAME’
  567 | FUNC_NAME(mod_func_uint8_t_u_u)(uint8_t ui1, uint8_t ui2 LOG_INDEX)
      | ^~~~~~~~~
/home/user42/data/csmith/runtime/random_inc.h:99:23: error: invalid storage class for function ‘safe_div_func_uint8_t_u_u’
   99 | #define FUNC_NAME(x) (safe_##x)
      |                       ^~~~~
/home/user42/data/csmith/build/runtime/safe_math.h:579:1: note: in expansion of macro ‘FUNC_NAME’
  579 | FUNC_NAME(div_func_uint8_t_u_u)(uint8_t ui1, uint8_t ui2 LOG_INDEX)
      | ^~~~~~~~~
/home/user42/data/csmith/runtime/random_inc.h:99:23: error: invalid storage class for function ‘safe_lshift_func_uint8_t_u_s’
   99 | #define FUNC_NAME(x) (safe_##x)
      |                       ^~~~~
/home/user42/data/csmith/build/runtime/safe_math.h:591:1: note: in expansion of macro ‘FUNC_NAME’
  591 | FUNC_NAME(lshift_func_uint8_t_u_s)(uint8_t left, int right LOG_INDEX)
      | ^~~~~~~~~
/home/user42/data/csmith/runtime/random_inc.h:99:23: error: invalid storage class for function ‘safe_lshift_func_uint8_t_u_u’
   99 | #define FUNC_NAME(x) (safe_##x)
      |                       ^~~~~
/home/user42/data/csmith/build/runtime/safe_math.h:603:1: note: in expansion of macro ‘FUNC_NAME’
  603 | FUNC_NAME(lshift_func_uint8_t_u_u)(uint8_t left, unsigned int right LOG_INDEX)
      | ^~~~~~~~~
/home/user42/data/csmith/runtime/random_inc.h:99:23: error: invalid storage class for function ‘safe_rshift_func_uint8_t_u_s’
   99 | #define FUNC_NAME(x) (safe_##x)
      |                       ^~~~~
/home/user42/data/csmith/build/runtime/safe_math.h:615:1: note: in expansion of macro ‘FUNC_NAME’
  615 | FUNC_NAME(rshift_func_uint8_t_u_s)(uint8_t left, int right LOG_INDEX)
      | ^~~~~~~~~
/home/user42/data/csmith/runtime/random_inc.h:99:23: error: invalid storage class for function ‘safe_rshift_func_uint8_t_u_u’
   99 | #define FUNC_NAME(x) (safe_##x)
      |                       ^~~~~
/home/user42/data/csmith/build/runtime/safe_math.h:627:1: note: in expansion of macro ‘FUNC_NAME’
  627 | FUNC_NAME(rshift_func_uint8_t_u_u)(uint8_t left, unsigned int right LOG_INDEX)
      | ^~~~~~~~~
/home/user42/data/csmith/runtime/random_inc.h:99:23: error: invalid storage class for function ‘safe_unary_minus_func_uint16_t_u’
   99 | #define FUNC_NAME(x) (safe_##x)
      |                       ^~~~~
/home/user42/data/csmith/build/runtime/safe_math.h:641:1: note: in expansion of macro ‘FUNC_NAME’
  641 | FUNC_NAME(unary_minus_func_uint16_t_u)(uint16_t ui LOG_INDEX)
      | ^~~~~~~~~
/home/user42/data/csmith/runtime/random_inc.h:99:23: error: invalid storage class for function ‘safe_add_func_uint16_t_u_u’
   99 | #define FUNC_NAME(x) (safe_##x)
      |                       ^~~~~
/home/user42/data/csmith/build/runtime/safe_math.h:648:1: note: in expansion of macro ‘FUNC_NAME’
  648 | FUNC_NAME(add_func_uint16_t_u_u)(uint16_t ui1, uint16_t ui2 LOG_INDEX)
      | ^~~~~~~~~
/home/user42/data/csmith/runtime/random_inc.h:99:23: error: invalid storage class for function ‘safe_sub_func_uint16_t_u_u’
   99 | #define FUNC_NAME(x) (safe_##x)
      |                       ^~~~~
/home/user42/data/csmith/build/runtime/safe_math.h:655:1: note: in expansion of macro ‘FUNC_NAME’
  655 | FUNC_NAME(sub_func_uint16_t_u_u)(uint16_t ui1, uint16_t ui2 LOG_INDEX)
      | ^~~~~~~~~
/home/user42/data/csmith/runtime/random_inc.h:99:23: error: invalid storage class for function ‘safe_mul_func_uint16_t_u_u’
   99 | #define FUNC_NAME(x) (safe_##x)
      |                       ^~~~~
/home/user42/data/csmith/build/runtime/safe_math.h:662:1: note: in expansion of macro ‘FUNC_NAME’
  662 | FUNC_NAME(mul_func_uint16_t_u_u)(uint16_t ui1, uint16_t ui2 LOG_INDEX)
      | ^~~~~~~~~
/home/user42/data/csmith/runtime/random_inc.h:99:23: error: invalid storage class for function ‘safe_mod_func_uint16_t_u_u’
   99 | #define FUNC_NAME(x) (safe_##x)
      |                       ^~~~~
/home/user42/data/csmith/build/runtime/safe_math.h:669:1: note: in expansion of macro ‘FUNC_NAME’
  669 | FUNC_NAME(mod_func_uint16_t_u_u)(uint16_t ui1, uint16_t ui2 LOG_INDEX)
      | ^~~~~~~~~
/home/user42/data/csmith/runtime/random_inc.h:99:23: error: invalid storage class for function ‘safe_div_func_uint16_t_u_u’
   99 | #define FUNC_NAME(x) (safe_##x)
      |                       ^~~~~
/home/user42/data/csmith/build/runtime/safe_math.h:681:1: note: in expansion of macro ‘FUNC_NAME’
  681 | FUNC_NAME(div_func_uint16_t_u_u)(uint16_t ui1, uint16_t ui2 LOG_INDEX)
      | ^~~~~~~~~
/home/user42/data/csmith/runtime/random_inc.h:99:23: error: invalid storage class for function ‘safe_lshift_func_uint16_t_u_s’
   99 | #define FUNC_NAME(x) (safe_##x)
      |                       ^~~~~
/home/user42/data/csmith/build/runtime/safe_math.h:693:1: note: in expansion of macro ‘FUNC_NAME’
  693 | FUNC_NAME(lshift_func_uint16_t_u_s)(uint16_t left, int right LOG_INDEX)
      | ^~~~~~~~~
/home/user42/data/csmith/runtime/random_inc.h:99:23: error: invalid storage class for function ‘safe_lshift_func_uint16_t_u_u’
   99 | #define FUNC_NAME(x) (safe_##x)
      |                       ^~~~~
/home/user42/data/csmith/build/runtime/safe_math.h:705:1: note: in expansion of macro ‘FUNC_NAME’
  705 | FUNC_NAME(lshift_func_uint16_t_u_u)(uint16_t left, unsigned int right LOG_INDEX)
      | ^~~~~~~~~
/home/user42/data/csmith/runtime/random_inc.h:99:23: error: invalid storage class for function ‘safe_rshift_func_uint16_t_u_s’
   99 | #define FUNC_NAME(x) (safe_##x)
      |                       ^~~~~
/home/user42/data/csmith/build/runtime/safe_math.h:717:1: note: in expansion of macro ‘FUNC_NAME’
  717 | FUNC_NAME(rshift_func_uint16_t_u_s)(uint16_t left, int right LOG_INDEX)
      | ^~~~~~~~~
/home/user42/data/csmith/runtime/random_inc.h:99:23: error: invalid storage class for function ‘safe_rshift_func_uint16_t_u_u’
   99 | #define FUNC_NAME(x) (safe_##x)
      |                       ^~~~~
/home/user42/data/csmith/build/runtime/safe_math.h:729:1: note: in expansion of macro ‘FUNC_NAME’
  729 | FUNC_NAME(rshift_func_uint16_t_u_u)(uint16_t left, unsigned int right LOG_INDEX)
      | ^~~~~~~~~
/home/user42/data/csmith/runtime/random_inc.h:99:23: error: invalid storage class for function ‘safe_unary_minus_func_uint32_t_u’
   99 | #define FUNC_NAME(x) (safe_##x)
      |                       ^~~~~
/home/user42/data/csmith/build/runtime/safe_math.h:743:1: note: in expansion of macro ‘FUNC_NAME’
  743 | FUNC_NAME(unary_minus_func_uint32_t_u)(uint32_t ui LOG_INDEX)
      | ^~~~~~~~~
/home/user42/data/csmith/runtime/random_inc.h:99:23: error: invalid storage class for function ‘safe_add_func_uint32_t_u_u’
   99 | #define FUNC_NAME(x) (safe_##x)
      |                       ^~~~~
/home/user42/data/csmith/build/runtime/safe_math.h:750:1: note: in expansion of macro ‘FUNC_NAME’
  750 | FUNC_NAME(add_func_uint32_t_u_u)(uint32_t ui1, uint32_t ui2 LOG_INDEX)
      | ^~~~~~~~~
/home/user42/data/csmith/runtime/random_inc.h:99:23: error: invalid storage class for function ‘safe_sub_func_uint32_t_u_u’
   99 | #define FUNC_NAME(x) (safe_##x)
      |                       ^~~~~
/home/user42/data/csmith/build/runtime/safe_math.h:757:1: note: in expansion of macro ‘FUNC_NAME’
  757 | FUNC_NAME(sub_func_uint32_t_u_u)(uint32_t ui1, uint32_t ui2 LOG_INDEX)
      | ^~~~~~~~~
/home/user42/data/csmith/runtime/random_inc.h:99:23: error: invalid storage class for function ‘safe_mul_func_uint32_t_u_u’
   99 | #define FUNC_NAME(x) (safe_##x)
      |                       ^~~~~
/home/user42/data/csmith/build/runtime/safe_math.h:764:1: note: in expansion of macro ‘FUNC_NAME’
  764 | FUNC_NAME(mul_func_uint32_t_u_u)(uint32_t ui1, uint32_t ui2 LOG_INDEX)
      | ^~~~~~~~~
/home/user42/data/csmith/runtime/random_inc.h:99:23: error: invalid storage class for function ‘safe_mod_func_uint32_t_u_u’
   99 | #define FUNC_NAME(x) (safe_##x)
      |                       ^~~~~
/home/user42/data/csmith/build/runtime/safe_math.h:771:1: note: in expansion of macro ‘FUNC_NAME’
  771 | FUNC_NAME(mod_func_uint32_t_u_u)(uint32_t ui1, uint32_t ui2 LOG_INDEX)
      | ^~~~~~~~~
/home/user42/data/csmith/runtime/random_inc.h:99:23: error: invalid storage class for function ‘safe_div_func_uint32_t_u_u’
   99 | #define FUNC_NAME(x) (safe_##x)
      |                       ^~~~~
/home/user42/data/csmith/build/runtime/safe_math.h:783:1: note: in expansion of macro ‘FUNC_NAME’
  783 | FUNC_NAME(div_func_uint32_t_u_u)(uint32_t ui1, uint32_t ui2 LOG_INDEX)
      | ^~~~~~~~~
/home/user42/data/csmith/runtime/random_inc.h:99:23: error: invalid storage class for function ‘safe_lshift_func_uint32_t_u_s’
   99 | #define FUNC_NAME(x) (safe_##x)
      |                       ^~~~~
/home/user42/data/csmith/build/runtime/safe_math.h:795:1: note: in expansion of macro ‘FUNC_NAME’
  795 | FUNC_NAME(lshift_func_uint32_t_u_s)(uint32_t left, int right LOG_INDEX)
      | ^~~~~~~~~
/home/user42/data/csmith/runtime/random_inc.h:99:23: error: invalid storage class for function ‘safe_lshift_func_uint32_t_u_u’
   99 | #define FUNC_NAME(x) (safe_##x)
      |                       ^~~~~
/home/user42/data/csmith/build/runtime/safe_math.h:807:1: note: in expansion of macro ‘FUNC_NAME’
  807 | FUNC_NAME(lshift_func_uint32_t_u_u)(uint32_t left, unsigned int right LOG_INDEX)
      | ^~~~~~~~~
/home/user42/data/csmith/runtime/random_inc.h:99:23: error: invalid storage class for function ‘safe_rshift_func_uint32_t_u_s’
   99 | #define FUNC_NAME(x) (safe_##x)
      |                       ^~~~~
/home/user42/data/csmith/build/runtime/safe_math.h:819:1: note: in expansion of macro ‘FUNC_NAME’
  819 | FUNC_NAME(rshift_func_uint32_t_u_s)(uint32_t left, int right LOG_INDEX)
      | ^~~~~~~~~
/home/user42/data/csmith/runtime/random_inc.h:99:23: error: invalid storage class for function ‘safe_rshift_func_uint32_t_u_u’
   99 | #define FUNC_NAME(x) (safe_##x)
      |                       ^~~~~
/home/user42/data/csmith/build/runtime/safe_math.h:831:1: note: in expansion of macro ‘FUNC_NAME’
  831 | FUNC_NAME(rshift_func_uint32_t_u_u)(uint32_t left, unsigned int right LOG_INDEX)
      | ^~~~~~~~~
/home/user42/data/csmith/runtime/random_inc.h:99:23: error: invalid storage class for function ‘safe_unary_minus_func_uint64_t_u’
   99 | #define FUNC_NAME(x) (safe_##x)
      |                       ^~~~~
/home/user42/data/csmith/build/runtime/safe_math.h:846:1: note: in expansion of macro ‘FUNC_NAME’
  846 | FUNC_NAME(unary_minus_func_uint64_t_u)(uint64_t ui LOG_INDEX)
      | ^~~~~~~~~
/home/user42/data/csmith/runtime/random_inc.h:99:23: error: invalid storage class for function ‘safe_add_func_uint64_t_u_u’
   99 | #define FUNC_NAME(x) (safe_##x)
      |                       ^~~~~
/home/user42/data/csmith/build/runtime/safe_math.h:853:1: note: in expansion of macro ‘FUNC_NAME’
  853 | FUNC_NAME(add_func_uint64_t_u_u)(uint64_t ui1, uint64_t ui2 LOG_INDEX)
      | ^~~~~~~~~
/home/user42/data/csmith/runtime/random_inc.h:99:23: error: invalid storage class for function ‘safe_sub_func_uint64_t_u_u’
   99 | #define FUNC_NAME(x) (safe_##x)
      |                       ^~~~~
/home/user42/data/csmith/build/runtime/safe_math.h:860:1: note: in expansion of macro ‘FUNC_NAME’
  860 | FUNC_NAME(sub_func_uint64_t_u_u)(uint64_t ui1, uint64_t ui2 LOG_INDEX)
      | ^~~~~~~~~
/home/user42/data/csmith/runtime/random_inc.h:99:23: error: invalid storage class for function ‘safe_mul_func_uint64_t_u_u’
   99 | #define FUNC_NAME(x) (safe_##x)
      |                       ^~~~~
/home/user42/data/csmith/build/runtime/safe_math.h:867:1: note: in expansion of macro ‘FUNC_NAME’
  867 | FUNC_NAME(mul_func_uint64_t_u_u)(uint64_t ui1, uint64_t ui2 LOG_INDEX)
      | ^~~~~~~~~
/home/user42/data/csmith/runtime/random_inc.h:99:23: error: invalid storage class for function ‘safe_mod_func_uint64_t_u_u’
   99 | #define FUNC_NAME(x) (safe_##x)
      |                       ^~~~~
/home/user42/data/csmith/build/runtime/safe_math.h:874:1: note: in expansion of macro ‘FUNC_NAME’
  874 | FUNC_NAME(mod_func_uint64_t_u_u)(uint64_t ui1, uint64_t ui2 LOG_INDEX)
      | ^~~~~~~~~
/home/user42/data/csmith/runtime/random_inc.h:99:23: error: invalid storage class for function ‘safe_div_func_uint64_t_u_u’
   99 | #define FUNC_NAME(x) (safe_##x)
      |                       ^~~~~
/home/user42/data/csmith/build/runtime/safe_math.h:886:1: note: in expansion of macro ‘FUNC_NAME’
  886 | FUNC_NAME(div_func_uint64_t_u_u)(uint64_t ui1, uint64_t ui2 LOG_INDEX)
      | ^~~~~~~~~
/home/user42/data/csmith/runtime/random_inc.h:99:23: error: invalid storage class for function ‘safe_lshift_func_uint64_t_u_s’
   99 | #define FUNC_NAME(x) (safe_##x)
      |                       ^~~~~
/home/user42/data/csmith/build/runtime/safe_math.h:898:1: note: in expansion of macro ‘FUNC_NAME’
  898 | FUNC_NAME(lshift_func_uint64_t_u_s)(uint64_t left, int right LOG_INDEX)
      | ^~~~~~~~~
/home/user42/data/csmith/runtime/random_inc.h:99:23: error: invalid storage class for function ‘safe_lshift_func_uint64_t_u_u’
   99 | #define FUNC_NAME(x) (safe_##x)
      |                       ^~~~~
/home/user42/data/csmith/build/runtime/safe_math.h:910:1: note: in expansion of macro ‘FUNC_NAME’
  910 | FUNC_NAME(lshift_func_uint64_t_u_u)(uint64_t left, unsigned int right LOG_INDEX)
      | ^~~~~~~~~
/home/user42/data/csmith/runtime/random_inc.h:99:23: error: invalid storage class for function ‘safe_rshift_func_uint64_t_u_s’
   99 | #define FUNC_NAME(x) (safe_##x)
      |                       ^~~~~
/home/user42/data/csmith/build/runtime/safe_math.h:922:1: note: in expansion of macro ‘FUNC_NAME’
  922 | FUNC_NAME(rshift_func_uint64_t_u_s)(uint64_t left, int right LOG_INDEX)
      | ^~~~~~~~~
/home/user42/data/csmith/runtime/random_inc.h:99:23: error: invalid storage class for function ‘safe_rshift_func_uint64_t_u_u’
   99 | #define FUNC_NAME(x) (safe_##x)
      |                       ^~~~~
/home/user42/data/csmith/build/runtime/safe_math.h:934:1: note: in expansion of macro ‘FUNC_NAME’
  934 | FUNC_NAME(rshift_func_uint64_t_u_u)(uint64_t left, unsigned int right LOG_INDEX)
      | ^~~~~~~~~
/home/user42/data/csmith/runtime/random_inc.h:99:23: error: invalid storage class for function ‘safe_add_func_float_f_f’
   99 | #define FUNC_NAME(x) (safe_##x)
      |                       ^~~~~
/home/user42/data/csmith/build/runtime/safe_math.h:954:1: note: in expansion of macro ‘FUNC_NAME’
  954 | FUNC_NAME(add_func_float_f_f)(float sf1, float sf2 LOG_INDEX)
      | ^~~~~~~~~
/home/user42/data/csmith/runtime/random_inc.h:99:23: error: invalid storage class for function ‘safe_sub_func_float_f_f’
   99 | #define FUNC_NAME(x) (safe_##x)
      |                       ^~~~~
/home/user42/data/csmith/build/runtime/safe_math.h:966:1: note: in expansion of macro ‘FUNC_NAME’
  966 | FUNC_NAME(sub_func_float_f_f)(float sf1, float sf2 LOG_INDEX)
      | ^~~~~~~~~
/home/user42/data/csmith/runtime/random_inc.h:99:23: error: invalid storage class for function ‘safe_mul_func_float_f_f’
   99 | #define FUNC_NAME(x) (safe_##x)
      |                       ^~~~~
/home/user42/data/csmith/build/runtime/safe_math.h:978:1: note: in expansion of macro ‘FUNC_NAME’
  978 | FUNC_NAME(mul_func_float_f_f)(float sf1, float sf2 LOG_INDEX)
      | ^~~~~~~~~
/home/user42/data/csmith/runtime/random_inc.h:99:23: error: invalid storage class for function ‘safe_div_func_float_f_f’
   99 | #define FUNC_NAME(x) (safe_##x)
      |                       ^~~~~
/home/user42/data/csmith/build/runtime/safe_math.h:994:1: note: in expansion of macro ‘FUNC_NAME’
  994 | FUNC_NAME(div_func_float_f_f)(float sf1, float sf2 LOG_INDEX)
      | ^~~~~~~~~
/home/user42/data/csmith/runtime/random_inc.h:99:23: error: invalid storage class for function ‘safe_add_func_double_f_f’
   99 | #define FUNC_NAME(x) (safe_##x)
      |                       ^~~~~
/home/user42/data/csmith/build/runtime/safe_math.h:1013:1: note: in expansion of macro ‘FUNC_NAME’
 1013 | FUNC_NAME(add_func_double_f_f)(double sf1, double sf2 LOG_INDEX)
      | ^~~~~~~~~
/home/user42/data/csmith/runtime/random_inc.h:99:23: error: invalid storage class for function ‘safe_sub_func_double_f_f’
   99 | #define FUNC_NAME(x) (safe_##x)
      |                       ^~~~~
/home/user42/data/csmith/build/runtime/safe_math.h:1025:1: note: in expansion of macro ‘FUNC_NAME’
 1025 | FUNC_NAME(sub_func_double_f_f)(double sf1, double sf2 LOG_INDEX)
      | ^~~~~~~~~
/home/user42/data/csmith/runtime/random_inc.h:99:23: error: invalid storage class for function ‘safe_mul_func_double_f_f’
   99 | #define FUNC_NAME(x) (safe_##x)
      |                       ^~~~~
/home/user42/data/csmith/build/runtime/safe_math.h:1037:1: note: in expansion of macro ‘FUNC_NAME’
 1037 | FUNC_NAME(mul_func_double_f_f)(double sf1, double sf2 LOG_INDEX)
      | ^~~~~~~~~
/home/user42/data/csmith/runtime/random_inc.h:99:23: error: invalid storage class for function ‘safe_div_func_double_f_f’
   99 | #define FUNC_NAME(x) (safe_##x)
      |                       ^~~~~
/home/user42/data/csmith/build/runtime/safe_math.h:1053:1: note: in expansion of macro ‘FUNC_NAME’
 1053 | FUNC_NAME(div_func_double_f_f)(double sf1, double sf2 LOG_INDEX)
      | ^~~~~~~~~
/home/user42/data/csmith/runtime/random_inc.h:99:23: error: invalid storage class for function ‘safe_convert_func_float_to_int32_t’
   99 | #define FUNC_NAME(x) (safe_##x)
      |                       ^~~~~
/home/user42/data/csmith/build/runtime/safe_math.h:1194:1: note: in expansion of macro ‘FUNC_NAME’
 1194 | FUNC_NAME(convert_func_float_to_int32_t)(float sf1 LOG_INDEX)
      | ^~~~~~~~~
/home/user42/data/csmith/runtime/csmith.h:51:1: error: invalid storage class for function ‘crc32_gentab’
   51 | crc32_gentab (void)
      | ^~~~~~~~~~~~
/home/user42/data/csmith/runtime/csmith.h:71:1: error: invalid storage class for function ‘crc32_byte’
   71 | crc32_byte (uint8_t b) {
      | ^~~~~~~~~~
/home/user42/data/csmith/runtime/csmith.h:97:1: error: invalid storage class for function ‘crc32_8bytes’
   97 | crc32_8bytes (uint64_t val)
      | ^~~~~~~~~~~~
/home/user42/data/csmith/runtime/csmith.h:110:1: error: invalid storage class for function ‘transparent_crc’
  110 | transparent_crc (uint64_t val, char* vname, int flag)
      | ^~~~~~~~~~~~~~~
/home/user42/data/csmith/runtime/csmith.h:121:1: error: invalid storage class for function ‘transparent_crc_bytes’
  121 | transparent_crc_bytes (char *ptr, int nbytes, char* vname, int flag)
      | ^~~~~~~~~~~~~~~~~~~~~
6dea033dc68dc6f0c9399033511edac8b831f0bc.c:104:1: error: unknown type name ‘st’
  104 | st* corpus/01d3664e71d14fd961a130472a523e1d_3053_test3083535516.c */
      | ^~
6dea033dc68dc6f0c9399033511edac8b831f0bc.c:104:11: error: expected ‘=’, ‘,’, ‘;’, ‘asm’ or ‘__attribute__’ before ‘/’ token
  104 | st* corpus/01d3664e71d14fd961a130472a523e1d_3053_test3083535516.c */
      |           ^
6dea033dc68dc6f0c9399033511edac8b831f0bc.c:104:12: error: invalid suffix "d3664e71d14fd961a130472a523e1d_3053_test3083535516.c" on integer constant
  104 | st* corpus/01d3664e71d14fd961a130472a523e1d_3053_test3083535516.c */
      |            ^~~~~~~~~~~~~~~~~~~~~~~~~~~~~~~~~~~~~~~~~~~~~~~~~~~~~~
6dea033dc68dc6f0c9399033511edac8b831f0bc.c:105:10: error: #include expects "FILENAME" or <FILENAME>
  105 | #include "csm30472a523e1d_3053_test3083535516.c */
      |          ^~~~~~~~~~~~~~~~~~~~~~~~~~~~~~~~~~~~~~~~~
6dea033dc68dc6f0c9399033511edac8b831f0bc.c:108:1: error: unknown type name ‘st’
  108 | st* corpus/01d3664e71d14fd961a130472a523e1d_3053_test3083535516.c */
      | ^~
6dea033dc68dc6f0c9399033511edac8b831f0bc.c:108:11: error: expected ‘=’, ‘,’, ‘;’, ‘asm’ or ‘__attribute__’ before ‘/’ token
  108 | st* corpus/01d3664e71d14fd961a130472a523e1d_3053_test3083535516.c */
      |           ^
6dea033dc68dc6f0c9399033511edac8b831f0bc.c:108:12: error: invalid suffix "d3664e71d14fd961a130472a523e1d_3053_test3083535516.c" on integer constant
  108 | st* corpus/01d3664e71d14fd961a130472a523e1d_3053_test3083535516.c */
      |            ^~~~~~~~~~~~~~~~~~~~~~~~~~~~~~~~~~~~~~~~~~~~~~~~~~~~~~
6dea033dc68dc6f0c9399033511edac8b831f0bc.c:112:8: error: unknown type name ‘uatic’
  112 | static uatic int32_t *b;
      |        ^~~~~
6dea033dc68dc6f0c9399033511edac8b831f0bc.c:112:22: error: expected ‘=’, ‘,’, ‘;’, ‘asm’ or ‘__attribute__’ before ‘*’ token
  112 | static uatic int32_t *b;
      |                      ^
6dea033dc68dc6f0c9399033511edac8b831f0bc.c:113:17: error: invalid storage class for function ‘c’
  113 | static uint64_t c() {
      |                 ^
6dea033dc68dc6f0c9399033511edac8b831f0bc.c: In function ‘c’:
6dea033dc68dc6f0c9399033511edac8b831f0bc.c:114:3: error: ‘ith’ undeclared (first use in this function)
  114 |   ith.h"
      |   ^~~
6dea033dc68dc6f0c9399033511edac8b831f0bc.c:114:8: error: missing terminating " character
  114 |   ith.h"
      |        ^
6dea033dc68dc6f0c9399033511edac8b831f0bc.c:114:8: error: expected ‘;’ before ‘int32_t’
  114 |   ith.h"
      |        ^
      |        ;
  115 | int32_t a;
      | ~~~~~~~ 
6dea033dc68dc6f0c9399033511edac8b831f0bc.c:117:8: error: unknown type name ‘uatic’
  117 | static uatic int32_t= { 0, 0x10000, 0, 0, 1, 20 };
      |        ^~~~~
6dea033dc68dc6f0c9399033511edac8b831f0bc.c:118:10: error: variable ‘b’ has initializer but incomplete type
  118 |   struct block b = { 0x10000, 0x20000, 0, 0, 1, 20 };
      |          ^~~~~
6dea033dc68dc6f0c9399033511edac8b831f0bc.c:118:16: error: conflicting types for ‘b’; have ‘struct block’
  118 |   struct block b = { 0x10000, 0x20000, 0, 0, 1, 20 };
      |                ^
6dea033dc68dc6f0c9399033511edac8b831f0bc.c:116:17: note: previous declaration of ‘b’ with type ‘int32_t *’ {aka ‘int *’}
  116 | static int32_t *b;
      |                 ^
6dea033dc68dc6f0c9399033511edac8b831f0bc.c:119:10: error: variable ‘bv’ has initializer but incomplete type
  119 |   struct blockvzctor bv = { 2, { &a, &b } };
      |          ^~~~~~~~~~~
6dea033dc68dc6f0c9399033511edac8b831f0bc.c:119:32: error: extra brace group at end of initializer
  119 |   struct blockvzctor bv = { 2, { &a, &b } };
      |                                ^
6dea033dc68dc6f0c9399033511edac8b831f0bc.c:119:32: note: (near initialization for ‘bv’)
6dea033dc68dc6f0c9399033511edac8b831f0bc.c:119:35: error: stray ‘\315’ in program
  119 |   struct blockvzctor bv = { 2, { &<cd><cd><cd><cd><cd><cd><cd><cd><cd><cd><cd><cd><cd><cd><cd><cd><cd><cd><cd><cd><cd><cd><cd><cd><cd><cd><cd><cd><cd><cd><cd><cd><dd><cd><cd><cd><cd><cd>a, &b } };
      |                                   ^~~~
6dea033dc68dc6f0c9399033511edac8b831f0bc.c:119:36: error: stray ‘\315’ in program
  119 |   struct blockvzctor bv = { 2, { &<cd><cd><cd><cd><cd><cd><cd><cd><cd><cd><cd><cd><cd><cd><cd><cd><cd><cd><cd><cd><cd><cd><cd><cd><cd><cd><cd><cd><cd><cd><cd><cd><dd><cd><cd><cd><cd><cd>a, &b } };
      |                                       ^~~~
6dea033dc68dc6f0c9399033511edac8b831f0bc.c:119:37: error: stray ‘\315’ in program
  119 |   struct blockvzctor bv = { 2, { &<cd><cd><cd><cd><cd><cd><cd><cd><cd><cd><cd><cd><cd><cd><cd><cd><cd><cd><cd><cd><cd><cd><cd><cd><cd><cd><cd><cd><cd><cd><cd><cd><dd><cd><cd><cd><cd><cd>a, &b } };
      |                                           ^~~~
6dea033dc68dc6f0c9399033511edac8b831f0bc.c:119:38: error: stray ‘\315’ in program
  119 |   struct blockvzctor bv = { 2, { &<cd><cd><cd><cd><cd><cd><cd><cd><cd><cd><cd><cd><cd><cd><cd><cd><cd><cd><cd><cd><cd><cd><cd><cd><cd><cd><cd><cd><cd><cd><cd><cd><dd><cd><cd><cd><cd><cd>a, &b } };
      |                                               ^~~~
6dea033dc68dc6f0c9399033511edac8b831f0bc.c:119:39: error: stray ‘\315’ in program
  119 |   struct blockvzctor bv = { 2, { &<cd><cd><cd><cd><cd><cd><cd><cd><cd><cd><cd><cd><cd><cd><cd><cd><cd><cd><cd><cd><cd><cd><cd><cd><cd><cd><cd><cd><cd><cd><cd><cd><dd><cd><cd><cd><cd><cd>a, &b } };
      |                                                   ^~~~
6dea033dc68dc6f0c9399033511edac8b831f0bc.c:119:40: error: stray ‘\315’ in program
  119 |   struct blockvzctor bv = { 2, { &<cd><cd><cd><cd><cd><cd><cd><cd><cd><cd><cd><cd><cd><cd><cd><cd><cd><cd><cd><cd><cd><cd><cd><cd><cd><cd><cd><cd><cd><cd><cd><cd><dd><cd><cd><cd><cd><cd>a, &b } };
      |                                                       ^~~~
6dea033dc68dc6f0c9399033511edac8b831f0bc.c:119:41: error: stray ‘\315’ in program
  119 |   struct blockvzctor bv = { 2, { &<cd><cd><cd><cd><cd><cd><cd><cd><cd><cd><cd><cd><cd><cd><cd><cd><cd><cd><cd><cd><cd><cd><cd><cd><cd><cd><cd><cd><cd><cd><cd><cd><dd><cd><cd><cd><cd><cd>a, &b } };
      |                                                           ^~~~
6dea033dc68dc6f0c9399033511edac8b831f0bc.c:119:42: error: stray ‘\315’ in program
  119 |   struct blockvzctor bv = { 2, { &<cd><cd><cd><cd><cd><cd><cd><cd><cd><cd><cd><cd><cd><cd><cd><cd><cd><cd><cd><cd><cd><cd><cd><cd><cd><cd><cd><cd><cd><cd><cd><cd><dd><cd><cd><cd><cd><cd>a, &b } };
      |                                                               ^~~~
6dea033dc68dc6f0c9399033511edac8b831f0bc.c:119:43: error: stray ‘\315’ in program
  119 |   struct blockvzctor bv = { 2, { &<cd><cd><cd><cd><cd><cd><cd><cd><cd><cd><cd><cd><cd><cd><cd><cd><cd><cd><cd><cd><cd><cd><cd><cd><cd><cd><cd><cd><cd><cd><cd><cd><dd><cd><cd><cd><cd><cd>a, &b } };
      |                                                                   ^~~~
6dea033dc68dc6f0c9399033511edac8b831f0bc.c:119:44: error: stray ‘\315’ in program
  119 |   struct blockvzctor bv = { 2, { &<cd><cd><cd><cd><cd><cd><cd><cd><cd><cd><cd><cd><cd><cd><cd><cd><cd><cd><cd><cd><cd><cd><cd><cd><cd><cd><cd><cd><cd><cd><cd><cd><dd><cd><cd><cd><cd><cd>a, &b } };
      |                                                                       ^~~~
6dea033dc68dc6f0c9399033511edac8b831f0bc.c:119:45: error: stray ‘\315’ in program
  119 |   struct blockvzctor bv = { 2, { &<cd><cd><cd><cd><cd><cd><cd><cd><cd><cd><cd><cd><cd><cd><cd><cd><cd><cd><cd><cd><cd><cd><cd><cd><cd><cd><cd><cd><cd><cd><cd><cd><dd><cd><cd><cd><cd><cd>a, &b } };
      |                                                                           ^~~~
6dea033dc68dc6f0c9399033511edac8b831f0bc.c:119:46: error: stray ‘\315’ in program
  119 |   struct blockvzctor bv = { 2, { &<cd><cd><cd><cd><cd><cd><cd><cd><cd><cd><cd><cd><cd><cd><cd><cd><cd><cd><cd><cd><cd><cd><cd><cd><cd><cd><cd><cd><cd><cd><cd><cd><dd><cd><cd><cd><cd><cd>a, &b } };
      |                                                                               ^~~~
6dea033dc68dc6f0c9399033511edac8b831f0bc.c:119:47: error: stray ‘\315’ in program
  119 |   struct blockvzctor bv = { 2, { &<cd><cd><cd><cd><cd><cd><cd><cd><cd><cd><cd><cd><cd><cd><cd><cd><cd><cd><cd><cd><cd><cd><cd><cd><cd><cd><cd><cd><cd><cd><cd><cd><dd><cd><cd><cd><cd><cd>a, &b } };
      |                                                                                   ^~~~
6dea033dc68dc6f0c9399033511edac8b831f0bc.c:119:48: error: stray ‘\315’ in program
  119 |   struct blockvzctor bv = { 2, { &<cd><cd><cd><cd><cd><cd><cd><cd><cd><cd><cd><cd><cd><cd><cd><cd><cd><cd><cd><cd><cd><cd><cd><cd><cd><cd><cd><cd><cd><cd><cd><cd><dd><cd><cd><cd><cd><cd>a, &b } };
      |                                                                                       ^~~~
6dea033dc68dc6f0c9399033511edac8b831f0bc.c:119:49: error: stray ‘\315’ in program
  119 |   struct blockvzctor bv = { 2, { &<cd><cd><cd><cd><cd><cd><cd><cd><cd><cd><cd><cd><cd><cd><cd><cd><cd><cd><cd><cd><cd><cd><cd><cd><cd><cd><cd><cd><cd><cd><cd><cd><dd><cd><cd><cd><cd><cd>a, &b } };
      |                                                                                           ^~~~
6dea033dc68dc6f0c9399033511edac8b831f0bc.c:119:50: error: stray ‘\315’ in program
  119 |   struct blockvzctor bv = { 2, { &<cd><cd><cd><cd><cd><cd><cd><cd><cd><cd><cd><cd><cd><cd><cd><cd><cd><cd><cd><cd><cd><cd><cd><cd><cd><cd><cd><cd><cd><cd><cd><cd><dd><cd><cd><cd><cd><cd>a, &b } };
      |                                                                                               ^~~~
6dea033dc68dc6f0c9399033511edac8b831f0bc.c:119:51: error: stray ‘\315’ in program
  119 |   struct blockvzctor bv = { 2, { &<cd><cd><cd><cd><cd><cd><cd><cd><cd><cd><cd><cd><cd><cd><cd><cd><cd><cd><cd><cd><cd><cd><cd><cd><cd><cd><cd><cd><cd><cd><cd><cd><dd><cd><cd><cd><cd><cd>a, &b } };
      |                                                                                                   ^~~~
6dea033dc68dc6f0c9399033511edac8b831f0bc.c:119:52: error: stray ‘\315’ in program
  119 |   struct blockvzctor bv = { 2, { &<cd><cd><cd><cd><cd><cd><cd><cd><cd><cd><cd><cd><cd><cd><cd><cd><cd><cd><cd><cd><cd><cd><cd><cd><cd><cd><cd><cd><cd><cd><cd><cd><dd><cd><cd><cd><cd><cd>a, &b } };
      |                                                                                                       ^~~~
6dea033dc68dc6f0c9399033511edac8b831f0bc.c:119:53: error: stray ‘\315’ in program
  119 |   struct blockvzctor bv = { 2, { &<cd><cd><cd><cd><cd><cd><cd><cd><cd><cd><cd><cd><cd><cd><cd><cd><cd><cd><cd><cd><cd><cd><cd><cd><cd><cd><cd><cd><cd><cd><cd><cd><dd><cd><cd><cd><cd><cd>a, &b } };
      |                                                                                                           ^~~~
6dea033dc68dc6f0c9399033511edac8b831f0bc.c:119:54: error: stray ‘\315’ in program
  119 |   struct blockvzctor bv = { 2, { &<cd><cd><cd><cd><cd><cd><cd><cd><cd><cd><cd><cd><cd><cd><cd><cd><cd><cd><cd><cd><cd><cd><cd><cd><cd><cd><cd><cd><cd><cd><cd><cd><dd><cd><cd><cd><cd><cd>a, &b } };
      |                                                                                                               ^~~~
6dea033dc68dc6f0c9399033511edac8b831f0bc.c:119:55: error: stray ‘\315’ in program
  119 |   struct blockvzctor bv = { 2, { &<cd><cd><cd><cd><cd><cd><cd><cd><cd><cd><cd><cd><cd><cd><cd><cd><cd><cd><cd><cd><cd><cd><cd><cd><cd><cd><cd><cd><cd><cd><cd><cd><dd><cd><cd><cd><cd><cd>a, &b } };
      |                                                                                                                   ^~~~
6dea033dc68dc6f0c9399033511edac8b831f0bc.c:119:56: error: stray ‘\315’ in program
  119 |   struct blockvzctor bv = { 2, { &<cd><cd><cd><cd><cd><cd><cd><cd><cd><cd><cd><cd><cd><cd><cd><cd><cd><cd><cd><cd><cd><cd><cd><cd><cd><cd><cd><cd><cd><cd><cd><cd><dd><cd><cd><cd><cd><cd>a, &b } };
      |                                                                                                                       ^~~~
6dea033dc68dc6f0c9399033511edac8b831f0bc.c:119:57: error: stray ‘\315’ in program
  119 |   struct blockvzctor bv = { 2, { &<cd><cd><cd><cd><cd><cd><cd><cd><cd><cd><cd><cd><cd><cd><cd><cd><cd><cd><cd><cd><cd><cd><cd><cd><cd><cd><cd><cd><cd><cd><cd><cd><dd><cd><cd><cd><cd><cd>a, &b } };
      |                                                                                                                           ^~~~
6dea033dc68dc6f0c9399033511edac8b831f0bc.c:119:58: error: stray ‘\315’ in program
  119 |   struct blockvzctor bv = { 2, { &<cd><cd><cd><cd><cd><cd><cd><cd><cd><cd><cd><cd><cd><cd><cd><cd><cd><cd><cd><cd><cd><cd><cd><cd><cd><cd><cd><cd><cd><cd><cd><cd><dd><cd><cd><cd><cd><cd>a, &b } };
      |                                                                                                                               ^~~~
6dea033dc68dc6f0c9399033511edac8b831f0bc.c:119:59: error: stray ‘\315’ in program
  119 |   struct blockvzctor bv = { 2, { &<cd><cd><cd><cd><cd><cd><cd><cd><cd><cd><cd><cd><cd><cd><cd><cd><cd><cd><cd><cd><cd><cd><cd><cd><cd><cd><cd><cd><cd><cd><cd><cd><dd><cd><cd><cd><cd><cd>a, &b } };
      |                                                                                                                                   ^~~~
6dea033dc68dc6f0c9399033511edac8b831f0bc.c:119:60: error: stray ‘\315’ in program
  119 |   struct blockvzctor bv = { 2, { &<cd><cd><cd><cd><cd><cd><cd><cd><cd><cd><cd><cd><cd><cd><cd><cd><cd><cd><cd><cd><cd><cd><cd><cd><cd><cd><cd><cd><cd><cd><cd><cd><dd><cd><cd><cd><cd><cd>a, &b } };
      |                                                                                                                                       ^~~~
6dea033dc68dc6f0c9399033511edac8b831f0bc.c:119:61: error: stray ‘\315’ in program
  119 |   struct blockvzctor bv = { 2, { &<cd><cd><cd><cd><cd><cd><cd><cd><cd><cd><cd><cd><cd><cd><cd><cd><cd><cd><cd><cd><cd><cd><cd><cd><cd><cd><cd><cd><cd><cd><cd><cd><dd><cd><cd><cd><cd><cd>a, &b } };
      |                                                                                                                                           ^~~~
6dea033dc68dc6f0c9399033511edac8b831f0bc.c:119:62: error: stray ‘\315’ in program
  119 |   struct blockvzctor bv = { 2, { &<cd><cd><cd><cd><cd><cd><cd><cd><cd><cd><cd><cd><cd><cd><cd><cd><cd><cd><cd><cd><cd><cd><cd><cd><cd><cd><cd><cd><cd><cd><cd><cd><dd><cd><cd><cd><cd><cd>a, &b } };
      |                                                                                                                                               ^~~~
6dea033dc68dc6f0c9399033511edac8b831f0bc.c:119:63: error: stray ‘\315’ in program
  119 |   struct blockvzctor bv = { 2, { &<cd><cd><cd><cd><cd><cd><cd><cd><cd><cd><cd><cd><cd><cd><cd><cd><cd><cd><cd><cd><cd><cd><cd><cd><cd><cd><cd><cd><cd><cd><cd><cd><dd><cd><cd><cd><cd><cd>a, &b } };
      |                                                                                                                                                   ^~~~
6dea033dc68dc6f0c9399033511edac8b831f0bc.c:119:64: error: stray ‘\315’ in program
  119 |   struct blockvzctor bv = { 2, { &<cd><cd><cd><cd><cd><cd><cd><cd><cd><cd><cd><cd><cd><cd><cd><cd><cd><cd><cd><cd><cd><cd><cd><cd><cd><cd><cd><cd><cd><cd><cd><cd><dd><cd><cd><cd><cd><cd>a, &b } };
      |                                                                                                                                                       ^~~~
6dea033dc68dc6f0c9399033511edac8b831f0bc.c:119:65: error: stray ‘\315’ in program
  119 |   struct blockvzctor bv = { 2, { &<cd><cd><cd><cd><cd><cd><cd><cd><cd><cd><cd><cd><cd><cd><cd><cd><cd><cd><cd><cd><cd><cd><cd><cd><cd><cd><cd><cd><cd><cd><cd><cd><dd><cd><cd><cd><cd><cd>a, &b } };
      |                                                                                                                                                           ^~~~
6dea033dc68dc6f0c9399033511edac8b831f0bc.c:119:66: error: stray ‘\315’ in program
  119 |   struct blockvzctor bv = { 2, { &<cd><cd><cd><cd><cd><cd><cd><cd><cd><cd><cd><cd><cd><cd><cd><cd><cd><cd><cd><cd><cd><cd><cd><cd><cd><cd><cd><cd><cd><cd><cd><cd><dd><cd><cd><cd><cd><cd>a, &b } };
      |                                                                                                                                                               ^~~~
6dea033dc68dc6f0c9399033511edac8b831f0bc.c:119:67: error: stray ‘\335’ in program
  119 |   struct blockvzctor bv = { 2, { &<cd><cd><cd><cd><cd><cd><cd><cd><cd><cd><cd><cd><cd><cd><cd><cd><cd><cd><cd><cd><cd><cd><cd><cd><cd><cd><cd><cd><cd><cd><cd><cd><dd><cd><cd><cd><cd><cd>a, &b } };
      |                                                                                                                                                                   ^~~~
6dea033dc68dc6f0c9399033511edac8b831f0bc.c:119:68: error: stray ‘\315’ in program
  119 |   struct blockvzctor bv = { 2, { &<cd><cd><cd><cd><cd><cd><cd><cd><cd><cd><cd><cd><cd><cd><cd><cd><cd><cd><cd><cd><cd><cd><cd><cd><cd><cd><cd><cd><cd><cd><cd><cd><dd><cd><cd><cd><cd><cd>a, &b } };
      |                                                                                                                                                                       ^~~~
6dea033dc68dc6f0c9399033511edac8b831f0bc.c:119:69: error: stray ‘\315’ in program
  119 |   struct blockvzctor bv = { 2, { &<cd><cd><cd><cd><cd><cd><cd><cd><cd><cd><cd><cd><cd><cd><cd><cd><cd><cd><cd><cd><cd><cd><cd><cd><cd><cd><cd><cd><cd><cd><cd><cd><dd><cd><cd><cd><cd><cd>a, &b } };
      |                                                                                                                                                                           ^~~~
6dea033dc68dc6f0c9399033511edac8b831f0bc.c:119:70: error: stray ‘\315’ in program
  119 |   struct blockvzctor bv = { 2, { &<cd><cd><cd><cd><cd><cd><cd><cd><cd><cd><cd><cd><cd><cd><cd><cd><cd><cd><cd><cd><cd><cd><cd><cd><cd><cd><cd><cd><cd><cd><cd><cd><dd><cd><cd><cd><cd><cd>a, &b } };
      |                                                                                                                                                                               ^~~~
6dea033dc68dc6f0c9399033511edac8b831f0bc.c:119:71: error: stray ‘\315’ in program
  119 |   struct blockvzctor bv = { 2, { &<cd><cd><cd><cd><cd><cd><cd><cd><cd><cd><cd><cd><cd><cd><cd><cd><cd><cd><cd><cd><cd><cd><cd><cd><cd><cd><cd><cd><cd><cd><cd><cd><dd><cd><cd><cd><cd><cd>a, &b } };
      |                                                                                                                                                                                   ^~~~
6dea033dc68dc6f0c9399033511edac8b831f0bc.c:119:72: error: stray ‘\315’ in program
  119 |   struct blockvzctor bv = { 2, { &<cd><cd><cd><cd><cd><cd><cd><cd><cd><cd><cd><cd><cd><cd><cd><cd><cd><cd><cd><cd><cd><cd><cd><cd><cd><cd><cd><cd><cd><cd><cd><cd><dd><cd><cd><cd><cd><cd>a, &b } };
      |                                                                                                                                                                                       ^~~~
6dea033dc68dc6f0c9399033511edac8b831f0bc.c:119:22: error: storage size of ‘bv’ isn’t known
  119 |   struct blockvzctor bv = { 2, { &a, &b } };
      |                      ^~
6dea033dc68dc6f0c9399033511edac8b831f0bc.c:120:11: error: expected ‘{’ before ‘*’ token
  120 |   struct  *symtab s = { &bv };
      |           ^
6dea033dc68dc6f0c9399033511edac8b831f0bc.c:122:22: error: stray ‘\177’ in program
  122 |   struct blockvector <U+007F>ret;
      |                      ^~~~~~~~
6dea033dc68dc6f0c9399033511edac8b831f0bc.c:122:23: error: storage size of ‘ret’ isn’t known
  122 |   struct blockvector ret;
      |                       ^~~
6dea033dc68dc6f0c9399033511edac8b831f0bc.c:126:3: error: ‘retur’ undeclared (first use in this function); did you mean ‘ret’?
  126 |   retur/cn 0;eLLVM
      |   ^~~~~
      |   ret
6dea033dc68dc6f0c9399033511edac8b831f0bc.c:126:11: error: expected ‘;’ before numeric constant
  126 |   retur/cn 0;eLLVM
      |           ^~
      |           ;
6dea033dc68dc6f0c9399033511edac8b831f0bc.c:126:14: error: ‘eLLVM’ undeclared (first use in this function)
  126 |   retur/cn 0;eLLVM
      |              ^~~~~
6dea033dc68dc6f0c9399033511edac8b831f0bc.c:126:19: error: expected ‘;’ before ‘}’ token
  126 |   retur/cn 0;eLLVM
      |                   ^
      |                   ;
  127 | }
      | ~                  
6dea033dc68dc6f0c9399033511edac8b831f0bc.c: In function ‘aw’:
6dea033dc68dc6f0c9399033511edac8b831f0bc.c:148:16: error: expected identifier or ‘(’ before ‘;’ token
  148 | void *volatile ;
      |                ^
6dea033dc68dc6f0c9399033511edac8b831f0bc.c: In function ‘aw’:
6dea033dc68dc6f0c9399033511edac8b831f0bc.c:176:7: error: ‘am’ undeclared (first use in this function); did you mean ‘a’?
  176 |       am -= t | x;
      |       ^~
      |       a
6dea033dc68dc6f0c9399033511edac8b831f0bc.c:176:13: error: ‘t’ undeclared (first use in this function)
  176 |       am -= t | x;
      |             ^
6dea033dc68dc6f0c9399033511edac8b831f0bc.c:200:15: error: ‘ao’ undeclared (first use in this function); did you mean ‘a’?
  200 |               ao = r - aa && g.b;
      |               ^~
      |               a
6dea033dc68dc6f0c9399033511edac8b831f0bc.c:213:27: error: invalid suffix "C" on integer constant
  213 |               for (; ah < 3C; ah++)
      |                           ^~
6dea033dc68dc6f0c9399033511edac8b831f0bc.c:214:16: error: stray ‘\236’ in program
  214 |                <9e><9e><9e><9e><9e><9e><9e><9e><9e><9e><9e><9e><9e><9e><9e><9e><9e><9e><9e><9e><9e><9e><9e><9e><9e><9e><9e><9e><9e><9e><9e><9e><9e><9e><9e><9e><9e><9e><9e><9e><9e><9e><9e><9e><9e><9e><9e><9e><9e><9e><9e><9e><9e><9e><9e><9e><9e><9e><9e><9e><9e><9e><9e><9e><9e><9e><9e><9e><9e><9e><9e><9e><9e><9e><9e><9e><9e><9e><9e><9e><9e><9e><9e><9e><9e><9e><9e><9e><9e><9e><9e> if (s)
      |                ^~~~
6dea033dc68dc6f0c9399033511edac8b831f0bc.c:214:17: error: stray ‘\236’ in program
  214 |                <9e><9e><9e><9e><9e><9e><9e><9e><9e><9e><9e><9e><9e><9e><9e><9e><9e><9e><9e><9e><9e><9e><9e><9e><9e><9e><9e><9e><9e><9e><9e><9e><9e><9e><9e><9e><9e><9e><9e><9e><9e><9e><9e><9e><9e><9e><9e><9e><9e><9e><9e><9e><9e><9e><9e><9e><9e><9e><9e><9e><9e><9e><9e><9e><9e><9e><9e><9e><9e><9e><9e><9e><9e><9e><9e><9e><9e><9e><9e><9e><9e><9e><9e><9e><9e><9e><9e><9e><9e><9e><9e> if (s)
      |                    ^~~~
6dea033dc68dc6f0c9399033511edac8b831f0bc.c:214:18: error: stray ‘\236’ in program
  214 |                <9e><9e><9e><9e><9e><9e><9e><9e><9e><9e><9e><9e><9e><9e><9e><9e><9e><9e><9e><9e><9e><9e><9e><9e><9e><9e><9e><9e><9e><9e><9e><9e><9e><9e><9e><9e><9e><9e><9e><9e><9e><9e><9e><9e><9e><9e><9e><9e><9e><9e><9e><9e><9e><9e><9e><9e><9e><9e><9e><9e><9e><9e><9e><9e><9e><9e><9e><9e><9e><9e><9e><9e><9e><9e><9e><9e><9e><9e><9e><9e><9e><9e><9e><9e><9e><9e><9e><9e><9e><9e><9e> if (s)
      |                        ^~~~
6dea033dc68dc6f0c9399033511edac8b831f0bc.c:214:19: error: stray ‘\236’ in program
  214 |                <9e><9e><9e><9e><9e><9e><9e><9e><9e><9e><9e><9e><9e><9e><9e><9e><9e><9e><9e><9e><9e><9e><9e><9e><9e><9e><9e><9e><9e><9e><9e><9e><9e><9e><9e><9e><9e><9e><9e><9e><9e><9e><9e><9e><9e><9e><9e><9e><9e><9e><9e><9e><9e><9e><9e><9e><9e><9e><9e><9e><9e><9e><9e><9e><9e><9e><9e><9e><9e><9e><9e><9e><9e><9e><9e><9e><9e><9e><9e><9e><9e><9e><9e><9e><9e><9e><9e><9e><9e><9e><9e> if (s)
      |                            ^~~~
6dea033dc68dc6f0c9399033511edac8b831f0bc.c:214:20: error: stray ‘\236’ in program
  214 |                <9e><9e><9e><9e><9e><9e><9e><9e><9e><9e><9e><9e><9e><9e><9e><9e><9e><9e><9e><9e><9e><9e><9e><9e><9e><9e><9e><9e><9e><9e><9e><9e><9e><9e><9e><9e><9e><9e><9e><9e><9e><9e><9e><9e><9e><9e><9e><9e><9e><9e><9e><9e><9e><9e><9e><9e><9e><9e><9e><9e><9e><9e><9e><9e><9e><9e><9e><9e><9e><9e><9e><9e><9e><9e><9e><9e><9e><9e><9e><9e><9e><9e><9e><9e><9e><9e><9e><9e><9e><9e><9e> if (s)
      |                                ^~~~
6dea033dc68dc6f0c9399033511edac8b831f0bc.c:214:21: error: stray ‘\236’ in program
  214 |                <9e><9e><9e><9e><9e><9e><9e><9e><9e><9e><9e><9e><9e><9e><9e><9e><9e><9e><9e><9e><9e><9e><9e><9e><9e><9e><9e><9e><9e><9e><9e><9e><9e><9e><9e><9e><9e><9e><9e><9e><9e><9e><9e><9e><9e><9e><9e><9e><9e><9e><9e><9e><9e><9e><9e><9e><9e><9e><9e><9e><9e><9e><9e><9e><9e><9e><9e><9e><9e><9e><9e><9e><9e><9e><9e><9e><9e><9e><9e><9e><9e><9e><9e><9e><9e><9e><9e><9e><9e><9e><9e> if (s)
      |                                    ^~~~
6dea033dc68dc6f0c9399033511edac8b831f0bc.c:214:22: error: stray ‘\236’ in program
  214 |                <9e><9e><9e><9e><9e><9e><9e><9e><9e><9e><9e><9e><9e><9e><9e><9e><9e><9e><9e><9e><9e><9e><9e><9e><9e><9e><9e><9e><9e><9e><9e><9e><9e><9e><9e><9e><9e><9e><9e><9e><9e><9e><9e><9e><9e><9e><9e><9e><9e><9e><9e><9e><9e><9e><9e><9e><9e><9e><9e><9e><9e><9e><9e><9e><9e><9e><9e><9e><9e><9e><9e><9e><9e><9e><9e><9e><9e><9e><9e><9e><9e><9e><9e><9e><9e><9e><9e><9e><9e><9e><9e> if (s)
      |                                        ^~~~
6dea033dc68dc6f0c9399033511edac8b831f0bc.c:214:23: error: stray ‘\236’ in program
  214 |                <9e><9e><9e><9e><9e><9e><9e><9e><9e><9e><9e><9e><9e><9e><9e><9e><9e><9e><9e><9e><9e><9e><9e><9e><9e><9e><9e><9e><9e><9e><9e><9e><9e><9e><9e><9e><9e><9e><9e><9e><9e><9e><9e><9e><9e><9e><9e><9e><9e><9e><9e><9e><9e><9e><9e><9e><9e><9e><9e><9e><9e><9e><9e><9e><9e><9e><9e><9e><9e><9e><9e><9e><9e><9e><9e><9e><9e><9e><9e><9e><9e><9e><9e><9e><9e><9e><9e><9e><9e><9e><9e> if (s)
      |                                            ^~~~
6dea033dc68dc6f0c9399033511edac8b831f0bc.c:214:24: error: stray ‘\236’ in program
  214 |                <9e><9e><9e><9e><9e><9e><9e><9e><9e><9e><9e><9e><9e><9e><9e><9e><9e><9e><9e><9e><9e><9e><9e><9e><9e><9e><9e><9e><9e><9e><9e><9e><9e><9e><9e><9e><9e><9e><9e><9e><9e><9e><9e><9e><9e><9e><9e><9e><9e><9e><9e><9e><9e><9e><9e><9e><9e><9e><9e><9e><9e><9e><9e><9e><9e><9e><9e><9e><9e><9e><9e><9e><9e><9e><9e><9e><9e><9e><9e><9e><9e><9e><9e><9e><9e><9e><9e><9e><9e><9e><9e> if (s)
      |                                                ^~~~
6dea033dc68dc6f0c9399033511edac8b831f0bc.c:214:25: error: stray ‘\236’ in program
  214 |                <9e><9e><9e><9e><9e><9e><9e><9e><9e><9e><9e><9e><9e><9e><9e><9e><9e><9e><9e><9e><9e><9e><9e><9e><9e><9e><9e><9e><9e><9e><9e><9e><9e><9e><9e><9e><9e><9e><9e><9e><9e><9e><9e><9e><9e><9e><9e><9e><9e><9e><9e><9e><9e><9e><9e><9e><9e><9e><9e><9e><9e><9e><9e><9e><9e><9e><9e><9e><9e><9e><9e><9e><9e><9e><9e><9e><9e><9e><9e><9e><9e><9e><9e><9e><9e><9e><9e><9e><9e><9e><9e> if (s)
      |                                                    ^~~~
6dea033dc68dc6f0c9399033511edac8b831f0bc.c:214:26: error: stray ‘\236’ in program
  214 |                <9e><9e><9e><9e><9e><9e><9e><9e><9e><9e><9e><9e><9e><9e><9e><9e><9e><9e><9e><9e><9e><9e><9e><9e><9e><9e><9e><9e><9e><9e><9e><9e><9e><9e><9e><9e><9e><9e><9e><9e><9e><9e><9e><9e><9e><9e><9e><9e><9e><9e><9e><9e><9e><9e><9e><9e><9e><9e><9e><9e><9e><9e><9e><9e><9e><9e><9e><9e><9e><9e><9e><9e><9e><9e><9e><9e><9e><9e><9e><9e><9e><9e><9e><9e><9e><9e><9e><9e><9e><9e><9e> if (s)
      |                                                        ^~~~
6dea033dc68dc6f0c9399033511edac8b831f0bc.c:214:27: error: stray ‘\236’ in program
  214 |                <9e><9e><9e><9e><9e><9e><9e><9e><9e><9e><9e><9e><9e><9e><9e><9e><9e><9e><9e><9e><9e><9e><9e><9e><9e><9e><9e><9e><9e><9e><9e><9e><9e><9e><9e><9e><9e><9e><9e><9e><9e><9e><9e><9e><9e><9e><9e><9e><9e><9e><9e><9e><9e><9e><9e><9e><9e><9e><9e><9e><9e><9e><9e><9e><9e><9e><9e><9e><9e><9e><9e><9e><9e><9e><9e><9e><9e><9e><9e><9e><9e><9e><9e><9e><9e><9e><9e><9e><9e><9e><9e> if (s)
      |                                                            ^~~~
6dea033dc68dc6f0c9399033511edac8b831f0bc.c:214:28: error: stray ‘\236’ in program
  214 |                <9e><9e><9e><9e><9e><9e><9e><9e><9e><9e><9e><9e><9e><9e><9e><9e><9e><9e><9e><9e><9e><9e><9e><9e><9e><9e><9e><9e><9e><9e><9e><9e><9e><9e><9e><9e><9e><9e><9e><9e><9e><9e><9e><9e><9e><9e><9e><9e><9e><9e><9e><9e><9e><9e><9e><9e><9e><9e><9e><9e><9e><9e><9e><9e><9e><9e><9e><9e><9e><9e><9e><9e><9e><9e><9e><9e><9e><9e><9e><9e><9e><9e><9e><9e><9e><9e><9e><9e><9e><9e><9e> if (s)
      |                                                                ^~~~
6dea033dc68dc6f0c9399033511edac8b831f0bc.c:214:29: error: stray ‘\236’ in program
  214 |                <9e><9e><9e><9e><9e><9e><9e><9e><9e><9e><9e><9e><9e><9e><9e><9e><9e><9e><9e><9e><9e><9e><9e><9e><9e><9e><9e><9e><9e><9e><9e><9e><9e><9e><9e><9e><9e><9e><9e><9e><9e><9e><9e><9e><9e><9e><9e><9e><9e><9e><9e><9e><9e><9e><9e><9e><9e><9e><9e><9e><9e><9e><9e><9e><9e><9e><9e><9e><9e><9e><9e><9e><9e><9e><9e><9e><9e><9e><9e><9e><9e><9e><9e><9e><9e><9e><9e><9e><9e><9e><9e> if (s)
      |                                                                    ^~~~
6dea033dc68dc6f0c9399033511edac8b831f0bc.c:214:30: error: stray ‘\236’ in program
  214 |                <9e><9e><9e><9e><9e><9e><9e><9e><9e><9e><9e><9e><9e><9e><9e><9e><9e><9e><9e><9e><9e><9e><9e><9e><9e><9e><9e><9e><9e><9e><9e><9e><9e><9e><9e><9e><9e><9e><9e><9e><9e><9e><9e><9e><9e><9e><9e><9e><9e><9e><9e><9e><9e><9e><9e><9e><9e><9e><9e><9e><9e><9e><9e><9e><9e><9e><9e><9e><9e><9e><9e><9e><9e><9e><9e><9e><9e><9e><9e><9e><9e><9e><9e><9e><9e><9e><9e><9e><9e><9e><9e> if (s)
      |                                                                        ^~~~
6dea033dc68dc6f0c9399033511edac8b831f0bc.c:214:31: error: stray ‘\236’ in program
  214 |                <9e><9e><9e><9e><9e><9e><9e><9e><9e><9e><9e><9e><9e><9e><9e><9e><9e><9e><9e><9e><9e><9e><9e><9e><9e><9e><9e><9e><9e><9e><9e><9e><9e><9e><9e><9e><9e><9e><9e><9e><9e><9e><9e><9e><9e><9e><9e><9e><9e><9e><9e><9e><9e><9e><9e><9e><9e><9e><9e><9e><9e><9e><9e><9e><9e><9e><9e><9e><9e><9e><9e><9e><9e><9e><9e><9e><9e><9e><9e><9e><9e><9e><9e><9e><9e><9e><9e><9e><9e><9e><9e> if (s)
      |                                                                            ^~~~
6dea033dc68dc6f0c9399033511edac8b831f0bc.c:214:32: error: stray ‘\236’ in program
  214 |                <9e><9e><9e><9e><9e><9e><9e><9e><9e><9e><9e><9e><9e><9e><9e><9e><9e><9e><9e><9e><9e><9e><9e><9e><9e><9e><9e><9e><9e><9e><9e><9e><9e><9e><9e><9e><9e><9e><9e><9e><9e><9e><9e><9e><9e><9e><9e><9e><9e><9e><9e><9e><9e><9e><9e><9e><9e><9e><9e><9e><9e><9e><9e><9e><9e><9e><9e><9e><9e><9e><9e><9e><9e><9e><9e><9e><9e><9e><9e><9e><9e><9e><9e><9e><9e><9e><9e><9e><9e><9e><9e> if (s)
      |                                                                                ^~~~
6dea033dc68dc6f0c9399033511edac8b831f0bc.c:214:33: error: stray ‘\236’ in program
  214 |                <9e><9e><9e><9e><9e><9e><9e><9e><9e><9e><9e><9e><9e><9e><9e><9e><9e><9e><9e><9e><9e><9e><9e><9e><9e><9e><9e><9e><9e><9e><9e><9e><9e><9e><9e><9e><9e><9e><9e><9e><9e><9e><9e><9e><9e><9e><9e><9e><9e><9e><9e><9e><9e><9e><9e><9e><9e><9e><9e><9e><9e><9e><9e><9e><9e><9e><9e><9e><9e><9e><9e><9e><9e><9e><9e><9e><9e><9e><9e><9e><9e><9e><9e><9e><9e><9e><9e><9e><9e><9e><9e> if (s)
      |                                                                                    ^~~~
6dea033dc68dc6f0c9399033511edac8b831f0bc.c:214:34: error: stray ‘\236’ in program
  214 |                <9e><9e><9e><9e><9e><9e><9e><9e><9e><9e><9e><9e><9e><9e><9e><9e><9e><9e><9e><9e><9e><9e><9e><9e><9e><9e><9e><9e><9e><9e><9e><9e><9e><9e><9e><9e><9e><9e><9e><9e><9e><9e><9e><9e><9e><9e><9e><9e><9e><9e><9e><9e><9e><9e><9e><9e><9e><9e><9e><9e><9e><9e><9e><9e><9e><9e><9e><9e><9e><9e><9e><9e><9e><9e><9e><9e><9e><9e><9e><9e><9e><9e><9e><9e><9e><9e><9e><9e><9e><9e><9e> if (s)
      |                                                                                        ^~~~
6dea033dc68dc6f0c9399033511edac8b831f0bc.c:214:35: error: stray ‘\236’ in program
  214 |                <9e><9e><9e><9e><9e><9e><9e><9e><9e><9e><9e><9e><9e><9e><9e><9e><9e><9e><9e><9e><9e><9e><9e><9e><9e><9e><9e><9e><9e><9e><9e><9e><9e><9e><9e><9e><9e><9e><9e><9e><9e><9e><9e><9e><9e><9e><9e><9e><9e><9e><9e><9e><9e><9e><9e><9e><9e><9e><9e><9e><9e><9e><9e><9e><9e><9e><9e><9e><9e><9e><9e><9e><9e><9e><9e><9e><9e><9e><9e><9e><9e><9e><9e><9e><9e><9e><9e><9e><9e><9e><9e> if (s)
      |                                                                                            ^~~~
6dea033dc68dc6f0c9399033511edac8b831f0bc.c:214:36: error: stray ‘\236’ in program
  214 |                <9e><9e><9e><9e><9e><9e><9e><9e><9e><9e><9e><9e><9e><9e><9e><9e><9e><9e><9e><9e><9e><9e><9e><9e><9e><9e><9e><9e><9e><9e><9e><9e><9e><9e><9e><9e><9e><9e><9e><9e><9e><9e><9e><9e><9e><9e><9e><9e><9e><9e><9e><9e><9e><9e><9e><9e><9e><9e><9e><9e><9e><9e><9e><9e><9e><9e><9e><9e><9e><9e><9e><9e><9e><9e><9e><9e><9e><9e><9e><9e><9e><9e><9e><9e><9e><9e><9e><9e><9e><9e><9e> if (s)
      |                                                                                                ^~~~
6dea033dc68dc6f0c9399033511edac8b831f0bc.c:214:37: error: stray ‘\236’ in program
  214 |                <9e><9e><9e><9e><9e><9e><9e><9e><9e><9e><9e><9e><9e><9e><9e><9e><9e><9e><9e><9e><9e><9e><9e><9e><9e><9e><9e><9e><9e><9e><9e><9e><9e><9e><9e><9e><9e><9e><9e><9e><9e><9e><9e><9e><9e><9e><9e><9e><9e><9e><9e><9e><9e><9e><9e><9e><9e><9e><9e><9e><9e><9e><9e><9e><9e><9e><9e><9e><9e><9e><9e><9e><9e><9e><9e><9e><9e><9e><9e><9e><9e><9e><9e><9e><9e><9e><9e><9e><9e><9e><9e> if (s)
      |                                                                                                    ^~~~
6dea033dc68dc6f0c9399033511edac8b831f0bc.c:214:38: error: stray ‘\236’ in program
  214 |                <9e><9e><9e><9e><9e><9e><9e><9e><9e><9e><9e><9e><9e><9e><9e><9e><9e><9e><9e><9e><9e><9e><9e><9e><9e><9e><9e><9e><9e><9e><9e><9e><9e><9e><9e><9e><9e><9e><9e><9e><9e><9e><9e><9e><9e><9e><9e><9e><9e><9e><9e><9e><9e><9e><9e><9e><9e><9e><9e><9e><9e><9e><9e><9e><9e><9e><9e><9e><9e><9e><9e><9e><9e><9e><9e><9e><9e><9e><9e><9e><9e><9e><9e><9e><9e><9e><9e><9e><9e><9e><9e> if (s)
      |                                                                                                        ^~~~
6dea033dc68dc6f0c9399033511edac8b831f0bc.c:214:39: error: stray ‘\236’ in program
  214 |                <9e><9e><9e><9e><9e><9e><9e><9e><9e><9e><9e><9e><9e><9e><9e><9e><9e><9e><9e><9e><9e><9e><9e><9e><9e><9e><9e><9e><9e><9e><9e><9e><9e><9e><9e><9e><9e><9e><9e><9e><9e><9e><9e><9e><9e><9e><9e><9e><9e><9e><9e><9e><9e><9e><9e><9e><9e><9e><9e><9e><9e><9e><9e><9e><9e><9e><9e><9e><9e><9e><9e><9e><9e><9e><9e><9e><9e><9e><9e><9e><9e><9e><9e><9e><9e><9e><9e><9e><9e><9e><9e> if (s)
      |                                                                                                            ^~~~
6dea033dc68dc6f0c9399033511edac8b831f0bc.c:214:40: error: stray ‘\236’ in program
  214 |                <9e><9e><9e><9e><9e><9e><9e><9e><9e><9e><9e><9e><9e><9e><9e><9e><9e><9e><9e><9e><9e><9e><9e><9e><9e><9e><9e><9e><9e><9e><9e><9e><9e><9e><9e><9e><9e><9e><9e><9e><9e><9e><9e><9e><9e><9e><9e><9e><9e><9e><9e><9e><9e><9e><9e><9e><9e><9e><9e><9e><9e><9e><9e><9e><9e><9e><9e><9e><9e><9e><9e><9e><9e><9e><9e><9e><9e><9e><9e><9e><9e><9e><9e><9e><9e><9e><9e><9e><9e><9e><9e> if (s)
      |                                                                                                                ^~~~
6dea033dc68dc6f0c9399033511edac8b831f0bc.c:214:41: error: stray ‘\236’ in program
  214 |                <9e><9e><9e><9e><9e><9e><9e><9e><9e><9e><9e><9e><9e><9e><9e><9e><9e><9e><9e><9e><9e><9e><9e><9e><9e><9e><9e><9e><9e><9e><9e><9e><9e><9e><9e><9e><9e><9e><9e><9e><9e><9e><9e><9e><9e><9e><9e><9e><9e><9e><9e><9e><9e><9e><9e><9e><9e><9e><9e><9e><9e><9e><9e><9e><9e><9e><9e><9e><9e><9e><9e><9e><9e><9e><9e><9e><9e><9e><9e><9e><9e><9e><9e><9e><9e><9e><9e><9e><9e><9e><9e> if (s)
      |                                                                                                                    ^~~~
6dea033dc68dc6f0c9399033511edac8b831f0bc.c:214:42: error: stray ‘\236’ in program
  214 |                <9e><9e><9e><9e><9e><9e><9e><9e><9e><9e><9e><9e><9e><9e><9e><9e><9e><9e><9e><9e><9e><9e><9e><9e><9e><9e><9e><9e><9e><9e><9e><9e><9e><9e><9e><9e><9e><9e><9e><9e><9e><9e><9e><9e><9e><9e><9e><9e><9e><9e><9e><9e><9e><9e><9e><9e><9e><9e><9e><9e><9e><9e><9e><9e><9e><9e><9e><9e><9e><9e><9e><9e><9e><9e><9e><9e><9e><9e><9e><9e><9e><9e><9e><9e><9e><9e><9e><9e><9e><9e><9e> if (s)
      |                                                                                                                        ^~~~
6dea033dc68dc6f0c9399033511edac8b831f0bc.c:214:43: error: stray ‘\236’ in program
  214 |                <9e><9e><9e><9e><9e><9e><9e><9e><9e><9e><9e><9e><9e><9e><9e><9e><9e><9e><9e><9e><9e><9e><9e><9e><9e><9e><9e><9e><9e><9e><9e><9e><9e><9e><9e><9e><9e><9e><9e><9e><9e><9e><9e><9e><9e><9e><9e><9e><9e><9e><9e><9e><9e><9e><9e><9e><9e><9e><9e><9e><9e><9e><9e><9e><9e><9e><9e><9e><9e><9e><9e><9e><9e><9e><9e><9e><9e><9e><9e><9e><9e><9e><9e><9e><9e><9e><9e><9e><9e><9e><9e> if (s)
      |                                                                                                                            ^~~~
6dea033dc68dc6f0c9399033511edac8b831f0bc.c:214:44: error: stray ‘\236’ in program
  214 |                <9e><9e><9e><9e><9e><9e><9e><9e><9e><9e><9e><9e><9e><9e><9e><9e><9e><9e><9e><9e><9e><9e><9e><9e><9e><9e><9e><9e><9e><9e><9e><9e><9e><9e><9e><9e><9e><9e><9e><9e><9e><9e><9e><9e><9e><9e><9e><9e><9e><9e><9e><9e><9e><9e><9e><9e><9e><9e><9e><9e><9e><9e><9e><9e><9e><9e><9e><9e><9e><9e><9e><9e><9e><9e><9e><9e><9e><9e><9e><9e><9e><9e><9e><9e><9e><9e><9e><9e><9e><9e><9e> if (s)
      |                                                                                                                                ^~~~
6dea033dc68dc6f0c9399033511edac8b831f0bc.c:214:45: error: stray ‘\236’ in program
  214 |                <9e><9e><9e><9e><9e><9e><9e><9e><9e><9e><9e><9e><9e><9e><9e><9e><9e><9e><9e><9e><9e><9e><9e><9e><9e><9e><9e><9e><9e><9e><9e><9e><9e><9e><9e><9e><9e><9e><9e><9e><9e><9e><9e><9e><9e><9e><9e><9e><9e><9e><9e><9e><9e><9e><9e><9e><9e><9e><9e><9e><9e><9e><9e><9e><9e><9e><9e><9e><9e><9e><9e><9e><9e><9e><9e><9e><9e><9e><9e><9e><9e><9e><9e><9e><9e><9e><9e><9e><9e><9e><9e> if (s)
      |                                                                                                                                    ^~~~
6dea033dc68dc6f0c9399033511edac8b831f0bc.c:214:46: error: stray ‘\236’ in program
  214 |                <9e><9e><9e><9e><9e><9e><9e><9e><9e><9e><9e><9e><9e><9e><9e><9e><9e><9e><9e><9e><9e><9e><9e><9e><9e><9e><9e><9e><9e><9e><9e><9e><9e><9e><9e><9e><9e><9e><9e><9e><9e><9e><9e><9e><9e><9e><9e><9e><9e><9e><9e><9e><9e><9e><9e><9e><9e><9e><9e><9e><9e><9e><9e><9e><9e><9e><9e><9e><9e><9e><9e><9e><9e><9e><9e><9e><9e><9e><9e><9e><9e><9e><9e><9e><9e><9e><9e><9e><9e><9e><9e> if (s)
      |                                                                                                                                        ^~~~
6dea033dc68dc6f0c9399033511edac8b831f0bc.c:214:47: error: stray ‘\236’ in program
  214 |                <9e><9e><9e><9e><9e><9e><9e><9e><9e><9e><9e><9e><9e><9e><9e><9e><9e><9e><9e><9e><9e><9e><9e><9e><9e><9e><9e><9e><9e><9e><9e><9e><9e><9e><9e><9e><9e><9e><9e><9e><9e><9e><9e><9e><9e><9e><9e><9e><9e><9e><9e><9e><9e><9e><9e><9e><9e><9e><9e><9e><9e><9e><9e><9e><9e><9e><9e><9e><9e><9e><9e><9e><9e><9e><9e><9e><9e><9e><9e><9e><9e><9e><9e><9e><9e><9e><9e><9e><9e><9e><9e> if (s)
      |                                                                                                                                            ^~~~
6dea033dc68dc6f0c9399033511edac8b831f0bc.c:214:48: error: stray ‘\236’ in program
  214 |                <9e><9e><9e><9e><9e><9e><9e><9e><9e><9e><9e><9e><9e><9e><9e><9e><9e><9e><9e><9e><9e><9e><9e><9e><9e><9e><9e><9e><9e><9e><9e><9e><9e><9e><9e><9e><9e><9e><9e><9e><9e><9e><9e><9e><9e><9e><9e><9e><9e><9e><9e><9e><9e><9e><9e><9e><9e><9e><9e><9e><9e><9e><9e><9e><9e><9e><9e><9e><9e><9e><9e><9e><9e><9e><9e><9e><9e><9e><9e><9e><9e><9e><9e><9e><9e><9e><9e><9e><9e><9e><9e> if (s)
      |                                                                                                                                                ^~~~
6dea033dc68dc6f0c9399033511edac8b831f0bc.c:214:49: error: stray ‘\236’ in program
  214 |                <9e><9e><9e><9e><9e><9e><9e><9e><9e><9e><9e><9e><9e><9e><9e><9e><9e><9e><9e><9e><9e><9e><9e><9e><9e><9e><9e><9e><9e><9e><9e><9e><9e><9e><9e><9e><9e><9e><9e><9e><9e><9e><9e><9e><9e><9e><9e><9e><9e><9e><9e><9e><9e><9e><9e><9e><9e><9e><9e><9e><9e><9e><9e><9e><9e><9e><9e><9e><9e><9e><9e><9e><9e><9e><9e><9e><9e><9e><9e><9e><9e><9e><9e><9e><9e><9e><9e><9e><9e><9e><9e> if (s)
      |                                                                                                                                                    ^~~~
6dea033dc68dc6f0c9399033511edac8b831f0bc.c:214:50: error: stray ‘\236’ in program
  214 |                <9e><9e><9e><9e><9e><9e><9e><9e><9e><9e><9e><9e><9e><9e><9e><9e><9e><9e><9e><9e><9e><9e><9e><9e><9e><9e><9e><9e><9e><9e><9e><9e><9e><9e><9e><9e><9e><9e><9e><9e><9e><9e><9e><9e><9e><9e><9e><9e><9e><9e><9e><9e><9e><9e><9e><9e><9e><9e><9e><9e><9e><9e><9e><9e><9e><9e><9e><9e><9e><9e><9e><9e><9e><9e><9e><9e><9e><9e><9e><9e><9e><9e><9e><9e><9e><9e><9e><9e><9e><9e><9e> if (s)
      |                                                                                                                                                        ^~~~
6dea033dc68dc6f0c9399033511edac8b831f0bc.c:214:51: error: stray ‘\236’ in program
  214 |                <9e><9e><9e><9e><9e><9e><9e><9e><9e><9e><9e><9e><9e><9e><9e><9e><9e><9e><9e><9e><9e><9e><9e><9e><9e><9e><9e><9e><9e><9e><9e><9e><9e><9e><9e><9e><9e><9e><9e><9e><9e><9e><9e><9e><9e><9e><9e><9e><9e><9e><9e><9e><9e><9e><9e><9e><9e><9e><9e><9e><9e><9e><9e><9e><9e><9e><9e><9e><9e><9e><9e><9e><9e><9e><9e><9e><9e><9e><9e><9e><9e><9e><9e><9e><9e><9e><9e><9e><9e><9e><9e> if (s)
      |                                                                                                                                                            ^~~~
6dea033dc68dc6f0c9399033511edac8b831f0bc.c:214:52: error: stray ‘\236’ in program
  214 |                <9e><9e><9e><9e><9e><9e><9e><9e><9e><9e><9e><9e><9e><9e><9e><9e><9e><9e><9e><9e><9e><9e><9e><9e><9e><9e><9e><9e><9e><9e><9e><9e><9e><9e><9e><9e><9e><9e><9e><9e><9e><9e><9e><9e><9e><9e><9e><9e><9e><9e><9e><9e><9e><9e><9e><9e><9e><9e><9e><9e><9e><9e><9e><9e><9e><9e><9e><9e><9e><9e><9e><9e><9e><9e><9e><9e><9e><9e><9e><9e><9e><9e><9e><9e><9e><9e><9e><9e><9e><9e><9e> if (s)
      |                                                                                                                                                                ^~~~
6dea033dc68dc6f0c9399033511edac8b831f0bc.c:214:53: error: stray ‘\236’ in program
  214 |                <9e><9e><9e><9e><9e><9e><9e><9e><9e><9e><9e><9e><9e><9e><9e><9e><9e><9e><9e><9e><9e><9e><9e><9e><9e><9e><9e><9e><9e><9e><9e><9e><9e><9e><9e><9e><9e><9e><9e><9e><9e><9e><9e><9e><9e><9e><9e><9e><9e><9e><9e><9e><9e><9e><9e><9e><9e><9e><9e><9e><9e><9e><9e><9e><9e><9e><9e><9e><9e><9e><9e><9e><9e><9e><9e><9e><9e><9e><9e><9e><9e><9e><9e><9e><9e><9e><9e><9e><9e><9e><9e> if (s)
      |                                                                                                                                                                    ^~~~
6dea033dc68dc6f0c9399033511edac8b831f0bc.c:214:54: error: stray ‘\236’ in program
  214 |                <9e><9e><9e><9e><9e><9e><9e><9e><9e><9e><9e><9e><9e><9e><9e><9e><9e><9e><9e><9e><9e><9e><9e><9e><9e><9e><9e><9e><9e><9e><9e><9e><9e><9e><9e><9e><9e><9e><9e><9e><9e><9e><9e><9e><9e><9e><9e><9e><9e><9e><9e><9e><9e><9e><9e><9e><9e><9e><9e><9e><9e><9e><9e><9e><9e><9e><9e><9e><9e><9e><9e><9e><9e><9e><9e><9e><9e><9e><9e><9e><9e><9e><9e><9e><9e><9e><9e><9e><9e><9e><9e> if (s)
      |                                                                                                                                                                        ^~~~
6dea033dc68dc6f0c9399033511edac8b831f0bc.c:214:55: error: stray ‘\236’ in program
  214 |                <9e><9e><9e><9e><9e><9e><9e><9e><9e><9e><9e><9e><9e><9e><9e><9e><9e><9e><9e><9e><9e><9e><9e><9e><9e><9e><9e><9e><9e><9e><9e><9e><9e><9e><9e><9e><9e><9e><9e><9e><9e><9e><9e><9e><9e><9e><9e><9e><9e><9e><9e><9e><9e><9e><9e><9e><9e><9e><9e><9e><9e><9e><9e><9e><9e><9e><9e><9e><9e><9e><9e><9e><9e><9e><9e><9e><9e><9e><9e><9e><9e><9e><9e><9e><9e><9e><9e><9e><9e><9e><9e> if (s)
      |                                                                                                                                                                            ^~~~
6dea033dc68dc6f0c9399033511edac8b831f0bc.c:214:56: error: stray ‘\236’ in program
  214 |                <9e><9e><9e><9e><9e><9e><9e><9e><9e><9e><9e><9e><9e><9e><9e><9e><9e><9e><9e><9e><9e><9e><9e><9e><9e><9e><9e><9e><9e><9e><9e><9e><9e><9e><9e><9e><9e><9e><9e><9e><9e><9e><9e><9e><9e><9e><9e><9e><9e><9e><9e><9e><9e><9e><9e><9e><9e><9e><9e><9e><9e><9e><9e><9e><9e><9e><9e><9e><9e><9e><9e><9e><9e><9e><9e><9e><9e><9e><9e><9e><9e><9e><9e><9e><9e><9e><9e><9e><9e><9e><9e> if (s)
      |                                                                                                                                                                                ^~~~
6dea033dc68dc6f0c9399033511edac8b831f0bc.c:214:57: error: stray ‘\236’ in program
  214 |                <9e><9e><9e><9e><9e><9e><9e><9e><9e><9e><9e><9e><9e><9e><9e><9e><9e><9e><9e><9e><9e><9e><9e><9e><9e><9e><9e><9e><9e><9e><9e><9e><9e><9e><9e><9e><9e><9e><9e><9e><9e><9e><9e><9e><9e><9e><9e><9e><9e><9e><9e><9e><9e><9e><9e><9e><9e><9e><9e><9e><9e><9e><9e><9e><9e><9e><9e><9e><9e><9e><9e><9e><9e><9e><9e><9e><9e><9e><9e><9e><9e><9e><9e><9e><9e><9e><9e><9e><9e><9e><9e> if (s)
      |                                                                                                                                                                                    ^~~~
6dea033dc68dc6f0c9399033511edac8b831f0bc.c:214:58: error: stray ‘\236’ in program
  214 |                <9e><9e><9e><9e><9e><9e><9e><9e><9e><9e><9e><9e><9e><9e><9e><9e><9e><9e><9e><9e><9e><9e><9e><9e><9e><9e><9e><9e><9e><9e><9e><9e><9e><9e><9e><9e><9e><9e><9e><9e><9e><9e><9e><9e><9e><9e><9e><9e><9e><9e><9e><9e><9e><9e><9e><9e><9e><9e><9e><9e><9e><9e><9e><9e><9e><9e><9e><9e><9e><9e><9e><9e><9e><9e><9e><9e><9e><9e><9e><9e><9e><9e><9e><9e><9e><9e><9e><9e><9e><9e><9e> if (s)
      |                                                                                                                                                                                        ^~~~
6dea033dc68dc6f0c9399033511edac8b831f0bc.c:214:59: error: stray ‘\236’ in program
  214 |                <9e><9e><9e><9e><9e><9e><9e><9e><9e><9e><9e><9e><9e><9e><9e><9e><9e><9e><9e><9e><9e><9e><9e><9e><9e><9e><9e><9e><9e><9e><9e><9e><9e><9e><9e><9e><9e><9e><9e><9e><9e><9e><9e><9e><9e><9e><9e><9e><9e><9e><9e><9e><9e><9e><9e><9e><9e><9e><9e><9e><9e><9e><9e><9e><9e><9e><9e><9e><9e><9e><9e><9e><9e><9e><9e><9e><9e><9e><9e><9e><9e><9e><9e><9e><9e><9e><9e><9e><9e><9e><9e> if (s)
      |                                                                                                                                                                                            ^~~~
6dea033dc68dc6f0c9399033511edac8b831f0bc.c:214:60: error: stray ‘\236’ in program
  214 |                <9e><9e><9e><9e><9e><9e><9e><9e><9e><9e><9e><9e><9e><9e><9e><9e><9e><9e><9e><9e><9e><9e><9e><9e><9e><9e><9e><9e><9e><9e><9e><9e><9e><9e><9e><9e><9e><9e><9e><9e><9e><9e><9e><9e><9e><9e><9e><9e><9e><9e><9e><9e><9e><9e><9e><9e><9e><9e><9e><9e><9e><9e><9e><9e><9e><9e><9e><9e><9e><9e><9e><9e><9e><9e><9e><9e><9e><9e><9e><9e><9e><9e><9e><9e><9e><9e><9e><9e><9e><9e><9e> if (s)
      |                                                                                                                                                                                                ^~~~
6dea033dc68dc6f0c9399033511edac8b831f0bc.c:214:61: error: stray ‘\236’ in program
  214 |                <9e><9e><9e><9e><9e><9e><9e><9e><9e><9e><9e><9e><9e><9e><9e><9e><9e><9e><9e><9e><9e><9e><9e><9e><9e><9e><9e><9e><9e><9e><9e><9e><9e><9e><9e><9e><9e><9e><9e><9e><9e><9e><9e><9e><9e><9e><9e><9e><9e><9e><9e><9e><9e><9e><9e><9e><9e><9e><9e><9e><9e><9e><9e><9e><9e><9e><9e><9e><9e><9e><9e><9e><9e><9e><9e><9e><9e><9e><9e><9e><9e><9e><9e><9e><9e><9e><9e><9e><9e><9e><9e> if (s)
      |                                                                                                                                                                                                    ^~~~
6dea033dc68dc6f0c9399033511edac8b831f0bc.c:214:62: error: stray ‘\236’ in program
  214 |                <9e><9e><9e><9e><9e><9e><9e><9e><9e><9e><9e><9e><9e><9e><9e><9e><9e><9e><9e><9e><9e><9e><9e><9e><9e><9e><9e><9e><9e><9e><9e><9e><9e><9e><9e><9e><9e><9e><9e><9e><9e><9e><9e><9e><9e><9e><9e><9e><9e><9e><9e><9e><9e><9e><9e><9e><9e><9e><9e><9e><9e><9e><9e><9e><9e><9e><9e><9e><9e><9e><9e><9e><9e><9e><9e><9e><9e><9e><9e><9e><9e><9e><9e><9e><9e><9e><9e><9e><9e><9e><9e> if (s)
      |                                                                                                                                                                                                        ^~~~
6dea033dc68dc6f0c9399033511edac8b831f0bc.c:214:63: error: stray ‘\236’ in program
  214 |                <9e><9e><9e><9e><9e><9e><9e><9e><9e><9e><9e><9e><9e><9e><9e><9e><9e><9e><9e><9e><9e><9e><9e><9e><9e><9e><9e><9e><9e><9e><9e><9e><9e><9e><9e><9e><9e><9e><9e><9e><9e><9e><9e><9e><9e><9e><9e><9e><9e><9e><9e><9e><9e><9e><9e><9e><9e><9e><9e><9e><9e><9e><9e><9e><9e><9e><9e><9e><9e><9e><9e><9e><9e><9e><9e><9e><9e><9e><9e><9e><9e><9e><9e><9e><9e><9e><9e><9e><9e><9e><9e> if (s)
      |                                                                                                                                                                                                            ^~~~
6dea033dc68dc6f0c9399033511edac8b831f0bc.c:214:64: error: stray ‘\236’ in program
  214 |                <9e><9e><9e><9e><9e><9e><9e><9e><9e><9e><9e><9e><9e><9e><9e><9e><9e><9e><9e><9e><9e><9e><9e><9e><9e><9e><9e><9e><9e><9e><9e><9e><9e><9e><9e><9e><9e><9e><9e><9e><9e><9e><9e><9e><9e><9e><9e><9e><9e><9e><9e><9e><9e><9e><9e><9e><9e><9e><9e><9e><9e><9e><9e><9e><9e><9e><9e><9e><9e><9e><9e><9e><9e><9e><9e><9e><9e><9e><9e><9e><9e><9e><9e><9e><9e><9e><9e><9e><9e><9e><9e> if (s)
      |                                                                                                                                                                                                                ^~~~
6dea033dc68dc6f0c9399033511edac8b831f0bc.c:214:65: error: stray ‘\236’ in program
  214 |                <9e><9e><9e><9e><9e><9e><9e><9e><9e><9e><9e><9e><9e><9e><9e><9e><9e><9e><9e><9e><9e><9e><9e><9e><9e><9e><9e><9e><9e><9e><9e><9e><9e><9e><9e><9e><9e><9e><9e><9e><9e><9e><9e><9e><9e><9e><9e><9e><9e><9e><9e><9e><9e><9e><9e><9e><9e><9e><9e><9e><9e><9e><9e><9e><9e><9e><9e><9e><9e><9e><9e><9e><9e><9e><9e><9e><9e><9e><9e><9e><9e><9e><9e><9e><9e><9e><9e><9e><9e><9e><9e> if (s)
      |                                                                                                                                                                                                                    ^~~~
6dea033dc68dc6f0c9399033511edac8b831f0bc.c:214:66: error: stray ‘\236’ in program
  214 |                <9e><9e><9e><9e><9e><9e><9e><9e><9e><9e><9e><9e><9e><9e><9e><9e><9e><9e><9e><9e><9e><9e><9e><9e><9e><9e><9e><9e><9e><9e><9e><9e><9e><9e><9e><9e><9e><9e><9e><9e><9e><9e><9e><9e><9e><9e><9e><9e><9e><9e><9e><9e><9e><9e><9e><9e><9e><9e><9e><9e><9e><9e><9e><9e><9e><9e><9e><9e><9e><9e><9e><9e><9e><9e><9e><9e><9e><9e><9e><9e><9e><9e><9e><9e><9e><9e><9e><9e><9e><9e><9e> if (s)
      |                                                                                                                                                                                                                        ^~~~
6dea033dc68dc6f0c9399033511edac8b831f0bc.c:214:67: error: stray ‘\236’ in program
  214 |                <9e><9e><9e><9e><9e><9e><9e><9e><9e><9e><9e><9e><9e><9e><9e><9e><9e><9e><9e><9e><9e><9e><9e><9e><9e><9e><9e><9e><9e><9e><9e><9e><9e><9e><9e><9e><9e><9e><9e><9e><9e><9e><9e><9e><9e><9e><9e><9e><9e><9e><9e><9e><9e><9e><9e><9e><9e><9e><9e><9e><9e><9e><9e><9e><9e><9e><9e><9e><9e><9e><9e><9e><9e><9e><9e><9e><9e><9e><9e><9e><9e><9e><9e><9e><9e><9e><9e><9e><9e><9e><9e> if (s)
      |                                                                                                                                                                                                                            ^~~~
6dea033dc68dc6f0c9399033511edac8b831f0bc.c:214:68: error: stray ‘\236’ in program
  214 |                <9e><9e><9e><9e><9e><9e><9e><9e><9e><9e><9e><9e><9e><9e><9e><9e><9e><9e><9e><9e><9e><9e><9e><9e><9e><9e><9e><9e><9e><9e><9e><9e><9e><9e><9e><9e><9e><9e><9e><9e><9e><9e><9e><9e><9e><9e><9e><9e><9e><9e><9e><9e><9e><9e><9e><9e><9e><9e><9e><9e><9e><9e><9e><9e><9e><9e><9e><9e><9e><9e><9e><9e><9e><9e><9e><9e><9e><9e><9e><9e><9e><9e><9e><9e><9e><9e><9e><9e><9e><9e><9e> if (s)
      |                                                                                                                                                                                                                                ^~~~
6dea033dc68dc6f0c9399033511edac8b831f0bc.c:214:69: error: stray ‘\236’ in program
  214 |                <9e><9e><9e><9e><9e><9e><9e><9e><9e><9e><9e><9e><9e><9e><9e><9e><9e><9e><9e><9e><9e><9e><9e><9e><9e><9e><9e><9e><9e><9e><9e><9e><9e><9e><9e><9e><9e><9e><9e><9e><9e><9e><9e><9e><9e><9e><9e><9e><9e><9e><9e><9e><9e><9e><9e><9e><9e><9e><9e><9e><9e><9e><9e><9e><9e><9e><9e><9e><9e><9e><9e><9e><9e><9e><9e><9e><9e><9e><9e><9e><9e><9e><9e><9e><9e><9e><9e><9e><9e><9e><9e> if (s)
      |                                                                                                                                                                                                                                    ^~~~
6dea033dc68dc6f0c9399033511edac8b831f0bc.c:214:70: error: stray ‘\236’ in program
  214 |                <9e><9e><9e><9e><9e><9e><9e><9e><9e><9e><9e><9e><9e><9e><9e><9e><9e><9e><9e><9e><9e><9e><9e><9e><9e><9e><9e><9e><9e><9e><9e><9e><9e><9e><9e><9e><9e><9e><9e><9e><9e><9e><9e><9e><9e><9e><9e><9e><9e><9e><9e><9e><9e><9e><9e><9e><9e><9e><9e><9e><9e><9e><9e><9e><9e><9e><9e><9e><9e><9e><9e><9e><9e><9e><9e><9e><9e><9e><9e><9e><9e><9e><9e><9e><9e><9e><9e><9e><9e><9e><9e> if (s)
      |                                                                                                                                                                                                                                        ^~~~
6dea033dc68dc6f0c9399033511edac8b831f0bc.c:214:71: error: stray ‘\236’ in program
  214 |                <9e><9e><9e><9e><9e><9e><9e><9e><9e><9e><9e><9e><9e><9e><9e><9e><9e><9e><9e><9e><9e><9e><9e><9e><9e><9e><9e><9e><9e><9e><9e><9e><9e><9e><9e><9e><9e><9e><9e><9e><9e><9e><9e><9e><9e><9e><9e><9e><9e><9e><9e><9e><9e><9e><9e><9e><9e><9e><9e><9e><9e><9e><9e><9e><9e><9e><9e><9e><9e><9e><9e><9e><9e><9e><9e><9e><9e><9e><9e><9e><9e><9e><9e><9e><9e><9e><9e><9e><9e><9e><9e> if (s)
      |                                                                                                                                                                                                                                            ^~~~
6dea033dc68dc6f0c9399033511edac8b831f0bc.c:214:72: error: stray ‘\236’ in program
  214 |                <9e><9e><9e><9e><9e><9e><9e><9e><9e><9e><9e><9e><9e><9e><9e><9e><9e><9e><9e><9e><9e><9e><9e><9e><9e><9e><9e><9e><9e><9e><9e><9e><9e><9e><9e><9e><9e><9e><9e><9e><9e><9e><9e><9e><9e><9e><9e><9e><9e><9e><9e><9e><9e><9e><9e><9e><9e><9e><9e><9e><9e><9e><9e><9e><9e><9e><9e><9e><9e><9e><9e><9e><9e><9e><9e><9e><9e><9e><9e><9e><9e><9e><9e><9e><9e><9e><9e><9e><9e><9e><9e> if (s)
      |                                                                                                                                                                                                                                                ^~~~
6dea033dc68dc6f0c9399033511edac8b831f0bc.c:214:73: error: stray ‘\236’ in program
  214 |                <9e><9e><9e><9e><9e><9e><9e><9e><9e><9e><9e><9e><9e><9e><9e><9e><9e><9e><9e><9e><9e><9e><9e><9e><9e><9e><9e><9e><9e><9e><9e><9e><9e><9e><9e><9e><9e><9e><9e><9e><9e><9e><9e><9e><9e><9e><9e><9e><9e><9e><9e><9e><9e><9e><9e><9e><9e><9e><9e><9e><9e><9e><9e><9e><9e><9e><9e><9e><9e><9e><9e><9e><9e><9e><9e><9e><9e><9e><9e><9e><9e><9e><9e><9e><9e><9e><9e><9e><9e><9e><9e> if (s)
      |                                                                                                                                                                                                                                                    ^~~~
6dea033dc68dc6f0c9399033511edac8b831f0bc.c:214:74: error: stray ‘\236’ in program
  214 |                <9e><9e><9e><9e><9e><9e><9e><9e><9e><9e><9e><9e><9e><9e><9e><9e><9e><9e><9e><9e><9e><9e><9e><9e><9e><9e><9e><9e><9e><9e><9e><9e><9e><9e><9e><9e><9e><9e><9e><9e><9e><9e><9e><9e><9e><9e><9e><9e><9e><9e><9e><9e><9e><9e><9e><9e><9e><9e><9e><9e><9e><9e><9e><9e><9e><9e><9e><9e><9e><9e><9e><9e><9e><9e><9e><9e><9e><9e><9e><9e><9e><9e><9e><9e><9e><9e><9e><9e><9e><9e><9e> if (s)
      |                                                                                                                                                                                                                                                        ^~~~
6dea033dc68dc6f0c9399033511edac8b831f0bc.c:214:75: error: stray ‘\236’ in program
  214 |                <9e><9e><9e><9e><9e><9e><9e><9e><9e><9e><9e><9e><9e><9e><9e><9e><9e><9e><9e><9e><9e><9e><9e><9e><9e><9e><9e><9e><9e><9e><9e><9e><9e><9e><9e><9e><9e><9e><9e><9e><9e><9e><9e><9e><9e><9e><9e><9e><9e><9e><9e><9e><9e><9e><9e><9e><9e><9e><9e><9e><9e><9e><9e><9e><9e><9e><9e><9e><9e><9e><9e><9e><9e><9e><9e><9e><9e><9e><9e><9e><9e><9e><9e><9e><9e><9e><9e><9e><9e><9e><9e> if (s)
      |                                                                                                                                                                                                                                                            ^~~~
6dea033dc68dc6f0c9399033511edac8b831f0bc.c:214:76: error: stray ‘\236’ in program
  214 |                <9e><9e><9e><9e><9e><9e><9e><9e><9e><9e><9e><9e><9e><9e><9e><9e><9e><9e><9e><9e><9e><9e><9e><9e><9e><9e><9e><9e><9e><9e><9e><9e><9e><9e><9e><9e><9e><9e><9e><9e><9e><9e><9e><9e><9e><9e><9e><9e><9e><9e><9e><9e><9e><9e><9e><9e><9e><9e><9e><9e><9e><9e><9e><9e><9e><9e><9e><9e><9e><9e><9e><9e><9e><9e><9e><9e><9e><9e><9e><9e><9e><9e><9e><9e><9e><9e><9e><9e><9e><9e><9e> if (s)
      |                                                                                                                                                                                                                                                                ^~~~
6dea033dc68dc6f0c9399033511edac8b831f0bc.c:214:77: error: stray ‘\236’ in program
  214 |                <9e><9e><9e><9e><9e><9e><9e><9e><9e><9e><9e><9e><9e><9e><9e><9e><9e><9e><9e><9e><9e><9e><9e><9e><9e><9e><9e><9e><9e><9e><9e><9e><9e><9e><9e><9e><9e><9e><9e><9e><9e><9e><9e><9e><9e><9e><9e><9e><9e><9e><9e><9e><9e><9e><9e><9e><9e><9e><9e><9e><9e><9e><9e><9e><9e><9e><9e><9e><9e><9e><9e><9e><9e><9e><9e><9e><9e><9e><9e><9e><9e><9e><9e><9e><9e><9e><9e><9e><9e><9e><9e> if (s)
      |                                                                                                                                                                                                                                                                    ^~~~
6dea033dc68dc6f0c9399033511edac8b831f0bc.c:214:78: error: stray ‘\236’ in program
  214 |                <9e><9e><9e><9e><9e><9e><9e><9e><9e><9e><9e><9e><9e><9e><9e><9e><9e><9e><9e><9e><9e><9e><9e><9e><9e><9e><9e><9e><9e><9e><9e><9e><9e><9e><9e><9e><9e><9e><9e><9e><9e><9e><9e><9e><9e><9e><9e><9e><9e><9e><9e><9e><9e><9e><9e><9e><9e><9e><9e><9e><9e><9e><9e><9e><9e><9e><9e><9e><9e><9e><9e><9e><9e><9e><9e><9e><9e><9e><9e><9e><9e><9e><9e><9e><9e><9e><9e><9e><9e><9e><9e> if (s)
      |                                                                                                                                                                                                                                                                        ^~~~
6dea033dc68dc6f0c9399033511edac8b831f0bc.c:214:79: error: stray ‘\236’ in program
  214 |                <9e><9e><9e><9e><9e><9e><9e><9e><9e><9e><9e><9e><9e><9e><9e><9e><9e><9e><9e><9e><9e><9e><9e><9e><9e><9e><9e><9e><9e><9e><9e><9e><9e><9e><9e><9e><9e><9e><9e><9e><9e><9e><9e><9e><9e><9e><9e><9e><9e><9e><9e><9e><9e><9e><9e><9e><9e><9e><9e><9e><9e><9e><9e><9e><9e><9e><9e><9e><9e><9e><9e><9e><9e><9e><9e><9e><9e><9e><9e><9e><9e><9e><9e><9e><9e><9e><9e><9e><9e><9e><9e> if (s)
      |                                                                                                                                                                                                                                                                            ^~~~
6dea033dc68dc6f0c9399033511edac8b831f0bc.c:214:80: error: stray ‘\236’ in program
  214 |                <9e><9e><9e><9e><9e><9e><9e><9e><9e><9e><9e><9e><9e><9e><9e><9e><9e><9e><9e><9e><9e><9e><9e><9e><9e><9e><9e><9e><9e><9e><9e><9e><9e><9e><9e><9e><9e><9e><9e><9e><9e><9e><9e><9e><9e><9e><9e><9e><9e><9e><9e><9e><9e><9e><9e><9e><9e><9e><9e><9e><9e><9e><9e><9e><9e><9e><9e><9e><9e><9e><9e><9e><9e><9e><9e><9e><9e><9e><9e><9e><9e><9e><9e><9e><9e><9e><9e><9e><9e><9e><9e> if (s)
      |                                                                                                                                                                                                                                                                                ^~~~
6dea033dc68dc6f0c9399033511edac8b831f0bc.c:214:81: error: stray ‘\236’ in program
  214 |                <9e><9e><9e><9e><9e><9e><9e><9e><9e><9e><9e><9e><9e><9e><9e><9e><9e><9e><9e><9e><9e><9e><9e><9e><9e><9e><9e><9e><9e><9e><9e><9e><9e><9e><9e><9e><9e><9e><9e><9e><9e><9e><9e><9e><9e><9e><9e><9e><9e><9e><9e><9e><9e><9e><9e><9e><9e><9e><9e><9e><9e><9e><9e><9e><9e><9e><9e><9e><9e><9e><9e><9e><9e><9e><9e><9e><9e><9e><9e><9e><9e><9e><9e><9e><9e><9e><9e><9e><9e><9e><9e> if (s)
      |                                                                                                                                                                                                                                                                                    ^~~~
6dea033dc68dc6f0c9399033511edac8b831f0bc.c:214:82: error: stray ‘\236’ in program
  214 |                <9e><9e><9e><9e><9e><9e><9e><9e><9e><9e><9e><9e><9e><9e><9e><9e><9e><9e><9e><9e><9e><9e><9e><9e><9e><9e><9e><9e><9e><9e><9e><9e><9e><9e><9e><9e><9e><9e><9e><9e><9e><9e><9e><9e><9e><9e><9e><9e><9e><9e><9e><9e><9e><9e><9e><9e><9e><9e><9e><9e><9e><9e><9e><9e><9e><9e><9e><9e><9e><9e><9e><9e><9e><9e><9e><9e><9e><9e><9e><9e><9e><9e><9e><9e><9e><9e><9e><9e><9e><9e><9e> if (s)
      |                                                                                                                                                                                                                                                                                        ^~~~
6dea033dc68dc6f0c9399033511edac8b831f0bc.c:214:83: error: stray ‘\236’ in program
  214 |                <9e><9e><9e><9e><9e><9e><9e><9e><9e><9e><9e><9e><9e><9e><9e><9e><9e><9e><9e><9e><9e><9e><9e><9e><9e><9e><9e><9e><9e><9e><9e><9e><9e><9e><9e><9e><9e><9e><9e><9e><9e><9e><9e><9e><9e><9e><9e><9e><9e><9e><9e><9e><9e><9e><9e><9e><9e><9e><9e><9e><9e><9e><9e><9e><9e><9e><9e><9e><9e><9e><9e><9e><9e><9e><9e><9e><9e><9e><9e><9e><9e><9e><9e><9e><9e><9e><9e><9e><9e><9e><9e> if (s)
      |                                                                                                                                                                                                                                                                                            ^~~~
6dea033dc68dc6f0c9399033511edac8b831f0bc.c:214:84: error: stray ‘\236’ in program
  214 |                <9e><9e><9e><9e><9e><9e><9e><9e><9e><9e><9e><9e><9e><9e><9e><9e><9e><9e><9e><9e><9e><9e><9e><9e><9e><9e><9e><9e><9e><9e><9e><9e><9e><9e><9e><9e><9e><9e><9e><9e><9e><9e><9e><9e><9e><9e><9e><9e><9e><9e><9e><9e><9e><9e><9e><9e><9e><9e><9e><9e><9e><9e><9e><9e><9e><9e><9e><9e><9e><9e><9e><9e><9e><9e><9e><9e><9e><9e><9e><9e><9e><9e><9e><9e><9e><9e><9e><9e><9e><9e><9e> if (s)
      |                                                                                                                                                                                                                                                                                                ^~~~
6dea033dc68dc6f0c9399033511edac8b831f0bc.c:214:85: error: stray ‘\236’ in program
  214 |                <9e><9e><9e><9e><9e><9e><9e><9e><9e><9e><9e><9e><9e><9e><9e><9e><9e><9e><9e><9e><9e><9e><9e><9e><9e><9e><9e><9e><9e><9e><9e><9e><9e><9e><9e><9e><9e><9e><9e><9e><9e><9e><9e><9e><9e><9e><9e><9e><9e><9e><9e><9e><9e><9e><9e><9e><9e><9e><9e><9e><9e><9e><9e><9e><9e><9e><9e><9e><9e><9e><9e><9e><9e><9e><9e><9e><9e><9e><9e><9e><9e><9e><9e><9e><9e><9e><9e><9e><9e><9e><9e> if (s)
      |                                                                                                                                                                                                                                                                                                    ^~~~
6dea033dc68dc6f0c9399033511edac8b831f0bc.c:214:86: error: stray ‘\236’ in program
  214 |                <9e><9e><9e><9e><9e><9e><9e><9e><9e><9e><9e><9e><9e><9e><9e><9e><9e><9e><9e><9e><9e><9e><9e><9e><9e><9e><9e><9e><9e><9e><9e><9e><9e><9e><9e><9e><9e><9e><9e><9e><9e><9e><9e><9e><9e><9e><9e><9e><9e><9e><9e><9e><9e><9e><9e><9e><9e><9e><9e><9e><9e><9e><9e><9e><9e><9e><9e><9e><9e><9e><9e><9e><9e><9e><9e><9e><9e><9e><9e><9e><9e><9e><9e><9e><9e><9e><9e><9e><9e><9e><9e> if (s)
      |                                                                                                                                                                                                                                                                                                        ^~~~
6dea033dc68dc6f0c9399033511edac8b831f0bc.c:214:87: error: stray ‘\236’ in program
  214 |                <9e><9e><9e><9e><9e><9e><9e><9e><9e><9e><9e><9e><9e><9e><9e><9e><9e><9e><9e><9e><9e><9e><9e><9e><9e><9e><9e><9e><9e><9e><9e><9e><9e><9e><9e><9e><9e><9e><9e><9e><9e><9e><9e><9e><9e><9e><9e><9e><9e><9e><9e><9e><9e><9e><9e><9e><9e><9e><9e><9e><9e><9e><9e><9e><9e><9e><9e><9e><9e><9e><9e><9e><9e><9e><9e><9e><9e><9e><9e><9e><9e><9e><9e><9e><9e><9e><9e><9e><9e><9e><9e> if (s)
      |                                                                                                                                                                                                                                                                                                            ^~~~
6dea033dc68dc6f0c9399033511edac8b831f0bc.c:214:88: error: stray ‘\236’ in program
  214 |                <9e><9e><9e><9e><9e><9e><9e><9e><9e><9e><9e><9e><9e><9e><9e><9e><9e><9e><9e><9e><9e><9e><9e><9e><9e><9e><9e><9e><9e><9e><9e><9e><9e><9e><9e><9e><9e><9e><9e><9e><9e><9e><9e><9e><9e><9e><9e><9e><9e><9e><9e><9e><9e><9e><9e><9e><9e><9e><9e><9e><9e><9e><9e><9e><9e><9e><9e><9e><9e><9e><9e><9e><9e><9e><9e><9e><9e><9e><9e><9e><9e><9e><9e><9e><9e><9e><9e><9e><9e><9e><9e> if (s)
      |                                                                                                                                                                                                                                                                                                                ^~~~
6dea033dc68dc6f0c9399033511edac8b831f0bc.c:214:89: error: stray ‘\236’ in program
  214 |                <9e><9e><9e><9e><9e><9e><9e><9e><9e><9e><9e><9e><9e><9e><9e><9e><9e><9e><9e><9e><9e><9e><9e><9e><9e><9e><9e><9e><9e><9e><9e><9e><9e><9e><9e><9e><9e><9e><9e><9e><9e><9e><9e><9e><9e><9e><9e><9e><9e><9e><9e><9e><9e><9e><9e><9e><9e><9e><9e><9e><9e><9e><9e><9e><9e><9e><9e><9e><9e><9e><9e><9e><9e><9e><9e><9e><9e><9e><9e><9e><9e><9e><9e><9e><9e><9e><9e><9e><9e><9e><9e> if (s)
      |                                                                                                                                                                                                                                                                                                                    ^~~~
6dea033dc68dc6f0c9399033511edac8b831f0bc.c:214:90: error: stray ‘\236’ in program
  214 |                <9e><9e><9e><9e><9e><9e><9e><9e><9e><9e><9e><9e><9e><9e><9e><9e><9e><9e><9e><9e><9e><9e><9e><9e><9e><9e><9e><9e><9e><9e><9e><9e><9e><9e><9e><9e><9e><9e><9e><9e><9e><9e><9e><9e><9e><9e><9e><9e><9e><9e><9e><9e><9e><9e><9e><9e><9e><9e><9e><9e><9e><9e><9e><9e><9e><9e><9e><9e><9e><9e><9e><9e><9e><9e><9e><9e><9e><9e><9e><9e><9e><9e><9e><9e><9e><9e><9e><9e><9e><9e><9e> if (s)
      |                                                                                                                                                                                                                                                                                                                        ^~~~
6dea033dc68dc6f0c9399033511edac8b831f0bc.c:214:91: error: stray ‘\236’ in program
  214 |                <9e><9e><9e><9e><9e><9e><9e><9e><9e><9e><9e><9e><9e><9e><9e><9e><9e><9e><9e><9e><9e><9e><9e><9e><9e><9e><9e><9e><9e><9e><9e><9e><9e><9e><9e><9e><9e><9e><9e><9e><9e><9e><9e><9e><9e><9e><9e><9e><9e><9e><9e><9e><9e><9e><9e><9e><9e><9e><9e><9e><9e><9e><9e><9e><9e><9e><9e><9e><9e><9e><9e><9e><9e><9e><9e><9e><9e><9e><9e><9e><9e><9e><9e><9e><9e><9e><9e><9e><9e><9e><9e> if (s)
      |                                                                                                                                                                                                                                                                                                                            ^~~~
6dea033dc68dc6f0c9399033511edac8b831f0bc.c:214:92: error: stray ‘\236’ in program
  214 |                <9e><9e><9e><9e><9e><9e><9e><9e><9e><9e><9e><9e><9e><9e><9e><9e><9e><9e><9e><9e><9e><9e><9e><9e><9e><9e><9e><9e><9e><9e><9e><9e><9e><9e><9e><9e><9e><9e><9e><9e><9e><9e><9e><9e><9e><9e><9e><9e><9e><9e><9e><9e><9e><9e><9e><9e><9e><9e><9e><9e><9e><9e><9e><9e><9e><9e><9e><9e><9e><9e><9e><9e><9e><9e><9e><9e><9e><9e><9e><9e><9e><9e><9e><9e><9e><9e><9e><9e><9e><9e><9e> if (s)
      |                                                                                                                                                                                                                                                                                                                                ^~~~
6dea033dc68dc6f0c9399033511edac8b831f0bc.c:214:93: error: stray ‘\236’ in program
  214 |                <9e><9e><9e><9e><9e><9e><9e><9e><9e><9e><9e><9e><9e><9e><9e><9e><9e><9e><9e><9e><9e><9e><9e><9e><9e><9e><9e><9e><9e><9e><9e><9e><9e><9e><9e><9e><9e><9e><9e><9e><9e><9e><9e><9e><9e><9e><9e><9e><9e><9e><9e><9e><9e><9e><9e><9e><9e><9e><9e><9e><9e><9e><9e><9e><9e><9e><9e><9e><9e><9e><9e><9e><9e><9e><9e><9e><9e><9e><9e><9e><9e><9e><9e><9e><9e><9e><9e><9e><9e><9e><9e> if (s)
      |                                                                                                                                                                                                                                                                                                                                    ^~~~
6dea033dc68dc6f0c9399033511edac8b831f0bc.c:214:94: error: stray ‘\236’ in program
  214 |                <9e><9e><9e><9e><9e><9e><9e><9e><9e><9e><9e><9e><9e><9e><9e><9e><9e><9e><9e><9e><9e><9e><9e><9e><9e><9e><9e><9e><9e><9e><9e><9e><9e><9e><9e><9e><9e><9e><9e><9e><9e><9e><9e><9e><9e><9e><9e><9e><9e><9e><9e><9e><9e><9e><9e><9e><9e><9e><9e><9e><9e><9e><9e><9e><9e><9e><9e><9e><9e><9e><9e><9e><9e><9e><9e><9e><9e><9e><9e><9e><9e><9e><9e><9e><9e><9e><9e><9e><9e><9e><9e> if (s)
      |                                                                                                                                                                                                                                                                                                                                        ^~~~
6dea033dc68dc6f0c9399033511edac8b831f0bc.c:214:95: error: stray ‘\236’ in program
  214 |                <9e><9e><9e><9e><9e><9e><9e><9e><9e><9e><9e><9e><9e><9e><9e><9e><9e><9e><9e><9e><9e><9e><9e><9e><9e><9e><9e><9e><9e><9e><9e><9e><9e><9e><9e><9e><9e><9e><9e><9e><9e><9e><9e><9e><9e><9e><9e><9e><9e><9e><9e><9e><9e><9e><9e><9e><9e><9e><9e><9e><9e><9e><9e><9e><9e><9e><9e><9e><9e><9e><9e><9e><9e><9e><9e><9e><9e><9e><9e><9e><9e><9e><9e><9e><9e><9e><9e><9e><9e><9e><9e> if (s)
      |                                                                                                                                                                                                                                                                                                                                            ^~~~
6dea033dc68dc6f0c9399033511edac8b831f0bc.c:214:96: error: stray ‘\236’ in program
  214 |                <9e><9e><9e><9e><9e><9e><9e><9e><9e><9e><9e><9e><9e><9e><9e><9e><9e><9e><9e><9e><9e><9e><9e><9e><9e><9e><9e><9e><9e><9e><9e><9e><9e><9e><9e><9e><9e><9e><9e><9e><9e><9e><9e><9e><9e><9e><9e><9e><9e><9e><9e><9e><9e><9e><9e><9e><9e><9e><9e><9e><9e><9e><9e><9e><9e><9e><9e><9e><9e><9e><9e><9e><9e><9e><9e><9e><9e><9e><9e><9e><9e><9e><9e><9e><9e><9e><9e><9e><9e><9e><9e> if (s)
      |                                                                                                                                                                                                                                                                                                                                                ^~~~
6dea033dc68dc6f0c9399033511edac8b831f0bc.c:214:97: error: stray ‘\236’ in program
  214 |                <9e><9e><9e><9e><9e><9e><9e><9e><9e><9e><9e><9e><9e><9e><9e><9e><9e><9e><9e><9e><9e><9e><9e><9e><9e><9e><9e><9e><9e><9e><9e><9e><9e><9e><9e><9e><9e><9e><9e><9e><9e><9e><9e><9e><9e><9e><9e><9e><9e><9e><9e><9e><9e><9e><9e><9e><9e><9e><9e><9e><9e><9e><9e><9e><9e><9e><9e><9e><9e><9e><9e><9e><9e><9e><9e><9e><9e><9e><9e><9e><9e><9e><9e><9e><9e><9e><9e><9e><9e><9e><9e> if (s)
      |                                                                                                                                                                                                                                                                                                                                                    ^~~~
6dea033dc68dc6f0c9399033511edac8b831f0bc.c:214:98: error: stray ‘\236’ in program
  214 |                <9e><9e><9e><9e><9e><9e><9e><9e><9e><9e><9e><9e><9e><9e><9e><9e><9e><9e><9e><9e><9e><9e><9e><9e><9e><9e><9e><9e><9e><9e><9e><9e><9e><9e><9e><9e><9e><9e><9e><9e><9e><9e><9e><9e><9e><9e><9e><9e><9e><9e><9e><9e><9e><9e><9e><9e><9e><9e><9e><9e><9e><9e><9e><9e><9e><9e><9e><9e><9e><9e><9e><9e><9e><9e><9e><9e><9e><9e><9e><9e><9e><9e><9e><9e><9e><9e><9e><9e><9e><9e><9e> if (s)
      |                                                                                                                                                                                                                                                                                                                                                        ^~~~
6dea033dc68dc6f0c9399033511edac8b831f0bc.c:214:99: error: stray ‘\236’ in program
  214 |                <9e><9e><9e><9e><9e><9e><9e><9e><9e><9e><9e><9e><9e><9e><9e><9e><9e><9e><9e><9e><9e><9e><9e><9e><9e><9e><9e><9e><9e><9e><9e><9e><9e><9e><9e><9e><9e><9e><9e><9e><9e><9e><9e><9e><9e><9e><9e><9e><9e><9e><9e><9e><9e><9e><9e><9e><9e><9e><9e><9e><9e><9e><9e><9e><9e><9e><9e><9e><9e><9e><9e><9e><9e><9e><9e><9e><9e><9e><9e><9e><9e><9e><9e><9e><9e><9e><9e><9e><9e><9e><9e> if (s)
      |                                                                                                                                                                                                                                                                                                                                                            ^~~~
6dea033dc68dc6f0c9399033511edac8b831f0bc.c:214:100: error: stray ‘\236’ in program
  214 |                <9e><9e><9e><9e><9e><9e><9e><9e><9e><9e><9e><9e><9e><9e><9e><9e><9e><9e><9e><9e><9e><9e><9e><9e><9e><9e><9e><9e><9e><9e><9e><9e><9e><9e><9e><9e><9e><9e><9e><9e><9e><9e><9e><9e><9e><9e><9e><9e><9e><9e><9e><9e><9e><9e><9e><9e><9e><9e><9e><9e><9e><9e><9e><9e><9e><9e><9e><9e><9e><9e><9e><9e><9e><9e><9e><9e><9e><9e><9e><9e><9e><9e><9e><9e><9e><9e><9e><9e><9e><9e><9e> if (s)
      |                                                                                                                                                                                                                                                                                                                                                                ^~~~
6dea033dc68dc6f0c9399033511edac8b831f0bc.c:214:101: error: stray ‘\236’ in program
  214 |                <9e><9e><9e><9e><9e><9e><9e><9e><9e><9e><9e><9e><9e><9e><9e><9e><9e><9e><9e><9e><9e><9e><9e><9e><9e><9e><9e><9e><9e><9e><9e><9e><9e><9e><9e><9e><9e><9e><9e><9e><9e><9e><9e><9e><9e><9e><9e><9e><9e><9e><9e><9e><9e><9e><9e><9e><9e><9e><9e><9e><9e><9e><9e><9e><9e><9e><9e><9e><9e><9e><9e><9e><9e><9e><9e><9e><9e><9e><9e><9e><9e><9e><9e><9e><9e><9e><9e><9e><9e><9e><9e> if (s)
      |                                                                                                                                                                                                                                                                                                                                                                    ^~~~
6dea033dc68dc6f0c9399033511edac8b831f0bc.c:214:102: error: stray ‘\236’ in program
  214 |                <9e><9e><9e><9e><9e><9e><9e><9e><9e><9e><9e><9e><9e><9e><9e><9e><9e><9e><9e><9e><9e><9e><9e><9e><9e><9e><9e><9e><9e><9e><9e><9e><9e><9e><9e><9e><9e><9e><9e><9e><9e><9e><9e><9e><9e><9e><9e><9e><9e><9e><9e><9e><9e><9e><9e><9e><9e><9e><9e><9e><9e><9e><9e><9e><9e><9e><9e><9e><9e><9e><9e><9e><9e><9e><9e><9e><9e><9e><9e><9e><9e><9e><9e><9e><9e><9e><9e><9e><9e><9e><9e> if (s)
      |                                                                                                                                                                                                                                                                                                                                                                        ^~~~
6dea033dc68dc6f0c9399033511edac8b831f0bc.c:214:103: error: stray ‘\236’ in program
  214 |                <9e><9e><9e><9e><9e><9e><9e><9e><9e><9e><9e><9e><9e><9e><9e><9e><9e><9e><9e><9e><9e><9e><9e><9e><9e><9e><9e><9e><9e><9e><9e><9e><9e><9e><9e><9e><9e><9e><9e><9e><9e><9e><9e><9e><9e><9e><9e><9e><9e><9e><9e><9e><9e><9e><9e><9e><9e><9e><9e><9e><9e><9e><9e><9e><9e><9e><9e><9e><9e><9e><9e><9e><9e><9e><9e><9e><9e><9e><9e><9e><9e><9e><9e><9e><9e><9e><9e><9e><9e><9e><9e> if (s)
      |                                                                                                                                                                                                                                                                                                                                                                            ^~~~
6dea033dc68dc6f0c9399033511edac8b831f0bc.c:214:104: error: stray ‘\236’ in program
  214 |                <9e><9e><9e><9e><9e><9e><9e><9e><9e><9e><9e><9e><9e><9e><9e><9e><9e><9e><9e><9e><9e><9e><9e><9e><9e><9e><9e><9e><9e><9e><9e><9e><9e><9e><9e><9e><9e><9e><9e><9e><9e><9e><9e><9e><9e><9e><9e><9e><9e><9e><9e><9e><9e><9e><9e><9e><9e><9e><9e><9e><9e><9e><9e><9e><9e><9e><9e><9e><9e><9e><9e><9e><9e><9e><9e><9e><9e><9e><9e><9e><9e><9e><9e><9e><9e><9e><9e><9e><9e><9e><9e> if (s)
      |                                                                                                                                                                                                                                                                                                                                                                                ^~~~
6dea033dc68dc6f0c9399033511edac8b831f0bc.c:214:105: error: stray ‘\236’ in program
  214 |                <9e><9e><9e><9e><9e><9e><9e><9e><9e><9e><9e><9e><9e><9e><9e><9e><9e><9e><9e><9e><9e><9e><9e><9e><9e><9e><9e><9e><9e><9e><9e><9e><9e><9e><9e><9e><9e><9e><9e><9e><9e><9e><9e><9e><9e><9e><9e><9e><9e><9e><9e><9e><9e><9e><9e><9e><9e><9e><9e><9e><9e><9e><9e><9e><9e><9e><9e><9e><9e><9e><9e><9e><9e><9e><9e><9e><9e><9e><9e><9e><9e><9e><9e><9e><9e><9e><9e><9e><9e><9e><9e> if (s)
      |                                                                                                                                                                                                                                                                                                                                                                                    ^~~~
6dea033dc68dc6f0c9399033511edac8b831f0bc.c:214:106: error: stray ‘\236’ in program
  214 |                <9e><9e><9e><9e><9e><9e><9e><9e><9e><9e><9e><9e><9e><9e><9e><9e><9e><9e><9e><9e><9e><9e><9e><9e><9e><9e><9e><9e><9e><9e><9e><9e><9e><9e><9e><9e><9e><9e><9e><9e><9e><9e><9e><9e><9e><9e><9e><9e><9e><9e><9e><9e><9e><9e><9e><9e><9e><9e><9e><9e><9e><9e><9e><9e><9e><9e><9e><9e><9e><9e><9e><9e><9e><9e><9e><9e><9e><9e><9e><9e><9e><9e><9e><9e><9e><9e><9e><9e><9e><9e><9e> if (s)
      |                                                                                                                                                                                                                                                                                                                                                                                        ^~~~
6dea033dc68dc6f0c9399033511edac8b831f0bc.c:221:30: error: ‘ap’ undeclared (first use in this function); did you mean ‘a’?
  221 |               for (;; o += a[ap])
      |                              ^~
      |                              a
6dea033dc68dc6f0c9399033511edac8b831f0bc.c:227:21: error: expected ‘)’ before ‘int’
  227 |             if (bd.c/* corpus/20000/ *   if (winds == 0 || winds != 0 || *(char *) winds)
      |                ~    ^
      |                     )
......
  233 | int main reak; }
      | ~~~                  
6dea033dc68dc6f0c9399033511edac8b831f0bc.c:233:16: error: expected expression before ‘}’ token
  233 | int main reak; }
      |                ^
6dea033dc68dc6f0c9399033511edac8b831f0bc.c:236:7: error: ‘winds’ undeclared (first use in this function)
  236 |   if (winds == 0 || winds != 0 || s/00153.c */
      |       ^~~~~
6dea033dc68dc6f0c9399033511edac8b831f0bc.c:236:37: error: invalid suffix "c" on floating constant
  236 |   if (winds == 0 || winds != 0 || s/00153.c */
      |                                     ^~~~~~~
6dea033dc68dc6f0c9399033511edac8b831f0bc.c:236:46: error: expected expression before ‘/’ token
  236 |   if (winds == 0 || winds != 0 || s/00153.c */
      |                                              ^
6dea033dc68dc6f0c9399033511edac8b831f0bc.c:238:16: error: expected expression before ‘}’ token
  238 | int main reak; }
      |                ^
6dea033dc68dc6f0c9399033511edac8b831f0bc.c: In function ‘aw’:
6dea033dc68dc6f0c9399033511edac8b831f0bc.c:247:10: error: expected ‘=’, ‘,’, ‘;’, ‘asm’ or ‘__attribute__’ before ‘re’
  247 | int main re) {
      |          ^~
6dea033dc68dc6f0c9399033511edac8b831f0bc.c:247:10: error: ‘re’ undeclared (first use in this function); did you mean ‘r’?
  247 | int main re) {
      |          ^~
      |          r
6dea033dc68dc6f0c9399033511edac8b831f0bc.c:247:12: error: expected ‘;’ before ‘)’ token
  247 | int main re) {
      |            ^
      |            ;
6dea033dc68dc6f0c9399033511edac8b831f0bc.c:247:12: error: expected statement before ‘)’ token
6dea033dc68dc6f0c9399033511edac8b831f0bc.c:255:14: error: invalid suffix "c" on floating constant
  255 |     20020402-3.c */
      |              ^~~
6dea033dc68dc6f0c9399033511edac8b831f0bc.c:255:19: error: expected expression before ‘/’ token
  255 |     20020402-3.c */
      |                   ^
6dea033dc68dc6f0c9399033511edac8b831f0bc.c:274:7: error: two or more data types in declaration specifiers
  274 | const char *ss;
      |       ^~~~
6dea033dc68dc6f0c9399033511edac8b831f0bc.c:290:7: error: two or more data types in declaration specifiers
  290 | const char *ss;
      |       ^~~~
6dea033dc68dc6f0c9399033511edac8b831f0bc.c:292:21: error: expected ‘)’ before ‘%’ token
  292 | int __attribute__((n%ipa)) dummy (const char *s, ...)
      |                     ^
      |                     )
6dea033dc68dc6f0c9399033511edac8b831f0bc.c:292:26: error: expected identifier or ‘(’ before ‘)’ token
  292 | int __attribute__((n%ipa)) dummy (const char *s, ...)
      |                          ^
6dea033dc68dc6f0c9399033511edac8b831f0bc.c:306:12: error: expected declaration specifiers or ‘...’ before ‘;’ token
  306 | static sho(; al; al--) {
      |            ^
6dea033dc68dc6f0c9399033511edac8b831f0bc.c:306:14: error: expected declaration specifiers or ‘...’ before ‘al’
  306 | static sho(; al; al--) {
      |              ^~
6dea033dc68dc6f0c9399033511edac8b831f0bc.c:306:18: error: expected declaration specifiers or ‘...’ before ‘al’
  306 | static sho(; al; al--) {
      |                  ^~
6dea033dc68dc6f0c9399033511edac8b831f0bc.c:315:8: error: expected ‘;’ before ‘void’
  315 |   r = 0/* corpus/pr43220.c */
      |        ^
      |        ;
......
  319 | void *volatile ;
      | ~~~~    
6dea033dc68dc6f0c9399033511edac8b831f0bc.c:249:15: error: label ‘bi’ used but not defined
  249 |               goto bi;
      |               ^~~~
6dea033dc68dc6f0c9399033511edac8b831f0bc.c: At top level:
6dea033dc68dc6f0c9399033511edac8b831f0bc.c:322:5: error: redefinition of ‘aw’
  322 | int aw(int ar) {
      |     ^~
6dea033dc68dc6f0c9399033511edac8b831f0bc.c:68:5: note: previous definition of ‘aw’ with type ‘int(int)’
   68 | int aw(int ar) {
      |     ^~
6dea033dc68dc6f0c9399033511edac8b831f0bc.c: In function ‘aw’:
6dea033dc68dc6f0c9399033511edac8b831f0bc.c:326:3: error: ‘cn’ undeclared (first use in this function); did you mean ‘c’?
  326 |   cn = (as((at(), ax)[2]), ax[4]);
      |   ^~
      |   c
6dea033dc68dc6f0c9399033511edac8b831f0bc.c:330:13: error: expected ‘=’, ‘,’, ‘;’, ‘asm’ or ‘__attribute__’ before ‘er’
  330 |     int a[] er struct block *b;
      |             ^~
6dea033dc68dc6f0c9399033511edac8b831f0bc.c:330:13: error: ‘er’ undeclared (first use in this function); did you mean ‘ar’?
  330 |     int a[] er struct block *b;
      |             ^~
      |             ar
6dea033dc68dc6f0c9399033511edac8b831f0bc.c:330:15: error: expected ‘;’ before ‘struct’
  330 |     int a[] er struct block *b;
      |               ^~~~~~~
      |               ;
6dea033dc68dc6f0c9399033511edac8b831f0bc.c:334:10: error: stray ‘\21’ in program
  334 |   bl = sy<U+0011>zO<U+0001><U+0010>b<U+0000><U+0000>ockvector;
      |          ^~~~~~~~
6dea033dc68dc6f0c9399033511edac8b831f0bc.c:334:8: error: ‘sy’ undeclared (first use in this function); did you mean ‘ay’?
  334 |   bl = syzOb  ockvector;
      |        ^~
      |        ay
6dea033dc68dc6f0c9399033511edac8b831f0bc.c:334:10: error: expected ‘;’ before ‘zO’
  334 |   bl = syzOb  ockvector;
      |          ^~~
      |          ;
6dea033dc68dc6f0c9399033511edac8b831f0bc.c:334:13: error: stray ‘\1’ in program
  334 |   bl = sy<U+0011>zO<U+0001><U+0010>b<U+0000><U+0000>ockvector;
      |                    ^~~~~~~~
6dea033dc68dc6f0c9399033511edac8b831f0bc.c:334:14: error: stray ‘\20’ in program
  334 |   bl = sy<U+0011>zO<U+0001><U+0010>b<U+0000><U+0000>ockvector;
      |                            ^~~~~~~~
6dea033dc68dc6f0c9399033511edac8b831f0bc.c:335:3: error: ‘b’ undeclared (first use in this function); did you mean ‘bl’?
  335 |   b = bl->block[0];
      |   ^
      |   bl
6dea033dc68dc6f0c9399033511edac8b831f0bc.c:335:9: error: invalid use of undefined type ‘struct blockvector’
  335 |   b = bl->block[0];
      |         ^~
6dea033dc68dc6f0c9399033511edac8b831f0bc.c:338:11: error: invalid use of undefined type ‘struct blockvector’
  338 |   top = bl->nblocks;
      |           ^~
6dea033dc68dc6f0c9399033511edac8b831f0bc.c:343:13: error: invalid use of undefined type ‘struct blockvector’
  343 |       b = bl->block[bot  lfah+];
      |             ^~
6dea033dc68dc6f0c9399033511edac8b831f0bc.c:343:24: error: expected ‘]’ before ‘lfah’
  343 |       b = bl->block[bot  lfah+];
      |                        ^ ~~~~
      |                        ]
6dea033dc68dc6f0c9399033511edac8b831f0bc.c:344:27: error: ‘pc’ undeclared (first use in this function); did you mean ‘c’?
  344 |       if (b->startaddr <= pc)
      |                           ^~
      |                           c
6dea033dc68dc6f0c9399033511edac8b831f0bc.c:352:13: error: invalid use of undefined type ‘struct blockvector’
  352 |       b = bl->block[bot];
      |             ^~
6dea033dc68dc6f0c9399033511edac8b831f0bc.c:355:18: error: ‘bl0000’ undeclared (first use in this function)
  355 |           return bl0000 block a a523e1d_3053_test3083535516.c */
      |                  ^~~~~~
6dea033dc68dc6f0c9399033511edac8b831f0bc.c:355:24: error: expected ‘;’ before ‘block’
  355 |           return bl0000 block a a523e1d_3053_test3083535516.c */
      |                        ^~~~~~
      |                        ;
6dea033dc68dc6f0c9399033511edac8b831f0bc.c:358:1: error: unknown type name ‘st’
  358 | st* corpus/01d3664e71d14fd961a130472a523e1d_3053_test3083535516.c */
      | ^~
6dea033dc68dc6f0c9399033511edac8b831f0bc.c:358:11: error: expected ‘=’, ‘,’, ‘;’, ‘asm’ or ‘__attribute__’ before ‘/’ token
  358 | st* corpus/01d3664e71d14fd961a130472a523e1d_3053_test3083535516.c */
      |           ^
6dea033dc68dc6f0c9399033511edac8b831f0bc.c:358:12: error: invalid suffix "d3664e71d14fd961a130472a523e1d_3053_test3083535516.c" on integer constant
  358 | st* corpus/01d3664e71d14fd961a130472a523e1d_3053_test3083535516.c */
      |            ^~~~~~~~~~~~~~~~~~~~~~~~~~~~~~~~~~~~~~~~~~~~~~~~~~~~~~
6dea033dc68dc6f0c9399033511edac8b831f0bc.c:359:10: error: #include expects "FILENAME" or <FILENAME>
  359 | #include "csm30472a523e1d_3053_test3083535516.c */
      |          ^~~~~~~~~~~~~~~~~~~~~~~~~~~~~~~~~~~~~~~~~
6dea033dc68dc6f0c9399033511edac8b831f0bc.c:362:1: error: unknown type name ‘st’
  362 | st* corpus/01d3664e71d14fd961a130472a523e1d_3053_test3083535516.c */
      | ^~
6dea033dc68dc6f0c9399033511edac8b831f0bc.c:362:11: error: expected ‘=’, ‘,’, ‘;’, ‘asm’ or ‘__attribute__’ before ‘/’ token
  362 | st* corpus/01d3664e71d14fd961a130472a523e1d_3053_test3083535516.c */
      |           ^
6dea033dc68dc6f0c9399033511edac8b831f0bc.c:362:12: error: invalid suffix "d3664e71d14fd961a130472a523e1d_3053_test3083535516.c" on integer constant
  362 | st* corpus/01d3664e71d14fd961a130472a523e1d_3053_test3083535516.c */
      |            ^~~~~~~~~~~~~~~~~~~~~~~~~~~~~~~~~~~~~~~~~~~~~~~~~~~~~~
6dea033dc68dc6f0c9399033511edac8b831f0bc.c:365:8: error: unknown type name ‘int32_t’
  365 | static int32_t *b;
      |        ^~~~~~~
6dea033dc68dc6f0c9399033511edac8b831f0bc.c:366:8: error: unknown type name ‘uatic’
  366 | static uatic int32_t *b;
      |        ^~~~~
6dea033dc68dc6f0c9399033511edac8b831f0bc.c:366:22: error: expected ‘=’, ‘,’, ‘;’, ‘asm’ or ‘__attribute__’ before ‘*’ token
  366 | static uatic int32_t *b;
      |                      ^
6dea033dc68dc6f0c9399033511edac8b831f0bc.c:367:8: error: unknown type name ‘uint64_t’
  367 | static uint64_t c() {
      |        ^~~~~~~~
6dea033dc68dc6f0c9399033511edac8b831f0bc.c:367:17: error: invalid storage class for function ‘c’
  367 | static uint64_t c() {
      |                 ^
6dea033dc68dc6f0c9399033511edac8b831f0bc.c: In function ‘c’:
6dea033dc68dc6f0c9399033511edac8b831f0bc.c:368:3: error: ‘ith’ undeclared (first use in this function)
  368 |   ith.h"
      |   ^~~
6dea033dc68dc6f0c9399033511edac8b831f0bc.c:368:8: error: missing terminating " character
  368 |   ith.h"
      |        ^
6dea033dc68dc6f0c9399033511edac8b831f0bc.c:368:8: error: expected ‘;’ before ‘int32_t’
  368 |   ith.h"
      |        ^
      |        ;
  369 | int32_t a;
      | ~~~~~~~ 
6dea033dc68dc6f0c9399033511edac8b831f0bc.c:370:8: error: unknown type name ‘int32_t’
  370 | static int32_t *b;
      |        ^~~~~~~
6dea033dc68dc6f0c9399033511edac8b831f0bc.c:371:8: error: unknown type name ‘uatic’
  371 | static uatic int32_t= { 0, 0x10000, 0, 0, 1, 20 };
      |        ^~~~~
6dea033dc68dc6f0c9399033511edac8b831f0bc.c:372:10: error: variable ‘b’ has initializer but incomplete type
  372 |   struct block b = { 0x10000, 0x20000, 0, 0, 1, 20 };
      |          ^~~~~
6dea033dc68dc6f0c9399033511edac8b831f0bc.c:372:16: error: conflicting types for ‘b’; have ‘struct block’
  372 |   struct block b = { 0x10000, 0x20000, 0, 0, 1, 20 };
      |                ^
6dea033dc68dc6f0c9399033511edac8b831f0bc.c:370:17: note: previous declaration of ‘b’ with type ‘int *’
  370 | static int32_t *b;
      |                 ^
6dea033dc68dc6f0c9399033511edac8b831f0bc.c:373:10: error: variable ‘bv’ has initializer but incomplete type
  373 |   struct blockvzctor bv = { 2, { &a, &b } };
      |          ^~~~~~~~~~~
6dea033dc68dc6f0c9399033511edac8b831f0bc.c:373:32: error: extra brace group at end of initializer
  373 |   struct blockvzctor bv = { 2, { &a, &b } };
      |                                ^
6dea033dc68dc6f0c9399033511edac8b831f0bc.c:373:32: note: (near initialization for ‘bv’)
6dea033dc68dc6f0c9399033511edac8b831f0bc.c:373:35: error: stray ‘\315’ in program
  373 |   struct blockvzctor bv = { 2, { &<cd><cd><cd><cd><cd><cd><cd><cd><cd><cd><cd><cd><cd><cd><cd><cd><cd><cd><cd><cd><cd><cd><cd><cd><cd><cd><cd><cd><cd><cd><cd><cd><dd><cd><cd><cd><cd><cd>a, &b } };
      |                                   ^~~~
6dea033dc68dc6f0c9399033511edac8b831f0bc.c:373:36: error: stray ‘\315’ in program
  373 |   struct blockvzctor bv = { 2, { &<cd><cd><cd><cd><cd><cd><cd><cd><cd><cd><cd><cd><cd><cd><cd><cd><cd><cd><cd><cd><cd><cd><cd><cd><cd><cd><cd><cd><cd><cd><cd><cd><dd><cd><cd><cd><cd><cd>a, &b } };
      |                                       ^~~~
6dea033dc68dc6f0c9399033511edac8b831f0bc.c:373:37: error: stray ‘\315’ in program
  373 |   struct blockvzctor bv = { 2, { &<cd><cd><cd><cd><cd><cd><cd><cd><cd><cd><cd><cd><cd><cd><cd><cd><cd><cd><cd><cd><cd><cd><cd><cd><cd><cd><cd><cd><cd><cd><cd><cd><dd><cd><cd><cd><cd><cd>a, &b } };
      |                                           ^~~~
6dea033dc68dc6f0c9399033511edac8b831f0bc.c:373:38: error: stray ‘\315’ in program
  373 |   struct blockvzctor bv = { 2, { &<cd><cd><cd><cd><cd><cd><cd><cd><cd><cd><cd><cd><cd><cd><cd><cd><cd><cd><cd><cd><cd><cd><cd><cd><cd><cd><cd><cd><cd><cd><cd><cd><dd><cd><cd><cd><cd><cd>a, &b } };
      |                                               ^~~~
6dea033dc68dc6f0c9399033511edac8b831f0bc.c:373:39: error: stray ‘\315’ in program
  373 |   struct blockvzctor bv = { 2, { &<cd><cd><cd><cd><cd><cd><cd><cd><cd><cd><cd><cd><cd><cd><cd><cd><cd><cd><cd><cd><cd><cd><cd><cd><cd><cd><cd><cd><cd><cd><cd><cd><dd><cd><cd><cd><cd><cd>a, &b } };
      |                                                   ^~~~
6dea033dc68dc6f0c9399033511edac8b831f0bc.c:373:40: error: stray ‘\315’ in program
  373 |   struct blockvzctor bv = { 2, { &<cd><cd><cd><cd><cd><cd><cd><cd><cd><cd><cd><cd><cd><cd><cd><cd><cd><cd><cd><cd><cd><cd><cd><cd><cd><cd><cd><cd><cd><cd><cd><cd><dd><cd><cd><cd><cd><cd>a, &b } };
      |                                                       ^~~~
6dea033dc68dc6f0c9399033511edac8b831f0bc.c:373:41: error: stray ‘\315’ in program
  373 |   struct blockvzctor bv = { 2, { &<cd><cd><cd><cd><cd><cd><cd><cd><cd><cd><cd><cd><cd><cd><cd><cd><cd><cd><cd><cd><cd><cd><cd><cd><cd><cd><cd><cd><cd><cd><cd><cd><dd><cd><cd><cd><cd><cd>a, &b } };
      |                                                           ^~~~
6dea033dc68dc6f0c9399033511edac8b831f0bc.c:373:42: error: stray ‘\315’ in program
  373 |   struct blockvzctor bv = { 2, { &<cd><cd><cd><cd><cd><cd><cd><cd><cd><cd><cd><cd><cd><cd><cd><cd><cd><cd><cd><cd><cd><cd><cd><cd><cd><cd><cd><cd><cd><cd><cd><cd><dd><cd><cd><cd><cd><cd>a, &b } };
      |                                                               ^~~~
6dea033dc68dc6f0c9399033511edac8b831f0bc.c:373:43: error: stray ‘\315’ in program
  373 |   struct blockvzctor bv = { 2, { &<cd><cd><cd><cd><cd><cd><cd><cd><cd><cd><cd><cd><cd><cd><cd><cd><cd><cd><cd><cd><cd><cd><cd><cd><cd><cd><cd><cd><cd><cd><cd><cd><dd><cd><cd><cd><cd><cd>a, &b } };
      |                                                                   ^~~~
6dea033dc68dc6f0c9399033511edac8b831f0bc.c:373:44: error: stray ‘\315’ in program
  373 |   struct blockvzctor bv = { 2, { &<cd><cd><cd><cd><cd><cd><cd><cd><cd><cd><cd><cd><cd><cd><cd><cd><cd><cd><cd><cd><cd><cd><cd><cd><cd><cd><cd><cd><cd><cd><cd><cd><dd><cd><cd><cd><cd><cd>a, &b } };
      |                                                                       ^~~~
6dea033dc68dc6f0c9399033511edac8b831f0bc.c:373:45: error: stray ‘\315’ in program
  373 |   struct blockvzctor bv = { 2, { &<cd><cd><cd><cd><cd><cd><cd><cd><cd><cd><cd><cd><cd><cd><cd><cd><cd><cd><cd><cd><cd><cd><cd><cd><cd><cd><cd><cd><cd><cd><cd><cd><dd><cd><cd><cd><cd><cd>a, &b } };
      |                                                                           ^~~~
6dea033dc68dc6f0c9399033511edac8b831f0bc.c:373:46: error: stray ‘\315’ in program
  373 |   struct blockvzctor bv = { 2, { &<cd><cd><cd><cd><cd><cd><cd><cd><cd><cd><cd><cd><cd><cd><cd><cd><cd><cd><cd><cd><cd><cd><cd><cd><cd><cd><cd><cd><cd><cd><cd><cd><dd><cd><cd><cd><cd><cd>a, &b } };
      |                                                                               ^~~~
6dea033dc68dc6f0c9399033511edac8b831f0bc.c:373:47: error: stray ‘\315’ in program
  373 |   struct blockvzctor bv = { 2, { &<cd><cd><cd><cd><cd><cd><cd><cd><cd><cd><cd><cd><cd><cd><cd><cd><cd><cd><cd><cd><cd><cd><cd><cd><cd><cd><cd><cd><cd><cd><cd><cd><dd><cd><cd><cd><cd><cd>a, &b } };
      |                                                                                   ^~~~
6dea033dc68dc6f0c9399033511edac8b831f0bc.c:373:48: error: stray ‘\315’ in program
  373 |   struct blockvzctor bv = { 2, { &<cd><cd><cd><cd><cd><cd><cd><cd><cd><cd><cd><cd><cd><cd><cd><cd><cd><cd><cd><cd><cd><cd><cd><cd><cd><cd><cd><cd><cd><cd><cd><cd><dd><cd><cd><cd><cd><cd>a, &b } };
      |                                                                                       ^~~~
6dea033dc68dc6f0c9399033511edac8b831f0bc.c:373:49: error: stray ‘\315’ in program
  373 |   struct blockvzctor bv = { 2, { &<cd><cd><cd><cd><cd><cd><cd><cd><cd><cd><cd><cd><cd><cd><cd><cd><cd><cd><cd><cd><cd><cd><cd><cd><cd><cd><cd><cd><cd><cd><cd><cd><dd><cd><cd><cd><cd><cd>a, &b } };
      |                                                                                           ^~~~
6dea033dc68dc6f0c9399033511edac8b831f0bc.c:373:50: error: stray ‘\315’ in program
  373 |   struct blockvzctor bv = { 2, { &<cd><cd><cd><cd><cd><cd><cd><cd><cd><cd><cd><cd><cd><cd><cd><cd><cd><cd><cd><cd><cd><cd><cd><cd><cd><cd><cd><cd><cd><cd><cd><cd><dd><cd><cd><cd><cd><cd>a, &b } };
      |                                                                                               ^~~~
6dea033dc68dc6f0c9399033511edac8b831f0bc.c:373:51: error: stray ‘\315’ in program
  373 |   struct blockvzctor bv = { 2, { &<cd><cd><cd><cd><cd><cd><cd><cd><cd><cd><cd><cd><cd><cd><cd><cd><cd><cd><cd><cd><cd><cd><cd><cd><cd><cd><cd><cd><cd><cd><cd><cd><dd><cd><cd><cd><cd><cd>a, &b } };
      |                                                                                                   ^~~~
6dea033dc68dc6f0c9399033511edac8b831f0bc.c:373:52: error: stray ‘\315’ in program
  373 |   struct blockvzctor bv = { 2, { &<cd><cd><cd><cd><cd><cd><cd><cd><cd><cd><cd><cd><cd><cd><cd><cd><cd><cd><cd><cd><cd><cd><cd><cd><cd><cd><cd><cd><cd><cd><cd><cd><dd><cd><cd><cd><cd><cd>a, &b } };
      |                                                                                                       ^~~~
6dea033dc68dc6f0c9399033511edac8b831f0bc.c:373:53: error: stray ‘\315’ in program
  373 |   struct blockvzctor bv = { 2, { &<cd><cd><cd><cd><cd><cd><cd><cd><cd><cd><cd><cd><cd><cd><cd><cd><cd><cd><cd><cd><cd><cd><cd><cd><cd><cd><cd><cd><cd><cd><cd><cd><dd><cd><cd><cd><cd><cd>a, &b } };
      |                                                                                                           ^~~~
6dea033dc68dc6f0c9399033511edac8b831f0bc.c:373:54: error: stray ‘\315’ in program
  373 |   struct blockvzctor bv = { 2, { &<cd><cd><cd><cd><cd><cd><cd><cd><cd><cd><cd><cd><cd><cd><cd><cd><cd><cd><cd><cd><cd><cd><cd><cd><cd><cd><cd><cd><cd><cd><cd><cd><dd><cd><cd><cd><cd><cd>a, &b } };
      |                                                                                                               ^~~~
6dea033dc68dc6f0c9399033511edac8b831f0bc.c:373:55: error: stray ‘\315’ in program
  373 |   struct blockvzctor bv = { 2, { &<cd><cd><cd><cd><cd><cd><cd><cd><cd><cd><cd><cd><cd><cd><cd><cd><cd><cd><cd><cd><cd><cd><cd><cd><cd><cd><cd><cd><cd><cd><cd><cd><dd><cd><cd><cd><cd><cd>a, &b } };
      |                                                                                                                   ^~~~
6dea033dc68dc6f0c9399033511edac8b831f0bc.c:373:56: error: stray ‘\315’ in program
  373 |   struct blockvzctor bv = { 2, { &<cd><cd><cd><cd><cd><cd><cd><cd><cd><cd><cd><cd><cd><cd><cd><cd><cd><cd><cd><cd><cd><cd><cd><cd><cd><cd><cd><cd><cd><cd><cd><cd><dd><cd><cd><cd><cd><cd>a, &b } };
      |                                                                                                                       ^~~~
6dea033dc68dc6f0c9399033511edac8b831f0bc.c:373:57: error: stray ‘\315’ in program
  373 |   struct blockvzctor bv = { 2, { &<cd><cd><cd><cd><cd><cd><cd><cd><cd><cd><cd><cd><cd><cd><cd><cd><cd><cd><cd><cd><cd><cd><cd><cd><cd><cd><cd><cd><cd><cd><cd><cd><dd><cd><cd><cd><cd><cd>a, &b } };
      |                                                                                                                           ^~~~
6dea033dc68dc6f0c9399033511edac8b831f0bc.c:373:58: error: stray ‘\315’ in program
  373 |   struct blockvzctor bv = { 2, { &<cd><cd><cd><cd><cd><cd><cd><cd><cd><cd><cd><cd><cd><cd><cd><cd><cd><cd><cd><cd><cd><cd><cd><cd><cd><cd><cd><cd><cd><cd><cd><cd><dd><cd><cd><cd><cd><cd>a, &b } };
      |                                                                                                                               ^~~~
6dea033dc68dc6f0c9399033511edac8b831f0bc.c:373:59: error: stray ‘\315’ in program
  373 |   struct blockvzctor bv = { 2, { &<cd><cd><cd><cd><cd><cd><cd><cd><cd><cd><cd><cd><cd><cd><cd><cd><cd><cd><cd><cd><cd><cd><cd><cd><cd><cd><cd><cd><cd><cd><cd><cd><dd><cd><cd><cd><cd><cd>a, &b } };
      |                                                                                                                                   ^~~~
6dea033dc68dc6f0c9399033511edac8b831f0bc.c:373:60: error: stray ‘\315’ in program
  373 |   struct blockvzctor bv = { 2, { &<cd><cd><cd><cd><cd><cd><cd><cd><cd><cd><cd><cd><cd><cd><cd><cd><cd><cd><cd><cd><cd><cd><cd><cd><cd><cd><cd><cd><cd><cd><cd><cd><dd><cd><cd><cd><cd><cd>a, &b } };
      |                                                                                                                                       ^~~~
6dea033dc68dc6f0c9399033511edac8b831f0bc.c:373:61: error: stray ‘\315’ in program
  373 |   struct blockvzctor bv = { 2, { &<cd><cd><cd><cd><cd><cd><cd><cd><cd><cd><cd><cd><cd><cd><cd><cd><cd><cd><cd><cd><cd><cd><cd><cd><cd><cd><cd><cd><cd><cd><cd><cd><dd><cd><cd><cd><cd><cd>a, &b } };
      |                                                                                                                                           ^~~~
6dea033dc68dc6f0c9399033511edac8b831f0bc.c:373:62: error: stray ‘\315’ in program
  373 |   struct blockvzctor bv = { 2, { &<cd><cd><cd><cd><cd><cd><cd><cd><cd><cd><cd><cd><cd><cd><cd><cd><cd><cd><cd><cd><cd><cd><cd><cd><cd><cd><cd><cd><cd><cd><cd><cd><dd><cd><cd><cd><cd><cd>a, &b } };
      |                                                                                                                                               ^~~~
6dea033dc68dc6f0c9399033511edac8b831f0bc.c:373:63: error: stray ‘\315’ in program
  373 |   struct blockvzctor bv = { 2, { &<cd><cd><cd><cd><cd><cd><cd><cd><cd><cd><cd><cd><cd><cd><cd><cd><cd><cd><cd><cd><cd><cd><cd><cd><cd><cd><cd><cd><cd><cd><cd><cd><dd><cd><cd><cd><cd><cd>a, &b } };
      |                                                                                                                                                   ^~~~
6dea033dc68dc6f0c9399033511edac8b831f0bc.c:373:64: error: stray ‘\315’ in program
  373 |   struct blockvzctor bv = { 2, { &<cd><cd><cd><cd><cd><cd><cd><cd><cd><cd><cd><cd><cd><cd><cd><cd><cd><cd><cd><cd><cd><cd><cd><cd><cd><cd><cd><cd><cd><cd><cd><cd><dd><cd><cd><cd><cd><cd>a, &b } };
      |                                                                                                                                                       ^~~~
6dea033dc68dc6f0c9399033511edac8b831f0bc.c:373:65: error: stray ‘\315’ in program
  373 |   struct blockvzctor bv = { 2, { &<cd><cd><cd><cd><cd><cd><cd><cd><cd><cd><cd><cd><cd><cd><cd><cd><cd><cd><cd><cd><cd><cd><cd><cd><cd><cd><cd><cd><cd><cd><cd><cd><dd><cd><cd><cd><cd><cd>a, &b } };
      |                                                                                                                                                           ^~~~
6dea033dc68dc6f0c9399033511edac8b831f0bc.c:373:66: error: stray ‘\315’ in program
  373 |   struct blockvzctor bv = { 2, { &<cd><cd><cd><cd><cd><cd><cd><cd><cd><cd><cd><cd><cd><cd><cd><cd><cd><cd><cd><cd><cd><cd><cd><cd><cd><cd><cd><cd><cd><cd><cd><cd><dd><cd><cd><cd><cd><cd>a, &b } };
      |                                                                                                                                                               ^~~~
6dea033dc68dc6f0c9399033511edac8b831f0bc.c:373:67: error: stray ‘\335’ in program
  373 |   struct blockvzctor bv = { 2, { &<cd><cd><cd><cd><cd><cd><cd><cd><cd><cd><cd><cd><cd><cd><cd><cd><cd><cd><cd><cd><cd><cd><cd><cd><cd><cd><cd><cd><cd><cd><cd><cd><dd><cd><cd><cd><cd><cd>a, &b } };
      |                                                                                                                                                                   ^~~~
6dea033dc68dc6f0c9399033511edac8b831f0bc.c:373:68: error: stray ‘\315’ in program
  373 |   struct blockvzctor bv = { 2, { &<cd><cd><cd><cd><cd><cd><cd><cd><cd><cd><cd><cd><cd><cd><cd><cd><cd><cd><cd><cd><cd><cd><cd><cd><cd><cd><cd><cd><cd><cd><cd><cd><dd><cd><cd><cd><cd><cd>a, &b } };
      |                                                                                                                                                                       ^~~~
6dea033dc68dc6f0c9399033511edac8b831f0bc.c:373:69: error: stray ‘\315’ in program
  373 |   struct blockvzctor bv = { 2, { &<cd><cd><cd><cd><cd><cd><cd><cd><cd><cd><cd><cd><cd><cd><cd><cd><cd><cd><cd><cd><cd><cd><cd><cd><cd><cd><cd><cd><cd><cd><cd><cd><dd><cd><cd><cd><cd><cd>a, &b } };
      |                                                                                                                                                                           ^~~~
6dea033dc68dc6f0c9399033511edac8b831f0bc.c:373:70: error: stray ‘\315’ in program
  373 |   struct blockvzctor bv = { 2, { &<cd><cd><cd><cd><cd><cd><cd><cd><cd><cd><cd><cd><cd><cd><cd><cd><cd><cd><cd><cd><cd><cd><cd><cd><cd><cd><cd><cd><cd><cd><cd><cd><dd><cd><cd><cd><cd><cd>a, &b } };
      |                                                                                                                                                                               ^~~~
6dea033dc68dc6f0c9399033511edac8b831f0bc.c:373:71: error: stray ‘\315’ in program
  373 |   struct blockvzctor bv = { 2, { &<cd><cd><cd><cd><cd><cd><cd><cd><cd><cd><cd><cd><cd><cd><cd><cd><cd><cd><cd><cd><cd><cd><cd><cd><cd><cd><cd><cd><cd><cd><cd><cd><dd><cd><cd><cd><cd><cd>a, &b } };
      |                                                                                                                                                                                   ^~~~
6dea033dc68dc6f0c9399033511edac8b831f0bc.c:373:72: error: stray ‘\315’ in program
  373 |   struct blockvzctor bv = { 2, { &<cd><cd><cd><cd><cd><cd><cd><cd><cd><cd><cd><cd><cd><cd><cd><cd><cd><cd><cd><cd><cd><cd><cd><cd><cd><cd><cd><cd><cd><cd><cd><cd><dd><cd><cd><cd><cd><cd>a, &b } };
      |                                                                                                                                                                                       ^~~~
6dea033dc68dc6f0c9399033511edac8b831f0bc.c:373:73: error: ‘a’ undeclared (first use in this function)
  373 |   struct blockvzctor bv = { 2, { &a, &b } };
      |                                                                         ^
6dea033dc68dc6f0c9399033511edac8b831f0bc.c:373:22: error: storage size of ‘bv’ isn’t known
  373 |   struct blockvzctor bv = { 2, { &a, &b } };
      |                      ^~
6dea033dc68dc6f0c9399033511edac8b831f0bc.c:374:11: error: expected ‘{’ before ‘*’ token
  374 |   struct  *symtab s = { &bv };
      |           ^
6dea033dc68dc6f0c9399033511edac8b831f0bc.c:376:22: error: stray ‘\177’ in program
  376 |   struct blockvector <U+007F>ret;
      |                      ^~~~~~~~
6dea033dc68dc6f0c9399033511edac8b831f0bc.c:376:23: error: storage size of ‘ret’ isn’t known
  376 |   struct blockvector ret;
      |                       ^~~
6dea033dc68dc6f0c9399033511edac8b831f0bc.c:380:3: error: ‘retur’ undeclared (first use in this function); did you mean ‘ret’?
  380 |   retur/cn 0;eLLVM
      |   ^~~~~
      |   ret
6dea033dc68dc6f0c9399033511edac8b831f0bc.c:380:11: error: expected ‘;’ before numeric constant
  380 |   retur/cn 0;eLLVM
      |           ^~
      |           ;
6dea033dc68dc6f0c9399033511edac8b831f0bc.c:380:14: error: ‘eLLVM’ undeclared (first use in this function)
  380 |   retur/cn 0;eLLVM
      |              ^~~~~
6dea033dc68dc6f0c9399033511edac8b831f0bc.c:380:19: error: expected ‘;’ before ‘}’ token
  380 |   retur/cn 0;eLLVM
      |                   ^
      |                   ;
  381 | }
      | ~                  
6dea033dc68dc6f0c9399033511edac8b831f0bc.c: In function ‘aw’:
6dea033dc68dc6f0c9399033511edac8b831f0bc.c:402:16: error: expected identifier or ‘(’ before ‘;’ token
  402 | void *volatile ;
      |                ^
6dea033dc68dc6f0c9399033511edac8b831f0bc.c: In function ‘aw’:
6dea033dc68dc6f0c9399033511edac8b831f0bc.c:430:7: error: ‘am’ undeclared (first use in this function); did you mean ‘a’?
  430 |       am -= t | x;
      |       ^~
      |       a
6dea033dc68dc6f0c9399033511edac8b831f0bc.c:430:13: error: ‘t’ undeclared (first use in this function)
  430 |       am -= t | x;
      |             ^
6dea033dc68dc6f0c9399033511edac8b831f0bc.c:454:15: error: ‘ao’ undeclared (first use in this function); did you mean ‘a’?
  454 |               ao = r - aa && g.b;
      |               ^~
      |               a
6dea033dc68dc6f0c9399033511edac8b831f0bc.c:463:20: error: expected expression before ‘struct’
  463 |                    struct a a[] = {3440025416, 2, 8, 4, 2, 8, 4, 4, 2, 8, 4};
      |                    ^~~~~~
6dea033dc68dc6f0c9399033511edac8b831f0bc.c:466:16: error: ‘m’ undeclared (first use in this function)
  466 |             aq(m[am + e]);
      |                ^
6dea033dc68dc6f0c9399033511edac8b831f0bc.c:475:13: error: ‘elsp’ undeclared (first use in this function)
  475 |           } elsp;
      |             ^~~~
6dea033dc68dc6f0c9399033511edac8b831f0bc.c: In function ‘main’:
6dea033dc68dc6f0c9399033511edac8b831f0bc.c:498:2: error: expected ‘;’ before ‘ay’
  498 | e
      |  ^
      |  ;
  499 |             ay = az.c && a;
      |             ~~
6dea033dc68dc6f0c9399033511edac8b831f0bc.c: In function ‘aw’:
6dea033dc68dc6f0c9399033511edac8b831f0bc.c:505:15: error: stray ‘\366’ in program
  505 |         if (f)<f6><df><df><e6>       goto av;
      |               ^~~~
6dea033dc68dc6f0c9399033511edac8b831f0bc.c:505:16: error: stray ‘\337’ in program
  505 |         if (f)<f6><df><df><e6>       goto av;
      |                   ^~~~
6dea033dc68dc6f0c9399033511edac8b831f0bc.c:505:17: error: stray ‘\337’ in program
  505 |         if (f)<f6><df><df><e6>       goto av;
      |                       ^~~~
6dea033dc68dc6f0c9399033511edac8b831f0bc.c:505:18: error: stray ‘\346’ in program
  505 |         if (f)<f6><df><df><e6>       goto av;
      |                           ^~~~
6dea033dc68dc6f0c9399033511edac8b831f0bc.c:511:12: error: expected declaration specifiers or ‘...’ before ‘+’ token
  511 | int main ( + k ^ g.c;
      |            ^
6dea033dc68dc6f0c9399033511edac8b831f0bc.c:512:15: error: expected declaration specifiers or ‘...’ before ‘g’
  512 |               g.c = bk;
      |               ^
6dea033dc68dc6f0c9399033511edac8b831f0bc.c:513:15: error: expected declaration specifiers or ‘...’ before ‘ah’
  513 |               ah = 0;
      |               ^~
6dea033dc68dc6f0c9399033511edac8b831f0bc.c:514:4: error: expected declaration specifiers or ‘...’ before numeric constant
  514 |    000)
      |    ^~~
6dea033dc68dc6f0c9399033511edac8b831f0bc.c:530:1: error: unknown type name ‘int32_t’
  530 | int32_t a;
      | ^~~~~~~
6dea033dc68dc6f0c9399033511edac8b831f0bc.c:103:1: note: ‘int32_t’ is defined in header ‘<stdint.h>’; did you forget to ‘#include <stdint.h>’?
  102 | #include "csmith.h"
  +++ |+#include <stdint.h>
  103 | int32_t a;
6dea033dc68dc6f0c9399033511edac8b831f0bc.c:530:9: error: conflicting types for ‘a’; have ‘int’
  530 | int32_t a;
      |         ^
6dea033dc68dc6f0c9399033511edac8b831f0bc.c:413:9: note: previous definition of ‘a’ with type ‘int[7]’
  413 |     int a[] = {8, 2, 8, 2, 8, 2, 8};
      |         ^
6dea033dc68dc6f0c9399033511edac8b831f0bc.c:531:1: error: unknown type name ‘st’
  531 | st* corpus/01d3664e71d14fd961a130472a523e1d_3053_test3083535516.c */
      | ^~
6dea033dc68dc6f0c9399033511edac8b831f0bc.c:531:11: error: expected ‘=’, ‘,’, ‘;’, ‘asm’ or ‘__attribute__’ before ‘/’ token
  531 | st* corpus/01d3664e71d14fd961a130472a523e1d_3053_test3083535516.c */
      |           ^
6dea033dc68dc6f0c9399033511edac8b831f0bc.c:531:12: error: invalid suffix "d3664e71d14fd961a130472a523e1d_3053_test3083535516.c" on integer constant
  531 | st* corpus/01d3664e71d14fd961a130472a523e1d_3053_test3083535516.c */
      |            ^~~~~~~~~~~~~~~~~~~~~~~~~~~~~~~~~~~~~~~~~~~~~~~~~~~~~~
6dea033dc68dc6f0c9399033511edac8b831f0bc.c:532:10: error: #include expects "FILENAME" or <FILENAME>
  532 | #include "csm30472a5203e1d_3053_test3083535516.c */
      |          ^~~~~~~~~~~~~~~~~~~~~~~~~~~~~~~~~~~~~~~~~~
6dea033dc68dc6f0c9399033511edac8b831f0bc.c:535:1: error: unknown type name ‘st’
  535 | st* corpus/01d3664e71d14fd961a130472a523e1d_3053_test3083535516.c */
      | ^~
6dea033dc68dc6f0c9399033511edac8b831f0bc.c:535:11: error: expected ‘=’, ‘,’, ‘;’, ‘asm’ or ‘__attribute__’ before ‘/’ token
  535 | st* corpus/01d3664e71d14fd961a130472a523e1d_3053_test3083535516.c */
      |           ^
6dea033dc68dc6f0c9399033511edac8b831f0bc.c:535:12: error: invalid suffix "d3664e71d14fd961a130472a523e1d_3053_test3083535516.c" on integer constant
  535 | st* corpus/01d3664e71d14fd961a130472a523e1d_3053_test3083535516.c */
      |            ^~~~~~~~~~~~~~~~~~~~~~~~~~~~~~~~~~~~~~~~~~~~~~~~~~~~~~
6dea033dc68dc6f0c9399033511edac8b831f0bc.c:538:8: error: unknown type name ‘int32_t’
  538 | static int32_t *b;
      |        ^~~~~~~
6dea033dc68dc6f0c9399033511edac8b831f0bc.c:538:17: error: conflicting types for ‘b’; have ‘int *’
  538 | static int32_t *b;
      |                 ^
6dea033dc68dc6f0c9399033511edac8b831f0bc.c:414:9: note: previous definition of ‘b’ with type ‘int[31]’
  414 |     int b[] = {1027239, 8, 1, 7, 9, 2, 9, 4, 4, 2, 8, 1, 0, 4, 4, 2,
      |         ^
6dea033dc68dc6f0c9399033511edac8b831f0bc.c:539:8: error: unknown type name ‘uatic’
  539 | static uatic int32_t *bexit (0); }
      |        ^~~~~
6dea033dc68dc6f0c9399033511edac8b831f0bc.c:539:22: error: expected ‘=’, ‘,’, ‘;’, ‘asm’ or ‘__attribute__’ before ‘*’ token
  539 | static uatic int32_t *bexit (0); }
      |                      ^
6dea033dc68dc6f0c9399033511edac8b831f0bc.c:539:22: error: invalid type argument of unary ‘*’ (have ‘int’)
  539 | static uatic int32_t *bexit (0); }
      |                      ^~~~~~~~~~
6dea033dc68dc6f0c9399033511edac8b831f0bc.c:541:3: error: unknown type name ‘a’; use ‘struct’ keyword to refer to the type
  541 |   a f
      |   ^
      |   struct 
6dea033dc68dc6f0c9399033511edac8b831f0bc.c:543:1: error: expected ‘=’, ‘,’, ‘;’, ‘asm’ or ‘__attribute__’ before ‘typedef’
  543 | typedef ;
      | ^~~~~~~
6dea033dc68dc6f0c9399033511edac8b831f0bc.c:544:8: error: unknown type name ‘uint64_t’
  544 | static uint64_t c() {
      |        ^~~~~~~~
6dea033dc68dc6f0c9399033511edac8b831f0bc.c:544:17: error: invalid storage class for function ‘c’
  544 | static uint64_t c() {
      |                 ^
6dea033dc68dc6f0c9399033511edac8b831f0bc.c: In function ‘c’:
6dea033dc68dc6f0c9399033511edac8b831f0bc.c:545:3: error: ‘ith’ undeclared (first use in this function)
  545 |   ith.h"
      |   ^~~
6dea033dc68dc6f0c9399033511edac8b831f0bc.c:545:8: error: missing terminating " character
  545 |   ith.h"
      |        ^
6dea033dc68dc6f0c9399033511edac8b831f0bc.c:545:8: error: expected ‘;’ before ‘int32_t’
  545 |   ith.h"
      |        ^
      |        ;
  546 | int32_t a;
      | ~~~~~~~ 
6dea033dc68dc6f0c9399033511edac8b831f0bc.c:547:8: error: unknown type name ‘int32_t’
  547 | static int32_t *b;
      |        ^~~~~~~
6dea033dc68dc6f0c9399033511edac8b831f0bc.c:548:8: error: unknown type name ‘uatic’
  548 | static uatic int32_t= { 0, 0x10000, 0, 0, 1, 20 };
      |        ^~~~~
6dea033dc68dc6f0c9399033511edac8b831f0bc.c:549:10: error: variable ‘b’ has initializer but incomplete type
  549 |   struct block b = { 0x10000, 0x20000, 0, 0, 1, 20 };
      |          ^~~~~
6dea033dc68dc6f0c9399033511edac8b831f0bc.c:549:16: error: conflicting types for ‘b’; have ‘struct block’
  549 |   struct block b = { 0x10000, 0x20000, 0, 0, 1, 20 };
      |                ^
6dea033dc68dc6f0c9399033511edac8b831f0bc.c:547:17: note: previous declaration of ‘b’ with type ‘int *’
  547 | static int32_t *b;
      |                 ^
6dea033dc68dc6f0c9399033511edac8b831f0bc.c:550:10: error: variable ‘bv’ has initializer but incomplete type
  550 |   struct blockvzctor bv = { 2, { &a, &b } };
      |          ^~~~~~~~~~~
6dea033dc68dc6f0c9399033511edac8b831f0bc.c:550:32: error: extra brace group at end of initializer
  550 |   struct blockvzctor bv = { 2, { &a, &b } };
      |                                ^
6dea033dc68dc6f0c9399033511edac8b831f0bc.c:550:32: note: (near initialization for ‘bv’)
6dea033dc68dc6f0c9399033511edac8b831f0bc.c:550:35: error: stray ‘\315’ in program
  550 |   struct blockvzctor bv = { 2, { &<cd><cd><cd><cd><cd><cd><cd><cd><cd><cd><cd><cd><cd><cd><cd><cd><cd><cd><cd><cd><cd><cd><cd><cd><cd><cd><cd><cd><cd><cd><cd><cd><cd><cd><cd><cd><cd><cd>a, &b } };
      |                                   ^~~~
6dea033dc68dc6f0c9399033511edac8b831f0bc.c:550:36: error: stray ‘\315’ in program
  550 |   struct blockvzctor bv = { 2, { &<cd><cd><cd><cd><cd><cd><cd><cd><cd><cd><cd><cd><cd><cd><cd><cd><cd><cd><cd><cd><cd><cd><cd><cd><cd><cd><cd><cd><cd><cd><cd><cd><cd><cd><cd><cd><cd><cd>a, &b } };
      |                                       ^~~~
6dea033dc68dc6f0c9399033511edac8b831f0bc.c:550:37: error: stray ‘\315’ in program
  550 |   struct blockvzctor bv = { 2, { &<cd><cd><cd><cd><cd><cd><cd><cd><cd><cd><cd><cd><cd><cd><cd><cd><cd><cd><cd><cd><cd><cd><cd><cd><cd><cd><cd><cd><cd><cd><cd><cd><cd><cd><cd><cd><cd><cd>a, &b } };
      |                                           ^~~~
6dea033dc68dc6f0c9399033511edac8b831f0bc.c:550:38: error: stray ‘\315’ in program
  550 |   struct blockvzctor bv = { 2, { &<cd><cd><cd><cd><cd><cd><cd><cd><cd><cd><cd><cd><cd><cd><cd><cd><cd><cd><cd><cd><cd><cd><cd><cd><cd><cd><cd><cd><cd><cd><cd><cd><cd><cd><cd><cd><cd><cd>a, &b } };
      |                                               ^~~~
6dea033dc68dc6f0c9399033511edac8b831f0bc.c:550:39: error: stray ‘\315’ in program
  550 |   struct blockvzctor bv = { 2, { &<cd><cd><cd><cd><cd><cd><cd><cd><cd><cd><cd><cd><cd><cd><cd><cd><cd><cd><cd><cd><cd><cd><cd><cd><cd><cd><cd><cd><cd><cd><cd><cd><cd><cd><cd><cd><cd><cd>a, &b } };
      |                                                   ^~~~
6dea033dc68dc6f0c9399033511edac8b831f0bc.c:550:40: error: stray ‘\315’ in program
  550 |   struct blockvzctor bv = { 2, { &<cd><cd><cd><cd><cd><cd><cd><cd><cd><cd><cd><cd><cd><cd><cd><cd><cd><cd><cd><cd><cd><cd><cd><cd><cd><cd><cd><cd><cd><cd><cd><cd><cd><cd><cd><cd><cd><cd>a, &b } };
      |                                                       ^~~~
6dea033dc68dc6f0c9399033511edac8b831f0bc.c:550:41: error: stray ‘\315’ in program
  550 |   struct blockvzctor bv = { 2, { &<cd><cd><cd><cd><cd><cd><cd><cd><cd><cd><cd><cd><cd><cd><cd><cd><cd><cd><cd><cd><cd><cd><cd><cd><cd><cd><cd><cd><cd><cd><cd><cd><cd><cd><cd><cd><cd><cd>a, &b } };
      |                                                           ^~~~
6dea033dc68dc6f0c9399033511edac8b831f0bc.c:550:42: error: stray ‘\315’ in program
  550 |   struct blockvzctor bv = { 2, { &<cd><cd><cd><cd><cd><cd><cd><cd><cd><cd><cd><cd><cd><cd><cd><cd><cd><cd><cd><cd><cd><cd><cd><cd><cd><cd><cd><cd><cd><cd><cd><cd><cd><cd><cd><cd><cd><cd>a, &b } };
      |                                                               ^~~~
6dea033dc68dc6f0c9399033511edac8b831f0bc.c:550:43: error: stray ‘\315’ in program
  550 |   struct blockvzctor bv = { 2, { &<cd><cd><cd><cd><cd><cd><cd><cd><cd><cd><cd><cd><cd><cd><cd><cd><cd><cd><cd><cd><cd><cd><cd><cd><cd><cd><cd><cd><cd><cd><cd><cd><cd><cd><cd><cd><cd><cd>a, &b } };
      |                                                                   ^~~~
6dea033dc68dc6f0c9399033511edac8b831f0bc.c:550:44: error: stray ‘\315’ in program
  550 |   struct blockvzctor bv = { 2, { &<cd><cd><cd><cd><cd><cd><cd><cd><cd><cd><cd><cd><cd><cd><cd><cd><cd><cd><cd><cd><cd><cd><cd><cd><cd><cd><cd><cd><cd><cd><cd><cd><cd><cd><cd><cd><cd><cd>a, &b } };
      |                                                                       ^~~~
6dea033dc68dc6f0c9399033511edac8b831f0bc.c:550:45: error: stray ‘\315’ in program
  550 |   struct blockvzctor bv = { 2, { &<cd><cd><cd><cd><cd><cd><cd><cd><cd><cd><cd><cd><cd><cd><cd><cd><cd><cd><cd><cd><cd><cd><cd><cd><cd><cd><cd><cd><cd><cd><cd><cd><cd><cd><cd><cd><cd><cd>a, &b } };
      |                                                                           ^~~~
6dea033dc68dc6f0c9399033511edac8b831f0bc.c:550:46: error: stray ‘\315’ in program
  550 |   struct blockvzctor bv = { 2, { &<cd><cd><cd><cd><cd><cd><cd><cd><cd><cd><cd><cd><cd><cd><cd><cd><cd><cd><cd><cd><cd><cd><cd><cd><cd><cd><cd><cd><cd><cd><cd><cd><cd><cd><cd><cd><cd><cd>a, &b } };
      |                                                                               ^~~~
6dea033dc68dc6f0c9399033511edac8b831f0bc.c:550:47: error: stray ‘\315’ in program
  550 |   struct blockvzctor bv = { 2, { &<cd><cd><cd><cd><cd><cd><cd><cd><cd><cd><cd><cd><cd><cd><cd><cd><cd><cd><cd><cd><cd><cd><cd><cd><cd><cd><cd><cd><cd><cd><cd><cd><cd><cd><cd><cd><cd><cd>a, &b } };
      |                                                                                   ^~~~
6dea033dc68dc6f0c9399033511edac8b831f0bc.c:550:48: error: stray ‘\315’ in program
  550 |   struct blockvzctor bv = { 2, { &<cd><cd><cd><cd><cd><cd><cd><cd><cd><cd><cd><cd><cd><cd><cd><cd><cd><cd><cd><cd><cd><cd><cd><cd><cd><cd><cd><cd><cd><cd><cd><cd><cd><cd><cd><cd><cd><cd>a, &b } };
      |                                                                                       ^~~~
6dea033dc68dc6f0c9399033511edac8b831f0bc.c:550:49: error: stray ‘\315’ in program
  550 |   struct blockvzctor bv = { 2, { &<cd><cd><cd><cd><cd><cd><cd><cd><cd><cd><cd><cd><cd><cd><cd><cd><cd><cd><cd><cd><cd><cd><cd><cd><cd><cd><cd><cd><cd><cd><cd><cd><cd><cd><cd><cd><cd><cd>a, &b } };
      |                                                                                           ^~~~
6dea033dc68dc6f0c9399033511edac8b831f0bc.c:550:50: error: stray ‘\315’ in program
  550 |   struct blockvzctor bv = { 2, { &<cd><cd><cd><cd><cd><cd><cd><cd><cd><cd><cd><cd><cd><cd><cd><cd><cd><cd><cd><cd><cd><cd><cd><cd><cd><cd><cd><cd><cd><cd><cd><cd><cd><cd><cd><cd><cd><cd>a, &b } };
      |                                                                                               ^~~~
6dea033dc68dc6f0c9399033511edac8b831f0bc.c:550:51: error: stray ‘\315’ in program
  550 |   struct blockvzctor bv = { 2, { &<cd><cd><cd><cd><cd><cd><cd><cd><cd><cd><cd><cd><cd><cd><cd><cd><cd><cd><cd><cd><cd><cd><cd><cd><cd><cd><cd><cd><cd><cd><cd><cd><cd><cd><cd><cd><cd><cd>a, &b } };
      |                                                                                                   ^~~~
6dea033dc68dc6f0c9399033511edac8b831f0bc.c:550:52: error: stray ‘\315’ in program
  550 |   struct blockvzctor bv = { 2, { &<cd><cd><cd><cd><cd><cd><cd><cd><cd><cd><cd><cd><cd><cd><cd><cd><cd><cd><cd><cd><cd><cd><cd><cd><cd><cd><cd><cd><cd><cd><cd><cd><cd><cd><cd><cd><cd><cd>a, &b } };
      |                                                                                                       ^~~~
6dea033dc68dc6f0c9399033511edac8b831f0bc.c:550:53: error: stray ‘\315’ in program
  550 |   struct blockvzctor bv = { 2, { &<cd><cd><cd><cd><cd><cd><cd><cd><cd><cd><cd><cd><cd><cd><cd><cd><cd><cd><cd><cd><cd><cd><cd><cd><cd><cd><cd><cd><cd><cd><cd><cd><cd><cd><cd><cd><cd><cd>a, &b } };
      |                                                                                                           ^~~~
6dea033dc68dc6f0c9399033511edac8b831f0bc.c:550:54: error: stray ‘\315’ in program
  550 |   struct blockvzctor bv = { 2, { &<cd><cd><cd><cd><cd><cd><cd><cd><cd><cd><cd><cd><cd><cd><cd><cd><cd><cd><cd><cd><cd><cd><cd><cd><cd><cd><cd><cd><cd><cd><cd><cd><cd><cd><cd><cd><cd><cd>a, &b } };
      |                                                                                                               ^~~~
6dea033dc68dc6f0c9399033511edac8b831f0bc.c:550:55: error: stray ‘\315’ in program
  550 |   struct blockvzctor bv = { 2, { &<cd><cd><cd><cd><cd><cd><cd><cd><cd><cd><cd><cd><cd><cd><cd><cd><cd><cd><cd><cd><cd><cd><cd><cd><cd><cd><cd><cd><cd><cd><cd><cd><cd><cd><cd><cd><cd><cd>a, &b } };
      |                                                                                                                   ^~~~
6dea033dc68dc6f0c9399033511edac8b831f0bc.c:550:56: error: stray ‘\315’ in program
  550 |   struct blockvzctor bv = { 2, { &<cd><cd><cd><cd><cd><cd><cd><cd><cd><cd><cd><cd><cd><cd><cd><cd><cd><cd><cd><cd><cd><cd><cd><cd><cd><cd><cd><cd><cd><cd><cd><cd><cd><cd><cd><cd><cd><cd>a, &b } };
      |                                                                                                                       ^~~~
6dea033dc68dc6f0c9399033511edac8b831f0bc.c:550:57: error: stray ‘\315’ in program
  550 |   struct blockvzctor bv = { 2, { &<cd><cd><cd><cd><cd><cd><cd><cd><cd><cd><cd><cd><cd><cd><cd><cd><cd><cd><cd><cd><cd><cd><cd><cd><cd><cd><cd><cd><cd><cd><cd><cd><cd><cd><cd><cd><cd><cd>a, &b } };
      |                                                                                                                           ^~~~
6dea033dc68dc6f0c9399033511edac8b831f0bc.c:550:58: error: stray ‘\315’ in program
  550 |   struct blockvzctor bv = { 2, { &<cd><cd><cd><cd><cd><cd><cd><cd><cd><cd><cd><cd><cd><cd><cd><cd><cd><cd><cd><cd><cd><cd><cd><cd><cd><cd><cd><cd><cd><cd><cd><cd><cd><cd><cd><cd><cd><cd>a, &b } };
      |                                                                                                                               ^~~~
6dea033dc68dc6f0c9399033511edac8b831f0bc.c:550:59: error: stray ‘\315’ in program
  550 |   struct blockvzctor bv = { 2, { &<cd><cd><cd><cd><cd><cd><cd><cd><cd><cd><cd><cd><cd><cd><cd><cd><cd><cd><cd><cd><cd><cd><cd><cd><cd><cd><cd><cd><cd><cd><cd><cd><cd><cd><cd><cd><cd><cd>a, &b } };
      |                                                                                                                                   ^~~~
6dea033dc68dc6f0c9399033511edac8b831f0bc.c:550:60: error: stray ‘\315’ in program
  550 |   struct blockvzctor bv = { 2, { &<cd><cd><cd><cd><cd><cd><cd><cd><cd><cd><cd><cd><cd><cd><cd><cd><cd><cd><cd><cd><cd><cd><cd><cd><cd><cd><cd><cd><cd><cd><cd><cd><cd><cd><cd><cd><cd><cd>a, &b } };
      |                                                                                                                                       ^~~~
6dea033dc68dc6f0c9399033511edac8b831f0bc.c:550:61: error: stray ‘\315’ in program
  550 |   struct blockvzctor bv = { 2, { &<cd><cd><cd><cd><cd><cd><cd><cd><cd><cd><cd><cd><cd><cd><cd><cd><cd><cd><cd><cd><cd><cd><cd><cd><cd><cd><cd><cd><cd><cd><cd><cd><cd><cd><cd><cd><cd><cd>a, &b } };
      |                                                                                                                                           ^~~~
6dea033dc68dc6f0c9399033511edac8b831f0bc.c:550:62: error: stray ‘\315’ in program
  550 |   struct blockvzctor bv = { 2, { &<cd><cd><cd><cd><cd><cd><cd><cd><cd><cd><cd><cd><cd><cd><cd><cd><cd><cd><cd><cd><cd><cd><cd><cd><cd><cd><cd><cd><cd><cd><cd><cd><cd><cd><cd><cd><cd><cd>a, &b } };
      |                                                                                                                                               ^~~~
6dea033dc68dc6f0c9399033511edac8b831f0bc.c:550:63: error: stray ‘\315’ in program
  550 |   struct blockvzctor bv = { 2, { &<cd><cd><cd><cd><cd><cd><cd><cd><cd><cd><cd><cd><cd><cd><cd><cd><cd><cd><cd><cd><cd><cd><cd><cd><cd><cd><cd><cd><cd><cd><cd><cd><cd><cd><cd><cd><cd><cd>a, &b } };
      |                                                                                                                                                   ^~~~
6dea033dc68dc6f0c9399033511edac8b831f0bc.c:550:64: error: stray ‘\315’ in program
  550 |   struct blockvzctor bv = { 2, { &<cd><cd><cd><cd><cd><cd><cd><cd><cd><cd><cd><cd><cd><cd><cd><cd><cd><cd><cd><cd><cd><cd><cd><cd><cd><cd><cd><cd><cd><cd><cd><cd><cd><cd><cd><cd><cd><cd>a, &b } };
      |                                                                                                                                                       ^~~~
6dea033dc68dc6f0c9399033511edac8b831f0bc.c:550:65: error: stray ‘\315’ in program
  550 |   struct blockvzctor bv = { 2, { &<cd><cd><cd><cd><cd><cd><cd><cd><cd><cd><cd><cd><cd><cd><cd><cd><cd><cd><cd><cd><cd><cd><cd><cd><cd><cd><cd><cd><cd><cd><cd><cd><cd><cd><cd><cd><cd><cd>a, &b } };
      |                                                                                                                                                           ^~~~
6dea033dc68dc6f0c9399033511edac8b831f0bc.c:550:66: error: stray ‘\315’ in program
  550 |   struct blockvzctor bv = { 2, { &<cd><cd><cd><cd><cd><cd><cd><cd><cd><cd><cd><cd><cd><cd><cd><cd><cd><cd><cd><cd><cd><cd><cd><cd><cd><cd><cd><cd><cd><cd><cd><cd><cd><cd><cd><cd><cd><cd>a, &b } };
      |                                                                                                                                                               ^~~~
6dea033dc68dc6f0c9399033511edac8b831f0bc.c:550:67: error: stray ‘\315’ in program
  550 |   struct blockvzctor bv = { 2, { &<cd><cd><cd><cd><cd><cd><cd><cd><cd><cd><cd><cd><cd><cd><cd><cd><cd><cd><cd><cd><cd><cd><cd><cd><cd><cd><cd><cd><cd><cd><cd><cd><cd><cd><cd><cd><cd><cd>a, &b } };
      |                                                                                                                                                                   ^~~~
6dea033dc68dc6f0c9399033511edac8b831f0bc.c:550:68: error: stray ‘\315’ in program
  550 |   struct blockvzctor bv = { 2, { &<cd><cd><cd><cd><cd><cd><cd><cd><cd><cd><cd><cd><cd><cd><cd><cd><cd><cd><cd><cd><cd><cd><cd><cd><cd><cd><cd><cd><cd><cd><cd><cd><cd><cd><cd><cd><cd><cd>a, &b } };
      |                                                                                                                                                                       ^~~~
6dea033dc68dc6f0c9399033511edac8b831f0bc.c:550:69: error: stray ‘\315’ in program
  550 |   struct blockvzctor bv = { 2, { &<cd><cd><cd><cd><cd><cd><cd><cd><cd><cd><cd><cd><cd><cd><cd><cd><cd><cd><cd><cd><cd><cd><cd><cd><cd><cd><cd><cd><cd><cd><cd><cd><cd><cd><cd><cd><cd><cd>a, &b } };
      |                                                                                                                                                                           ^~~~
6dea033dc68dc6f0c9399033511edac8b831f0bc.c:550:70: error: stray ‘\315’ in program
  550 |   struct blockvzctor bv = { 2, { &<cd><cd><cd><cd><cd><cd><cd><cd><cd><cd><cd><cd><cd><cd><cd><cd><cd><cd><cd><cd><cd><cd><cd><cd><cd><cd><cd><cd><cd><cd><cd><cd><cd><cd><cd><cd><cd><cd>a, &b } };
      |                                                                                                                                                                               ^~~~
6dea033dc68dc6f0c9399033511edac8b831f0bc.c:550:71: error: stray ‘\315’ in program
  550 |   struct blockvzctor bv = { 2, { &<cd><cd><cd><cd><cd><cd><cd><cd><cd><cd><cd><cd><cd><cd><cd><cd><cd><cd><cd><cd><cd><cd><cd><cd><cd><cd><cd><cd><cd><cd><cd><cd><cd><cd><cd><cd><cd><cd>a, &b } };
      |                                                                                                                                                                                   ^~~~
6dea033dc68dc6f0c9399033511edac8b831f0bc.c:550:72: error: stray ‘\315’ in program
  550 |   struct blockvzctor bv = { 2, { &<cd><cd><cd><cd><cd><cd><cd><cd><cd><cd><cd><cd><cd><cd><cd><cd><cd><cd><cd><cd><cd><cd><cd><cd><cd><cd><cd><cd><cd><cd><cd><cd><cd><cd><cd><cd><cd><cd>a, &b } };
      |                                                                                                                                                                                       ^~~~
6dea033dc68dc6f0c9399033511edac8b831f0bc.c:550:73: error: ‘a’ undeclared (first use in this function)
  550 |   struct blockvzctor bv = { 2, { &a, &b } };
      |                                                                         ^
6dea033dc68dc6f0c9399033511edac8b831f0bc.c:550:22: error: storage size of ‘bv’ isn’t known
  550 |   struct blockvzctor bv = { 2, { &a, &b } };
      |                      ^~
6dea033dc68dc6f0c9399033511edac8b831f0bc.c:551:11: error: expected ‘{’ before ‘*’ token
  551 |   struct  *symtab s = { &bvk *block[2];
      |           ^
6dea033dc68dc6f0c9399033511edac8b831f0bc.c:554:54: error: unknown type name ‘CORE_ADDR’
  554 | struct blockvector *blockvector_for_pc_sect(register CORE_ADDR pc,
      |                                                      ^~~~~~~~~
6dea033dc68dc6f0c9399033511edac8b831f0bc.c: In function ‘blockvector_for_pc_sect’:
6dea033dc68dc6f0c9399033511edac8b831f0bc.c:561:10: error: stray ‘\21’ in program
  561 |   bl = sy<U+0011>zO<U+0001><U+0010>b<U+0000><U+0000>ockvector;
      |          ^~~~~~~~
6dea033dc68dc6f0c9399033511edac8b831f0bc.c:561:10: error: expected ‘;’ before ‘zO’
  561 |   bl = syzOb  ockvector;
      |          ^~~
      |          ;
6dea033dc68dc6f0c9399033511edac8b831f0bc.c:561:13: error: stray ‘\1’ in program
  561 |   bl = sy<U+0011>zO<U+0001><U+0010>b<U+0000><U+0000>ockvector;
      |                    ^~~~~~~~
6dea033dc68dc6f0c9399033511edac8b831f0bc.c:561:14: error: stray ‘\20’ in program
  561 |   bl = sy<U+0011>zO<U+0001><U+0010>b<U+0000><U+0000>ockvector;
      |                            ^~~~~~~~
6dea033dc68dc6f0c9399033511edac8b831f0bc.c:562:9: error: invalid use of undefined type ‘struct blockvector’
  562 |   b = bl->block[0];
      |         ^~
6dea033dc68dc6f0c9399033511edac8b831f0bc.c:565:11: error: invalid use of undefined type ‘struct blockvector’
  565 |   top = bl->nblocks;
      |           ^~
6dea033dc68dc6f0c9399033511edac8b831f0bc.c:569:33: error: expected expression before ‘struct’
  569 |       half = (top - bot + 1) >> struct { int f; } 1;
      |                                 ^~~~~~
6dea033dc68dc6f0c9399033511edac8b831f0bc.c:570:13: error: invalid use of undefined type ‘struct blockvector’
  570 |       b = bl->block[bot + half];
      |             ^~
6dea033dc68dc6f0c9399033511edac8b831f0bc.c:571:12: error: invalid use of undefined type ‘struct block’
  571 |       if (b->startaddr <= pc)
      |            ^~
6dea033dc68dc6f0c9399033511edac8b831f0bc.c:579:13: error: invalid use of undefined type ‘struct blockvector’
  579 |       b = bl->block[bot];
      |             ^~
6dea033dc68dc6f0c9399033511edac8b831f0bc.c:580:12: error: invalid use of undefined type ‘struct block’
  580 |       if (b->endaddr > pc)
      |            ^~
6dea033dc68dc6f0c9399033511edac8b831f0bc.c:582:11: error: ‘returnS’ undeclared (first use in this function)
  582 |           returnS;
      |           ^~~~~~~
6dea033dc68dc6f0c9399033511edac8b831f0bc.c: In function ‘main’:
6dea033dc68dc6f0c9399033511edac8b831f0bc.c:587:9: error: unknown type name ‘S’
  587 |         S s;
      |         ^
6dea033dc68dc6f0c9399033511edac8b831f0bc.c:589:10: error: request for member ‘x’ in something not a structure or union
  589 |         s.x = 0;
      |          ^
6dea033dc68dc6f0c9399033511edac8b831f0bc.c:590:10: error: expected ‘;’ before ‘bl00000’
  590 |         r bl00000)
      |          ^~~~~~~~
      |          ;
6dea033dc68dc6f0c9399033511edac8b831f0bc.c:590:18: error: expected statement before ‘)’ token
  590 |         r bl00000)
      |                  ^
6dea033dc68dc6f0c9399033511edac8b831f0bc.c:591:5: error: unknown type name ‘gotourceLLo’
  591 |     gotourceLLo lab;
      |     ^~~~~~~~~~~
6dea033dc68dc6f0c9399033511edac8b831f0bc.c: In function ‘blockvector_for_pc_sect’:
6dea033dc68dc6f0c9399033511edac8b831f0bc.c:606:8: error: expected ‘;’ before ‘a’
  606 | int32_t a;
      |        ^~
      |        ;
6dea033dc68dc6f0c9399033511edac8b831f0bc.c:607:1: error: unknown type name ‘st’
  607 | st* corpus/01d3664e71d14fd961a130472 };
      | ^~
6dea033dc68dc6f0c9399033511edac8b831f0bc.c:607:11: error: expected ‘=’, ‘,’, ‘;’, ‘asm’ or ‘__attribute__’ before ‘/’ token
  607 | st* corpus/01d3664e71d14fd961a130472 };
      |           ^
6dea033dc68dc6f0c9399033511edac8b831f0bc.c:607:12: error: invalid suffix "d3664e71d14fd961a130472" on integer constant
  607 | st* corpus/01d3664e71d14fd961a130472 };
      |            ^~~~~~~~~~~~~~~~~~~~~~~~~
6dea033dc68dc6f0c9399033511edac8b831f0bc.c:609:22: error: stray ‘\177’ in program
  609 |   struct blockvector <U+007F>ret;
      |                      ^~~~~~~~
6dea033dc68dc6f0c9399033511edac8b831f0bc.c:609:23: error: storage size of ‘ret’ isn’t known
  609 |   struct blockvector ret;
      |                       ^~~
6dea033dc68dc6f0c9399033511edac8b831f0bc.c:611:33: error: exponent has no digits
  611 |   ret = blockvector_for_pc_sect(0eturn x500, &s);
      |                                 ^~~~~~
6dea033dc68dc6f0c9399033511edac8b831f0bc.c:611:39: error: expected ‘)’ before ‘x500’
  611 |   ret = blockvector_for_pc_sect(0eturn x500, &s);
      |                                ~      ^~~~~
      |                                       )
6dea033dc68dc6f0c9399033511edac8b831f0bc.c:611:9: error: too few arguments to function ‘blockvector_for_pc_sect’
  611 |   ret = blockvector_for_pc_sect(0eturn x500, &s);
      |         ^~~~~~~~~~~~~~~~~~~~~~~
6dea033dc68dc6f0c9399033511edac8b831f0bc.c:554:21: note: declared here
  554 | struct blockvector *blockvector_for_pc_sect(register CORE_ADDR pc,
      |                     ^~~~~~~~~~~~~~~~~~~~~~~
6dea033dc68dc6f0c9399033511edac8b831f0bc.c:613:3: error: ‘rets’ undeclared (first use in this function); did you mean ‘ret’?
  613 |   rets.y();
      |   ^~~~
      |   ret
6dea033dc68dc6f0c9399033511edac8b831f0bc.c:620:8: error: unknown type name ‘L’
  620 | M/eL */L
      |        ^
6dea033dc68dc6f0c9399033511edac8b831f0bc.c:622:4: error: expected ‘=’, ‘,’, ‘;’, ‘asm’ or ‘__attribute__’ before ‘*’ token
  622 | VM */
      |    ^
6dea033dc68dc6f0c9399033511edac8b831f0bc.c:622:4: error: expected declaration or statement at end of input
6dea033dc68dc6f0c9399033511edac8b831f0bc.c:622:4: error: expected declaration or statement at end of input
6dea033dc68dc6f0c9399033511edac8b831f0bc.c: In function ‘c’:
6dea033dc68dc6f0c9399033511edac8b831f0bc.c:622:4: error: expected declaration or statement at end of input
6dea033dc68dc6f0c9399033511edac8b831f0bc.c: In function ‘aw’:
6dea033dc68dc6f0c9399033511edac8b831f0bc.c:622:4: error: expected declaration or statement at end of input
6dea033dc68dc6f0c9399033511edac8b831f0bc.c: In function ‘aw’:
6dea033dc68dc6f0c9399033511edac8b831f0bc.c:622:4: error: expected declaration or statement at end of input
6dea033dc68dc6f0c9399033511edac8b831f0bc.c:622:4: error: expected declaration or statement at end of input
6dea033dc68dc6f0c9399033511edac8b831f0bc.c:622:4: error: expected declaration or statement at end of input
6dea033dc68dc6f0c9399033511edac8b831f0bc.c: In function ‘aw’:
6dea033dc68dc6f0c9399033511edac8b831f0bc.c:422:26: internal compiler error: tree check: expected array_type, have error_mark in array_ref_low_bound, at tree.cc:12479
  422 |       if (bc.c < g.d <= a[7])
      |                         ~^~~
0x7e3fd0 tree_check_failed(tree_node const*, char const*, int, char const*, ...)
	.././../gcc-source/gcc/tree.cc:8688
0x7edb6d tree_check(tree_node*, char const*, int, char const*, tree_code)
	.././../gcc-source/gcc/tree.h:3450
0x7edb6d array_ref_low_bound(tree_node*)
	.././../gcc-source/gcc/tree.cc:12479
0xc310ef gimplify_compound_lval
	.././../gcc-source/gcc/gimplify.cc:3204
0xc2a904 gimplify_expr(tree_node**, gimple**, gimple**, bool (*)(tree_node*), int)
	.././../gcc-source/gcc/gimplify.cc:15008
0xc2adaa gimplify_expr(tree_node**, gimple**, gimple**, bool (*)(tree_node*), int)
	.././../gcc-source/gcc/gimplify.cc:15835
0xc3a02b gimplify_cond_expr
	.././../gcc-source/gcc/gimplify.cc:4404
0xc2b840 gimplify_expr(tree_node**, gimple**, gimple**, bool (*)(tree_node*), int)
	.././../gcc-source/gcc/gimplify.cc:15013
0xc2e7f6 gimplify_stmt(tree_node**, gimple**)
	.././../gcc-source/gcc/gimplify.cc:7111
0xc2b8eb gimplify_statement_list
	.././../gcc-source/gcc/gimplify.cc:2019
0xc2b8eb gimplify_expr(tree_node**, gimple**, gimple**, bool (*)(tree_node*), int)
	.././../gcc-source/gcc/gimplify.cc:15501
0xc2e7f6 gimplify_stmt(tree_node**, gimple**)
	.././../gcc-source/gcc/gimplify.cc:7111
0xc2efb4 gimplify_bind_expr
	.././../gcc-source/gcc/gimplify.cc:1428
0xc2b891 gimplify_expr(tree_node**, gimple**, gimple**, bool (*)(tree_node*), int)
	.././../gcc-source/gcc/gimplify.cc:15257
0xc2e7f6 gimplify_stmt(tree_node**, gimple**)
	.././../gcc-source/gcc/gimplify.cc:7111
0xc3a7fe gimplify_cond_expr
	.././../gcc-source/gcc/gimplify.cc:4468
0xc2b840 gimplify_expr(tree_node**, gimple**, gimple**, bool (*)(tree_node*), int)
	.././../gcc-source/gcc/gimplify.cc:15013
0xc2e7f6 gimplify_stmt(tree_node**, gimple**)
	.././../gcc-source/gcc/gimplify.cc:7111
0xc2b8eb gimplify_statement_list
	.././../gcc-source/gcc/gimplify.cc:2019
0xc2b8eb gimplify_expr(tree_node**, gimple**, gimple**, bool (*)(tree_node*), int)
	.././../gcc-source/gcc/gimplify.cc:15501
Please submit a full bug report, with preprocessed source (by using -freport-bug).
Please include the complete backtrace with any bug report.
See <https://gcc.gnu.org/bugs/> for instructions.
