50921a25f85beeb1168cb7ed6a8a3e3dc38d5284.c: In function â€˜barâ€™:
50921a25f85beeb1168cb7ed6a8a3e3dc38d5284.c:26:38: error: subscripted value is neither array nor pointer nor vector
   26 |   th = ((unsigned long long) in->u[3u[1] = ol >> 32;
      |                                      ^
50921a25f85beeb1168cb7ed6a8a3e3dc38d5284.c:26:52: error: expected â€˜]â€™ before â€˜;â€™ token
   26 |   th = ((unsigned long long) in->u[3u[1] = ol >> 32;
      |                                                    ^
      |                                                    ]
50921a25f85beeb1168cb7ed6a8a3e3dc38d5284.c:29:18: error: expected â€˜)â€™ before â€˜}â€™ token
   29 |   out->u[2] = oh;
      |                  ^
      |                  )
   30 | }
      | ~                 
50921a25f85beeb1168cb7ed6a8a3e3dc38d5284.c:26:8: note: to match this â€˜(â€™
   26 |   th = ((unsigned long long) in->u[3u[1] = ol >> 32;
      |        ^
50921a25f85beeb1168cb7ed6a8a3e3dc38d5284.c:29:18: error: expected â€˜;â€™ before â€˜}â€™ token
   29 |   out->u[2] = oh;
      |                  ^
      |                  ;
   30 | }
      | ~                 
50921a25f85beeb1168cb7ed6a8a3e3dc38d5284.c: At top level:
50921a25f85beeb1168cb7ed6a8a3e3dc38d5284.c:33:1: error: redefinition of â€˜barâ€™
   33 | bar (struct S *out, struct S const *in, int shift)
      | ^~~
50921a25f85beeb1168cb7ed6a8a3e3dc38d5284.c:23:1: note: previous definition of â€˜barâ€™ with type â€˜void(struct S *, const struct S *, int)â€™
   23 | bar (struct S *out, struct S const *in, int shift)
      | ^~~
50921a25f85beeb1168cb7ed6a8a3e3dc38d5284.c: In function â€˜barâ€™:
50921a25f85beeb1168cb7ed6a8a3e3dc38d5284.c:41:10: error: expected â€˜;â€™ before â€˜)â€™ token
   41 | shift * 8);
      |          ^
      |          ;
50921a25f85beeb1168cb7ed6a8a3e3dc38d5284.c:41:10: error: expected statement before â€˜)â€™ token
50921a25f85beeb1168cb7ed6a8a3e3dc38d5284.c: At top level:
50921a25f85beeb1168cb7ed6a8a3e3dc38d5284.c:49:1: error: redefinition of â€˜barâ€™
   49 | bar (struct S *out, struct S const *in, int shift)
      | ^~~
50921a25f85beeb1168cb7ed6a8a3e3dc38d5284.c:33:1: note: previous definition of â€˜barâ€™ with type â€˜void(struct S *, const struct S *, int)â€™
   33 | bar (struct S *out, struct S const *in, int shift)
      | ^~~
In file included from 50921a25f85beeb1168cb7ed6a8a3e3dc38d5284.c:90:
/home/user42/data/gcc-csmith-1201/gcc-install/lib/gcc/x86_64-pc-linux-gnu/12.0.1/include/stdarg.h: In function â€˜mainâ€™:
/home/user42/data/gcc-csmith-1201/gcc-install/lib/gcc/x86_64-pc-linux-gnu/12.0.1/include/stdarg.h:40:1: error: expected expression before â€˜typedefâ€™
   40 | typedef __builtin_va_list __gnuc_va_list;
      | ^~~~~~~
/home/user42/data/gcc-csmith-1201/gcc-install/lib/gcc/x86_64-pc-linux-gnu/12.0.1/include/stdarg.h:99:9: error: unknown type name â€˜__gnuc_va_listâ€™
   99 | typedef __gnuc_va_list va_list;
      |         ^~~~~~~~~~~~~~
50921a25f85beeb1168cb7ed6a8a3e3dc38d5284.c:92:5: error: conflicting types for â€˜aâ€™; have â€˜intâ€™
   92 | int a, b;
      |     ^
50921a25f85beeb1168cb7ed6a8a3e3dc38d5284.c:78:12: note: previous definition of â€˜aâ€™ with type â€˜struct S[6]â€™
   78 |   struct S a[] = { { 0x000004d3, 0xbc5448db, 0xf22bde9f, 0xebb44f8f },
      |            ^
50921a25f85beeb1168cb7ed6a8a3e3dc38d5284.c:93:12: error: expected â€˜=â€™, â€˜,â€™, â€˜;â€™, â€˜asmâ€™ or â€˜__attribute__â€™ before â€˜tâ€™
   93 | char c[128]t
      |            ^
50921a25f85beeb1168cb7ed6a8a3e3dc38d5284.c:93:12: error: unknown type name â€˜tâ€™
50921a25f85beeb1168cb7ed6a8a3e3dc38d5284.c:94:4: error: unknown type name â€˜__â€™
   94 | ta;__
      |    ^~
50921a25f85beeb1168cb7ed6a8a3e3dc38d5284.c:95:10: error: expected declaration specifiers or â€˜...â€™ before â€˜(â€™ token
   95 | ribute__((noinline, noclone)) static void
      |          ^
50921a25f85beeb1168cb7ed6a8a3e3dc38d5284.c:113:30: error: expected â€˜;â€™ before â€˜)â€™ token
  113 | /* ProgramSourceLLVM */ "foo") != 0
      |                              ^
      |                              ;
50921a25f85beeb1168cb7ed6a8a3e3dc38d5284.c:113:30: error: expected statement before â€˜)â€™ token
50921a25f85beeb1168cb7ed6a8a3e3dc38d5284.c:113:32: error: expected expression before â€˜!=â€™ token
  113 | /* ProgramSourceLLVM */ "foo") != 0
      |                                ^~
50921a25f85beeb1168cb7ed6a8a3e3dc38d5284.c:116:3: error: â€˜outâ€™ undeclared (first use in this function)
  116 |   out->u[0] = ol;
      |   ^~~
50921a25f85beeb1168cb7ed6a8a3e3dc38d5284.c:116:3: note: each undeclared identifier is reported only once for each function it appears in
50921a25f85beeb1168cb7ed6a8a3e3dc38d5284.c:116:15: error: â€˜olâ€™ undeclared (first use in this function)
  116 |   out->u[0] = ol;
      |               ^~
50921a25f85beeb1168cb7ed6a8a3e3dc38d5284.c:117:15: error: â€˜ohâ€™ undeclared (first use in this function)
  117 |   out->u[3] = oh >> 32;
      |               ^~
50921a25f85beeb1168cb7ed6a8a3e3dc38d5284.c: At top level:
50921a25f85beeb1168cb7ed6a8a3e3dc38d5284.c:122:1: error: redefinition of â€˜bazâ€™
  122 | baz (struct S *r, struct S *a, struct S *b, struct S *c, struct S *d)
      | ^~~
50921a25f85beeb1168cb7ed6a8a3e3dc38d5284.c:64:1: note: previous definition of â€˜bazâ€™ with type â€˜void(struct S *, struct S *, struct S *, struct S *, struct S *)â€™
   64 | baz (struct S *r, struct S *a, struct S *b, struct S *c, struct S *d)
      | ^~~
50921a25f85beeb1168cb7ed6a8a3e3dc38d5284.c: In function â€˜bazâ€™:
50921a25f85beeb1168cb7ed6a8a3e3dc38d5284.c:130:41: error: subscripted value is neither array nor pointer nor vector
  130 |   r->u[3] = a->u[3] ^ x.u[3] ^ ((b->u[3u[1] = ol >> 32;
      |                                         ^
50921a25f85beeb1168cb7ed6a8a3e3dc38d5284.c:130:47: error: â€˜olâ€™ undeclared (first use in this function)
  130 |   r->u[3] = a->u[3] ^ x.u[3] ^ ((b->u[3u[1] = ol >> 32;
      |                                               ^~
50921a25f85beeb1168cb7ed6a8a3e3dc38d5284.c:130:55: error: expected â€˜]â€™ before â€˜;â€™ token
  130 |   r->u[3] = a->u[3] ^ x.u[3] ^ ((b->u[3u[1] = ol >> 32;
      |                                                       ^
      |                                                       ]
50921a25f85beeb1168cb7ed6a8a3e3dc38d5284.c:133:18: error: expected â€˜)â€™ before â€˜}â€™ token
  133 |   out->u[2] = oh;
      |                  ^
      |                  )
  134 | }
      | ~                 
50921a25f85beeb1168cb7ed6a8a3e3dc38d5284.c:130:33: note: to match this â€˜(â€™
  130 |   r->u[3] = a->u[3] ^ x.u[3] ^ ((b->u[3u[1] = ol >> 32;
      |                                 ^
50921a25f85beeb1168cb7ed6a8a3e3dc38d5284.c:133:18: error: expected â€˜)â€™ before â€˜}â€™ token
  133 |   out->u[2] = oh;
      |                  ^
      |                  )
  134 | }
      | ~                 
50921a25f85beeb1168cb7ed6a8a3e3dc38d5284.c:130:32: note: to match this â€˜(â€™
  130 |   r->u[3] = a->u[3] ^ x.u[3] ^ ((b->u[3u[1] = ol >> 32;
      |                                ^
50921a25f85beeb1168cb7ed6a8a3e3dc38d5284.c:133:18: error: expected â€˜;â€™ before â€˜}â€™ token
  133 |   out->u[2] = oh;
      |                  ^
      |                  ;
  134 | }
      | ~                 
50921a25f85beeb1168cb7ed6a8a3e3dc38d5284.c: At top level:
50921a25f85beeb1168cb7ed6a8a3e3dc38d5284.c:137:1: error: redefinition of â€˜barâ€™
  137 | bar (struct S *out, struct S const *in, int shift)
      | ^~~
50921a25f85beeb1168cb7ed6a8a3e3dc38d5284.c:49:1: note: previous definition of â€˜barâ€™ with type â€˜void(struct S *, const struct S *, int)â€™
   49 | bar (struct S *out, struct S const *in, int shift)
      | ^~~
50921a25f85beeb1168cb7ed6a8a3e3dc38d5284.c: In function â€˜barâ€™:
50921a25f85beeb1168cb7ed6a8a3e3dc38d5284.c:141:23: error: expected â€˜)â€™ before â€˜lonfâ€™
  141 |   tl = ((unsigned long lonf) in->u[1] << 32) | in->u[0];
      |         ~             ^~~~~
      |                       )
50921a25f85beeb1168cb7ed6a8a3e3dc38d5284.c:145:10: error: expected â€˜;â€™ before â€˜)â€™ token
  145 | shift * 8);
      |          ^
      |          ;
50921a25f85beeb1168cb7ed6a8a3e3dc38d5284.c:145:10: error: expected statement before â€˜)â€™ token
50921a25f85beeb1168cb7ed6a8a3e3dc38d5284.c: At top level:
50921a25f85beeb1168cb7ed6a8a3e3dc38d5284.c:153:1: error: redefinition of â€˜barâ€™
  153 | bar (struct S *out, struct S const *in, int shift)
      | ^~~
50921a25f85beeb1168cb7ed6a8a3e3dc38d5284.c:137:1: note: previous definition of â€˜barâ€™ with type â€˜void(struct S *, const struct S *, int)â€™
  137 | bar (struct S *out, struct S const *in, int shift)
      | ^~~
50921a25f85beeb1168cb7ed6a8a3e3dc38d5284.c:168:1: error: redefinition of â€˜bazâ€™
  168 | baz (struct S *r, struct S *a, struct S *b, struct S *c, struct S *d)
      | ^~~
50921a25f85beeb1168cb7ed6a8a3e3dc38d5284.c:122:1: note: previous definition of â€˜bazâ€™ with type â€˜void(struct S *, struct S *, struct S *, struct S *, struct S *)â€™
  122 | baz (struct S *r, struct S *a, struct S *b, struct S *c, struct S *d)
      | ^~~
50921a25f85beeb1168cb7ed6a8a3e3dc38d5284.c:180:1: error: redefinition of â€˜mainâ€™
  180 | main ()
      | ^~~~
50921a25f85beeb1168cb7ed6a8a3e3dc38d5284.c:76:1: note: previous definition of â€˜mainâ€™ with type â€˜int()â€™
   76 | main ()
      | ^~~~
50921a25f85beeb1168cb7ed6a8a3e3dc38d5284.c: In function â€˜mainâ€™:
50921a25f85beeb1168cb7ed6a8a3e3dc38d5284.c:196:1: error: expected expression before â€˜intâ€™
  196 | int a, b;
      | ^~~
50921a25f85beeb1168cb7ed6a8a3e3dc38d5284.c:197:12: error: expected â€˜=â€™, â€˜,â€™, â€˜;â€™, â€˜asmâ€™ or â€˜__attribute__â€™ before â€˜tâ€™
  197 | char c[128]t
      |            ^
50921a25f85beeb1168cb7ed6a8a3e3dc38d5284.c:197:12: error: unknown type name â€˜tâ€™
50921a25f85beeb1168cb7ed6a8a3e3dc38d5284.c:198:4: error: unknown type name â€˜__â€™
  198 | ta;__
      |    ^~
50921a25f85beeb1168cb7ed6a8a3e3dc38d5284.c:199:10: error: expected declaration specifiers or â€˜...â€™ before â€˜(â€™ token
  199 | ribute__((noinline, noclone)) static void
      |          ^
50921a25f85beeb1168cb7ed6a8a3e3dc38d5284.c:210:2: error: #else without #if
  210 | #else
      |  ^~~~
50921a25f85beeb1168cb7ed6a8a3e3dc38d5284.c:216:2: error: #endif without #if
  216 | #endif
      |  ^~~~~
50921a25f85beeb1168cb7ed6a8a3e3dc38d5284.c:217:30: error: expected â€˜;â€™ before â€˜)â€™ token
  217 | /* ProgramSourceLLVM */ "foo") != 0
      |                              ^
      |                              ;
50921a25f85beeb1168cb7ed6a8a3e3dc38d5284.c:217:30: error: expected statement before â€˜)â€™ token
50921a25f85beeb1168cb7ed6a8a3e3dc38d5284.c:217:32: error: expected expression before â€˜!=â€™ token
  217 | /* ProgramSourceLLVM */ "foo") != 0
      |                                ^~
50921a25f85beeb1168cb7ed6a8a3e3dc38d5284.c:220:3: error: â€˜outâ€™ undeclared (first use in this function)
  220 |   out->u[0] = ol;
      |   ^~~
50921a25f85beeb1168cb7ed6a8a3e3dc38d5284.c:220:15: error: â€˜olâ€™ undeclared (first use in this function)
  220 |   out->u[0] = ol;
      |               ^~
50921a25f85beeb1168cb7ed6a8a3e3dc38d5284.c:221:15: error: â€˜ohâ€™ undeclared (first use in this function)
  221 |   out->u[3] = oh >> 32;
      |               ^~
50921a25f85beeb1168cb7ed6a8a3e3dc38d5284.c: At top level:
50921a25f85beeb1168cb7ed6a8a3e3dc38d5284.c:226:1: error: redefinition of â€˜bazâ€™
  226 | baz (struct S *r, struct S *a, struct S *b, struct S *c, struct S *d)
      | ^~~
50921a25f85beeb1168cb7ed6a8a3e3dc38d5284.c:168:1: note: previous definition of â€˜bazâ€™ with type â€˜void(struct S *, struct S *, struct S *, struct S *, struct S *)â€™
  168 | baz (struct S *r, struct S *a, struct S *b, struct S *c, struct S *d)
      | ^~~
50921a25f85beeb1168cb7ed6a8a3e3dc38d5284.c:238:1: error: redefinition of â€˜mainâ€™
  238 | main ()
      | ^~~~
50921a25f85beeb1168cb7ed6a8a3e3dc38d5284.c:76:1: note: previous definition of â€˜mainâ€™ with type â€˜int()â€™
   76 | main ()
      | ^~~~
50921a25f85beeb1168cb7ed6a8a3e3dc38d5284.c: In function â€˜mainâ€™:
50921a25f85beeb1168cb7ed6a8a3e3dc38d5284.c:328:1: error: expected expression before â€˜intâ€™
  328 | int a, b;
      | ^~~
50921a25f85beeb1168cb7ed6a8a3e3dc38d5284.c:329:12: error: expected â€˜=â€™, â€˜,â€™, â€˜;â€™, â€˜asmâ€™ or â€˜__attribute__â€™ before â€˜tâ€™
  329 | char c[128]t
      |            ^
50921a25f85beeb1168cb7ed6a8a3e3dc38d5284.c:329:12: error: unknown type name â€˜tâ€™
50921a25f85beeb1168cb7ed6a8a3e3dc38d5284.c:330:4: error: unknown type name â€˜__â€™
  330 | ta;__
      |    ^~
50921a25f85beeb1168cb7ed6a8a3e3dc38d5284.c:331:10: error: expected declaration specifiers or â€˜...â€™ before â€˜(â€™ token
  331 | ribute__((noinline, noclone)) static void
      |          ^
50921a25f85beeb1168cb7ed6a8a3e3dc38d5284.c:342:2: error: #else without #if
  342 | #else
      |  ^~~~
50921a25f85beeb1168cb7ed6a8a3e3dc38d5284.c:348:2: error: #endif without #if
  348 | #endif
      |  ^~~~~
50921a25f85beeb1168cb7ed6a8a3e3dc38d5284.c:349:30: error: expected â€˜;â€™ before â€˜)â€™ token
  349 | /* ProgramSourceLLVM */ "foo") != 0
      |                              ^
      |                              ;
50921a25f85beeb1168cb7ed6a8a3e3dc38d5284.c:349:30: error: expected statement before â€˜)â€™ token
50921a25f85beeb1168cb7ed6a8a3e3dc38d5284.c:349:32: error: expected expression before â€˜!=â€™ token
  349 | /* ProgramSourceLLVM */ "foo") != 0
      |                                ^~
50921a25f85beeb1168cb7ed6a8a3e3dc38d5284.c:352:3: error: â€˜outâ€™ undeclared (first use in this function)
  352 |   out->u[0] = ol;
      |   ^~~
50921a25f85beeb1168cb7ed6a8a3e3dc38d5284.c:352:15: error: â€˜olâ€™ undeclared (first use in this function)
  352 |   out->u[0] = ol;
      |               ^~
50921a25f85beeb1168cb7ed6a8a3e3dc38d5284.c:353:15: error: â€˜ohâ€™ undeclared (first use in this function)
  353 |   out->u[3] = oh >> 32;
      |               ^~
50921a25f85beeb1168cb7ed6a8a3e3dc38d5284.c: At top level:
50921a25f85beeb1168cb7ed6a8a3e3dc38d5284.c:358:1: error: redefinition of â€˜bazâ€™
  358 | baz (struct S *r, struct S *a, struct S *b, struct S *c, struct S *d)
      | ^~~
50921a25f85beeb1168cb7ed6a8a3e3dc38d5284.c:226:1: note: previous definition of â€˜bazâ€™ with type â€˜void(struct S *, struct S *, struct S *, struct S *, struct S *)â€™
  226 | baz (struct S *r, struct S *a, struct S *b, struct S *c, struct S *d)
      | ^~~
50921a25f85beeb1168cb7ed6a8a3e3dc38d5284.c: In function â€˜bazâ€™:
50921a25f85beeb1168cb7ed6a8a3e3dc38d5284.c:366:41: error: subscripted value is neither array nor pointer nor vector
  366 |   r->u[3] = a->u[3] ^ x.u[3] ^ ((b->u[3u[1] = ol >> 32;
      |                                         ^
50921a25f85beeb1168cb7ed6a8a3e3dc38d5284.c:366:47: error: â€˜olâ€™ undeclared (first use in this function)
  366 |   r->u[3] = a->u[3] ^ x.u[3] ^ ((b->u[3u[1] = ol >> 32;
      |                                               ^~
50921a25f85beeb1168cb7ed6a8a3e3dc38d5284.c:366:55: error: expected â€˜]â€™ before â€˜;â€™ token
  366 |   r->u[3] = a->u[3] ^ x.u[3] ^ ((b->u[3u[1] = ol >> 32;
      |                                                       ^
      |                                                       ]
50921a25f85beeb1168cb7ed6a8a3e3dc38d5284.c:369:18: error: expected â€˜)â€™ before â€˜}â€™ token
  369 |   out->u[2] = oh;
      |                  ^
      |                  )
  370 | }
      | ~                 
50921a25f85beeb1168cb7ed6a8a3e3dc38d5284.c:366:33: note: to match this â€˜(â€™
  366 |   r->u[3] = a->u[3] ^ x.u[3] ^ ((b->u[3u[1] = ol >> 32;
      |                                 ^
50921a25f85beeb1168cb7ed6a8a3e3dc38d5284.c:369:18: error: expected â€˜)â€™ before â€˜}â€™ token
  369 |   out->u[2] = oh;
      |                  ^
      |                  )
  370 | }
      | ~                 
50921a25f85beeb1168cb7ed6a8a3e3dc38d5284.c:366:32: note: to match this â€˜(â€™
  366 |   r->u[3] = a->u[3] ^ x.u[3] ^ ((b->u[3u[1] = ol >> 32;
      |                                ^
50921a25f85beeb1168cb7ed6a8a3e3dc38d5284.c:369:18: error: expected â€˜;â€™ before â€˜}â€™ token
  369 |   out->u[2] = oh;
      |                  ^
      |                  ;
  370 | }
      | ~                 
50921a25f85beeb1168cb7ed6a8a3e3dc38d5284.c: At top level:
50921a25f85beeb1168cb7ed6a8a3e3dc38d5284.c:373:1: error: redefinition of â€˜barâ€™
  373 | bar (struct S *out, struct S const *in, int shift)
      | ^~~
50921a25f85beeb1168cb7ed6a8a3e3dc38d5284.c:153:1: note: previous definition of â€˜barâ€™ with type â€˜void(struct S *, const struct S *, int)â€™
  153 | bar (struct S *out, struct S const *in, int shift)
      | ^~~
50921a25f85beeb1168cb7ed6a8a3e3dc38d5284.c: In function â€˜barâ€™:
50921a25f85beeb1168cb7ed6a8a3e3dc38d5284.c:377:23: error: expected â€˜)â€™ before â€˜lonfâ€™
  377 |   tl = ((unsigned long lonf) in->u[1] << 32) | in->u[0];
      |         ~             ^~~~~
      |                       )
50921a25f85beeb1168cb7ed6a8a3e3dc38d5284.c:381:10: error: expected â€˜;â€™ before â€˜)â€™ token
  381 | shift * 8);
      |          ^
      |          ;
50921a25f85beeb1168cb7ed6a8a3e3dc38d5284.c:381:10: error: expected statement before â€˜)â€™ token
50921a25f85beeb1168cb7ed6a8a3e3dc38d5284.c: At top level:
50921a25f85beeb1168cb7ed6a8a3e3dc38d5284.c:389:1: error: redefinition of â€˜barâ€™
  389 | bar (struct S *out, struct S const *in, int shift)
      | ^~~
50921a25f85beeb1168cb7ed6a8a3e3dc38d5284.c:373:1: note: previous definition of â€˜barâ€™ with type â€˜void(struct S *, const struct S *, int)â€™
  373 | bar (struct S *out, struct S const *in, int shift)
      | ^~~
50921a25f85beeb1168cb7ed6a8a3e3dc38d5284.c:404:1: error: redefinition of â€˜bazâ€™
  404 | baz (struct S *r, struct S *a, struct S *b, struct S *c, struct S *d)
      | ^~~
50921a25f85beeb1168cb7ed6a8a3e3dc38d5284.c:358:1: note: previous definition of â€˜bazâ€™ with type â€˜void(struct S *, struct S *, struct S *, struct S *, struct S *)â€™
  358 | baz (struct S *r, struct S *a, struct S *b, struct S *c, struct S *d)
      | ^~~
50921a25f85beeb1168cb7ed6a8a3e3dc38d5284.c:416:1: error: redefinition of â€˜mainâ€™
  416 | main ()
      | ^~~~
50921a25f85beeb1168cb7ed6a8a3e3dc38d5284.c:76:1: note: previous definition of â€˜mainâ€™ with type â€˜int()â€™
   76 | main ()
      | ^~~~
50921a25f85beeb1168cb7ed6a8a3e3dc38d5284.c: In function â€˜mainâ€™:
50921a25f85beeb1168cb7ed6a8a3e3dc38d5284.c:432:1: error: expected expression before â€˜intâ€™
  432 | int a, b;
      | ^~~
50921a25f85beeb1168cb7ed6a8a3e3dc38d5284.c:433:12: error: expected â€˜=â€™, â€˜,â€™, â€˜;â€™, â€˜asmâ€™ or â€˜__attribute__â€™ before â€˜tâ€™
  433 | char c[128]t
      |            ^
50921a25f85beeb1168cb7ed6a8a3e3dc38d5284.c:433:12: error: unknown type name â€˜tâ€™
50921a25f85beeb1168cb7ed6a8a3e3dc38d5284.c:434:4: error: unknown type name â€˜__â€™
  434 | ta;__
      |    ^~
50921a25f85beeb1168cb7ed6a8a3e3dc38d5284.c:435:10: error: expected declaration specifiers or â€˜...â€™ before â€˜(â€™ token
  435 | ribute__((noinline, noclone)) static void
      |          ^
50921a25f85beeb1168cb7ed6a8a3e3dc38d5284.c:446:2: error: #else without #if
  446 | #else
      |  ^~~~
50921a25f85beeb1168cb7ed6a8a3e3dc38d5284.c:452:2: error: #endif without #if
  452 | #endif
      |  ^~~~~
50921a25f85beeb1168cb7ed6a8a3e3dc38d5284.c:453:30: error: expected â€˜;â€™ before â€˜)â€™ token
  453 | /* ProgramSourceLLVM */ "foo") != 0
      |                              ^
      |                              ;
50921a25f85beeb1168cb7ed6a8a3e3dc38d5284.c:453:30: error: expected statement before â€˜)â€™ token
50921a25f85beeb1168cb7ed6a8a3e3dc38d5284.c:453:32: error: expected expression before â€˜!=â€™ token
  453 | /* ProgramSourceLLVM */ "foo") != 0
      |                                ^~
50921a25f85beeb1168cb7ed6a8a3e3dc38d5284.c:456:3: error: â€˜outâ€™ undeclared (first use in this function)
  456 |   out->u[0] = ol;
      |   ^~~
50921a25f85beeb1168cb7ed6a8a3e3dc38d5284.c:456:15: error: â€˜olâ€™ undeclared (first use in this function)
  456 |   out->u[0] = ol;
      |               ^~
50921a25f85beeb1168cb7ed6a8a3e3dc38d5284.c:457:15: error: â€˜ohâ€™ undeclared (first use in this function)
  457 |   out->u[3] = oh >> 32;
      |               ^~
50921a25f85beeb1168cb7ed6a8a3e3dc38d5284.c: At top level:
50921a25f85beeb1168cb7ed6a8a3e3dc38d5284.c:462:1: error: redefinition of â€˜bazâ€™
  462 | baz (struct S *r, struct S *a, struct S *b, struct S *c, struct S *d)
      | ^~~
50921a25f85beeb1168cb7ed6a8a3e3dc38d5284.c:404:1: note: previous definition of â€˜bazâ€™ with type â€˜void(struct S *, struct S *, struct S *, struct S *, struct S *)â€™
  404 | baz (struct S *r, struct S *a, struct S *b, struct S *c, struct S *d)
      | ^~~
50921a25f85beeb1168cb7ed6a8a3e3dc38d5284.c: In function â€˜bazâ€™:
50921a25f85beeb1168cb7ed6a8a3e3dc38d5284.c:469:68: error: stray â€˜\244â€™ in program
  469 |   r->u[2] = a->u[2] ^ x.u[2] ^ ((b->u[2] >> 11) & 0xbffaffffU) ^ y<U+048A><a4><c3>] ^ (d->u[2] << 18);
      |                                                                           ^~~~
50921a25f85beeb1168cb7ed6a8a3e3dc38d5284.c:469:69: error: stray â€˜\303â€™ in program
  469 |   r->u[2] = a->u[2] ^ x.u[2] ^ ((b->u[2] >> 11) & 0xbffaffffU) ^ y<U+048A><a4><c3>] ^ (d->u[2] << 18);
      |                                                                               ^~~~
50921a25f85beeb1168cb7ed6a8a3e3dc38d5284.c:469:66: error: â€˜yÒŠâ€™ undeclared (first use in this function)
  469 |   r->u[2] = a->u[2] ^ x.u[2] ^ ((b->u[2] >> 11) & 0xbffaffffU) ^ yÒŠ¤Ã] ^ (d->u[2] << 18);
      |                                                                  ^~
50921a25f85beeb1168cb7ed6a8a3e3dc38d5284.c:469:68: error: expected â€˜;â€™ before â€˜]â€™ token
  469 |   r->u[2] = a->u[2] ^ x.u[2] ^ ((b->u[2] >> 11) & 0xbffaffffU) ^ yÒŠ¤Ã] ^ (d->u[2] << 18);
      |                                                                    ^ ~
      |                                                                    ;
50921a25f85beeb1168cb7ed6a8a3e3dc38d5284.c:469:70: error: expected statement before â€˜]â€™ token
  469 |   r->u[2] = a->u[2] ^ x.u[2] ^ ((b->u[2] >> 11) & 0xbffaffffU) ^ yÒŠ¤Ã] ^ (d->u[2] << 18);
      |                                                                      ^
50921a25f85beeb1168cb7ed6a8a3e3dc38d5284.c:469:72: error: expected expression before â€˜^â€™ token
  469 |   r->u[2] = a->u[2] ^ x.u[2] ^ ((b->u[2] >> 11) & 0xbffaffffU) ^ yÒŠ¤Ã] ^ (d->u[2] << 18);
      |                                                                        ^
50921a25f85beeb1168cb7ed6a8a3e3dc38d5284.c: At top level:
50921a25f85beeb1168cb7ed6a8a3e3dc38d5284.c:474:1: error: redefinition of â€˜mainâ€™
  474 | main ()
      | ^~~~
50921a25f85beeb1168cb7ed6a8a3e3dc38d5284.c:76:1: note: previous definition of â€˜mainâ€™ with type â€˜int()â€™
   76 | main ()
      | ^~~~
50921a25f85beeb1168cb7ed6a8a3e3dc38d5284.c: In function â€˜mainâ€™:
50921a25f85beeb1168cb7ed6a8a3e3dc38d5284.c:478:46: error: â€˜dfecb7fUâ€™ undeclared (first use in this function)
  478 |                    { 0x15a38518, 0xcf655ce1, dfecb7fU) ^ y.u[1] ^ (d->u[1] << 18);
      |                                              ^~~~~~~~
50921a25f85beeb1168cb7ed6a8a3e3dc38d5284.c:478:54: error: expected â€˜}â€™ before â€˜)â€™ token
  478 |                    { 0x15a38518, 0xcf655ce1, dfecb7fU) ^ y.u[1] ^ (d->u[1] << 18);
      |                    ~                                 ^
50921a25f85beeb1168cb7ed6a8a3e3dc38d5284.c:478:54: error: expected â€˜}â€™ before â€˜)â€™ token
50921a25f85beeb1168cb7ed6a8a3e3dc38d5284.c:476:18: note: to match this â€˜{â€™
  476 |   struct S a[] = { { 0x000004d3, 0xbc5448db, 0xf22bde9f, 0xebb44f8f },
      |                  ^
50921a25f85beeb1168cb7ed6a8a3e3dc38d5284.c:478:54: error: expected â€˜,â€™ or â€˜;â€™ before â€˜)â€™ token
  478 |                    { 0x15a38518, 0xcf655ce1, dfecb7fU) ^ y.u[1] ^ (d->u[1] << 18);
      |                                                      ^
50921a25f85beeb1168cb7ed6a8a3e3dc38d5284.c:479:3: error: â€˜râ€™ undeclared (first use in this function)
  479 |   r->u[2] = a->u[2] ^ x.u[2] ^ ((b->u[2] >> 11) & 0xbffaffffU) ^ y.u[2] ^ (d->u[2] << 18);
      |   ^
50921a25f85beeb1168cb7ed6a8a3e3dc38d5284.c:479:23: error: â€˜xâ€™ undeclared (first use in this function)
  479 |   r->u[2] = a->u[2] ^ x.u[2] ^ ((b->u[2] >> 11) & 0xbffaffffU) ^ y.u[2] ^ (d->u[2] << 18);
      |                       ^
50921a25f85beeb1168cb7ed6a8a3e3dc38d5284.c:479:34: error: â€˜bâ€™ undeclared (first use in this function)
  479 |   r->u[2] = a->u[2] ^ x.u[2] ^ ((b->u[2] >> 11) & 0xbffaffffU) ^ y.u[2] ^ (d->u[2] << 18);
      |                                  ^
50921a25f85beeb1168cb7ed6a8a3e3dc38d5284.c:479:66: error: â€˜yâ€™ undeclared (first use in this function)
  479 |   r->u[2] = a->u[2] ^ x.u[2] ^ ((b->u[2] >> 11) & 0xbffaffffU) ^ y.u[2] ^ (d->u[2] << 18);
      |                                                                  ^
50921a25f85beeb1168cb7ed6a8a3e3dc38d5284.c:479:76: error: â€˜dâ€™ undeclared (first use in this function)
  479 |   r->u[2] = a->u[2] ^ x.u[2] ^ ((b->u[2] >> 11) & 0xbffaffffU) ^ y.u[2] ^ (d->u[2] << 18);
      |                                                                            ^
50921a25f85beeb1168cb7ed6a8a3e3dc38d5284.c:480:41: error: subscripted value is neither array nor pointer nor vector
  480 |   r->u[3] = a->u[3] ^ x.u[3] ^ ((b->u[3u[1] = ol >> 32;
      |                                         ^
50921a25f85beeb1168cb7ed6a8a3e3dc38d5284.c:480:47: error: â€˜olâ€™ undeclared (first use in this function)
  480 |   r->u[3] = a->u[3] ^ x.u[3] ^ ((b->u[3u[1] = ol >> 32;
      |                                               ^~
50921a25f85beeb1168cb7ed6a8a3e3dc38d5284.c:480:55: error: expected â€˜]â€™ before â€˜;â€™ token
  480 |   r->u[3] = a->u[3] ^ x.u[3] ^ ((b->u[3u[1] = ol >> 32;
      |                                                       ^
      |                                                       ]
50921a25f85beeb1168cb7ed6a8a3e3dc38d5284.c:483:18: error: expected â€˜)â€™ before â€˜}â€™ token
  483 |   out->u[2] = oh;
      |                  ^
      |                  )
  484 | }
      | ~                 
50921a25f85beeb1168cb7ed6a8a3e3dc38d5284.c:480:33: note: to match this â€˜(â€™
  480 |   r->u[3] = a->u[3] ^ x.u[3] ^ ((b->u[3u[1] = ol >> 32;
      |                                 ^
50921a25f85beeb1168cb7ed6a8a3e3dc38d5284.c:483:18: error: expected â€˜)â€™ before â€˜}â€™ token
  483 |   out->u[2] = oh;
      |                  ^
      |                  )
  484 | }
      | ~                 
50921a25f85beeb1168cb7ed6a8a3e3dc38d5284.c:480:32: note: to match this â€˜(â€™
  480 |   r->u[3] = a->u[3] ^ x.u[3] ^ ((b->u[3u[1] = ol >> 32;
      |                                ^
50921a25f85beeb1168cb7ed6a8a3e3dc38d5284.c:483:18: error: expected â€˜;â€™ before â€˜}â€™ token
  483 |   out->u[2] = oh;
      |                  ^
      |                  ;
  484 | }
      | ~                 
50921a25f85beeb1168cb7ed6a8a3e3dc38d5284.c: At top level:
50921a25f85beeb1168cb7ed6a8a3e3dc38d5284.c:487:1: error: redefinition of â€˜barâ€™
  487 | bar (struct S *out, struct S const *in, int shift)
      | ^~~
50921a25f85beeb1168cb7ed6a8a3e3dc38d5284.c:389:1: note: previous definition of â€˜barâ€™ with type â€˜void(struct S *, const struct S *, int)â€™
  389 | bar (struct S *out, struct S const *in, int shift)
      | ^~~
50921a25f85beeb1168cb7ed6a8a3e3dc38d5284.c: In function â€˜barâ€™:
50921a25f85beeb1168cb7ed6a8a3e3dc38d5284.c:491:23: error: expected â€˜)â€™ before â€˜lonfâ€™
  491 |   tl = ((unsigned long lonf) in->u[1] << 32) | in->u[0];
      |         ~             ^~~~~
      |                       )
50921a25f85beeb1168cb7ed6a8a3e3dc38d5284.c:495:10: error: expected â€˜;â€™ before â€˜)â€™ token
  495 | shift * 8);
      |          ^
      |          ;
50921a25f85beeb1168cb7ed6a8a3e3dc38d5284.c:495:10: error: expected statement before â€˜)â€™ token
50921a25f85beeb1168cb7ed6a8a3e3dc38d5284.c: At top level:
50921a25f85beeb1168cb7ed6a8a3e3dc38d5284.c:503:1: error: redefinition of â€˜barâ€™
  503 | bar (struct S *out, struct S const *in, int shift)
      | ^~~
50921a25f85beeb1168cb7ed6a8a3e3dc38d5284.c:487:1: note: previous definition of â€˜barâ€™ with type â€˜void(struct S *, const struct S *, int)â€™
  487 | bar (struct S *out, struct S const *in, int shift)
      | ^~~
50921a25f85beeb1168cb7ed6a8a3e3dc38d5284.c:518:1: error: redefinition of â€˜bazâ€™
  518 | baz (struct S *r, struct S *a, struct S *b, struct S *c, struct S *d)
      | ^~~
50921a25f85beeb1168cb7ed6a8a3e3dc38d5284.c:462:1: note: previous definition of â€˜bazâ€™ with type â€˜void(struct S *, struct S *, struct S *, struct S *, struct S *)â€™
  462 | baz (struct S *r, struct S *a, struct S *b, struct S *c, struct S *d)
      | ^~~
50921a25f85beeb1168cb7ed6a8a3e3dc38d5284.c:530:1: error: redefinition of â€˜mainâ€™
  530 | main ()
      | ^~~~
50921a25f85beeb1168cb7ed6a8a3e3dc38d5284.c:76:1: note: previous definition of â€˜mainâ€™ with type â€˜int()â€™
   76 | main ()
      | ^~~~
50921a25f85beeb1168cb7ed6a8a3e3dc38d5284.c: In function â€˜mainâ€™:
50921a25f85beeb1168cb7ed6a8a3e3dc38d5284.c:546:1: error: expected expression before â€˜intâ€™
  546 | int a, b;
      | ^~~
50921a25f85beeb1168cb7ed6a8a3e3dc38d5284.c:547:12: error: expected â€˜=â€™, â€˜,â€™, â€˜;â€™, â€˜asmâ€™ or â€˜__attribute__â€™ before â€˜tâ€™
  547 | char c[128]t
      |            ^
50921a25f85beeb1168cb7ed6a8a3e3dc38d5284.c:547:12: error: unknown type name â€˜tâ€™
50921a25f85beeb1168cb7ed6a8a3e3dc38d5284.c:548:4: error: unknown type name â€˜__â€™
  548 | ta;__
      |    ^~
50921a25f85beeb1168cb7ed6a8a3e3dc38d5284.c:549:10: error: expected declaration specifiers or â€˜...â€™ before â€˜(â€™ token
  549 | ribute__((noinline, noclone)) static void
      |          ^
50921a25f85beeb1168cb7ed6a8a3e3dc38d5284.c:564:22: error: unknown type name â€˜va_listâ€™
  564 | f2 (const char *fmt, va_list ap)
      |                      ^~~~~~~
50921a25f85beeb1168cb7ed6a8a3e3dc38d5284.c:91:1: note: â€˜va_listâ€™ is defined in header â€˜<stdarg.h>â€™; did you forget to â€˜#include <stdarg.h>â€™?
   90 | #include <stdarg.h>
  +++ |+#include <stdarg.h>
   91 | 
50921a25f85beeb1168cb7ed6a8a3e3dc38d5284.c:575:27: error: unknown type name â€˜va_listâ€™
  575 | f3 (int x, char const *y, va_list z)
      |                           ^~~~~~~
50921a25f85beeb1168cb7ed6a8a3e3dc38d5284.c:575:27: note: â€˜va_listâ€™ is defined in header â€˜<stdarg.h>â€™; did you forget to â€˜#include <stdarg.h>â€™?
50921a25f85beeb1168cb7ed6a8a3e3dc38d5284.c: In function â€˜f4â€™:
50921a25f85beeb1168cb7ed6a8a3e3dc38d5284.c:585:3: error: unknown type name â€˜va_listâ€™
  585 |   va_list z;
      |   ^~~~~~~
50921a25f85beeb1168cb7ed6a8a3e3dc38d5284.c:585:3: note: â€˜va_listâ€™ is defined in header â€˜<stdarg.h>â€™; did you forget to â€˜#include <stdarg.h>â€™?
50921a25f85beeb1168cb7ed6a8a3e3dc38d5284.c:587:14: error: â€˜câ€™ undeclared (first use in this function)
  587 |   if (!x && *c == '\0')
      |              ^
50921a25f85beeb1168cb7ed6a8a3e3dc38d5284.c:588:7: error: â€˜bâ€™ undeclared (first use in this function)
  588 |     ++b;
      |       ^
50921a25f85beeb1168cb7ed6a8a3e3dc38d5284.c: In function â€˜mainâ€™:
50921a25f85beeb1168cb7ed6a8a3e3dc38d5284.c:598:17: error: â€˜bâ€™ undeclared (first use in this function)
  598 |   if (a != 1 || b != 1)
      |                 ^
50921a25f85beeb1168cb7ed6a8a3e3dc38d5284.c: In function â€˜mainâ€™:
50921a25f85beeb1168cb7ed6a8a3e3dc38d5284.c:602:1: error: expected declaration or statement at end of input
  602 | }
      | ^
50921a25f85beeb1168cb7ed6a8a3e3dc38d5284.c: In function â€˜mainâ€™:
50921a25f85beeb1168cb7ed6a8a3e3dc38d5284.c:84:38: internal compiler error: tree check: expected array_type, have error_mark in array_ref_low_bound, at tree.cc:12479
   84 |   baz (&a[5], &a[0], &a[1], &a[2], &a[3]);
      |                                     ~^~~
0x7e3fd0 tree_check_failed(tree_node const*, char const*, int, char const*, ...)
	.././../gcc-source/gcc/tree.cc:8688
0x7edb6d tree_check(tree_node*, char const*, int, char const*, tree_code)
	.././../gcc-source/gcc/tree.h:3450
0x7edb6d array_ref_low_bound(tree_node*)
	.././../gcc-source/gcc/tree.cc:12479
0xc310ef gimplify_compound_lval
	.././../gcc-source/gcc/gimplify.cc:3204
0xc2a904 gimplify_expr(tree_node**, gimple**, gimple**, bool (*)(tree_node*), int)
	.././../gcc-source/gcc/gimplify.cc:15008
0xc32c23 gimplify_addr_expr
	.././../gcc-source/gcc/gimplify.cc:6451
0xc2b471 gimplify_expr(tree_node**, gimple**, gimple**, bool (*)(tree_node*), int)
	.././../gcc-source/gcc/gimplify.cc:15103
0xc36a0b gimplify_expr
	.././../gcc-source/gcc/gimplify.cc:16115
0xc36a0b gimplify_arg(tree_node**, gimple**, unsigned int, bool)
	.././../gcc-source/gcc/gimplify.cc:3487
0xc3718b gimplify_call_expr
	.././../gcc-source/gcc/gimplify.cc:3724
0xc2b877 gimplify_expr(tree_node**, gimple**, gimple**, bool (*)(tree_node*), int)
	.././../gcc-source/gcc/gimplify.cc:15028
0xc2e7f6 gimplify_stmt(tree_node**, gimple**)
	.././../gcc-source/gcc/gimplify.cc:7111
0xc2b8eb gimplify_statement_list
	.././../gcc-source/gcc/gimplify.cc:2019
0xc2b8eb gimplify_expr(tree_node**, gimple**, gimple**, bool (*)(tree_node*), int)
	.././../gcc-source/gcc/gimplify.cc:15501
0xc2e7f6 gimplify_stmt(tree_node**, gimple**)
	.././../gcc-source/gcc/gimplify.cc:7111
0xc2efb4 gimplify_bind_expr
	.././../gcc-source/gcc/gimplify.cc:1428
0xc2b891 gimplify_expr(tree_node**, gimple**, gimple**, bool (*)(tree_node*), int)
	.././../gcc-source/gcc/gimplify.cc:15257
0xc2e7f6 gimplify_stmt(tree_node**, gimple**)
	.././../gcc-source/gcc/gimplify.cc:7111
0xc2b8eb gimplify_statement_list
	.././../gcc-source/gcc/gimplify.cc:2019
0xc2b8eb gimplify_expr(tree_node**, gimple**, gimple**, bool (*)(tree_node*), int)
	.././../gcc-source/gcc/gimplify.cc:15501
Please submit a full bug report, with preprocessed source (by using -freport-bug).
Please include the complete backtrace with any bug report.
See <https://gcc.gnu.org/bugs/> for instructions.
