42784174de05a44d695eadb5a55232b676b8b16a.c: In function â€˜barâ€™:
42784174de05a44d695eadb5a55232b676b8b16a.c:26:38: error: subscripted value is neither array nor pointer nor vector
   26 |   th = ((unsigned long long) in->u[3u[1] = ol >> 32;
      |                                      ^
42784174de05a44d695eadb5a55232b676b8b16a.c:26:52: error: expected â€˜]â€™ before â€˜;â€™ token
   26 |   th = ((unsigned long long) in->u[3u[1] = ol >> 32;
      |                                                    ^
      |                                                    ]
42784174de05a44d695eadb5a55232b676b8b16a.c:29:18: error: expected â€˜)â€™ before â€˜}â€™ token
   29 |   out->u[2] = oh;
      |                  ^
      |                  )
   30 | }
      | ~                 
42784174de05a44d695eadb5a55232b676b8b16a.c:26:8: note: to match this â€˜(â€™
   26 |   th = ((unsigned long long) in->u[3u[1] = ol >> 32;
      |        ^
42784174de05a44d695eadb5a55232b676b8b16a.c:29:18: error: expected â€˜;â€™ before â€˜}â€™ token
   29 |   out->u[2] = oh;
      |                  ^
      |                  ;
   30 | }
      | ~                 
42784174de05a44d695eadb5a55232b676b8b16a.c: At top level:
42784174de05a44d695eadb5a55232b676b8b16a.c:33:1: error: redefinition of â€˜barâ€™
   33 | bar (struct S *out, struct S const *in, int shift)
      | ^~~
42784174de05a44d695eadb5a55232b676b8b16a.c:23:1: note: previous definition of â€˜barâ€™ with type â€˜void(struct S *, const struct S *, int)â€™
   23 | bar (struct S *out, struct S const *in, int shift)
      | ^~~
42784174de05a44d695eadb5a55232b676b8b16a.c: In function â€˜barâ€™:
42784174de05a44d695eadb5a55232b676b8b16a.c:41:10: error: expected â€˜;â€™ before â€˜)â€™ token
   41 | shift * 8);
      |          ^
      |          ;
42784174de05a44d695eadb5a55232b676b8b16a.c:41:10: error: expected statement before â€˜)â€™ token
42784174de05a44d695eadb5a55232b676b8b16a.c: At top level:
42784174de05a44d695eadb5a55232b676b8b16a.c:49:1: error: redefinition of â€˜barâ€™
   49 | bar (struct S *out, struct S const *in, int shift)
      | ^~~
42784174de05a44d695eadb5a55232b676b8b16a.c:33:1: note: previous definition of â€˜barâ€™ with type â€˜void(struct S *, const struct S *, int)â€™
   33 | bar (struct S *out, struct S const *in, int shift)
      | ^~~
In file included from 42784174de05a44d695eadb5a55232b676b8b16a.c:90:
/home/user42/data/gcc-csmith-1201/gcc-install/lib/gcc/x86_64-pc-linux-gnu/12.0.1/include/stdarg.h: In function â€˜mainâ€™:
/home/user42/data/gcc-csmith-1201/gcc-install/lib/gcc/x86_64-pc-linux-gnu/12.0.1/include/stdarg.h:40:1: error: expected expression before â€˜typedefâ€™
   40 | typedef __builtin_va_list __gnuc_va_list;
      | ^~~~~~~
/home/user42/data/gcc-csmith-1201/gcc-install/lib/gcc/x86_64-pc-linux-gnu/12.0.1/include/stdarg.h:99:9: error: unknown type name â€˜__gnuc_va_listâ€™
   99 | typedef __gnuc_va_list va_list;
      |         ^~~~~~~~~~~~~~
42784174de05a44d695eadb5a55232b676b8b16a.c:92:5: error: conflicting types for â€˜aâ€™; have â€˜intâ€™
   92 | int a, b;
      |     ^
42784174de05a44d695eadb5a55232b676b8b16a.c:78:12: note: previous definition of â€˜aâ€™ with type â€˜struct S[6]â€™
   78 |   struct S a[] = { { 0x000004d3, 0xbc5448db, 0xf22bde9f, 0xebb44f8f },
      |            ^
42784174de05a44d695eadb5a55232b676b8b16a.c:93:12: error: expected â€˜=â€™, â€˜,â€™, â€˜;â€™, â€˜asmâ€™ or â€˜__attribute__â€™ before â€˜tâ€™
   93 | char c[128]t
      |            ^
42784174de05a44d695eadb5a55232b676b8b16a.c:93:12: error: unknown type name â€˜tâ€™
42784174de05a44d695eadb5a55232b676b8b16a.c:94:4: error: unknown type name â€˜__â€™
   94 | ta;__
      |    ^~
42784174de05a44d695eadb5a55232b676b8b16a.c:95:10: error: expected declaration specifiers or â€˜...â€™ before â€˜(â€™ token
   95 | ribute__((noinline, noclone)) static void
      |          ^
42784174de05a44d695eadb5a55232b676b8b16a.c:113:30: error: expected â€˜;â€™ before â€˜)â€™ token
  113 | /* ProgramSourceLLVM */ "foo") != 0
      |                              ^
      |                              ;
42784174de05a44d695eadb5a55232b676b8b16a.c:113:30: error: expected statement before â€˜)â€™ token
42784174de05a44d695eadb5a55232b676b8b16a.c:113:32: error: expected expression before â€˜!=â€™ token
  113 | /* ProgramSourceLLVM */ "foo") != 0
      |                                ^~
42784174de05a44d695eadb5a55232b676b8b16a.c:116:3: error: â€˜outâ€™ undeclared (first use in this function)
  116 |   out->u[0] = ol;
      |   ^~~
42784174de05a44d695eadb5a55232b676b8b16a.c:116:3: note: each undeclared identifier is reported only once for each function it appears in
42784174de05a44d695eadb5a55232b676b8b16a.c:116:15: error: â€˜olâ€™ undeclared (first use in this function)
  116 |   out->u[0] = ol;
      |               ^~
42784174de05a44d695eadb5a55232b676b8b16a.c:117:15: error: â€˜ohâ€™ undeclared (first use in this function)
  117 |   out->u[3] = oh >> 32;
      |               ^~
42784174de05a44d695eadb5a55232b676b8b16a.c: At top level:
42784174de05a44d695eadb5a55232b676b8b16a.c:122:1: error: redefinition of â€˜bazâ€™
  122 | baz (struct S *r, struct S *a, struct S *b, struct S *c, struct S *d)
      | ^~~
42784174de05a44d695eadb5a55232b676b8b16a.c:64:1: note: previous definition of â€˜bazâ€™ with type â€˜void(struct S *, struct S *, struct S *, struct S *, struct S *)â€™
   64 | baz (struct S *r, struct S *a, struct S *b, struct S *c, struct S *d)
      | ^~~
42784174de05a44d695eadb5a55232b676b8b16a.c: In function â€˜bazâ€™:
42784174de05a44d695eadb5a55232b676b8b16a.c:130:41: error: subscripted value is neither array nor pointer nor vector
  130 |   r->u[3] = a->u[3] ^ x.u[3] ^ ((b->u[3u[1] = ol >> 32;
      |                                         ^
42784174de05a44d695eadb5a55232b676b8b16a.c:130:47: error: â€˜olâ€™ undeclared (first use in this function)
  130 |   r->u[3] = a->u[3] ^ x.u[3] ^ ((b->u[3u[1] = ol >> 32;
      |                                               ^~
42784174de05a44d695eadb5a55232b676b8b16a.c:130:55: error: expected â€˜]â€™ before â€˜;â€™ token
  130 |   r->u[3] = a->u[3] ^ x.u[3] ^ ((b->u[3u[1] = ol >> 32;
      |                                                       ^
      |                                                       ]
42784174de05a44d695eadb5a55232b676b8b16a.c:133:18: error: expected â€˜)â€™ before â€˜}â€™ token
  133 |   out->u[2] = oh;
      |                  ^
      |                  )
  134 | }
      | ~                 
42784174de05a44d695eadb5a55232b676b8b16a.c:130:33: note: to match this â€˜(â€™
  130 |   r->u[3] = a->u[3] ^ x.u[3] ^ ((b->u[3u[1] = ol >> 32;
      |                                 ^
42784174de05a44d695eadb5a55232b676b8b16a.c:133:18: error: expected â€˜)â€™ before â€˜}â€™ token
  133 |   out->u[2] = oh;
      |                  ^
      |                  )
  134 | }
      | ~                 
42784174de05a44d695eadb5a55232b676b8b16a.c:130:32: note: to match this â€˜(â€™
  130 |   r->u[3] = a->u[3] ^ x.u[3] ^ ((b->u[3u[1] = ol >> 32;
      |                                ^
42784174de05a44d695eadb5a55232b676b8b16a.c:133:18: error: expected â€˜;â€™ before â€˜}â€™ token
  133 |   out->u[2] = oh;
      |                  ^
      |                  ;
  134 | }
      | ~                 
42784174de05a44d695eadb5a55232b676b8b16a.c: At top level:
42784174de05a44d695eadb5a55232b676b8b16a.c:137:1: error: redefinition of â€˜barâ€™
  137 | bar (struct S *out, struct S const *in, int shift)
      | ^~~
42784174de05a44d695eadb5a55232b676b8b16a.c:49:1: note: previous definition of â€˜barâ€™ with type â€˜void(struct S *, const struct S *, int)â€™
   49 | bar (struct S *out, struct S const *in, int shift)
      | ^~~
42784174de05a44d695eadb5a55232b676b8b16a.c: In function â€˜barâ€™:
42784174de05a44d695eadb5a55232b676b8b16a.c:141:23: error: expected â€˜)â€™ before â€˜lonfâ€™
  141 |   tl = ((unsigned long lonf) in->u[1] << 32) | in->u[0];
      |         ~             ^~~~~
      |                       )
42784174de05a44d695eadb5a55232b676b8b16a.c:145:10: error: expected â€˜;â€™ before â€˜)â€™ token
  145 | shift * 8);
      |          ^
      |          ;
42784174de05a44d695eadb5a55232b676b8b16a.c:145:10: error: expected statement before â€˜)â€™ token
42784174de05a44d695eadb5a55232b676b8b16a.c: At top level:
42784174de05a44d695eadb5a55232b676b8b16a.c:153:1: error: redefinition of â€˜barâ€™
  153 | bar (struct S *out, struct S const *in, int shift)
      | ^~~
42784174de05a44d695eadb5a55232b676b8b16a.c:137:1: note: previous definition of â€˜barâ€™ with type â€˜void(struct S *, const struct S *, int)â€™
  137 | bar (struct S *out, struct S const *in, int shift)
      | ^~~
42784174de05a44d695eadb5a55232b676b8b16a.c: In function â€˜barâ€™:
42784174de05a44d695eadb5a55232b676b8b16a.c:160:21: error: â€˜shiâ€™ undeclared (first use in this function)
  160 |   oh |= tl >> (64 - shi int) != 1
      |                     ^~~
42784174de05a44d695eadb5a55232b676b8b16a.c:160:24: error: expected â€˜)â€™ before â€˜intâ€™
  160 |   oh |= tl >> (64 - shi int) != 1
      |               ~        ^~~~
      |                        )
42784174de05a44d695eadb5a55232b676b8b16a.c:161:36: error: â€˜apâ€™ undeclared (first use in this function)
  161 |       || __builtin_strcmp (va_arg (ap, const char *), "bar")  out->u[1] = ol >> 32;
      |                                    ^~
42784174de05a44d695eadb5a55232b676b8b16a.c:161:61: error: expected â€˜;â€™ before â€˜outâ€™
  161 |       || __builtin_strcmp (va_arg (ap, const char *), "bar")  out->u[1] = ol >> 32;
      |                                                             ^ ~~~
      |                                                             ;
42784174de05a44d695eadb5a55232b676b8b16a.c: At top level:
42784174de05a44d695eadb5a55232b676b8b16a.c:168:1: error: redefinition of â€˜bazâ€™
  168 | baz (struct S *r, struct S *a, struct S *b, struct S *c, struct S *d)
      | ^~~
42784174de05a44d695eadb5a55232b676b8b16a.c:122:1: note: previous definition of â€˜bazâ€™ with type â€˜void(struct S *, struct S *, struct S *, struct S *, struct S *)â€™
  122 | baz (struct S *r, struct S *a, struct S *b, struct S *c, struct S *d)
      | ^~~
42784174de05a44d695eadb5a55232b676b8b16a.c:180:1: error: redefinition of â€˜mainâ€™
  180 | main ()
      | ^~~~
42784174de05a44d695eadb5a55232b676b8b16a.c:76:1: note: previous definition of â€˜mainâ€™ with type â€˜int()â€™
   76 | main ()
      | ^~~~
42784174de05a44d695eadb5a55232b676b8b16a.c: In function â€˜mainâ€™:
42784174de05a44d695eadb5a55232b676b8b16a.c:270:1: error: expected expression before â€˜intâ€™
  270 | int a, b;
      | ^~~
42784174de05a44d695eadb5a55232b676b8b16a.c:271:12: error: expected â€˜=â€™, â€˜,â€™, â€˜;â€™, â€˜asmâ€™ or â€˜__attribute__â€™ before â€˜tâ€™
  271 | char c[128]t
      |            ^
42784174de05a44d695eadb5a55232b676b8b16a.c:271:12: error: unknown type name â€˜tâ€™
42784174de05a44d695eadb5a55232b676b8b16a.c:272:4: error: unknown type name â€˜__â€™
  272 | ta;__
      |    ^~
42784174de05a44d695eadb5a55232b676b8b16a.c:273:10: error: expected declaration specifiers or â€˜...â€™ before â€˜(â€™ token
  273 | ribute__((noinline, noclone)) static void
      |          ^
42784174de05a44d695eadb5a55232b676b8b16a.c:284:2: error: #else without #if
  284 | #else
      |  ^~~~
42784174de05a44d695eadb5a55232b676b8b16a.c:290:2: error: #endif without #if
  290 | #endif
      |  ^~~~~
42784174de05a44d695eadb5a55232b676b8b16a.c:291:30: error: expected â€˜;â€™ before â€˜)â€™ token
  291 | /* ProgramSourceLLVM */ "foo") != 0
      |                              ^
      |                              ;
42784174de05a44d695eadb5a55232b676b8b16a.c:291:30: error: expected statement before â€˜)â€™ token
42784174de05a44d695eadb5a55232b676b8b16a.c:291:32: error: expected expression before â€˜!=â€™ token
  291 | /* ProgramSourceLLVM */ "foo") != 0
      |                                ^~
42784174de05a44d695eadb5a55232b676b8b16a.c:294:3: error: â€˜outâ€™ undeclared (first use in this function)
  294 |   out->u[0] = ol;
      |   ^~~
42784174de05a44d695eadb5a55232b676b8b16a.c:294:15: error: â€˜olâ€™ undeclared (first use in this function)
  294 |   out->u[0] = ol;
      |               ^~
42784174de05a44d695eadb5a55232b676b8b16a.c:295:15: error: â€˜ohâ€™ undeclared (first use in this function)
  295 |   out->u[3] = oh >> 32;
      |               ^~
42784174de05a44d695eadb5a55232b676b8b16a.c: At top level:
42784174de05a44d695eadb5a55232b676b8b16a.c:300:1: error: redefinition of â€˜bazâ€™
  300 | baz (struct S *r, struct S *a, struct S *b, struct S *c, struct S *d)
      | ^~~
42784174de05a44d695eadb5a55232b676b8b16a.c:168:1: note: previous definition of â€˜bazâ€™ with type â€˜void(struct S *, struct S *, struct S *, struct S *, struct S *)â€™
  168 | baz (struct S *r, struct S *a, struct S *b, struct S *c, struct S *d)
      | ^~~
42784174de05a44d695eadb5a55232b676b8b16a.c: In function â€˜bazâ€™:
42784174de05a44d695eadb5a55232b676b8b16a.c:308:41: error: subscripted value is neither array nor pointer nor vector
  308 |   r->u[3] = a->u[3] ^ x.u[3] ^ ((b->u[3u[1] = ol >> 32;
      |                                         ^
42784174de05a44d695eadb5a55232b676b8b16a.c:308:47: error: â€˜olâ€™ undeclared (first use in this function)
  308 |   r->u[3] = a->u[3] ^ x.u[3] ^ ((b->u[3u[1] = ol >> 32;
      |                                               ^~
42784174de05a44d695eadb5a55232b676b8b16a.c:308:55: error: expected â€˜]â€™ before â€˜;â€™ token
  308 |   r->u[3] = a->u[3] ^ x.u[3] ^ ((b->u[3u[1] = ol >> 32;
      |                                                       ^
      |                                                       ]
42784174de05a44d695eadb5a55232b676b8b16a.c:311:18: error: expected â€˜)â€™ before â€˜}â€™ token
  311 |   out->u[2] = oh;
      |                  ^
      |                  )
  312 | }
      | ~                 
42784174de05a44d695eadb5a55232b676b8b16a.c:308:33: note: to match this â€˜(â€™
  308 |   r->u[3] = a->u[3] ^ x.u[3] ^ ((b->u[3u[1] = ol >> 32;
      |                                 ^
42784174de05a44d695eadb5a55232b676b8b16a.c:311:18: error: expected â€˜)â€™ before â€˜}â€™ token
  311 |   out->u[2] = oh;
      |                  ^
      |                  )
  312 | }
      | ~                 
42784174de05a44d695eadb5a55232b676b8b16a.c:308:32: note: to match this â€˜(â€™
  308 |   r->u[3] = a->u[3] ^ x.u[3] ^ ((b->u[3u[1] = ol >> 32;
      |                                ^
42784174de05a44d695eadb5a55232b676b8b16a.c:311:18: error: expected â€˜;â€™ before â€˜}â€™ token
  311 |   out->u[2] = oh;
      |                  ^
      |                  ;
  312 | }
      | ~                 
42784174de05a44d695eadb5a55232b676b8b16a.c: At top level:
42784174de05a44d695eadb5a55232b676b8b16a.c:315:1: error: redefinition of â€˜barâ€™
  315 | bar (struct S *out, struct S const *in, int shift)
      | ^~~
42784174de05a44d695eadb5a55232b676b8b16a.c:153:1: note: previous definition of â€˜barâ€™ with type â€˜void(struct S *, const struct S *, int)â€™
  153 | bar (struct S *out, struct S const *in, int shift)
      | ^~~
42784174de05a44d695eadb5a55232b676b8b16a.c: In function â€˜barâ€™:
42784174de05a44d695eadb5a55232b676b8b16a.c:319:23: error: expected â€˜)â€™ before â€˜lonfâ€™
  319 |   tl = ((unsigned long lonf) in->u[1] << 32) | in->u[0];
      |         ~             ^~~~~
      |                       )
42784174de05a44d695eadb5a55232b676b8b16a.c:323:10: error: expected â€˜;â€™ before â€˜)â€™ token
  323 | shift * 8);
      |          ^
      |          ;
42784174de05a44d695eadb5a55232b676b8b16a.c:323:10: error: expected statement before â€˜)â€™ token
42784174de05a44d695eadb5a55232b676b8b16a.c: At top level:
42784174de05a44d695eadb5a55232b676b8b16a.c:331:1: error: redefinition of â€˜barâ€™
  331 | bar (struct S *out, struct S const *in, int shift)
      | ^~~
42784174de05a44d695eadb5a55232b676b8b16a.c:315:1: note: previous definition of â€˜barâ€™ with type â€˜void(struct S *, const struct S *, int)â€™
  315 | bar (struct S *out, struct S const *in, int shift)
      | ^~~
42784174de05a44d695eadb5a55232b676b8b16a.c:346:1: error: redefinition of â€˜bazâ€™
  346 | baz (struct S *r, struct S *a, struct S *b, struct S *c, struct S *d)
      | ^~~
42784174de05a44d695eadb5a55232b676b8b16a.c:300:1: note: previous definition of â€˜bazâ€™ with type â€˜void(struct S *, struct S *, struct S *, struct S *, struct S *)â€™
  300 | baz (struct S *r, struct S *a, struct S *b, struct S *c, struct S *d)
      | ^~~
42784174de05a44d695eadb5a55232b676b8b16a.c:358:1: error: redefinition of â€˜mainâ€™
  358 | main ()
      | ^~~~
42784174de05a44d695eadb5a55232b676b8b16a.c:76:1: note: previous definition of â€˜mainâ€™ with type â€˜int()â€™
   76 | main ()
      | ^~~~
42784174de05a44d695eadb5a55232b676b8b16a.c: In function â€˜mainâ€™:
42784174de05a44d695eadb5a55232b676b8b16a.c:374:1: error: expected expression before â€˜intâ€™
  374 | int a, b;
      | ^~~
42784174de05a44d695eadb5a55232b676b8b16a.c:375:12: error: expected â€˜=â€™, â€˜,â€™, â€˜;â€™, â€˜asmâ€™ or â€˜__attribute__â€™ before â€˜tâ€™
  375 | char c[128]t
      |            ^
42784174de05a44d695eadb5a55232b676b8b16a.c:375:12: error: unknown type name â€˜tâ€™
42784174de05a44d695eadb5a55232b676b8b16a.c:376:4: error: unknown type name â€˜__â€™
  376 | ta;__
      |    ^~
42784174de05a44d695eadb5a55232b676b8b16a.c:377:10: error: expected declaration specifiers or â€˜...â€™ before â€˜(â€™ token
  377 | ribute__((noinline, noclone)) static void
      |          ^
42784174de05a44d695eadb5a55232b676b8b16a.c:388:2: error: #else without #if
  388 | #else
      |  ^~~~
42784174de05a44d695eadb5a55232b676b8b16a.c:394:2: error: #endif without #if
  394 | #endif
      |  ^~~~~
42784174de05a44d695eadb5a55232b676b8b16a.c:395:30: error: expected â€˜;â€™ before â€˜)â€™ token
  395 | /* ProgramSourceLLVM */ "foo") != 0
      |                              ^
      |                              ;
42784174de05a44d695eadb5a55232b676b8b16a.c:395:30: error: expected statement before â€˜)â€™ token
42784174de05a44d695eadb5a55232b676b8b16a.c:395:32: error: expected expression before â€˜!=â€™ token
  395 | /* ProgramSourceLLVM */ "foo") != 0
      |                                ^~
42784174de05a44d695eadb5a55232b676b8b16a.c:398:3: error: â€˜outâ€™ undeclared (first use in this function)
  398 |   out->u[0] = ol;
      |   ^~~
42784174de05a44d695eadb5a55232b676b8b16a.c:398:15: error: â€˜olâ€™ undeclared (first use in this function)
  398 |   out->u[0] = ol;
      |               ^~
42784174de05a44d695eadb5a55232b676b8b16a.c:399:15: error: â€˜ohâ€™ undeclared (first use in this function)
  399 |   out->u[3] = oh >> 32;
      |               ^~
42784174de05a44d695eadb5a55232b676b8b16a.c: At top level:
42784174de05a44d695eadb5a55232b676b8b16a.c:404:1: error: redefinition of â€˜bazâ€™
  404 | baz (struct S *r, struct S *a, struct S *b, struct S *c, struct S *d)
      | ^~~
42784174de05a44d695eadb5a55232b676b8b16a.c:346:1: note: previous definition of â€˜bazâ€™ with type â€˜void(struct S *, struct S *, struct S *, struct S *, struct S *)â€™
  346 | baz (struct S *r, struct S *a, struct S *b, struct S *c, struct S *d)
      | ^~~
42784174de05a44d695eadb5a55232b676b8b16a.c:416:1: error: redefinition of â€˜mainâ€™
  416 | main ()
      | ^~~~
42784174de05a44d695eadb5a55232b676b8b16a.c:76:1: note: previous definition of â€˜mainâ€™ with type â€˜int()â€™
   76 | main ()
      | ^~~~
42784174de05a44d695eadb5a55232b676b8b16a.c: In function â€˜mainâ€™:
42784174de05a44d695eadb5a55232b676b8b16a.c:432:1: error: expected expression before â€˜intâ€™
  432 | int a, b;
      | ^~~
42784174de05a44d695eadb5a55232b676b8b16a.c:436:1: error: invalid storage class for function â€˜f1â€™
  436 | f1 (const char *fmt, ...)
      | ^~
42784174de05a44d695eadb5a55232b676b8b16a.c: In function â€˜f1â€™:
42784174de05a44d695eadb5a55232b676b8b16a.c:438:3: error: unknown type name â€˜va_listâ€™
  438 |   va_list ap;
      |   ^~~~~~~
42784174de05a44d695eadb5a55232b676b8b16a.c:91:1: note: â€˜va_listâ€™ is defined in header â€˜<stdarg.h>â€™; did you forget to â€˜#include <stdarg.h>â€™?
   90 | #include <stdarg.h>
  +++ |+#include <stdarg.h>
   91 | 
42784174de05a44d695eadb5a55232b676b8b16a.c:439:4: error: stray â€˜\320â€™ in program
  439 |   a<d0>sm volatile ("" : : : "memory");
      |    ^~~~
42784174de05a44d695eadb5a55232b676b8b16a.c:439:4: error: expected â€˜;â€™ before â€˜smâ€™
  439 |   aÐsm volatile ("" : : : "memory");
      |    ^~~
      |    ;
42784174de05a44d695eadb5a55232b676b8b16a.c:487:2: error: #else without #if
  487 | #else
      |  ^~~~
42784174de05a44d695eadb5a55232b676b8b16a.c:493:2: error: #endif without #if
  493 | #endif
      |  ^~~~~
42784174de05a44d695eadb5a55232b676b8b16a.c:541:24: error: unterminated argument list invoking macro "va_arg"
  541 | /* ProgramSourceLLVM */
      |                        ^
42784174de05a44d695eadb5a55232b676b8b16a.c:443:25: error: â€˜va_argâ€™ undeclared (first use in this function)
  443 |   if (__builtin_strcmp (va_arg (ap, const chcorpus/pr56205.c */
      |                         ^~~~~~
42784174de05a44d695eadb5a55232b676b8b16a.c:443:31: error: expected â€˜)â€™ at end of input
  443 |   if (__builtin_strcmp (va_arg (ap, const chcorpus/pr56205.c */
      |                        ~      ^
      |                               )
......
42784174de05a44d695eadb5a55232b676b8b16a.c:443:7: error: too few arguments to function â€˜__builtin_strcmpâ€™
  443 |   if (__builtin_strcmp (va_arg (ap, const chcorpus/pr56205.c */
      |       ^~~~~~~~~~~~~~~~
42784174de05a44d695eadb5a55232b676b8b16a.c:443:3: error: expected declaration or statement at end of input
  443 |   if (__builtin_strcmp (va_arg (ap, const chcorpus/pr56205.c */
      |   ^~
42784174de05a44d695eadb5a55232b676b8b16a.c: In function â€˜mainâ€™:
42784174de05a44d695eadb5a55232b676b8b16a.c:443:3: error: expected declaration or statement at end of input
42784174de05a44d695eadb5a55232b676b8b16a.c: In function â€˜mainâ€™:
42784174de05a44d695eadb5a55232b676b8b16a.c:84:38: internal compiler error: tree check: expected array_type, have error_mark in array_ref_low_bound, at tree.cc:12479
   84 |   baz (&a[5], &a[0], &a[1], &a[2], &a[3]);
      |                                     ~^~~
0x7e3fd0 tree_check_failed(tree_node const*, char const*, int, char const*, ...)
	.././../gcc-source/gcc/tree.cc:8688
0x7edb6d tree_check(tree_node*, char const*, int, char const*, tree_code)
	.././../gcc-source/gcc/tree.h:3450
0x7edb6d array_ref_low_bound(tree_node*)
	.././../gcc-source/gcc/tree.cc:12479
0xc310ef gimplify_compound_lval
	.././../gcc-source/gcc/gimplify.cc:3204
0xc2a904 gimplify_expr(tree_node**, gimple**, gimple**, bool (*)(tree_node*), int)
	.././../gcc-source/gcc/gimplify.cc:15008
0xc32c23 gimplify_addr_expr
	.././../gcc-source/gcc/gimplify.cc:6451
0xc2b471 gimplify_expr(tree_node**, gimple**, gimple**, bool (*)(tree_node*), int)
	.././../gcc-source/gcc/gimplify.cc:15103
0xc36a0b gimplify_expr
	.././../gcc-source/gcc/gimplify.cc:16115
0xc36a0b gimplify_arg(tree_node**, gimple**, unsigned int, bool)
	.././../gcc-source/gcc/gimplify.cc:3487
0xc3718b gimplify_call_expr
	.././../gcc-source/gcc/gimplify.cc:3724
0xc2b877 gimplify_expr(tree_node**, gimple**, gimple**, bool (*)(tree_node*), int)
	.././../gcc-source/gcc/gimplify.cc:15028
0xc2e7f6 gimplify_stmt(tree_node**, gimple**)
	.././../gcc-source/gcc/gimplify.cc:7111
0xc2b8eb gimplify_statement_list
	.././../gcc-source/gcc/gimplify.cc:2019
0xc2b8eb gimplify_expr(tree_node**, gimple**, gimple**, bool (*)(tree_node*), int)
	.././../gcc-source/gcc/gimplify.cc:15501
0xc2e7f6 gimplify_stmt(tree_node**, gimple**)
	.././../gcc-source/gcc/gimplify.cc:7111
0xc2efb4 gimplify_bind_expr
	.././../gcc-source/gcc/gimplify.cc:1428
0xc2b891 gimplify_expr(tree_node**, gimple**, gimple**, bool (*)(tree_node*), int)
	.././../gcc-source/gcc/gimplify.cc:15257
0xc2e7f6 gimplify_stmt(tree_node**, gimple**)
	.././../gcc-source/gcc/gimplify.cc:7111
0xc2b8eb gimplify_statement_list
	.././../gcc-source/gcc/gimplify.cc:2019
0xc2b8eb gimplify_expr(tree_node**, gimple**, gimple**, bool (*)(tree_node*), int)
	.././../gcc-source/gcc/gimplify.cc:15501
Please submit a full bug report, with preprocessed source (by using -freport-bug).
Please include the complete backtrace with any bug report.
See <https://gcc.gnu.org/bugs/> for instructions.
