/home/user42/directed-compiler-fuzzing-code/scripts/8-crash-testing/input/segment_3/1e018a8f62db6dd722e2788245de64b20f91edec.c:1:1: error: expected identifier or â€˜(â€™ before â€˜/â€™ token
    1 | /      * corpus/d59aee1c6c36c33c77et3639877705.c */
      | ^
/home/user42/directed-compiler-fuzzing-code/scripts/8-crash-testing/input/segment_3/1e018a8f62db6dd722e2788245de64b20f91edec.c:1:2: error: stray â€˜\1â€™ in program
    1 | /<U+0001><U+0000><U+0000><U+0000><U+0000><U+0000><U+0000><U+0003>* corpus/d59aee1c6c36c33c77et3639877705.c */
      |  ^~~~~~~~
/home/user42/directed-compiler-fuzzing-code/scripts/8-crash-testing/input/segment_3/1e018a8f62db6dd722e2788245de64b20f91edec.c:1:3: warning: null character(s) ignored
    1 | /<U+0001><U+0000><U+0000><U+0000><U+0000><U+0000><U+0000><U+0003>* corpus/d59aee1c6c36c33c77et3639877705.c */
      |          ^~~~~~~~
/home/user42/directed-compiler-fuzzing-code/scripts/8-crash-testing/input/segment_3/1e018a8f62db6dd722e2788245de64b20f91edec.c:1:9: error: stray â€˜\3â€™ in program
    1 | /<U+0001><U+0000><U+0000><U+0000><U+0000><U+0000><U+0000><U+0003>* corpus/d59aee1c6c36c33c77et3639877705.c */
      |                                                          ^~~~~~~~
In file included from /home/user42/data/csmith/runtime/csmith.h:40,
                 from /home/user42/directed-compiler-fuzzing-code/scripts/8-crash-testing/input/segment_3/1e018a8f62db6dd722e2788245de64b20f91edec.c:2:
/usr/include/string.h:43:22: error: unknown type name â€˜size_tâ€™
   43 |                      size_t __n) __THROW __nonnull ((1, 2));
      |                      ^~~~~~
/usr/include/string.h:34:1: note: â€˜size_tâ€™ is defined in header â€˜<stddef.h>â€™; did you forget to â€˜#include <stddef.h>â€™?
   33 | #include <stddef.h>
  +++ |+#include <stddef.h>
   34 | 
/usr/include/string.h:46:56: error: unknown type name â€˜size_tâ€™
   46 | extern void *memmove (void *__dest, const void *__src, size_t __n)
      |                                                        ^~~~~~
/usr/include/string.h:46:56: note: â€˜size_tâ€™ is defined in header â€˜<stddef.h>â€™; did you forget to â€˜#include <stddef.h>â€™?
/usr/include/string.h:54:32: error: unknown type name â€˜size_tâ€™
   54 |                       int __c, size_t __n)
      |                                ^~~~~~
/usr/include/string.h:54:32: note: â€˜size_tâ€™ is defined in header â€˜<stddef.h>â€™; did you forget to â€˜#include <stddef.h>â€™?
/usr/include/string.h:60:42: error: unknown type name â€˜size_tâ€™
   60 | extern void *memset (void *__s, int __c, size_t __n) __THROW __nonnull ((1));
      |                                          ^~~~~~
/usr/include/string.h:60:42: note: â€˜size_tâ€™ is defined in header â€˜<stddef.h>â€™; did you forget to â€˜#include <stddef.h>â€™?
/usr/include/string.h:63:56: error: unknown type name â€˜size_tâ€™
   63 | extern int memcmp (const void *__s1, const void *__s2, size_t __n)
      |                                                        ^~~~~~
/usr/include/string.h:63:56: note: â€˜size_tâ€™ is defined in header â€˜<stddef.h>â€™; did you forget to â€˜#include <stddef.h>â€™?
/usr/include/string.h:90:48: error: unknown type name â€˜size_tâ€™
   90 | extern void *memchr (const void *__s, int __c, size_t __n)
      |                                                ^~~~~~
/usr/include/string.h:90:48: note: â€˜size_tâ€™ is defined in header â€˜<stddef.h>â€™; did you forget to â€˜#include <stddef.h>â€™?
/usr/include/string.h:125:53: error: unknown type name â€˜size_tâ€™
  125 |                       const char *__restrict __src, size_t __n)
      |                                                     ^~~~~~
/usr/include/string.h:125:53: note: â€˜size_tâ€™ is defined in header â€˜<stddef.h>â€™; did you forget to â€˜#include <stddef.h>â€™?
/usr/include/string.h:133:23: error: unknown type name â€˜size_tâ€™
  133 |                       size_t __n) __THROW __nonnull ((1, 2));
      |                       ^~~~~~
/usr/include/string.h:133:23: note: â€˜size_tâ€™ is defined in header â€˜<stddef.h>â€™; did you forget to â€˜#include <stddef.h>â€™?
/usr/include/string.h:139:57: error: unknown type name â€˜size_tâ€™
  139 | extern int strncmp (const char *__s1, const char *__s2, size_t __n)
      |                                                         ^~~~~~
/usr/include/string.h:139:57: note: â€˜size_tâ€™ is defined in header â€˜<stddef.h>â€™; did you forget to â€˜#include <stddef.h>â€™?
/usr/include/string.h:146:8: error: unknown type name â€˜size_tâ€™
  146 | extern size_t strxfrm (char *__restrict __dest,
      |        ^~~~~~
/usr/include/string.h:147:54: error: unknown type name â€˜size_tâ€™
  147 |                        const char *__restrict __src, size_t __n)
      |                                                      ^~~~~~
/usr/include/string.h:147:54: note: â€˜size_tâ€™ is defined in header â€˜<stddef.h>â€™; did you forget to â€˜#include <stddef.h>â€™?
/usr/include/string.h:159:8: error: unknown type name â€˜size_tâ€™
  159 | extern size_t strxfrm_l (char *__dest, const char *__src, size_t __n,
      |        ^~~~~~
/usr/include/string.h:159:59: error: unknown type name â€˜size_tâ€™
  159 | extern size_t strxfrm_l (char *__dest, const char *__src, size_t __n,
      |                                                           ^~~~~~
/usr/include/string.h:159:59: note: â€˜size_tâ€™ is defined in header â€˜<stddef.h>â€™; did you forget to â€˜#include <stddef.h>â€™?
/usr/include/string.h:174:45: error: unknown type name â€˜size_tâ€™
  174 | extern char *strndup (const char *__string, size_t __n)
      |                                             ^~~~~~
/usr/include/string.h:174:45: note: â€˜size_tâ€™ is defined in header â€˜<stddef.h>â€™; did you forget to â€˜#include <stddef.h>â€™?
/usr/include/string.h:272:8: error: unknown type name â€˜size_tâ€™
  272 | extern size_t strcspn (const char *__s, const char *__reject)
      |        ^~~~~~
/usr/include/string.h:276:8: error: unknown type name â€˜size_tâ€™
  276 | extern size_t strspn (const char *__s, const char *__accept)
      |        ^~~~~~
/usr/include/string.h:384:8: error: unknown type name â€˜size_tâ€™
  384 | extern size_t strlen (const char *__s)
      |        ^~~~~~
/usr/include/string.h:390:8: error: unknown type name â€˜size_tâ€™
  390 | extern size_t strnlen (const char *__string, size_t __maxlen)
      |        ^~~~~~
/usr/include/string.h:390:46: error: unknown type name â€˜size_tâ€™
  390 | extern size_t strnlen (const char *__string, size_t __maxlen)
      |                                              ^~~~~~
/usr/include/string.h:390:46: note: â€˜size_tâ€™ is defined in header â€˜<stddef.h>â€™; did you forget to â€˜#include <stddef.h>â€™?
In file included from /usr/include/features.h:424,
                 from /usr/include/x86_64-linux-gnu/bits/libc-header-start.h:33,
                 from /usr/include/string.h:26:
/usr/include/string.h:409:12: error: unknown type name â€˜size_tâ€™
  409 | extern int __REDIRECT_NTH (strerror_r,
      |            ^~~~~~~~~~~~~~
/usr/include/string.h:409:12: note: â€˜size_tâ€™ is defined in header â€˜<stddef.h>â€™; did you forget to â€˜#include <stddef.h>â€™?
In file included from /usr/include/string.h:431:
/usr/include/strings.h:34:54: error: unknown type name â€˜size_tâ€™
   34 | extern int bcmp (const void *__s1, const void *__s2, size_t __n)
      |                                                      ^~~~~~
/usr/include/strings.h:24:1: note: â€˜size_tâ€™ is defined in header â€˜<stddef.h>â€™; did you forget to â€˜#include <stddef.h>â€™?
   23 | #include <stddef.h>
  +++ |+#include <stddef.h>
   24 | 
/usr/include/strings.h:38:53: error: unknown type name â€˜size_tâ€™
   38 | extern void bcopy (const void *__src, void *__dest, size_t __n)
      |                                                     ^~~~~~
/usr/include/strings.h:38:53: note: â€˜size_tâ€™ is defined in header â€˜<stddef.h>â€™; did you forget to â€˜#include <stddef.h>â€™?
/usr/include/strings.h:42:31: error: unknown type name â€˜size_tâ€™
   42 | extern void bzero (void *__s, size_t __n) __THROW __nonnull ((1));
      |                               ^~~~~~
/usr/include/strings.h:42:31: note: â€˜size_tâ€™ is defined in header â€˜<stddef.h>â€™; did you forget to â€˜#include <stddef.h>â€™?
/usr/include/strings.h:120:61: error: unknown type name â€˜size_tâ€™
  120 | extern int strncasecmp (const char *__s1, const char *__s2, size_t __n)
      |                                                             ^~~~~~
/usr/include/strings.h:120:61: note: â€˜size_tâ€™ is defined in header â€˜<stddef.h>â€™; did you forget to â€˜#include <stddef.h>â€™?
/usr/include/strings.h:134:27: error: unknown type name â€˜size_tâ€™
  134 |                           size_t __n, locale_t __loc)
      |                           ^~~~~~
/usr/include/strings.h:134:27: note: â€˜size_tâ€™ is defined in header â€˜<stddef.h>â€™; did you forget to â€˜#include <stddef.h>â€™?
/usr/include/string.h:435:40: error: unknown type name â€˜size_tâ€™
  435 | extern void explicit_bzero (void *__s, size_t __n) __THROW __nonnull ((1));
      |                                        ^~~~~~
/usr/include/string.h:435:40: note: â€˜size_tâ€™ is defined in header â€˜<stddef.h>â€™; did you forget to â€˜#include <stddef.h>â€™?
/usr/include/string.h:457:55: error: unknown type name â€˜size_tâ€™
  457 |                         const char *__restrict __src, size_t __n)
      |                                                       ^~~~~~
/usr/include/string.h:457:55: note: â€˜size_tâ€™ is defined in header â€˜<stddef.h>â€™; did you forget to â€˜#include <stddef.h>â€™?
/usr/include/string.h:460:53: error: unknown type name â€˜size_tâ€™
  460 |                       const char *__restrict __src, size_t __n)
      |                                                     ^~~~~~
/usr/include/string.h:460:53: note: â€˜size_tâ€™ is defined in header â€˜<stddef.h>â€™; did you forget to â€˜#include <stddef.h>â€™?
In file included from /usr/include/stdio.h:41,
                 from /home/user42/data/csmith/runtime/platform_generic.h:39,
                 from /home/user42/data/csmith/runtime/random_inc.h:89,
                 from /home/user42/data/csmith/runtime/csmith.h:45:
/usr/include/x86_64-linux-gnu/bits/libio.h:306:3: error: unknown type name â€˜size_tâ€™
  306 |   size_t __pad5;
      |   ^~~~~~
/usr/include/x86_64-linux-gnu/bits/libio.h:309:67: error: â€˜size_tâ€™ undeclared here (not in a function)
  309 |   char _unused2[15 * sizeof (int) - 4 * sizeof (void *) - sizeof (size_t)];
      |                                                                   ^~~~~~
/usr/include/x86_64-linux-gnu/bits/libio.h:54:1: note: â€˜size_tâ€™ is defined in header â€˜<stddef.h>â€™; did you forget to â€˜#include <stddef.h>â€™?
   53 | #include <stdarg.h>
  +++ |+#include <stddef.h>
   54 | #ifdef __GNUC_VA_LIST
/usr/include/x86_64-linux-gnu/bits/libio.h:337:62: error: expected declaration specifiers or â€˜...â€™ before â€˜size_tâ€™
  337 | typedef __ssize_t __io_read_fn (void *__cookie, char *__buf, size_t __nbytes);
      |                                                              ^~~~~~
/usr/include/x86_64-linux-gnu/bits/libio.h:346:34: error: expected declaration specifiers or â€˜...â€™ before â€˜size_tâ€™
  346 |                                  size_t __n);
      |                                  ^~~~~~
/usr/include/x86_64-linux-gnu/bits/libio.h:467:19: error: expected â€˜=â€™, â€˜,â€™, â€˜;â€™, â€˜asmâ€™ or â€˜__attribute__â€™ before â€˜_IO_sgetnâ€™
  467 | extern _IO_size_t _IO_sgetn (_IO_FILE *, void *, _IO_size_t);
      |                   ^~~~~~~~~
/usr/include/stdio.h:278:35: error: expected declaration specifiers or â€˜...â€™ before â€˜size_tâ€™
  278 | extern FILE *fmemopen (void *__s, size_t __len, const char *__modes)
      |                                   ^~~~~~
/usr/include/stdio.h:284:47: error: expected declaration specifiers or â€˜...â€™ before â€˜size_tâ€™
  284 | extern FILE *open_memstream (char **__bufloc, size_t *__sizeloc) __THROW __wur;
      |                                               ^~~~~~
/usr/include/stdio.h:295:34: error: expected declaration specifiers or â€˜...â€™ before â€˜size_tâ€™
  295 |                     int __modes, size_t __n) __THROW;
      |                                  ^~~~~~
/usr/include/stdio.h:301:24: error: expected declaration specifiers or â€˜...â€™ before â€˜size_tâ€™
  301 |                        size_t __size) __THROW;
      |                        ^~~~~~
/usr/include/stdio.h:340:44: error: expected declaration specifiers or â€˜...â€™ before â€˜size_tâ€™
  340 | extern int snprintf (char *__restrict __s, size_t __maxlen,
      |                                            ^~~~~~
/usr/include/stdio.h:344:45: error: expected declaration specifiers or â€˜...â€™ before â€˜size_tâ€™
  344 | extern int vsnprintf (char *__restrict __s, size_t __maxlen,
      |                                             ^~~~~~
/usr/include/stdio.h:604:32: error: expected declaration specifiers or â€˜...â€™ before â€˜size_tâ€™
  604 |                                size_t *__restrict __n, int __delimiter,
      |                                ^~~~~~
/usr/include/stdio.h:607:30: error: expected declaration specifiers or â€˜...â€™ before â€˜size_tâ€™
  607 |                              size_t *__restrict __n, int __delimiter,
      |                              ^~~~~~
/usr/include/stdio.h:617:29: error: expected declaration specifiers or â€˜...â€™ before â€˜size_tâ€™
  617 |                             size_t *__restrict __n,
      |                             ^~~~~~
/usr/include/stdio.h:646:15: error: expected â€˜=â€™, â€˜,â€™, â€˜;â€™, â€˜asmâ€™ or â€˜__attribute__â€™ before â€˜freadâ€™
  646 | extern size_t fread (void *__restrict __ptr, size_t __size,
      |               ^~~~~
/usr/include/stdio.h:652:15: error: expected â€˜=â€™, â€˜,â€™, â€˜;â€™, â€˜asmâ€™ or â€˜__attribute__â€™ before â€˜fwriteâ€™
  652 | extern size_t fwrite (const void *__restrict __ptr, size_t __size,
      |               ^~~~~~
/usr/include/stdio.h:673:15: error: expected â€˜=â€™, â€˜,â€™, â€˜;â€™, â€˜asmâ€™ or â€˜__attribute__â€™ before â€˜fread_unlockedâ€™
  673 | extern size_t fread_unlocked (void *__restrict __ptr, size_t __size,
      |               ^~~~~~~~~~~~~~
/usr/include/stdio.h:675:15: error: expected â€˜=â€™, â€˜,â€™, â€˜;â€™, â€˜asmâ€™ or â€˜__attribute__â€™ before â€˜fwrite_unlockedâ€™
  675 | extern size_t fwrite_unlocked (const void *__restrict __ptr, size_t __size,
      |               ^~~~~~~~~~~~~~~
/home/user42/directed-compiler-fuzzing-code/scripts/8-crash-testing/input/segment_3/1e018a8f62db6dd722e2788245de64b20f91edec.c:5:8: warning: type defaults to â€˜intâ€™ in declaration of â€˜iincludecâ€™ [-Wimplicit-int]
    5 | static iincludec, f, e;
      |        ^~~~~~~~~
/home/user42/directed-compiler-fuzzing-code/scripts/8-crash-testing/input/segment_3/1e018a8f62db6dd722e2788245de64b20f91edec.c:5:19: warning: type defaults to â€˜intâ€™ in declaration of â€˜fâ€™ [-Wimplicit-int]
    5 | static iincludec, f, e;
      |                   ^
/home/user42/directed-compiler-fuzzing-code/scripts/8-crash-testing/input/segment_3/1e018a8f62db6dd722e2788245de64b20f91edec.c:5:22: warning: type defaults to â€˜intâ€™ in declaration of â€˜eâ€™ [-Wimplicit-int]
    5 | static iincludec, f, e;
      |                      ^
/home/user42/directed-compiler-fuzzing-code/scripts/8-crash-testing/input/segment_3/1e018a8f62db6dd722e2788245de64b20f91edec.c:6:31: error: â€˜câ€™ undeclared here (not in a function)
    6 | static int32_t *volatile d = &c;
      |                               ^
/home/user42/directed-compiler-fuzzing-code/scripts/8-crash-testing/input/segment_3/1e018a8f62db6dd722e2788245de64b20f91edec.c:8:3: error: expected â€˜=â€™, â€˜,â€™, â€˜;â€™, â€˜asmâ€™ or â€˜__attribute__â€™ before â€˜&â€™ token
    8 | s &f;
      |   ^
/home/user42/directed-compiler-fuzzing-code/scripts/8-crash-testing/input/segment_3/1e018a8f62db6dd722e2788245de64b20f91edec.c:11:19: error: expected declaration specifiers or â€˜...â€™ before numeric constant
   11 | union a k(union a,6 in_t1t);
      |                   ^
/home/user42/directed-compiler-fuzzing-code/scripts/8-crash-testing/input/segment_3/1e018a8f62db6dd722e2788245de64b20f91edec.c: In function â€˜nâ€™:
/home/user42/directed-compiler-fuzzing-code/scripts/8-crash-testing/input/segment_3/1e018a8f62db6dd722e2788245de64b20f91edec.c:21:12: error: stray â€˜\306â€™ in program
   21 |       retur<c6> 9;
      |            ^~~~
/home/user42/directed-compiler-fuzzing-code/scripts/8-crash-testing/input/segment_3/1e018a8f62db6dd722e2788245de64b20f91edec.c:21:7: error: â€˜returâ€™ undeclared (first use in this function)
   21 |       returÆ 9;
      |       ^~~~~
/home/user42/directed-compiler-fuzzing-code/scripts/8-crash-testing/input/segment_3/1e018a8f62db6dd722e2788245de64b20f91edec.c:21:7: note: each undeclared identifier is reported only once for each function it appears in
/home/user42/directed-compiler-fuzzing-code/scripts/8-crash-testing/input/segment_3/1e018a8f62db6dd722e2788245de64b20f91edec.c:21:12: error: expected â€˜;â€™ before numeric constant
   21 |       returÆ 9;
      |            ^ ~
      |            ;
/home/user42/directed-compiler-fuzzing-code/scripts/8-crash-testing/input/segment_3/1e018a8f62db6dd722e2788245de64b20f91edec.c: In function â€˜iâ€™:
/home/user42/directed-compiler-fuzzing-code/scripts/8-crash-testing/input/segment_3/1e018a8f62db6dd722e2788245de64b20f91edec.c:26:15: warning: initialization of â€˜int8_t *â€™ {aka â€˜signed char *â€™} from incompatible pointer type â€˜int *â€™ [-Wincompatible-pointer-types]
   26 |   int8_t *t = &e;
      |               ^
/home/user42/directed-compiler-fuzzing-code/scripts/8-crash-testing/input/segment_3/1e018a8f62db6dd722e2788245de64b20f91edec.c:27:4: error: â€˜hâ€™ undeclared (first use in this function)
   27 |   *h =fas m_eul_func_int64_t_s_s( +)+4,*s | (*t = q);
      |    ^
/home/user42/directed-compiler-fuzzing-code/scripts/8-crash-testing/input/segment_3/1e018a8f62db6dd722e2788245de64b20f91edec.c:27:7: error: â€˜fasâ€™ undeclared (first use in this function); did you mean â€˜fabsâ€™?
   27 |   *h =fas m_eul_func_int64_t_s_s( +)+4,*s | (*t = q);
      |       ^~~
      |       fabs
/home/user42/directed-compiler-fuzzing-code/scripts/8-crash-testing/input/segment_3/1e018a8f62db6dd722e2788245de64b20f91edec.c:27:10: error: expected â€˜;â€™ before â€˜m_eul_func_int64_t_s_sâ€™
   27 |   *h =fas m_eul_func_int64_t_s_s( +)+4,*s | (*t = q);
      |          ^~~~~~~~~~~~~~~~~~~~~~~
      |          ;
/home/user42/directed-compiler-fuzzing-code/scripts/8-crash-testing/input/segment_3/1e018a8f62db6dd722e2788245de64b20f91edec.c: In function â€˜jâ€™:
/home/user42/directed-compiler-fuzzing-code/scripts/8-crash-testing/input/segment_3/1e018a8f62db6dd722e2788245de64b20f91edec.c:32:3: warning: implicit declaration of function â€˜kâ€™ [-Wimplicit-function-declaration]
   32 |   k(l(), u);
      |   ^
/home/user42/directed-compiler-fuzzing-code/scripts/8-crash-testing/input/segment_3/1e018a8f62db6dd722e2788245de64b20f91edec.c: At top level:
/home/user42/directed-compiler-fuzzing-code/scripts/8-crash-testing/input/segment_3/1e018a8f62db6dd722e2788245de64b20f91edec.c:35:11: error: unknown type name â€˜unâ€™
   35 | union a k(un/* corpus/990326-1.c */
      |           ^~
/home/user42/directed-compiler-fuzzing-code/scripts/8-crash-testing/input/segment_3/1e018a8f62db6dd722e2788245de64b20f91edec.c:43:1: error: expected â€˜;â€™, â€˜,â€™ or â€˜)â€™ before â€˜{â€™ token
   43 | {
      | ^
/home/user42/directed-compiler-fuzzing-code/scripts/8-crash-testing/input/segment_3/1e018a8f62db6dd722e2788245de64b20f91edec.c:81:38: warning: null character(s) ignored
   81 |         static struct b x = { ~1, 66,<U+0000><U+0000><U+0000><U+0000><U+0000><U+0000><U+0000><U+0000> 1 }, y = { ~2, 2, 1 };
      |                                      ^~~~~~~~
/home/user42/directed-compiler-fuzzing-code/scripts/8-crash-testing/input/segment_3/1e018a8f62db6dd722e2788245de64b20f91edec.c:99:9: error: expected declaration specifiers or â€˜...â€™ before numeric constant
   99 |   exit (0);
      |         ^
/home/user42/directed-compiler-fuzzing-code/scripts/8-crash-testing/input/segment_3/1e018a8f62db6dd722e2788245de64b20f91edec.c:100:1: error: expected identifier or â€˜(â€™ before â€˜}â€™ token
  100 | }
      | ^
/home/user42/directed-compiler-fuzzing-code/scripts/8-crash-testing/input/segment_3/1e018a8f62db6dd722e2788245de64b20f91edec.c:103:41: warning: null character(s) ignored
  103 | bug (unsigned short value, unsigned shor<U+0000><U+0000><U+0000><U+0000><U+0000><U+0000><U+0000><U+0000><U+0000><U+0000><U+0000><U+0000><U+0000><U+0000><U+0000><U+0000><U+0000><U+0000><U+0000><U+0000><U+0000><U+0000><U+0000><U+0000><U+0000><U+0000><U+0000><U+0000><U+0000><U+0000><U+0000><U+0000><U+0000><U+0000><U+0000><U+0000><U+0000><U+0000><U+0000><U+0000><U+0000><U+0000><U+0000><U+0000><U+0000><U+0000><U+0000><U+0000><U+0000><U+0000><U+0000><U+0000><U+0000><U+0000><U+0000><U+0000><U+0000><U+0000><U+0000><U+0000><U+0000>t *buffer, unsigned short *bufend)
      |                                         ^~~~~~~~
/home/user42/directed-compiler-fuzzing-code/scripts/8-crash-testing/input/segment_3/1e018a8f62db6dd722e2788245de64b20f91edec.c:103:102: error: expected â€˜;â€™, â€˜,â€™ or â€˜)â€™ before â€˜tâ€™
  103 | bug (unsigned short value, unsigned shor                                                             t *buffer, unsigned short *bufend)
      |                                                                                                      ^
/home/user42/directed-compiler-fuzzing-code/scripts/8-crash-testing/input/segment_3/1e018a8f62db6dd722e2788245de64b20f91edec.c: In function â€˜h5â€™:
/home/user42/directed-compiler-fuzzing-code/scripts/8-crash-testing/input/segment_3/1e018a8f62db6dd722e2788245de64b20f91edec.c:111:23: error: variable â€˜xâ€™ has initializer but incomplete type
  111 |         static struct hx x = { 0x0100, 0x0200, ~1 };
      |                       ^~
/home/user42/directed-compiler-fuzzing-code/scripts/8-crash-testing/input/segment_3/1e018a8f62db6dd722e2788245de64b20f91edec.c:111:32: warning: excess elements in struct initializer
  111 |         static struct hx x = { 0x0100, 0x0200, ~1 };
      |                                ^~~~~~
/home/user42/directed-compiler-fuzzing-code/scripts/8-crash-testing/input/segment_3/1e018a8f62db6dd722e2788245de64b20f91edec.c:111:32: note: (near initialization for â€˜xâ€™)
/home/user42/directed-compiler-fuzzing-code/scripts/8-crash-testing/input/segment_3/1e018a8f62db6dd722e2788245de64b20f91edec.c:111:40: warning: excess elements in struct initializer
  111 |         static struct hx x = { 0x0100, 0x0200, ~1 };
      |                                        ^~~~~~
/home/user42/directed-compiler-fuzzing-code/scripts/8-crash-testing/input/segment_3/1e018a8f62db6dd722e2788245de64b20f91edec.c:111:40: note: (near initialization for â€˜xâ€™)
/home/user42/directed-compiler-fuzzing-code/scripts/8-crash-testing/input/segment_3/1e018a8f62db6dd722e2788245de64b20f91edec.c:111:48: warning: excess elements in struct initializer
  111 |         static struct hx x = { 0x0100, 0x0200, ~1 };
      |                                                ^
/home/user42/directed-compiler-fuzzing-code/scripts/8-crash-testing/input/segment_3/1e018a8f62db6dd722e2788245de64b20f91edec.c:111:48: note: (near initialization for â€˜xâ€™)
/home/user42/directed-compiler-fuzzing-code/scripts/8-crash-testing/input/segment_3/1e018a8f62db6dd722e2788245de64b20f91edec.c:111:26: error: storage size of â€˜xâ€™ isnâ€™t known
  111 |         static struct hx x = { 0x0100, 0x0200, ~1 };
      |                          ^
/home/user42/directed-compiler-fuzzing-code/scripts/8-crash-testing/input/segment_3/1e018a8f62db6dd722e2788245de64b20f91edec.c:112:23: error: variable â€˜yâ€™ has initializer but incomplete type
  112 |         static struct hy y = { ~2, 0x0010, 0x0020 };
      |                       ^~
/home/user42/directed-compiler-fuzzing-code/scripts/8-crash-testing/input/segment_3/1e018a8f62db6dd722e2788245de64b20f91edec.c:112:32: warning: excess elements in struct initializer
  112 |         static struct hy y = { ~2, 0x0010, 0x0020 };
      |                                ^
/home/user42/directed-compiler-fuzzing-code/scripts/8-crash-testing/input/segment_3/1e018a8f62db6dd722e2788245de64b20f91edec.c:112:32: note: (near initialization for â€˜yâ€™)
/home/user42/directed-compiler-fuzzing-code/scripts/8-crash-testing/input/segment_3/1e018a8f62db6dd722e2788245de64b20f91edec.c:112:36: warning: excess elements in struct initializer
  112 |         static struct hy y = { ~2, 0x0010, 0x0020 };
      |                                    ^~~~~~
/home/user42/directed-compiler-fuzzing-code/scripts/8-crash-testing/input/segment_3/1e018a8f62db6dd722e2788245de64b20f91edec.c:112:36: note: (near initialization for â€˜yâ€™)
/home/user42/directed-compiler-fuzzing-code/scripts/8-crash-testing/input/segment_3/1e018a8f62db6dd722e2788245de64b20f91edec.c:112:44: warning: excess elements in struct initializer
  112 |         static struct hy y = { ~2, 0x0010, 0x0020 };
      |                                            ^~~~~~
/home/user42/directed-compiler-fuzzing-code/scripts/8-crash-testing/input/segment_3/1e018a8f62db6dd722e2788245de64b20f91edec.c:112:44: note: (near initialization for â€˜yâ€™)
/home/user42/directed-compiler-fuzzing-code/scripts/8-crash-testing/input/segment_3/1e018a8f62db6dd722e2788245de64b20f91edec.c:112:26: error: storage size of â€˜yâ€™ isnâ€™t known
  112 |         static struct hy y = { ~2, 0x0010, 0x0020 };
      |                          ^
/home/user42/directed-compiler-fuzzing-code/scripts/8-crash-testing/input/segment_3/1e018a8f62db6dd722e2788245de64b20f91edec.c: In function â€˜h6â€™:
/home/user42/directed-compiler-fuzzing-code/scripts/8-crash-testing/input/segment_3/1e018a8f62db6dd722e2788245de64b20f91edec.c:121:23: error: variable â€˜xâ€™ has initializer but incomplete type
  121 |         static struct hx x = { 0xfd10, 0xfe20, ~1 };
      |                       ^~
/home/user42/directed-compiler-fuzzing-code/scripts/8-crash-testing/input/segment_3/1e018a8f62db6dd722e2788245de64b20f91edec.c:121:32: warning: excess elements in struct initializer
  121 |         static struct hx x = { 0xfd10, 0xfe20, ~1 };
      |                                ^~~~~~
/home/user42/directed-compiler-fuzzing-code/scripts/8-crash-testing/input/segment_3/1e018a8f62db6dd722e2788245de64b20f91edec.c:121:32: note: (near initialization for â€˜xâ€™)
/home/user42/directed-compiler-fuzzing-code/scripts/8-crash-testing/input/segment_3/1e018a8f62db6dd722e2788245de64b20f91edec.c:121:40: warning: excess elements in struct initializer
  121 |         static struct hx x = { 0xfd10, 0xfe20, ~1 };
      |                                        ^~~~~~
/home/user42/directed-compiler-fuzzing-code/scripts/8-crash-testing/input/segment_3/1e018a8f62db6dd722e2788245de64b20f91edec.c:121:40: note: (near initialization for â€˜xâ€™)
/home/user42/directed-compiler-fuzzing-code/scripts/8-crash-testing/input/segment_3/1e018a8f62db6dd722e2788245de64b20f91edec.c:121:48: warning: excess elements in struct initializer
  121 |         static struct hx x = { 0xfd10, 0xfe20, ~1 };
      |                                                ^
/home/user42/directed-compiler-fuzzing-code/scripts/8-crash-testing/input/segment_3/1e018a8f62db6dd722e2788245de64b20f91edec.c:121:48: note: (near initialization for â€˜xâ€™)
/home/user42/directed-compiler-fuzzing-code/scripts/8-crash-testing/input/segment_3/1e018a8f62db6dd722e2788245de64b20f91edec.c:121:26: error: storage size of â€˜xâ€™ isnâ€™t known
  121 |         static struct hx x = { 0xfd10, 0xfe20, ~1 };
      |                          ^
/home/user42/directed-compiler-fuzzing-code/scripts/8-crash-testing/input/segment_3/1e018a8f62db6dd722e2788245de64b20f91edec.c:122:23: error: variable â€˜yâ€™ has initializer but incomplete type
  122 |         static struct hy y = { ~2, 0xc11f, 0xc22f };
      |                       ^~
/home/user42/directed-compiler-fuzzing-code/scripts/8-crash-testing/input/segment_3/1e018a8f62db6dd722e2788245de64b20f91edec.c:122:32: warning: excess elements in struct initializer
  122 |         static struct hy y = { ~2, 0xc11f, 0xc22f };
      |                                ^
/home/user42/directed-compiler-fuzzing-code/scripts/8-crash-testing/input/segment_3/1e018a8f62db6dd722e2788245de64b20f91edec.c:122:32: note: (near initialization for â€˜yâ€™)
/home/user42/directed-compiler-fuzzing-code/scripts/8-crash-testing/input/segment_3/1e018a8f62db6dd722e2788245de64b20f91edec.c:122:36: warning: excess elements in struct initializer
  122 |         static struct hy y = { ~2, 0xc11f, 0xc22f };
      |                                    ^~~~~~
/home/user42/directed-compiler-fuzzing-code/scripts/8-crash-testing/input/segment_3/1e018a8f62db6dd722e2788245de64b20f91edec.c:122:36: note: (near initialization for â€˜yâ€™)
/home/user42/directed-compiler-fuzzing-code/scripts/8-crash-testing/input/segment_3/1e018a8f62db6dd722e2788245de64b20f91edec.c:122:44: warning: excess elements in struct initializer
  122 |         static struct hy y = { ~2, 0xc11f, 0xc22f };
      |                                            ^~~~~~
/home/user42/directed-compiler-fuzzing-code/scripts/8-crash-testing/input/segment_3/1e018a8f62db6dd722e2788245de64b20f91edec.c:122:44: note: (near initialization for â€˜yâ€™)
/home/user42/directed-compiler-fuzzing-code/scripts/8-crash-testing/input/segment_3/1e018a8f62db6dd722e2788245de64b20f91edec.c:122:26: error: storage size of â€˜yâ€™ isnâ€™t known
  122 |         static struct hy y = { ~2, 0xc11f, 0xc22f };
      |                          ^
/home/user42/directed-compiler-fuzzing-code/scripts/8-crash-testing/input/segment_3/1e018a8f62db6dd722e2788245de64b20f91edec.c: In function â€˜h7â€™:
/home/user42/directed-compiler-fuzzing-code/scripts/8-crash-testing/input/segment_3/1e018a8f62db6dd722e2788245de64b20f91edec.c:131:23: error: variable â€˜xâ€™ has initializer but incomplete type
  131 |         static struct hx x = { 0xc11f, 0xc22f, ~1 };
      |                       ^~
/home/user42/directed-compiler-fuzzing-code/scripts/8-crash-testing/input/segment_3/1e018a8f62db6dd722e2788245de64b20f91edec.c:131:32: warning: excess elements in struct initializer
  131 |         static struct hx x = { 0xc11f, 0xc22f, ~1 };
      |                                ^~~~~~
/home/user42/directed-compiler-fuzzing-code/scripts/8-crash-testing/input/segment_3/1e018a8f62db6dd722e2788245de64b20f91edec.c:131:32: note: (near initialization for â€˜xâ€™)
/home/user42/directed-compiler-fuzzing-code/scripts/8-crash-testing/input/segment_3/1e018a8f62db6dd722e2788245de64b20f91edec.c:131:40: warning: excess elements in struct initializer
  131 |         static struct hx x = { 0xc11f, 0xc22f, ~1 };
      |                                        ^~~~~~
/home/user42/directed-compiler-fuzzing-code/scripts/8-crash-testing/input/segment_3/1e018a8f62db6dd722e2788245de64b20f91edec.c:131:40: note: (near initialization for â€˜xâ€™)
/home/user42/directed-compiler-fuzzing-code/scripts/8-crash-testing/input/segment_3/1e018a8f62db6dd722e2788245de64b20f91edec.c:131:48: warning: excess elements in struct initializer
  131 |         static struct hx x = { 0xc11f, 0xc22f, ~1 };
      |                                                ^
/home/user42/directed-compiler-fuzzing-code/scripts/8-crash-testing/input/segment_3/1e018a8f62db6dd722e2788245de64b20f91edec.c:131:48: note: (near initialization for â€˜xâ€™)
/home/user42/directed-compiler-fuzzing-code/scripts/8-crash-testing/input/segment_3/1e018a8f62db6dd722e2788245de64b20f91edec.c:131:26: error: storage size of â€˜xâ€™ isnâ€™t known
  131 |         static struct hx x = { 0xc11f, 0xc22f, ~1 };
      |                          ^
/home/user42/directed-compiler-fuzzing-code/scripts/8-crash-testing/input/segment_3/1e018a8f62db6dd722e2788245de64b20f91edec.c:132:23: error: variable â€˜yâ€™ has initializer but incomplete type
  132 |         static struct hy y = { ~2, 0xfd10, 0xfe20 };
      |                       ^~
/home/user42/directed-compiler-fuzzing-code/scripts/8-crash-testing/input/segment_3/1e018a8f62db6dd722e2788245de64b20f91edec.c:132:32: warning: excess elements in struct initializer
  132 |         static struct hy y = { ~2, 0xfd10, 0xfe20 };
      |                                ^
/home/user42/directed-compiler-fuzzing-code/scripts/8-crash-testing/input/segment_3/1e018a8f62db6dd722e2788245de64b20f91edec.c:132:32: note: (near initialization for â€˜yâ€™)
/home/user42/directed-compiler-fuzzing-code/scripts/8-crash-testing/input/segment_3/1e018a8f62db6dd722e2788245de64b20f91edec.c:132:36: warning: excess elements in struct initializer
  132 |         static struct hy y = { ~2, 0xfd10, 0xfe20 };
      |                                    ^~~~~~
/home/user42/directed-compiler-fuzzing-code/scripts/8-crash-testing/input/segment_3/1e018a8f62db6dd722e2788245de64b20f91edec.c:132:36: note: (near initialization for â€˜yâ€™)
/home/user42/directed-compiler-fuzzing-code/scripts/8-crash-testing/input/segment_3/1e018a8f62db6dd722e2788245de64b20f91edec.c:132:44: warning: excess elements in struct initializer
  132 |         static struct hy y = { ~2, 0xfd10, 0xfe20 };
      |                                            ^~~~~~
/home/user42/directed-compiler-fuzzing-code/scripts/8-crash-testing/input/segment_3/1e018a8f62db6dd722e2788245de64b20f91edec.c:132:44: note: (near initialization for â€˜yâ€™)
/home/user42/directed-compiler-fuzzing-code/scripts/8-crash-testing/input/segment_3/1e018a8f62db6dd722e2788245de64b20f91edec.c:132:26: error: storage size of â€˜yâ€™ isnâ€™t known
  132 |         static struct hy y = { ~2, 0xfd10, 0xfe20 };
      |                          ^
/home/user42/directed-compiler-fuzzing-code/scripts/8-crash-testing/input/segment_3/1e018a8f62db6dd722e2788245de64b20f91edec.c:135:25: error: expected â€˜)â€™ before â€˜;â€™ token
  135 |                 (x.b & 0;
      |                 ~       ^
      |                         )
/home/user42/directed-compiler-fuzzing-code/scripts/8-crash-testing/input/segment_3/1e018a8f62db6dd722e2788245de64b20f91edec.c:137:74: error: expected â€˜)â€™ before â€˜}â€™ token
  137 |         return ((x.a & ~8) == (y.a & ~32) && (x.b & ~64) == (y.b & ~16));
      |                                                                          ^
      |                                                                          )
  138 | }
      | ~                                                                         
/home/user42/directed-compiler-fuzzing-code/scripts/8-crash-testing/input/segment_3/1e018a8f62db6dd722e2788245de64b20f91edec.c:134:16: note: to match this â€˜(â€™
  134 |         return ((x.a & 0x3ff0) == (y.a & 0x03ff) &&
      |                ^
/home/user42/directed-compiler-fuzzing-code/scripts/8-crash-testing/input/segment_3/1e018a8f62db6dd722e2788245de64b20f91edec.c:137:74: error: expected â€˜;â€™ before â€˜}â€™ token
  137 |         return ((x.a & ~8) == (y.a & ~32) && (x.b & ~64) == (y.b & ~16));
      |                                                                          ^
      |                                                                          ;
  138 | }
      | ~                                                                         
/home/user42/directed-compiler-fuzzing-code/scripts/8-crash-testing/input/segment_3/1e018a8f62db6dd722e2788245de64b20f91edec.c: In function â€˜c2â€™:
/home/user42/directed-compiler-fuzzing-code/scripts/8-crash-testing/input/segment_3/1e018a8f62db6dd722e2788245de64b20f91edec.c:157:50: error: expected â€˜;â€™ before â€˜iâ€™
  157 |         return (x.a == y.a && (x.b & ~64) == y.b)i;
      |                                                  ^
      |                                                  ;
/home/user42/directed-compiler-fuzzing-code/scripts/8-crash-testing/input/segment_3/1e018a8f62db6dd722e2788245de64b20f91edec.c: At top level:
/home/user42/directed-compiler-fuzzing-code/scripts/8-crash-testing/input/segment_3/1e018a8f62db6dd722e2788245de64b20f91edec.c:161:2: error: stray â€˜\307â€™ in program
  161 | c<c7>()
      |  ^~~~
/home/user42/directed-compiler-fuzzing-code/scripts/8-crash-testing/input/segment_3/1e018a8f62db6dd722e2788245de64b20f91edec.c: In function â€˜câ€™:
/home/user42/directed-compiler-fuzzing-code/scripts/8-crash-testing/input/segment_3/1e018a8f62db6dd722e2788245de64b20f91edec.c:165:72: error: expected expression before â€˜)â€™ token
  165 |         return ((x.a & ~8) == (y.a & ~32) && (x.b & ~64) == (y.b & ~16+);
      |                                                                        ^
/home/user42/directed-compiler-fuzzing-code/scripts/8-crash-testing/input/segment_3/1e018a8f62db6dd722e2788245de64b20f91edec.c:165:74: error: expected â€˜;â€™ before â€˜}â€™ token
  165 |         return ((x.a & ~8) == (y.a & ~32) && (x.b & ~64) == (y.b & ~16+);
      |                                                                          ^
      |                                                                          ;
  166 | }
      | ~                                                                         
/home/user42/directed-compiler-fuzzing-code/scripts/8-crash-testing/input/segment_3/1e018a8f62db6dd722e2788245de64b20f91edec.c: At top level:
/home/user42/directed-compiler-fuzzing-code/scripts/8-crash-testing/input/segment_3/1e018a8f62db6dd722e2788245de64b20f91edec.c:207:1: error: stray â€˜\16â€™ in program
  207 | <U+000E>int
      | ^~~~~~~~
/home/user42/directed-compiler-fuzzing-code/scripts/8-crash-testing/input/segment_3/1e018a8f62db6dd722e2788245de64b20f91edec.c: In function â€˜e3â€™:
/home/user42/directed-compiler-fuzzing-code/scripts/8-crash-testing/input/segment_3/1e018a8f62db6dd722e2788245de64b20f91edec.c:220:23: error: â€˜ticâ€™ undeclared (first use in this function)
  220 |         return ((x.a &tic int32_t b[] = {1, 1403};
      |                       ^~~
/home/user42/directed-compiler-fuzzing-code/scripts/8-crash-testing/input/segment_3/1e018a8f62db6dd722e2788245de64b20f91edec.c:220:26: error: expected â€˜)â€™ before â€˜int32_tâ€™
  220 |         return ((x.a &tic int32_t b[] = {1, 1403};
      |                 ~        ^~~~~~~~
      |                          )
/home/user42/directed-compiler-fuzzing-code/scripts/8-crash-testing/input/segment_3/1e018a8f62db6dd722e2788245de64b20f91edec.c:237:12: error: stray â€˜\306â€™ in program
  237 |       retur<c6> 9;
      |            ^~~~
/home/user42/directed-compiler-fuzzing-code/scripts/8-crash-testing/input/segment_3/1e018a8f62db6dd722e2788245de64b20f91edec.c:297:38: warning: null character(s) ignored
  297 |         static struct b x = { ~1, 66,<U+0000><U+0000><U+0000><U+0000><U+0000><U+0000><U+0000><U+0000> 1 }, y = { ~2, 2, 1 };
      |                                      ^~~~~~~~
/home/user42/directed-compiler-fuzzing-code/scripts/8-crash-testing/input/segment_3/1e018a8f62db6dd722e2788245de64b20f91edec.c:315:12: error: expected â€˜)â€™ before â€˜}â€™ token
  315 |   exit (0);
      |            ^
      |            )
  316 | }
      | ~           
/home/user42/directed-compiler-fuzzing-code/scripts/8-crash-testing/input/segment_3/1e018a8f62db6dd722e2788245de64b20f91edec.c:220:16: note: to match this â€˜(â€™
  220 |         return ((x.a &tic int32_t b[] = {1, 1403};
      |                ^
/home/user42/directed-compiler-fuzzing-code/scripts/8-crash-testing/input/segment_3/1e018a8f62db6dd722e2788245de64b20f91edec.c:315:12: error: expected â€˜;â€™ before â€˜}â€™ token
  315 |   exit (0);
      |            ^
      |            ;
  316 | }
      | ~           
/home/user42/directed-compiler-fuzzing-code/scripts/8-crash-testing/input/segment_3/1e018a8f62db6dd722e2788245de64b20f91edec.c: At top level:
/home/user42/directed-compiler-fuzzing-code/scripts/8-crash-testing/input/segment_3/1e018a8f62db6dd722e2788245de64b20f91edec.c:319:41: warning: null character(s) ignored
  319 | bug (unsigned short value, unsigned shor<U+0000><U+0000><U+0000><U+0000><U+0000><U+0000><U+0000><U+0000><U+0000><U+0000><U+0000><U+0000><U+0000><U+0000><U+0000><U+0000><U+0000><U+0000><U+0000><U+0000><U+0000><U+0000><U+0000><U+0000><U+0000><U+0000><U+0000><U+0000><U+0000><U+0000><U+0000><U+0000><U+0000><U+0000><U+0000><U+0000><U+0000><U+0000><U+0000><U+0000><U+0000><U+0000><U+0000><U+0000><U+0000><U+0000><U+0000><U+0000><U+0000><U+0000><U+0000><U+0000><U+0000><U+0000><U+0000><U+0000><U+0000><U+0000><U+0000><U+0000><U+0000>t *buffer, unsigned short *bufend)
      |                                         ^~~~~~~~
/home/user42/directed-compiler-fuzzing-code/scripts/8-crash-testing/input/segment_3/1e018a8f62db6dd722e2788245de64b20f91edec.c:319:102: error: expected â€˜;â€™, â€˜,â€™ or â€˜)â€™ before â€˜tâ€™
  319 | bug (unsigned short value, unsigned shor                                                             t *buffer, unsigned short *bufend)
      |                                                                                                      ^
/home/user42/directed-compiler-fuzzing-code/scripts/8-crash-testing/input/segment_3/1e018a8f62db6dd722e2788245de64b20f91edec.c:325:1: error: redefinition of â€˜h5â€™
  325 | h5()
      | ^~
/home/user42/directed-compiler-fuzzing-code/scripts/8-crash-testing/input/segment_3/1e018a8f62db6dd722e2788245de64b20f91edec.c:109:1: note: previous definition of â€˜h5â€™ with type â€˜int()â€™
  109 | h5()
      | ^~
/home/user42/directed-compiler-fuzzing-code/scripts/8-crash-testing/input/segment_3/1e018a8f62db6dd722e2788245de64b20f91edec.c: In function â€˜h5â€™:
/home/user42/directed-compiler-fuzzing-code/scripts/8-crash-testing/input/segment_3/1e018a8f62db6dd722e2788245de64b20f91edec.c:327:23: error: variable â€˜xâ€™ has initializer but incomplete type
  327 |         static struct hx x = { 0x0100, 0x0200, ~1 };
      |                       ^~
/home/user42/directed-compiler-fuzzing-code/scripts/8-crash-testing/input/segment_3/1e018a8f62db6dd722e2788245de64b20f91edec.c:327:32: warning: excess elements in struct initializer
  327 |         static struct hx x = { 0x0100, 0x0200, ~1 };
      |                                ^~~~~~
/home/user42/directed-compiler-fuzzing-code/scripts/8-crash-testing/input/segment_3/1e018a8f62db6dd722e2788245de64b20f91edec.c:327:32: note: (near initialization for â€˜xâ€™)
/home/user42/directed-compiler-fuzzing-code/scripts/8-crash-testing/input/segment_3/1e018a8f62db6dd722e2788245de64b20f91edec.c:327:40: warning: excess elements in struct initializer
  327 |         static struct hx x = { 0x0100, 0x0200, ~1 };
      |                                        ^~~~~~
/home/user42/directed-compiler-fuzzing-code/scripts/8-crash-testing/input/segment_3/1e018a8f62db6dd722e2788245de64b20f91edec.c:327:40: note: (near initialization for â€˜xâ€™)
/home/user42/directed-compiler-fuzzing-code/scripts/8-crash-testing/input/segment_3/1e018a8f62db6dd722e2788245de64b20f91edec.c:327:48: warning: excess elements in struct initializer
  327 |         static struct hx x = { 0x0100, 0x0200, ~1 };
      |                                                ^
/home/user42/directed-compiler-fuzzing-code/scripts/8-crash-testing/input/segment_3/1e018a8f62db6dd722e2788245de64b20f91edec.c:327:48: note: (near initialization for â€˜xâ€™)
/home/user42/directed-compiler-fuzzing-code/scripts/8-crash-testing/input/segment_3/1e018a8f62db6dd722e2788245de64b20f91edec.c:327:26: error: storage size of â€˜xâ€™ isnâ€™t known
  327 |         static struct hx x = { 0x0100, 0x0200, ~1 };
      |                          ^
/home/user42/directed-compiler-fuzzing-code/scripts/8-crash-testing/input/segment_3/1e018a8f62db6dd722e2788245de64b20f91edec.c:328:23: error: variable â€˜yâ€™ has initializer but incomplete type
  328 |         static struct hy y = { ~2, 0x0010, 0x0020 };
      |                       ^~
/home/user42/directed-compiler-fuzzing-code/scripts/8-crash-testing/input/segment_3/1e018a8f62db6dd722e2788245de64b20f91edec.c:328:32: warning: excess elements in struct initializer
  328 |         static struct hy y = { ~2, 0x0010, 0x0020 };
      |                                ^
/home/user42/directed-compiler-fuzzing-code/scripts/8-crash-testing/input/segment_3/1e018a8f62db6dd722e2788245de64b20f91edec.c:328:32: note: (near initialization for â€˜yâ€™)
/home/user42/directed-compiler-fuzzing-code/scripts/8-crash-testing/input/segment_3/1e018a8f62db6dd722e2788245de64b20f91edec.c:328:36: warning: excess elements in struct initializer
  328 |         static struct hy y = { ~2, 0x0010, 0x0020 };
      |                                    ^~~~~~
/home/user42/directed-compiler-fuzzing-code/scripts/8-crash-testing/input/segment_3/1e018a8f62db6dd722e2788245de64b20f91edec.c:328:36: note: (near initialization for â€˜yâ€™)
/home/user42/directed-compiler-fuzzing-code/scripts/8-crash-testing/input/segment_3/1e018a8f62db6dd722e2788245de64b20f91edec.c:328:44: warning: excess elements in struct initializer
  328 |         static struct hy y = { ~2, 0x0010, 0x0020 };
      |                                            ^~~~~~
/home/user42/directed-compiler-fuzzing-code/scripts/8-crash-testing/input/segment_3/1e018a8f62db6dd722e2788245de64b20f91edec.c:328:44: note: (near initialization for â€˜yâ€™)
/home/user42/directed-compiler-fuzzing-code/scripts/8-crash-testing/input/segment_3/1e018a8f62db6dd722e2788245de64b20f91edec.c:328:26: error: storage size of â€˜yâ€™ isnâ€™t known
  328 |         static struct hy y = { ~2, 0x0010, 0x0020 };
      |                          ^
/home/user42/directed-compiler-fuzzing-code/scripts/8-crash-testing/input/segment_3/1e018a8f62db6dd722e2788245de64b20f91edec.c: At top level:
/home/user42/directed-compiler-fuzzing-code/scripts/8-crash-testing/input/segment_3/1e018a8f62db6dd722e2788245de64b20f91edec.c:335:1: error: redefinition of â€˜h6â€™
  335 | h6()
      | ^~
/home/user42/directed-compiler-fuzzing-code/scripts/8-crash-testing/input/segment_3/1e018a8f62db6dd722e2788245de64b20f91edec.c:119:1: note: previous definition of â€˜h6â€™ with type â€˜int()â€™
  119 | h6()
      | ^~
/home/user42/directed-compiler-fuzzing-code/scripts/8-crash-testing/input/segment_3/1e018a8f62db6dd722e2788245de64b20f91edec.c: In function â€˜h6â€™:
/home/user42/directed-compiler-fuzzing-code/scripts/8-crash-testing/input/segment_3/1e018a8f62db6dd722e2788245de64b20f91edec.c:337:23: error: variable â€˜xâ€™ has initializer but incomplete type
  337 |         static struct hx x = { 0xfd10, 0xfe20, ~1 };
      |                       ^~
/home/user42/directed-compiler-fuzzing-code/scripts/8-crash-testing/input/segment_3/1e018a8f62db6dd722e2788245de64b20f91edec.c:337:32: warning: excess elements in struct initializer
  337 |         static struct hx x = { 0xfd10, 0xfe20, ~1 };
      |                                ^~~~~~
/home/user42/directed-compiler-fuzzing-code/scripts/8-crash-testing/input/segment_3/1e018a8f62db6dd722e2788245de64b20f91edec.c:337:32: note: (near initialization for â€˜xâ€™)
/home/user42/directed-compiler-fuzzing-code/scripts/8-crash-testing/input/segment_3/1e018a8f62db6dd722e2788245de64b20f91edec.c:337:40: warning: excess elements in struct initializer
  337 |         static struct hx x = { 0xfd10, 0xfe20, ~1 };
      |                                        ^~~~~~
/home/user42/directed-compiler-fuzzing-code/scripts/8-crash-testing/input/segment_3/1e018a8f62db6dd722e2788245de64b20f91edec.c:337:40: note: (near initialization for â€˜xâ€™)
/home/user42/directed-compiler-fuzzing-code/scripts/8-crash-testing/input/segment_3/1e018a8f62db6dd722e2788245de64b20f91edec.c:337:48: warning: excess elements in struct initializer
  337 |         static struct hx x = { 0xfd10, 0xfe20, ~1 };
      |                                                ^
/home/user42/directed-compiler-fuzzing-code/scripts/8-crash-testing/input/segment_3/1e018a8f62db6dd722e2788245de64b20f91edec.c:337:48: note: (near initialization for â€˜xâ€™)
/home/user42/directed-compiler-fuzzing-code/scripts/8-crash-testing/input/segment_3/1e018a8f62db6dd722e2788245de64b20f91edec.c:337:26: error: storage size of â€˜xâ€™ isnâ€™t known
  337 |         static struct hx x = { 0xfd10, 0xfe20, ~1 };
      |                          ^
/home/user42/directed-compiler-fuzzing-code/scripts/8-crash-testing/input/segment_3/1e018a8f62db6dd722e2788245de64b20f91edec.c:338:23: error: variable â€˜yâ€™ has initializer but incomplete type
  338 |         static struct hy y = { ~2, 0xc11f) && (x.b & ~64) == (y.b & ~16+);
      |                       ^~
/home/user42/directed-compiler-fuzzing-code/scripts/8-crash-testing/input/segment_3/1e018a8f62db6dd722e2788245de64b20f91edec.c:338:32: warning: excess elements in struct initializer
  338 |         static struct hy y = { ~2, 0xc11f) && (x.b & ~64) == (y.b & ~16+);
      |                                ^
/home/user42/directed-compiler-fuzzing-code/scripts/8-crash-testing/input/segment_3/1e018a8f62db6dd722e2788245de64b20f91edec.c:338:32: note: (near initialization for â€˜yâ€™)
/home/user42/directed-compiler-fuzzing-code/scripts/8-crash-testing/input/segment_3/1e018a8f62db6dd722e2788245de64b20f91edec.c:338:36: warning: excess elements in struct initializer
  338 |         static struct hy y = { ~2, 0xc11f) && (x.b & ~64) == (y.b & ~16+);
      |                                    ^~~~~~
/home/user42/directed-compiler-fuzzing-code/scripts/8-crash-testing/input/segment_3/1e018a8f62db6dd722e2788245de64b20f91edec.c:338:36: note: (near initialization for â€˜yâ€™)
/home/user42/directed-compiler-fuzzing-code/scripts/8-crash-testing/input/segment_3/1e018a8f62db6dd722e2788245de64b20f91edec.c:338:42: error: expected â€˜}â€™ before â€˜)â€™ token
  338 |         static struct hy y = { ~2, 0xc11f) && (x.b & ~64) == (y.b & ~16+);
      |                              ~           ^
/home/user42/directed-compiler-fuzzing-code/scripts/8-crash-testing/input/segment_3/1e018a8f62db6dd722e2788245de64b20f91edec.c:338:26: error: storage size of â€˜yâ€™ isnâ€™t known
  338 |         static struct hy y = { ~2, 0xc11f) && (x.b & ~64) == (y.b & ~16+);
      |                          ^
/home/user42/directed-compiler-fuzzing-code/scripts/8-crash-testing/input/segment_3/1e018a8f62db6dd722e2788245de64b20f91edec.c:338:42: error: expected â€˜,â€™ or â€˜;â€™ before â€˜)â€™ token
  338 |         static struct hy y = { ~2, 0xc11f) && (x.b & ~64) == (y.b & ~16+);
      |                                          ^
/home/user42/directed-compiler-fuzzing-code/scripts/8-crash-testing/input/segment_3/1e018a8f62db6dd722e2788245de64b20f91edec.c: At top level:
/home/user42/directed-compiler-fuzzing-code/scripts/8-crash-testing/input/segment_3/1e018a8f62db6dd722e2788245de64b20f91edec.c:341:8: error: redefinition of â€˜struct dâ€™
  341 | struct d {
      |        ^
/home/user42/directed-compiler-fuzzing-code/scripts/8-crash-testing/input/segment_3/1e018a8f62db6dd722e2788245de64b20f91edec.c:168:8: note: originally defined here
  168 | struct d {
      |        ^
/home/user42/directed-compiler-fuzzing-code/scripts/8-crash-testing/input/segment_3/1e018a8f62db6dd722e2788245de64b20f91edec.c:346:1: error: redefinition of â€˜d1â€™
  346 | d1()
      | ^~
/home/user42/directed-compiler-fuzzing-code/scripts/8-crash-testing/input/segment_3/1e018a8f62db6dd722e2788245de64b20f91edec.c:173:1: note: previous definition of â€˜d1â€™ with type â€˜int()â€™
  173 | d1()
      | ^~
/home/user42/directed-compiler-fuzzing-code/scripts/8-crash-testing/input/segment_3/1e018a8f62db6dd722e2788245de64b20f91edec.c:354:1: error: redefinition of â€˜d2â€™
  354 | d2()
      | ^~
/home/user42/directed-compiler-fuzzing-code/scripts/8-crash-testing/input/segment_3/1e018a8f62db6dd722e2788245de64b20f91edec.c:181:1: note: previous definition of â€˜d2â€™ with type â€˜int()â€™
  181 | d2()
      | ^~
/home/user42/directed-compiler-fuzzing-code/scripts/8-crash-testing/input/segment_3/1e018a8f62db6dd722e2788245de64b20f91edec.c:362:1: error: redefinition of â€˜d3â€™
  362 | d3()
      | ^~
/home/user42/directed-compiler-fuzzing-code/scripts/8-crash-testing/input/segment_3/1e018a8f62db6dd722e2788245de64b20f91edec.c:189:1: note: previous definition of â€˜d3â€™ with type â€˜int()â€™
  189 | d3()
      | ^~
/home/user42/directed-compiler-fuzzing-code/scripts/8-crash-testing/input/segment_3/1e018a8f62db6dd722e2788245de64b20f91edec.c:369:8: error: redefinition of â€˜struct eâ€™
  369 | struct e {
      |        ^
/home/user42/directed-compiler-fuzzing-code/scripts/8-crash-testing/input/segment_3/1e018a8f62db6dd722e2788245de64b20f91edec.c:196:8: note: originally defined here
  196 | struct e {
      |        ^
/home/user42/directed-compiler-fuzzing-code/scripts/8-crash-testing/input/segment_3/1e018a8f62db6dd722e2788245de64b20f91edec.c:374:1: error: redefinition of â€˜e1â€™
  374 | e1()
      | ^~
/home/user42/directed-compiler-fuzzing-code/scripts/8-crash-testing/input/segment_3/1e018a8f62db6dd722e2788245de64b20f91edec.c:201:1: note: previous definition of â€˜e1â€™ with type â€˜int()â€™
  201 | e1()
      | ^~
/home/user42/directed-compiler-fuzzing-code/scripts/8-crash-testing/input/segment_3/1e018a8f62db6dd722e2788245de64b20f91edec.c:380:1: error: stray â€˜\16â€™ in program
  380 | <U+000E>int
      | ^~~~~~~~
/home/user42/directed-compiler-fuzzing-code/scripts/8-crash-testing/input/segment_3/1e018a8f62db6dd722e2788245de64b20f91edec.c:381:1: error: redefinition of â€˜e2â€™
  381 | e2()
      | ^~
/home/user42/directed-compiler-fuzzing-code/scripts/8-crash-testing/input/segment_3/1e018a8f62db6dd722e2788245de64b20f91edec.c:208:1: note: previous definition of â€˜e2â€™ with type â€˜int()â€™
  208 | e2()
      | ^~
/home/user42/directed-compiler-fuzzing-code/scripts/8-crash-testing/input/segment_3/1e018a8f62db6dd722e2788245de64b20f91edec.c:389:1: error: redefinition of â€˜e3â€™
  389 | e3()
      | ^~
/home/user42/directed-compiler-fuzzing-code/scripts/8-crash-testing/input/segment_3/1e018a8f62db6dd722e2788245de64b20f91edec.c:216:1: note: previous definition of â€˜e3â€™ with type â€˜int()â€™
  216 | e3()
      | ^~
/home/user42/directed-compiler-fuzzing-code/scripts/8-crash-testing/input/segment_3/1e018a8f62db6dd722e2788245de64b20f91edec.c: In function â€˜f4â€™:
/home/user42/directed-compiler-fuzzing-code/scripts/8-crash-testing/input/segment_3/1e018a8f62db6dd722e2788245de64b20f91edec.c:435:16: warning: type defaults to â€˜intâ€™ in declaration of â€˜struyâ€™ [-Wimplicit-int]
  435 |         static struy = { ~2, 2, 65 };
      |                ^~~~~
/home/user42/directed-compiler-fuzzing-code/scripts/8-crash-testing/input/segment_3/1e018a8f62db6dd722e2788245de64b20f91edec.c:435:30: warning: excess elements in scalar initializer
  435 |         static struy = { ~2, 2, 65 };
      |                              ^
/home/user42/directed-compiler-fuzzing-code/scripts/8-crash-testing/input/segment_3/1e018a8f62db6dd722e2788245de64b20f91edec.c:435:30: note: (near initialization for â€˜struyâ€™)
/home/user42/directed-compiler-fuzzing-code/scripts/8-crash-testing/input/segment_3/1e018a8f62db6dd722e2788245de64b20f91edec.c:435:33: warning: excess elements in scalar initializer
  435 |         static struy = { ~2, 2, 65 };
      |                                 ^~
/home/user42/directed-compiler-fuzzing-code/scripts/8-crash-testing/input/segment_3/1e018a8f62db6dd722e2788245de64b20f91edec.c:435:33: note: (near initialization for â€˜struyâ€™)
/home/user42/directed-compiler-fuzzing-code/scripts/8-crash-testing/input/segment_3/1e018a8f62db6dd722e2788245de64b20f91edec.c:437:17: error: â€˜xâ€™ undeclared (first use in this function)
  437 |         return (x.a == (y.a & ~64) && x.b == y.b);
      |                 ^
/home/user42/directed-compiler-fuzzing-code/scripts/8-crash-testing/input/segment_3/1e018a8f62db6dd722e2788245de64b20f91edec.c:437:25: error: â€˜yâ€™ undeclared (first use in this function)
  437 |         return (x.a == (y.a & ~64) && x.b == y.b);
      |                         ^
/home/user42/directed-compiler-fuzzing-code/scripts/8-crash-testing/input/segment_3/1e018a8f62db6dd722e2788245de64b20f91edec.c: In function â€˜b2â€™:
/home/user42/directed-compiler-fuzzing-code/scripts/8-crash-testing/input/segment_3/1e018a8f62db6dd722e2788245de64b20f91edec.c:443:23: error: variable â€˜xâ€™ has initializer but incomplete type
  443 |         static struct b x = { ~1, 66, 1 }, y = { ~2, 2, 1 };
      |                       ^
/home/user42/directed-compiler-fuzzing-code/scripts/8-crash-testing/input/segment_3/1e018a8f62db6dd722e2788245de64b20f91edec.c:443:31: warning: excess elements in struct initializer
  443 |         static struct b x = { ~1, 66, 1 }, y = { ~2, 2, 1 };
      |                               ^
/home/user42/directed-compiler-fuzzing-code/scripts/8-crash-testing/input/segment_3/1e018a8f62db6dd722e2788245de64b20f91edec.c:443:31: note: (near initialization for â€˜xâ€™)
/home/user42/directed-compiler-fuzzing-code/scripts/8-crash-testing/input/segment_3/1e018a8f62db6dd722e2788245de64b20f91edec.c:443:35: warning: excess elements in struct initializer
  443 |         static struct b x = { ~1, 66, 1 }, y = { ~2, 2, 1 };
      |                                   ^~
/home/user42/directed-compiler-fuzzing-code/scripts/8-crash-testing/input/segment_3/1e018a8f62db6dd722e2788245de64b20f91edec.c:443:35: note: (near initialization for â€˜xâ€™)
/home/user42/directed-compiler-fuzzing-code/scripts/8-crash-testing/input/segment_3/1e018a8f62db6dd722e2788245de64b20f91edec.c:443:39: warning: excess elements in struct initializer
  443 |         static struct b x = { ~1, 66, 1 }, y = { ~2, 2, 1 };
      |                                       ^
/home/user42/directed-compiler-fuzzing-code/scripts/8-crash-testing/input/segment_3/1e018a8f62db6dd722e2788245de64b20f91edec.c:443:39: note: (near initialization for â€˜xâ€™)
/home/user42/directed-compiler-fuzzing-code/scripts/8-crash-testing/input/segment_3/1e018a8f62db6dd722e2788245de64b20f91edec.c:443:25: error: storage size of â€˜xâ€™ isnâ€™t known
  443 |         static struct b x = { ~1, 66, 1 }, y = { ~2, 2, 1 };
      |                         ^
/home/user42/directed-compiler-fuzzing-code/scripts/8-crash-testing/input/segment_3/1e018a8f62db6dd722e2788245de64b20f91edec.c:443:23: error: variable â€˜yâ€™ has initializer but incomplete type
  443 |         static struct b x = { ~1, 66, 1 }, y = { ~2, 2, 1 };
      |                       ^
/home/user42/directed-compiler-fuzzing-code/scripts/8-crash-testing/input/segment_3/1e018a8f62db6dd722e2788245de64b20f91edec.c:443:50: warning: excess elements in struct initializer
  443 |         static struct b x = { ~1, 66, 1 }, y = { ~2, 2, 1 };
      |                                                  ^
/home/user42/directed-compiler-fuzzing-code/scripts/8-crash-testing/input/segment_3/1e018a8f62db6dd722e2788245de64b20f91edec.c:443:50: note: (near initialization for â€˜yâ€™)
/home/user42/directed-compiler-fuzzing-code/scripts/8-crash-testing/input/segment_3/1e018a8f62db6dd722e2788245de64b20f91edec.c:443:54: warning: excess elements in struct initializer
  443 |         static struct b x = { ~1, 66, 1 }, y = { ~2, 2, 1 };
      |                                                      ^
/home/user42/directed-compiler-fuzzing-code/scripts/8-crash-testing/input/segment_3/1e018a8f62db6dd722e2788245de64b20f91edec.c:443:54: note: (near initialization for â€˜yâ€™)
/home/user42/directed-compiler-fuzzing-code/scripts/8-crash-testing/input/segment_3/1e018a8f62db6dd722e2788245de64b20f91edec.c:443:57: warning: excess elements in struct initializer
  443 |         static struct b x = { ~1, 66, 1 }, y = { ~2, 2, 1 };
      |                                                         ^
/home/user42/directed-compiler-fuzzing-code/scripts/8-crash-testing/input/segment_3/1e018a8f62db6dd722e2788245de64b20f91edec.c:443:57: note: (near initialization for â€˜yâ€™)
/home/user42/directed-compiler-fuzzing-code/scripts/8-crash-testing/input/segment_3/1e018a8f62db6dd722e2788245de64b20f91edec.c:443:44: error: storage size of â€˜yâ€™ isnâ€™t known
  443 |         static struct b x = { ~1, 66, 1 }, y = { ~2, 2, 1 };
      |                                            ^
/home/user42/directed-compiler-fuzzing-code/scripts/8-crash-testing/input/segment_3/1e018a8f62db6dd722e2788245de64b20f91edec.c: In function â€˜b3â€™:
/home/user42/directed-compiler-fuzzing-code/scripts/8-crash-testing/input/segment_3/1e018a8f62db6dd722e2788245de64b20f91edec.c:452:23: error: variable â€˜xâ€™ has initializer but incomplete type
  452 |         static struct gx x = { ~1, 0xfe2, ~2 };
      |                       ^~
/home/user42/directed-compiler-fuzzing-code/scripts/8-crash-testing/input/segment_3/1e018a8f62db6dd722e2788245de64b20f91edec.c:452:32: warning: excess elements in struct initializer
  452 |         static struct gx x = { ~1, 0xfe2, ~2 };
      |                                ^
/home/user42/directed-compiler-fuzzing-code/scripts/8-crash-testing/input/segment_3/1e018a8f62db6dd722e2788245de64b20f91edec.c:452:32: note: (near initialization for â€˜xâ€™)
/home/user42/directed-compiler-fuzzing-code/scripts/8-crash-testing/input/segment_3/1e018a8f62db6dd722e2788245de64b20f91edec.c:452:36: warning: excess elements in struct initializer
  452 |         static struct gx x = { ~1, 0xfe2, ~2 };
      |                                    ^~~~~
/home/user42/directed-compiler-fuzzing-code/scripts/8-crash-testing/input/segment_3/1e018a8f62db6dd722e2788245de64b20f91edec.c:452:36: note: (near initialization for â€˜xâ€™)
/home/user42/directed-compiler-fuzzing-code/scripts/8-crash-testing/input/segment_3/1e018a8f62db6dd722e2788245de64b20f91edec.c:452:43: warning: excess elements in struct initializer
  452 |         static struct gx x = { ~1, 0xfe2, ~2 };
      |                                           ^
/home/user42/directed-compiler-fuzzing-code/scripts/8-crash-testing/input/segment_3/1e018a8f62db6dd722e2788245de64b20f91edec.c:452:43: note: (near initialization for â€˜xâ€™)
/home/user42/directed-compiler-fuzzing-code/scripts/8-crash-testing/input/segment_3/1e018a8f62db6dd722e2788245de64b20f91edec.c:452:26: error: storage size of â€˜xâ€™ isnâ€™t known
  452 |         static struct gx x = { ~1, 0xfe2, ~2 };
      |                          ^
/home/user42/directed-compiler-fuzzing-code/scripts/8-crash-testing/input/segment_3/1e018a8f62db6dd722e2788245de64b20f91edec.c:454:36: error: â€˜yâ€™ undeclared (first use in this function)
  454 |         return ((x.a & 0x3ff0) == (y.a & 0x03ff) &&
      |                                    ^
/home/user42/directed-compiler-fuzzing-code/scripts/8-crash-testing/input/segment_3/1e018a8f62db6dd722e2788245de64b20f91edec.c: In function â€˜h2â€™:
/home/user42/directed-compiler-fuzzing-code/scripts/8-crash-testing/input/segment_3/1e018a8f62db6dd722e2788245de64b20f91edec.c:477:45: error: stray â€˜\377â€™ in program
  477 |         static struct hx x = { -1, -2, ~1 };<ff><ff><ff><U+0001>atic struct hy y = { ~2, -1, -66 };
      |                                             ^~~~
/home/user42/directed-compiler-fuzzing-code/scripts/8-crash-testing/input/segment_3/1e018a8f62db6dd722e2788245de64b20f91edec.c:477:46: error: stray â€˜\377â€™ in program
  477 |         static struct hx x = { -1, -2, ~1 };<ff><ff><ff><U+0001>atic struct hy y = { ~2, -1, -66 };
      |                                                 ^~~~
/home/user42/directed-compiler-fuzzing-code/scripts/8-crash-testing/input/segment_3/1e018a8f62db6dd722e2788245de64b20f91edec.c:477:47: error: stray â€˜\377â€™ in program
  477 |         static struct hx x = { -1, -2, ~1 };<ff><ff><ff><U+0001>atic struct hy y = { ~2, -1, -66 };
      |                                                     ^~~~
/home/user42/directed-compiler-fuzzing-code/scripts/8-crash-testing/input/segment_3/1e018a8f62db6dd722e2788245de64b20f91edec.c:477:48: error: stray â€˜\1â€™ in program
  477 |         static struct hx x = { -1, -2, ~1 };<ff><ff><ff><U+0001>atic struct hy y = { ~2, -1, -66 };
      |                                                         ^~~~~~~~
/home/user42/directed-compiler-fuzzing-code/scripts/8-crash-testing/input/segment_3/1e018a8f62db6dd722e2788245de64b20f91edec.c:477:49: error: â€˜aticâ€™ undeclared (first use in this function)
  477 |         static struct hx x = { -1, -2, ~1 };ÿÿÿatic struct hy y = { ~2, -1, -66 };
      |                                                 ^~~~
/home/user42/directed-compiler-fuzzing-code/scripts/8-crash-testing/input/segment_3/1e018a8f62db6dd722e2788245de64b20f91edec.c:477:53: error: expected â€˜;â€™ before â€˜structâ€™
  477 |         static struct hx x = { -1, -2, ~1 };ÿÿÿatic struct hy y = { ~2, -1, -66 };
      |                                                     ^~~~~~~
      |                                                     ;
/home/user42/directed-compiler-fuzzing-code/scripts/8-crash-testing/input/segment_3/1e018a8f62db6dd722e2788245de64b20f91edec.c:479:18: error: â€˜struct hxâ€™ has no member named â€˜fâ€™
  479 |         return (x. f);
      |                  ^
/home/user42/directed-compiler-fuzzing-code/scripts/8-crash-testing/input/segment_3/1e018a8f62db6dd722e2788245de64b20f91edec.c: At top level:
/home/user42/directed-compiler-fuzzing-code/scripts/8-crash-testing/input/segment_3/1e018a8f62db6dd722e2788245de64b20f91edec.c:557:13: error: conflicting types for â€˜bâ€™; have â€˜int *â€™
  557 | int a = 1, *b, **c;
      |             ^
/home/user42/directed-compiler-fuzzing-code/scripts/8-crash-testing/input/segment_3/1e018a8f62db6dd722e2788245de64b20f91edec.c:4:16: note: previous definition of â€˜bâ€™ with type â€˜int32_t[2]â€™ {aka â€˜int[2]â€™}
    4 | static int32_t b[] = {1, 1403};
      |                ^
/home/user42/directed-compiler-fuzzing-code/scripts/8-crash-testing/input/segment_3/1e018a8f62db6dd722e2788245de64b20f91edec.c:557:18: error: â€˜câ€™ redeclared as different kind of symbol
  557 | int a = 1, *b, **c;
      |                  ^
/home/user42/directed-compiler-fuzzing-code/scripts/8-crash-testing/input/segment_3/1e018a8f62db6dd722e2788245de64b20f91edec.c:161:1: note: previous definition of â€˜câ€™ with type â€˜int()â€™
  161 | cÇ()
      | ^
/home/user42/directed-compiler-fuzzing-code/scripts/8-crash-testing/input/segment_3/1e018a8f62db6dd722e2788245de64b20f91edec.c: In function â€˜mainâ€™:
/home/user42/directed-compiler-fuzzing-code/scripts/8-crash-testing/input/segment_3/1e018a8f62db6dd722e2788245de64b20f91edec.c:575:10: error: stray â€˜\340â€™ in program
  575 |   int i =<e0><cf><c4><f5><df><U+07D9><8c>o (&i);
      |          ^~~~
/home/user42/directed-compiler-fuzzing-code/scripts/8-crash-testing/input/segment_3/1e018a8f62db6dd722e2788245de64b20f91edec.c:575:11: error: stray â€˜\317â€™ in program
  575 |   int i =<e0><cf><c4><f5><df><U+07D9><8c>o (&i);
      |              ^~~~
/home/user42/directed-compiler-fuzzing-code/scripts/8-crash-testing/input/segment_3/1e018a8f62db6dd722e2788245de64b20f91edec.c:575:12: error: stray â€˜\304â€™ in program
  575 |   int i =<e0><cf><c4><f5><df><U+07D9><8c>o (&i);
      |                  ^~~~
/home/user42/directed-compiler-fuzzing-code/scripts/8-crash-testing/input/segment_3/1e018a8f62db6dd722e2788245de64b20f91edec.c:575:13: error: stray â€˜\365â€™ in program
  575 |   int i =<e0><cf><c4><f5><df><U+07D9><8c>o (&i);
      |                      ^~~~
/home/user42/directed-compiler-fuzzing-code/scripts/8-crash-testing/input/segment_3/1e018a8f62db6dd722e2788245de64b20f91edec.c:575:14: error: stray â€˜\337â€™ in program
  575 |   int i =<e0><cf><c4><f5><df><U+07D9><8c>o (&i);
      |                          ^~~~
/home/user42/directed-compiler-fuzzing-code/scripts/8-crash-testing/input/segment_3/1e018a8f62db6dd722e2788245de64b20f91edec.c:575:16: error: stray â€˜\214â€™ in program
  575 |   int i =<e0><cf><c4><f5><df><U+07D9><8c>o (&i);
      |                                      ^~~~
/home/user42/directed-compiler-fuzzing-code/scripts/8-crash-testing/input/segment_3/1e018a8f62db6dd722e2788245de64b20f91edec.c:575:15: error: â€˜ß™â€™ undeclared (first use in this function)
  575 |   int i =àÏÄõßß™Œo (&i);
      |               ^
/home/user42/directed-compiler-fuzzing-code/scripts/8-crash-testing/input/segment_3/1e018a8f62db6dd722e2788245de64b20f91edec.c:575:17: error: expected â€˜,â€™ or â€˜;â€™ before â€˜oâ€™
  575 |   int i =àÏÄõßß™Œo (&i);
      |                 ^
/home/user42/directed-compiler-fuzzing-code/scripts/8-crash-testing/input/segment_3/1e018a8f62db6dd722e2788245de64b20f91edec.c: At top level:
/home/user42/directed-compiler-fuzzing-code/scripts/8-crash-testing/input/segment_3/1e018a8f62db6dd722e2788245de64b20f91edec.c:750:5: error: redefinition of â€˜aâ€™
  750 | int a = 1, *b, **c;
      |     ^
/home/user42/directed-compiler-fuzzing-code/scripts/8-crash-testing/input/segment_3/1e018a8f62db6dd722e2788245de64b20f91edec.c:557:5: note: previous definition of â€˜aâ€™ with type â€˜intâ€™
  557 | int a = 1, *b, **c;
      |     ^
/home/user42/directed-compiler-fuzzing-code/scripts/8-crash-testing/input/segment_3/1e018a8f62db6dd722e2788245de64b20f91edec.c:753:1: error: redefinition of â€˜fooâ€™
  753 | foo (int *p)
      | ^~~
/home/user42/directed-compiler-fuzzing-code/scripts/8-crash-testing/input/segment_3/1e018a8f62db6dd722e2788245de64b20f91edec.c:560:1: note: previous definition of â€˜fooâ€™ with type â€˜int(int *)â€™
  560 | foo (int *p)
      | ^~~
/home/user42/directed-compiler-fuzzing-code/scripts/8-crash-testing/input/segment_3/1e018a8f62db6dd722e2788245de64b20f91edec.c:766:1: error: redefinition of â€˜mainâ€™
  766 | main ()
      | ^~~~
/home/user42/directed-compiler-fuzzing-code/scripts/8-crash-testing/input/segment_3/1e018a8f62db6dd722e2788245de64b20f91edec.c:573:1: note: previous definition of â€˜mainâ€™ with type â€˜int()â€™
  573 | main ()
      | ^~~~
/home/user42/directed-compiler-fuzzing-code/scripts/8-crash-testing/input/segment_3/1e018a8f62db6dd722e2788245de64b20f91edec.c: In function â€˜mainâ€™:
/home/user42/directed-compiler-fuzzing-code/scripts/8-crash-testing/input/segment_3/1e018a8f62db6dd722e2788245de64b20f91edec.c:768:10: error: stray â€˜\340â€™ in program
  768 |   int i =<e0><cf><c4><f5><df><U+07D9><8c>o (&i);
      |          ^~~~
/home/user42/directed-compiler-fuzzing-code/scripts/8-crash-testing/input/segment_3/1e018a8f62db6dd722e2788245de64b20f91edec.c:768:11: error: stray â€˜\317â€™ in program
  768 |   int i =<e0><cf><c4><f5><df><U+07D9><8c>o (&i);
      |              ^~~~
/home/user42/directed-compiler-fuzzing-code/scripts/8-crash-testing/input/segment_3/1e018a8f62db6dd722e2788245de64b20f91edec.c:768:12: error: stray â€˜\304â€™ in program
  768 |   int i =<e0><cf><c4><f5><df><U+07D9><8c>o (&i);
      |                  ^~~~
/home/user42/directed-compiler-fuzzing-code/scripts/8-crash-testing/input/segment_3/1e018a8f62db6dd722e2788245de64b20f91edec.c:768:13: error: stray â€˜\365â€™ in program
  768 |   int i =<e0><cf><c4><f5><df><U+07D9><8c>o (&i);
      |                      ^~~~
/home/user42/directed-compiler-fuzzing-code/scripts/8-crash-testing/input/segment_3/1e018a8f62db6dd722e2788245de64b20f91edec.c:768:14: error: stray â€˜\337â€™ in program
  768 |   int i =<e0><cf><c4><f5><df><U+07D9><8c>o (&i);
      |                          ^~~~
/home/user42/directed-compiler-fuzzing-code/scripts/8-crash-testing/input/segment_3/1e018a8f62db6dd722e2788245de64b20f91edec.c:768:16: error: stray â€˜\214â€™ in program
  768 |   int i =<e0><cf><c4><f5><df><U+07D9><8c>o (&i);
      |                                      ^~~~
/home/user42/directed-compiler-fuzzing-code/scripts/8-crash-testing/input/segment_3/1e018a8f62db6dd722e2788245de64b20f91edec.c:768:15: error: â€˜ß™â€™ undeclared (first use in this function)
  768 |   int i =àÏÄõßß™Œo (&i);
      |               ^
/home/user42/directed-compiler-fuzzing-code/scripts/8-crash-testing/input/segment_3/1e018a8f62db6dd722e2788245de64b20f91edec.c:768:17: error: expected â€˜,â€™ or â€˜;â€™ before â€˜oâ€™
  768 |   int i =àÏÄõßß™Œo (&i);
      |                 ^
/home/user42/directed-compiler-fuzzing-code/scripts/8-crash-testing/input/segment_3/1e018a8f62db6dd722e2788245de64b20f91edec.c: At top level:
/home/user42/directed-compiler-fuzzing-code/scripts/8-crash-testing/input/segment_3/1e018a8f62db6dd722e2788245de64b20f91edec.c:787:9: error: expected identifier or â€˜(â€™ before â€˜ifâ€™
  787 | uce */  if (!h6 ())
      |         ^~
/home/user42/directed-compiler-fuzzing-code/scripts/8-crash-testing/input/segment_3/1e018a8f62db6dd722e2788245de64b20f91edec.c:789:3: error: expected identifier or â€˜(â€™ before â€˜ifâ€™
  789 |   if (!h7 ())
      |   ^~
/home/user42/directed-compiler-fuzzing-code/scripts/8-crash-testing/input/segment_3/1e018a8f62db6dd722e2788245de64b20f91edec.c:792:9: error: expected declaration specifiers or â€˜...â€™ before numeric constant
  792 |   exit (0);
      |         ^
/home/user42/directed-compiler-fuzzing-code/scripts/8-crash-testing/input/segment_3/1e018a8f62db6dd722e2788245de64b20f91edec.c:793:1: error: expected identifier or â€˜(â€™ before â€˜}â€™ token
  793 | }
      | ^
/home/user42/directed-compiler-fuzzing-code/scripts/8-crash-testing/input/segment_3/1e018a8f62db6dd722e2788245de64b20f91edec.c: In function â€˜nâ€™:
/home/user42/directed-compiler-fuzzing-code/scripts/8-crash-testing/input/segment_3/1e018a8f62db6dd722e2788245de64b20f91edec.c:17:9: internal compiler error: tree check: expected array_type, have error_mark in array_ref_low_bound, at tree.cc:12479
   17 |   for (b[1] = 3;;) {
      |        ~^~~
0x7e3fd0 tree_check_failed(tree_node const*, char const*, int, char const*, ...)
	.././../gcc-source/gcc/tree.cc:8688
0x7edb6d tree_check(tree_node*, char const*, int, char const*, tree_code)
	.././../gcc-source/gcc/tree.h:3450
0x7edb6d array_ref_low_bound(tree_node*)
	.././../gcc-source/gcc/tree.cc:12479
0xc310ef gimplify_compound_lval
	.././../gcc-source/gcc/gimplify.cc:3204
0xc2a904 gimplify_expr(tree_node**, gimple**, gimple**, bool (*)(tree_node*), int)
	.././../gcc-source/gcc/gimplify.cc:15008
0xc3bb2b gimplify_modify_expr
	.././../gcc-source/gcc/gimplify.cc:6059
0xc2b126 gimplify_expr(tree_node**, gimple**, gimple**, bool (*)(tree_node*), int)
	.././../gcc-source/gcc/gimplify.cc:15056
0xc2e7f6 gimplify_stmt(tree_node**, gimple**)
	.././../gcc-source/gcc/gimplify.cc:7111
0xc2b8eb gimplify_statement_list
	.././../gcc-source/gcc/gimplify.cc:2019
0xc2b8eb gimplify_expr(tree_node**, gimple**, gimple**, bool (*)(tree_node*), int)
	.././../gcc-source/gcc/gimplify.cc:15501
0xc2e7f6 gimplify_stmt(tree_node**, gimple**)
	.././../gcc-source/gcc/gimplify.cc:7111
0xc2efb4 gimplify_bind_expr
	.././../gcc-source/gcc/gimplify.cc:1428
0xc2b891 gimplify_expr(tree_node**, gimple**, gimple**, bool (*)(tree_node*), int)
	.././../gcc-source/gcc/gimplify.cc:15257
0xc3d02f gimplify_stmt(tree_node**, gimple**)
	.././../gcc-source/gcc/gimplify.cc:7111
0xc3d02f gimplify_body(tree_node*, bool)
	.././../gcc-source/gcc/gimplify.cc:16313
0xc3d47d gimplify_function_tree(tree_node*)
	.././../gcc-source/gcc/gimplify.cc:16467
0xa691f7 cgraph_node::analyze()
	.././../gcc-source/gcc/cgraphunit.cc:675
0xa6be47 analyze_functions
	.././../gcc-source/gcc/cgraphunit.cc:1240
0xa6cacd symbol_table::finalize_compilation_unit()
	.././../gcc-source/gcc/cgraphunit.cc:2500
Please submit a full bug report, with preprocessed source (by using -freport-bug).
Please include the complete backtrace with any bug report.
See <https://gcc.gnu.org/bugs/> for instructions.
