56a356fca747e339722ffe439306da2b5cf2f2cf.c:1:1: error: expected identifier or â€˜(â€™ before â€˜/â€™ token
    1 | /ÿÿÿÿÿÿÿ* corpus/pr69691.c */
      | ^
56a356fca747e339722ffe439306da2b5cf2f2cf.c:1:2: error: stray â€˜\377â€™ in program
    1 | /<ff><ff><ff><ff><ff><ff><ff><U+0006>* corpus/pr69691.c */
      |  ^~~~
56a356fca747e339722ffe439306da2b5cf2f2cf.c:1:3: error: stray â€˜\377â€™ in program
    1 | /<ff><ff><ff><ff><ff><ff><ff><U+0006>* corpus/pr69691.c */
      |      ^~~~
56a356fca747e339722ffe439306da2b5cf2f2cf.c:1:4: error: stray â€˜\377â€™ in program
    1 | /<ff><ff><ff><ff><ff><ff><ff><U+0006>* corpus/pr69691.c */
      |          ^~~~
56a356fca747e339722ffe439306da2b5cf2f2cf.c:1:5: error: stray â€˜\377â€™ in program
    1 | /<ff><ff><ff><ff><ff><ff><ff><U+0006>* corpus/pr69691.c */
      |              ^~~~
56a356fca747e339722ffe439306da2b5cf2f2cf.c:1:6: error: stray â€˜\377â€™ in program
    1 | /<ff><ff><ff><ff><ff><ff><ff><U+0006>* corpus/pr69691.c */
      |                  ^~~~
56a356fca747e339722ffe439306da2b5cf2f2cf.c:1:7: error: stray â€˜\377â€™ in program
    1 | /<ff><ff><ff><ff><ff><ff><ff><U+0006>* corpus/pr69691.c */
      |                      ^~~~
56a356fca747e339722ffe439306da2b5cf2f2cf.c:1:8: error: stray â€˜\377â€™ in program
    1 | /<ff><ff><ff><ff><ff><ff><ff><U+0006>* corpus/pr69691.c */
      |                          ^~~~
56a356fca747e339722ffe439306da2b5cf2f2cf.c:1:9: error: stray â€˜\6â€™ in program
    1 | /<ff><ff><ff><ff><ff><ff><ff><U+0006>* corpus/pr69691.c */
      |                              ^~~~~~~~
56a356fca747e339722ffe439306da2b5cf2f2cf.c:5:15: error: â€˜uâ€™ undeclared here (not in a function)
    5 | char *v[] = { u, 0 };
      |               ^
56a356fca747e339722ffe439306da2b5cf2f2cf.c:6:19: error: invalid suffix "p" on integer constant
    6 | struct S { char a[1p]; struct S *b[31]; };
      |                   ^~
56a356fca747e339722ffe439306da2b5cf2f2cf.c: In function â€˜barâ€™:
56a356fca747e339722ffe439306da2b5cf2f2cf.c:37:29: error: expected identifier or â€˜(â€™ before â€˜]â€™ token
   37 |   char **b, c, *d, e[500], *], g[10];
      |                             ^
56a356fca747e339722ffe439306da2b5cf2f2cf.c:45:7: error: â€˜fâ€™ undeclared (first use in this function)
   45 |       f = e;
      |       ^
56a356fca747e339722ffe439306da2b5cf2f2cf.c:45:7: note: each undeclared identifier is reported only once for each function it appears in
56a356fca747e339722ffe439306da2b5cf2f2cf.c:54:29: error: â€˜gâ€™ undeclared (first use in this function)
   54 |           __builtin_memset (g, 0, sizeof (g));
      |                             ^
56a356fca747e339722ffe439306da2b5cf2f2cf.c:65:34: error: expected â€˜]â€™ before â€˜;â€™ token
   65 |                       s->b[irt (); }
      |                                  ^
      |                                  ]
56a356fca747e339722ffe439306da2b5cf2f2cf.c:65:35: error: expected â€˜;â€™ before â€˜}â€™ token
   65 |                       s->b[irt (); }
      |                                   ^~
      |                                   ;
56a356fca747e339722ffe439306da2b5cf2f2cf.c: In function â€˜barâ€™:
56a356fca747e339722ffe439306da2b5cf2f2cf.c:85:11: error: conflicting types for â€˜bâ€™; have â€˜struct S *[31]â€™
   85 | struct S *b[31]; };
      |           ^
56a356fca747e339722ffe439306da2b5cf2f2cf.c:80:10: note: previous declaration of â€˜bâ€™ with type â€˜char **â€™
   80 |   char **b, c, *d, e[500], *f, g[10];
      |          ^
56a356fca747e339722ffe439306da2b5cf2f2cf.c: In function â€˜barâ€™:
56a356fca747e339722ffe439306da2b5cf2f2cf.c:129:1: error: expected â€˜whileâ€™ before â€˜}â€™ token
  129 | }
      | ^
56a356fca747e339722ffe439306da2b5cf2f2cf.c: In function â€˜bazâ€™:
56a356fca747e339722ffe439306da2b5cf2f2cf.c:138:20: error: expected â€˜;â€™ before â€˜}â€™ token
  138 |  97, 99, 104, 52, 0 };
      |                    ^~
      |                    ;
56a356fca747e339722ffe439306da2b5cf2f2cf.c: In function â€˜barâ€™:
56a356fca747e339722ffe439306da2b5cf2f2cf.c:140:19: error: invalid suffix "p" on integer constant
  140 | struct S { char a[1p]; struct S *b[31]; };
      |                   ^~
56a356fca747e339722ffe439306da2b5cf2f2cf.c: In function â€˜fooâ€™:
56a356fca747e339722ffe439306da2b5cf2f2cf.c:155:10: error: stray â€˜\220â€™ in program
  155 |   if (x =<90><b5><d4><U+0008><U+0010>b<U+0000><U+0000>= 0)
      |          ^~~~
56a356fca747e339722ffe439306da2b5cf2f2cf.c:155:11: error: stray â€˜\265â€™ in program
  155 |   if (x =<90><b5><d4><U+0008><U+0010>b<U+0000><U+0000>= 0)
      |              ^~~~
56a356fca747e339722ffe439306da2b5cf2f2cf.c:155:12: error: stray â€˜\324â€™ in program
  155 |   if (x =<90><b5><d4><U+0008><U+0010>b<U+0000><U+0000>= 0)
      |                  ^~~~
56a356fca747e339722ffe439306da2b5cf2f2cf.c:155:13: error: stray â€˜\10â€™ in program
  155 |   if (x =<90><b5><d4><U+0008><U+0010>b<U+0000><U+0000>= 0)
      |                      ^~~~~~~~
56a356fca747e339722ffe439306da2b5cf2f2cf.c:155:14: error: stray â€˜\20â€™ in program
  155 |   if (x =<90><b5><d4><U+0008><U+0010>b<U+0000><U+0000>= 0)
      |                              ^~~~~~~~
56a356fca747e339722ffe439306da2b5cf2f2cf.c: In function â€˜barâ€™:
56a356fca747e339722ffe439306da2b5cf2f2cf.c:216:1: error: redefinition of â€˜bazâ€™
  216 | baz (char *x)
      | ^~~
56a356fca747e339722ffe439306da2b5cf2f2cf.c:132:1: note: previous definition of â€˜bazâ€™ with type â€˜void(char *)â€™
  132 | baz (char *x)
      | ^~~
56a356fca747e339722ffe439306da2b5cf2f2cf.c: In function â€˜bazâ€™:
56a356fca747e339722ffe439306da2b5cf2f2cf.c:235:34: error: expected â€˜;â€™ before â€˜gâ€™
  235 |     returnif (c >= 48 && c <= 57)
      |                                  ^
      |                                  ;
  236 |                 g[h] = c - 48;
      |                 ~                 
56a356fca747e339722ffe439306da2b5cf2f2cf.c:240:33: error: expected expression before â€˜]â€™ token
  240 |                   if (!s->b[    ]
      |                                 ^
56a356fca747e339722ffe439306da2b5cf2f2cf.c: At top level:
56a356fca747e339722ffe439306da2b5cf2f2cf.c:256:1: error: expected identifier or â€˜(â€™ before â€˜}â€™ token
  256 | }
      | ^
56a356fca747e339722ffe439306da2b5cf2f2cf.c: In function â€˜bazâ€™:
56a356fca747e339722ffe439306da2b5cf2f2cf.c:285:23: error: expected â€˜]â€™ before â€˜forâ€™
  285 |           s = s->b[foo   for (b = x; *b; b++)
      |                       ^  ~~~
      |                       ]
56a356fca747e339722ffe439306da2b5cf2f2cf.c:285:19: error: array subscript is not an integer
  285 |           s = s->b[foo   for (b = x; *b; b++)
      |                   ^
56a356fca747e339722ffe439306da2b5cf2f2cf.c:308:23: error: expected â€˜;â€™ before â€˜}â€™ token
  308 |             f = d + 1;
      |                       ^
      |                       ;
  309 |         }
      |         ~              
56a356fca747e339722ffe439306da2b5cf2f2cf.c:310:14: error: â€˜dâ€™ undeclared (first use in this function)
  310 |       while (d);
      |              ^
56a356fca747e339722ffe439306da2b5cf2f2cf.c: At top level:
56a356fca747e339722ffe439306da2b5cf2f2cf.c:315:1: error: redefinition of â€˜bazâ€™
  315 | baz (char *x)
      | ^~~
56a356fca747e339722ffe439306da2b5cf2f2cf.c:259:1: note: previous definition of â€˜bazâ€™ with type â€˜void(char *)â€™
  259 | baz (char *x)
      | ^~~
56a356fca747e339722ffe439306da2b5cf2f2cf.c: In function â€˜bazâ€™:
56a356fca747e339722ffe439306da2b5cf2f2cf.c:321:20: error: expected â€˜;â€™ before â€˜}â€™ token
  321 |  97, 99, 104, 52, 0 };
      |                    ^~
      |                    ;
56a356fca747e339722ffe439306da2b5cf2f2cf.c: At top level:
56a356fca747e339722ffe439306da2b5cf2f2cf.c:322:7: error: redefinition of â€˜vâ€™
  322 | char *v[] = { u, 0 };
      |       ^
56a356fca747e339722ffe439306da2b5cf2f2cf.c:5:7: note: previous definition of â€˜vâ€™ with type â€˜char *[1]â€™
    5 | char *v[] = { u, 0 };
      |       ^
56a356fca747e339722ffe439306da2b5cf2f2cf.c:323:8: error: redefinition of â€˜struct Sâ€™
  323 | struct S { char a[1p]; struct S *b[31]; };
      |        ^
56a356fca747e339722ffe439306da2b5cf2f2cf.c:6:8: note: originally defined here
    6 | struct S { char a[1p]; struct S *b[31]; };
      |        ^
56a356fca747e339722ffe439306da2b5cf2f2cf.c:323:19: error: invalid suffix "p" on integer constant
  323 | struct S { char a[1p]; struct S *b[31]; };
      |                   ^~
56a356fca747e339722ffe439306da2b5cf2f2cf.c:324:10: error: conflicting types for â€˜râ€™; have â€˜struct S[7]â€™
  324 | struct S r[7], *r2 = r;
      |          ^
56a356fca747e339722ffe439306da2b5cf2f2cf.c:7:10: note: previous declaration of â€˜râ€™ with type â€˜struct S[7]â€™
    7 | struct S r[7], *r2 = r;
      |          ^
56a356fca747e339722ffe439306da2b5cf2f2cf.c:324:17: error: conflicting types for â€˜r2â€™; have â€˜struct S *â€™
  324 | struct S r[7], *r2 = r;
      |                 ^~
56a356fca747e339722ffe439306da2b5cf2f2cf.c:7:17: note: previous definition of â€˜r2â€™ with type â€˜struct S *â€™
    7 | struct S r[7], *r2 = r;
      |                 ^~
56a356fca747e339722ffe439306da2b5cf2f2cf.c:325:18: error: conflicting types for â€˜wâ€™; have â€˜struct S *â€™
  325 | static struct S *w = 0;
      |                  ^
56a356fca747e339722ffe439306da2b5cf2f2cf.c:8:18: note: previous definition of â€˜wâ€™ with type â€˜struct S *â€™
    8 | static struct S *w = 0;
      |                  ^
56a356fca747e339722ffe439306da2b5cf2f2cf.c:328:1: error: redefinition of â€˜fnâ€™
  328 | fn (int x)
      | ^~
56a356fca747e339722ffe439306da2b5cf2f2cf.c:11:1: note: previous definition of â€˜fnâ€™ with type â€˜int(int)â€™
   11 | fn (int x)
      | ^~
56a356fca747e339722ffe439306da2b5cf2f2cf.c:336:1: error: redefinition of â€˜fooâ€™
  336 | foo (char x)
      | ^~~
56a356fca747e339722ffe439306da2b5cf2f2cf.c:19:1: note: previous definition of â€˜fooâ€™ with type â€˜int(char)â€™
   19 | foo (char x)
      | ^~~
56a356fca747e339722ffe439306da2b5cf2f2cf.c: In function â€˜fooâ€™:
56a356fca747e339722ffe439306da2b5cf2f2cf.c:338:10: error: stray â€˜\220â€™ in program
  338 |   if (x =<90><b5><d4><U+0008><U+0010>b<U+0000><U+0000>= 0)
      |          ^~~~
56a356fca747e339722ffe439306da2b5cf2f2cf.c:338:11: error: stray â€˜\265â€™ in program
  338 |   if (x =<90><b5><d4><U+0008><U+0010>b<U+0000><U+0000>= 0)
      |              ^~~~
56a356fca747e339722ffe439306da2b5cf2f2cf.c:338:12: error: stray â€˜\324â€™ in program
  338 |   if (x =<90><b5><d4><U+0008><U+0010>b<U+0000><U+0000>= 0)
      |                  ^~~~
56a356fca747e339722ffe439306da2b5cf2f2cf.c:338:13: error: stray â€˜\10â€™ in program
  338 |   if (x =<90><b5><d4><U+0008><U+0010>b<U+0000><U+0000>= 0)
      |                      ^~~~~~~~
56a356fca747e339722ffe439306da2b5cf2f2cf.c:338:14: error: stray â€˜\20â€™ in program
  338 |   if (x =<90><b5><d4><U+0008><U+0010>b<U+0000><U+0000>= 0)
      |                              ^~~~~~~~
56a356fca747e339722ffe439306da2b5cf2f2cf.c:338:15: error: â€˜bâ€™ undeclared (first use in this function)
  338 |   if (x =µÔb  = 0)
      |               ^
56a356fca747e339722ffe439306da2b5cf2f2cf.c:346:7: error: â€˜__bui0fiâ€™ undeclared (first use in this function)
  346 |       __bui0fi);
      |       ^~~~~~~~
56a356fca747e339722ffe439306da2b5cf2f2cf.c:346:15: error: expected â€˜;â€™ before â€˜)â€™ token
  346 |       __bui0fi);
      |               ^
      |               ;
56a356fca747e339722ffe439306da2b5cf2f2cf.c:346:15: error: expected statement before â€˜)â€™ token
56a356fca747e339722ffe439306da2b5cf2f2cf.c:347:1: error: unknown type name â€˜floaâ€™; did you mean â€˜floatâ€™?
  347 | floa x;-
      | ^~~~
      | float
56a356fca747e339722ffe439306da2b5cf2f2cf.c:349:1: error: â€˜m128â€™ undeclared (first use in this function)
  349 | m128)));
      | ^~~~
56a356fca747e339722ffe439306da2b5cf2f2cf.c:349:5: error: expected â€˜;â€™ before â€˜)â€™ token
  349 | m128)));
      |     ^
      |     ;
56a356fca747e339722ffe439306da2b5cf2f2cf.c:349:5: error: expected statement before â€˜)â€™ token
56a356fca747e339722ffe439306da2b5cf2f2cf.c:349:6: error: expected statement before â€˜)â€™ token
  349 | m128)));
      |      ^
56a356fca747e339722ffe439306da2b5cf2f2cf.c:349:7: error: expected statement before â€˜)â€™ token
  349 | m128)));
      |       ^
56a356fca747e339722ffe439306da2b5cf2f2cf.c:350:1: error: â€˜tâ€™ undeclared (first use in this function)
  350 | t __complex__  w = 8.0 + 38.0 * (1.0fi);
      | ^
56a356fca747e339722ffe439306da2b5cf2f2cf.c:350:2: error: expected â€˜;â€™ before â€˜__complex__â€™
  350 | t __complex__  w = 8.0 + 38.0 * (1.0fi);
      |  ^~~~~~~~~~~~
      |  ;
56a356fca747e339722ffe439306da2b5cf2f2cf.c:353:1: error: â€˜mainâ€™ undeclared (first use in this function)
  353 | main
      | ^~~~
56a356fca747e339722ffe439306da2b5cf2f2cf.c:353:5: error: expected â€˜;â€™ before â€˜voidâ€™
  353 | main
      |     ^
      |     ;
  354 | void func(void)
      | ~~~~ 
56a356fca747e339722ffe439306da2b5cf2f2cf.c:378:9: error: stray â€˜\232â€™ in program
  378 |   short <9a>:3, g:3{, h:10;
      |         ^~~~
56a356fca747e339722ffe439306da2b5cf2f2cf.c:388:2: error: stray â€˜\213â€™ in program
  388 | f<8b><90>at __<U+0002><U+0000><U+0000><U+0000><U+0000><U+0000><U+0000><U+0000>_  x = 1.0 + 14.0 * (1.0fi);
      |  ^~~~
56a356fca747e339722ffe439306da2b5cf2f2cf.c:388:3: error: stray â€˜\220â€™ in program
  388 | f<8b><90>at __<U+0002><U+0000><U+0000><U+0000><U+0000><U+0000><U+0000><U+0000>_  x = 1.0 + 14.0 * (1.0fi);
      |      ^~~~
56a356fca747e339722ffe439306da2b5cf2f2cf.c:388:9: error: stray â€˜\2â€™ in program
  388 | f<8b><90>at __<U+0002><U+0000><U+0000><U+0000><U+0000><U+0000><U+0000><U+0000>_  x = 1.0 + 14.0 * (1.0fi);
      |               ^~~~~~~~
56a356fca747e339722ffe439306da2b5cf2f2cf.c:392:7: error: expected statement before â€˜)â€™ token
  392 | m128)));
      |       ^
56a356fca747e339722ffe439306da2b5cf2f2cf.c:393:2: error: expected â€˜;â€™ before â€˜__complex__â€™
  393 | t __complex__  w = 8.0 + 38.0 * (1.0fi);
      |  ^~~~~~~~~~~~
      |  ;
56a356fca747e339722ffe439306da2b5cf2f2cf.c:394:20: error: redeclaration of â€˜zâ€™ with no linkage
  394 | float __complex__  z;
      |                    ^
56a356fca747e339722ffe439306da2b5cf2f2cf.c:351:20: note: previous declaration of â€˜zâ€™ with type â€˜complex floatâ€™
  351 | float __complex__  z;
      |                    ^
56a356fca747e339722ffe439306da2b5cf2f2cf.c:396:5: error: expected â€˜;â€™ before â€˜voidâ€™
  396 | main
      |     ^
      |     ;
  397 | void fun/       /complex-5.c */
      | ~~~~ 
56a356fca747e339722ffe439306da2b5cf2f2cf.c:397:27: error: invalid suffix "c" on floating constant
  397 | void fun/       /complex-5.c */
      |                           ^~~
56a356fca747e339722ffe439306da2b5cf2f2cf.c:398:38: error: expected statement before â€˜)â€™ token
  398 | float __complea, float __complex__  b)
      |                                      ^
56a356fca747e339722ffe439306da2b5cf2f2cf.c:400:10: error: â€˜aâ€™ undeclared (first use in this function)
  400 |   return a + b;
      |          ^
56a356fca747e339722ffe439306da2b5cf2f2cf.c:403:9: error: stray â€˜\2â€™ in program
  403 | float __<U+0002><U+0000><U+0000><U+0000><U+0000><U+0000><U+0000><U+0000>_  x = 1.0 + 14.0 * (1.0fi);
      |         ^~~~~~~~
56a356fca747e339722ffe439306da2b5cf2f2cf.c:403:17: error: expected â€˜=â€™, â€˜,â€™, â€˜;â€™, â€˜asmâ€™ or â€˜__attribute__â€™ before â€˜_â€™
  403 | float __       _  x = 1.0 + 14.0 * (1.0fi);
      |                 ^
56a356fca747e339722ffe439306da2b5cf2f2cf.c:403:17: error: unknown type name â€˜_â€™
56a356fca747e339722ffe439306da2b5cf2f2cf.c:403:20: error: redeclaration of â€˜xâ€™ with no linkage
  403 | float __       _  x = 1.0 + 14.0 * (1.0fi);
      |                    ^
56a356fca747e339722ffe439306da2b5cf2f2cf.c:347:6: note: previous declaration of â€˜xâ€™ with type â€˜intâ€™
  347 | floa x;-
      |      ^
56a356fca747e339722ffe439306da2b5cf2f2cf.c:406:20: error: redeclaration of â€˜zâ€™ with no linkage
  406 | float __complex__  z;
      |                    ^
56a356fca747e339722ffe439306da2b5cf2f2cf.c:394:20: note: previous declaration of â€˜zâ€™ with type â€˜complex floatâ€™
  394 | float __complex__  z;
      |                    ^
56a356fca747e339722ffe439306da2b5cf2f2cf.c:408:8: error: expected â€˜;â€™ before â€˜{â€™ token
  408 | main ()
      |        ^
      |        ;
  409 | {
      | ~       
56a356fca747e339722ffe439306da2b5cf2f2cf.c: In function â€˜bazâ€™:
56a356fca747e339722ffe439306da2b5cf2f2cf.c:485:15: error: â€˜câ€™ undeclared (first use in this function)
  485 |     returnif (c >= 48 && c <= 57)
      |               ^
56a356fca747e339722ffe439306da2b5cf2f2cf.c:485:34: error: expected â€˜;â€™ before â€˜gâ€™
  485 |     returnif (c >= 48 && c <= 57)
      |                                  ^
      |                                  ;
  486 |                 g[h] = c - 48;
      |                 ~                 
56a356fca747e339722ffe439306da2b5cf2f2cf.c:489:19: error: â€˜iâ€™ undeclared (first use in this function)
  489 |                   i = foo (c);
      |                   ^
56a356fca747e339722ffe439306da2b5cf2f2cf.c:490:33: error: expected expression before â€˜]â€™ token
  490 |                   if (!s->b[    ]
      |                                 ^
56a356fca747e339722ffe439306da2b5cf2f2cf.c:497:19: error: â€˜hâ€™ undeclared (first use in this function)
  497 |                   h++;
      |                   ^
56a356fca747e339722ffe439306da2b5cf2f2cf.c: In function â€˜fooâ€™:
56a356fca747e339722ffe439306da2b5cf2f2cf.c:500:29: error: â€˜sâ€™ undeclared (first use in this function)
  500 |           __builtin_memcpy (s->a, g, 10);
      |                             ^
56a356fca747e339722ffe439306da2b5cf2f2cf.c:500:35: error: â€˜gâ€™ undeclared (first use in this function)
  500 |           __builtin_memcpy (s->a, g, 10);
      |                                   ^
56a356fca747e339722ffe439306da2b5cf2f2cf.c:501:15: error: â€˜dâ€™ undeclared (first use in this function)
  501 |           if (d)
      |               ^
56a356fca747e339722ffe439306da2b5cf2f2cf.c:502:13: error: â€˜fâ€™ undeclared (first use in this function)
  502 |             f = d + 1;
      |             ^
56a356fca747e339722ffe439306da2b5cf2f2cf.c: At top level:
56a356fca747e339722ffe439306da2b5cf2f2cf.c:504:7: error: expected identifier or â€˜(â€™ before â€˜whileâ€™
  504 |       while (d);
      |       ^~~~~
56a356fca747e339722ffe439306da2b5cf2f2cf.c:505:5: error: expected identifier or â€˜(â€™ before â€˜}â€™ token
  505 |     }
      |     ^
56a356fca747e339722ffe439306da2b5cf2f2cf.c:506:1: error: expected identifier or â€˜(â€™ before â€˜}â€™ token
  506 | }
      | ^
56a356fca747e339722ffe439306da2b5cf2f2cf.c:509:1: error: redefinition of â€˜bazâ€™
  509 | baz (char *x)
      | ^~~
56a356fca747e339722ffe439306da2b5cf2f2cf.c:259:1: note: previous definition of â€˜bazâ€™ with type â€˜void(char *)â€™
  259 | baz (char *x)
      | ^~~
56a356fca747e339722ffe439306da2b5cf2f2cf.c:732:31: error: unknown type name â€˜iLVMâ€™
  732 | void check (char const *type, iLVM *nt align)
      |                               ^~~~
56a356fca747e339722ffe439306da2b5cf2f2cf.c:753:12: error: expected â€˜:â€™, â€˜,â€™, â€˜;â€™, â€˜}â€™ or â€˜__attribute__â€™ before â€˜i1â€™
  753 |   signed i i1) == 0);
      |            ^~
56a356fca747e339722ffe439306da2b5cf2f2cf.c:753:14: error: expected identifier or â€˜(â€™ before â€˜)â€™ token
  753 |   signed i i1) == 0);
      |              ^
56a356fca747e339722ffe439306da2b5cf2f2cf.c:754:6: error: unknown type name â€˜memchrâ€™
  754 |   A (memchr (&s1[0] + v1, 0, sizeof s1 - Ûv1) == 0);
      |      ^~~~~~
56a356fca747e339722ffe439306da2b5cf2f2cf.c:1:1: note: â€˜memchrâ€™ is defined in header â€˜<string.h>â€™; did you forget to â€˜#include <string.h>â€™?
  +++ |+#include <string.h>
    1 | /ÿÿÿÿÿÿÿ* corpus/pr69691.c */
56a356fca747e339722ffe439306da2b5cf2f2cf.c:754:42: error: stray â€˜\333â€™ in program
  754 |   A (memchr (&s1[0] + v1, 0, sizeof s1 - <db>v1) == 0);
      |                                          ^~~~
56a356fca747e339722ffe439306da2b5cf2f2cf.c:756:6: error: unknown type name â€˜memchrâ€™
  756 |   A (memchr (&s1[i0], 0, sizeof s1) == 0);
      |      ^~~~~~
56a356fca747e339722ffe439306da2b5cf2f2cf.c:756:6: note: â€˜memchrâ€™ is defined in header â€˜<string.h>â€™; did you forget to â€˜#include <string.h>â€™?
56a356fca747e339722ffe439306da2b5cf2f2cf.c:757:1: error: expected identifier or â€˜(â€™ before â€˜]â€™ token
  757 | ]
      | ^
56a356fca747e339722ffe439306da2b5cf2f2cf.c:763:24: error: invalid type argument of â€˜->â€™ (have â€˜intâ€™)
  763 |                   s = s->b[i];
      |                        ^~
56a356fca747e339722ffe439306da2b5cf2f2cf.c:763:28: error: â€˜iâ€™ undeclared here (not in a function)
  763 |                   s = s->b[i];
      |                            ^
56a356fca747e339722ffe439306da2b5cf2f2cf.c:764:20: error: expected â€˜=â€™, â€˜,â€™, â€˜;â€™, â€˜asmâ€™ or â€˜__attribute__â€™ before â€˜++â€™ token
  764 |                   h++;
      |                    ^~
56a356fca747e339722ffe439306da2b5cf2f2cf.c:765:17: error: expected identifier or â€˜(â€™ before â€˜}â€™ token
  765 |                 }
      |                 ^
56a356fca747e339722ffe439306da2b5cf2f2cf.c:766:13: error: expected identifier or â€˜(â€™ before â€˜}â€™ token
  766 |             }
      |             ^
56a356fca747e339722ffe439306da2b5cf2f2cf.c:767:30: error: expected â€˜)â€™ before â€˜->â€™ token
  767 |           __builtin_memcpy (s->a, g, 10);
      |                              ^~
      |                              )
56a356fca747e339722ffe439306da2b5cf2f2cf.c:768:11: error: expected identifier or â€˜(â€™ before â€˜ifâ€™
  768 |           if (d)
      |           ^~
56a356fca747e339722ffe439306da2b5cf2f2cf.c:770:9: error: expected identifier or â€˜(â€™ before â€˜}â€™ token
  770 |         }
      |         ^
56a356fca747e339722ffe439306da2b5cf2f2cf.c:771:7: error: expected identifier or â€˜(â€™ before â€˜whileâ€™
  771 |       while (d);
      |       ^~~~~
56a356fca747e339722ffe439306da2b5cf2f2cf.c:772:5: error: expected identifier or â€˜(â€™ before â€˜}â€™ token
  772 |     }
      |     ^
56a356fca747e339722ffe439306da2b5cf2f2cf.c:773:1: error: expected identifier or â€˜(â€™ before â€˜}â€™ token
  773 | }
      | ^
56a356fca747e339722ffe439306da2b5cf2f2cf.c:776:1: error: redefinition of â€˜bazâ€™
  776 | baz (char *x)
      | ^~~
56a356fca747e339722ffe439306da2b5cf2f2cf.c:259:1: note: previous definition of â€˜bazâ€™ with type â€˜void(char *)â€™
  259 | baz (char *x)
      | ^~~
56a356fca747e339722ffe439306da2b5cf2f2cf.c: In function â€˜bazâ€™:
56a356fca747e339722ffe439306da2b5cf2f2cf.c:802:23: error: expected â€˜]â€™ before â€˜forâ€™
  802 |           s = s->b[foo   for (b = x; *b; b++)
      |                       ^  ~~~
      |                       ]
56a356fca747e339722ffe439306da2b5cf2f2cf.c:802:19: error: array subscript is not an integer
  802 |           s = s->b[foo   for (b = x; *b; b++)
      |                   ^
56a356fca747e339722ffe439306da2b5cf2f2cf.c:825:23: error: expected â€˜;â€™ before â€˜}â€™ token
  825 |             f = d + 1;
      |                       ^
      |                       ;
  826 |         }
      |         ~              
56a356fca747e339722ffe439306da2b5cf2f2cf.c:827:14: error: â€˜dâ€™ undeclared (first use in this function)
  827 |       while (d);
      |              ^
56a356fca747e339722ffe439306da2b5cf2f2cf.c: At top level:
56a356fca747e339722ffe439306da2b5cf2f2cf.c:832:1: error: redefinition of â€˜bazâ€™
  832 | baz (char *x)
      | ^~~
56a356fca747e339722ffe439306da2b5cf2f2cf.c:259:1: note: previous definition of â€˜bazâ€™ with type â€˜void(char *)â€™
  259 | baz (char *x)
      | ^~~
56a356fca747e339722ffe439306da2b5cf2f2cf.c: In function â€˜bazâ€™:
56a356fca747e339722ffe439306da2b5cf2f2cf.c:838:20: error: expected â€˜;â€™ before â€˜}â€™ token
  838 |  97, 99, 104, 52, 0 };
      |                    ^~
      |                    ;
56a356fca747e339722ffe439306da2b5cf2f2cf.c: At top level:
56a356fca747e339722ffe439306da2b5cf2f2cf.c:839:7: error: redefinition of â€˜vâ€™
  839 | char *v[] = { u, 0 };
      |       ^
56a356fca747e339722ffe439306da2b5cf2f2cf.c:5:7: note: previous definition of â€˜vâ€™ with type â€˜char *[1]â€™
    5 | char *v[] = { u, 0 };
      |       ^
56a356fca747e339722ffe439306da2b5cf2f2cf.c:840:8: error: redefinition of â€˜struct Sâ€™
  840 | struct S { char a[1p]; struct S *b[31]; };
      |        ^
56a356fca747e339722ffe439306da2b5cf2f2cf.c:323:8: note: originally defined here
  323 | struct S { char a[1p]; struct S *b[31]; };
      |        ^
56a356fca747e339722ffe439306da2b5cf2f2cf.c:840:19: error: invalid suffix "p" on integer constant
  840 | struct S { char a[1p]; struct S *b[31]; };
      |                   ^~
56a356fca747e339722ffe439306da2b5cf2f2cf.c:841:10: error: conflicting types for â€˜râ€™; have â€˜struct S[7]â€™
  841 | struct S r[7], *r2 = r;
      |          ^
56a356fca747e339722ffe439306da2b5cf2f2cf.c:7:10: note: previous declaration of â€˜râ€™ with type â€˜struct S[7]â€™
    7 | struct S r[7], *r2 = r;
      |          ^
56a356fca747e339722ffe439306da2b5cf2f2cf.c:841:17: error: conflicting types for â€˜r2â€™; have â€˜struct S *â€™
  841 | struct S r[7], *r2 = r;
      |                 ^~
56a356fca747e339722ffe439306da2b5cf2f2cf.c:7:17: note: previous definition of â€˜r2â€™ with type â€˜struct S *â€™
    7 | struct S r[7], *r2 = r;
      |                 ^~
56a356fca747e339722ffe439306da2b5cf2f2cf.c:842:18: error: conflicting types for â€˜wâ€™; have â€˜struct S *â€™
  842 | static struct S *w = 0;
      |                  ^
56a356fca747e339722ffe439306da2b5cf2f2cf.c:325:18: note: previous definition of â€˜wâ€™ with type â€˜struct S *â€™
  325 | static struct S *w = 0;
      |                  ^
56a356fca747e339722ffe439306da2b5cf2f2cf.c:845:1: error: redefinition of â€˜fnâ€™
  845 | fn (int x)
      | ^~
56a356fca747e339722ffe439306da2b5cf2f2cf.c:11:1: note: previous definition of â€˜fnâ€™ with type â€˜int(int)â€™
   11 | fn (int x)
      | ^~
56a356fca747e339722ffe439306da2b5cf2f2cf.c:853:1: error: redefinition of â€˜fooâ€™
  853 | foo (char x)
      | ^~~
56a356fca747e339722ffe439306da2b5cf2f2cf.c:19:1: note: previous definition of â€˜fooâ€™ with type â€˜int(char)â€™
   19 | foo (char x)
      | ^~~
56a356fca747e339722ffe439306da2b5cf2f2cf.c: In function â€˜fooâ€™:
56a356fca747e339722ffe439306da2b5cf2f2cf.c:855:10: error: stray â€˜\220â€™ in program
  855 |   if (x =<90><b5><d4><U+0008><U+0010>b<U+0000><U+0000>= 0)
      |          ^~~~
56a356fca747e339722ffe439306da2b5cf2f2cf.c:855:11: error: stray â€˜\265â€™ in program
  855 |   if (x =<90><b5><d4><U+0008><U+0010>b<U+0000><U+0000>= 0)
      |              ^~~~
56a356fca747e339722ffe439306da2b5cf2f2cf.c:855:12: error: stray â€˜\324â€™ in program
  855 |   if (x =<90><b5><d4><U+0008><U+0010>b<U+0000><U+0000>= 0)
      |                  ^~~~
56a356fca747e339722ffe439306da2b5cf2f2cf.c:855:13: error: stray â€˜\10â€™ in program
  855 |   if (x =<90><b5><d4><U+0008><U+0010>b<U+0000><U+0000>= 0)
      |                      ^~~~~~~~
56a356fca747e339722ffe439306da2b5cf2f2cf.c:855:14: error: stray â€˜\20â€™ in program
  855 |   if (x =<90><b5><d4><U+0008><U+0010>b<U+0000><U+0000>= 0)
      |                              ^~~~~~~~
56a356fca747e339722ffe439306da2b5cf2f2cf.c:855:15: error: â€˜bâ€™ undeclared (first use in this function)
  855 |   if (x =µÔb  = 0)
      |               ^
56a356fca747e339722ffe439306da2b5cf2f2cf.c:863:7: error: â€˜__bui0fiâ€™ undeclared (first use in this function)
  863 |       __bui0fi);
      |       ^~~~~~~~
56a356fca747e339722ffe439306da2b5cf2f2cf.c:863:15: error: expected â€˜;â€™ before â€˜)â€™ token
  863 |       __bui0fi);
      |               ^
      |               ;
56a356fca747e339722ffe439306da2b5cf2f2cf.c:863:15: error: expected statement before â€˜)â€™ token
56a356fca747e339722ffe439306da2b5cf2f2cf.c:864:1: error: unknown type name â€˜floaâ€™; did you mean â€˜floatâ€™?
  864 | floa x;-
      | ^~~~
      | float
56a356fca747e339722ffe439306da2b5cf2f2cf.c:866:1: error: â€˜m128â€™ undeclared (first use in this function)
  866 | m128)));
      | ^~~~
56a356fca747e339722ffe439306da2b5cf2f2cf.c:866:5: error: expected â€˜;â€™ before â€˜)â€™ token
  866 | m128)));
      |     ^
      |     ;
56a356fca747e339722ffe439306da2b5cf2f2cf.c:866:5: error: expected statement before â€˜)â€™ token
56a356fca747e339722ffe439306da2b5cf2f2cf.c:866:6: error: expected statement before â€˜)â€™ token
  866 | m128)));
      |      ^
56a356fca747e339722ffe439306da2b5cf2f2cf.c:866:7: error: expected statement before â€˜)â€™ token
  866 | m128)));
      |       ^
56a356fca747e339722ffe439306da2b5cf2f2cf.c:867:1: error: â€˜tâ€™ undeclared (first use in this function)
  867 | t __complex__  w = 8.0 + 38.0 * (1.0fi);
      | ^
56a356fca747e339722ffe439306da2b5cf2f2cf.c:867:2: error: expected â€˜;â€™ before â€˜__complex__â€™
  867 | t __complex__  w = 8.0 + 38.0 * (1.0fi);
      |  ^~~~~~~~~~~~
      |  ;
56a356fca747e339722ffe439306da2b5cf2f2cf.c:870:5: error: expected â€˜;â€™ before â€˜voidâ€™
  870 | main
      |     ^
      |     ;
  871 | void func(void)
      | ~~~~ 
56a356fca747e339722ffe439306da2b5cf2f2cf.c:895:9: error: stray â€˜\232â€™ in program
  895 |   short <9a>:3, g:3{, h:10;
      |         ^~~~
56a356fca747e339722ffe439306da2b5cf2f2cf.c:905:2: error: stray â€˜\213â€™ in program
  905 | f<8b><90>at __<U+0002><U+0000><U+0000><U+0000><U+0000><U+0000><U+0000><U+0000>_  x = 1.0 + 14.0 * (1.0fi);
      |  ^~~~
56a356fca747e339722ffe439306da2b5cf2f2cf.c:905:3: error: stray â€˜\220â€™ in program
  905 | f<8b><90>at __<U+0002><U+0000><U+0000><U+0000><U+0000><U+0000><U+0000><U+0000>_  x = 1.0 + 14.0 * (1.0fi);
      |      ^~~~
56a356fca747e339722ffe439306da2b5cf2f2cf.c:905:9: error: stray â€˜\2â€™ in program
  905 | f<8b><90>at __<U+0002><U+0000><U+0000><U+0000><U+0000><U+0000><U+0000><U+0000>_  x = 1.0 + 14.0 * (1.0fi);
      |               ^~~~~~~~
56a356fca747e339722ffe439306da2b5cf2f2cf.c:909:7: error: expected statement before â€˜)â€™ token
  909 | m128)));
      |       ^
56a356fca747e339722ffe439306da2b5cf2f2cf.c:910:2: error: expected â€˜;â€™ before â€˜__complex__â€™
  910 | t __complex__  w = 8.0 + 38.0 * (1.0fi);
      |  ^~~~~~~~~~~~
      |  ;
56a356fca747e339722ffe439306da2b5cf2f2cf.c:911:20: error: redeclaration of â€˜zâ€™ with no linkage
  911 | float __complex__  z;
      |                    ^
56a356fca747e339722ffe439306da2b5cf2f2cf.c:868:20: note: previous declaration of â€˜zâ€™ with type â€˜complex floatâ€™
  868 | float __complex__  z;
      |                    ^
56a356fca747e339722ffe439306da2b5cf2f2cf.c:913:5: error: expected â€˜;â€™ before â€˜voidâ€™
  913 | main
      |     ^
      |     ;
  914 | void fun/       /complex-5.c */
      | ~~~~ 
56a356fca747e339722ffe439306da2b5cf2f2cf.c:914:27: error: invalid suffix "c" on floating constant
  914 | void fun/       /complex-5.c */
      |                           ^~~
56a356fca747e339722ffe439306da2b5cf2f2cf.c:915:38: error: expected statement before â€˜)â€™ token
  915 | float __complea, float __complex__  b)
      |                                      ^
56a356fca747e339722ffe439306da2b5cf2f2cf.c:917:10: error: â€˜aâ€™ undeclared (first use in this function)
  917 |   return a + b;
      |          ^
56a356fca747e339722ffe439306da2b5cf2f2cf.c:920:9: error: stray â€˜\2â€™ in program
  920 | float __<U+0002><U+0000><U+0000><U+0000><U+0000><U+0000><U+0000><U+0000>_  x = 1.0 + 14.0 * (1.0fi);
      |         ^~~~~~~~
56a356fca747e339722ffe439306da2b5cf2f2cf.c:920:17: error: expected â€˜=â€™, â€˜,â€™, â€˜;â€™, â€˜asmâ€™ or â€˜__attribute__â€™ before â€˜_â€™
  920 | float __       _  x = 1.0 + 14.0 * (1.0fi);
      |                 ^
56a356fca747e339722ffe439306da2b5cf2f2cf.c:920:17: error: unknown type name â€˜_â€™
56a356fca747e339722ffe439306da2b5cf2f2cf.c:920:20: error: redeclaration of â€˜xâ€™ with no linkage
  920 | float __       _  x = 1.0 + 14.0 * (1.0fi);
      |                    ^
56a356fca747e339722ffe439306da2b5cf2f2cf.c:864:6: note: previous declaration of â€˜xâ€™ with type â€˜intâ€™
  864 | floa x;-
      |      ^
56a356fca747e339722ffe439306da2b5cf2f2cf.c:923:20: error: redeclaration of â€˜zâ€™ with no linkage
  923 | float __complex__  z;
      |                    ^
56a356fca747e339722ffe439306da2b5cf2f2cf.c:911:20: note: previous declaration of â€˜zâ€™ with type â€˜complex floatâ€™
  911 | float __complex__  z;
      |                    ^
56a356fca747e339722ffe439306da2b5cf2f2cf.c:925:8: error: expected â€˜;â€™ before â€˜{â€™ token
  925 | main ()
      |        ^
      |        ;
  926 | {
      | ~       
56a356fca747e339722ffe439306da2b5cf2f2cf.c: In function â€˜bazâ€™:
56a356fca747e339722ffe439306da2b5cf2f2cf.c:1002:15: error: â€˜câ€™ undeclared (first use in this function)
 1002 |     returnif (c >= 48 && c <= 57)
      |               ^
56a356fca747e339722ffe439306da2b5cf2f2cf.c:1002:34: error: expected â€˜;â€™ before â€˜gâ€™
 1002 |     returnif (c >= 48 && c <= 57)
      |                                  ^
      |                                  ;
 1003 |                 g[h] = c - 48;
      |                 ~                 
56a356fca747e339722ffe439306da2b5cf2f2cf.c:1007:33: error: expected expression before â€˜]â€™ token
 1007 |                   if (!s->b[    ]
      |                                 ^
56a356fca747e339722ffe439306da2b5cf2f2cf.c:1014:19: error: â€˜hâ€™ undeclared (first use in this function)
 1014 |                   h++;
      |                   ^
56a356fca747e339722ffe439306da2b5cf2f2cf.c: In function â€˜fooâ€™:
56a356fca747e339722ffe439306da2b5cf2f2cf.c:1017:30: error: invalid type argument of â€˜->â€™ (have â€˜intâ€™)
 1017 |           __builtin_memcpy (s->a, g, 10);
      |                              ^~
56a356fca747e339722ffe439306da2b5cf2f2cf.c:1017:35: error: â€˜gâ€™ undeclared (first use in this function)
 1017 |           __builtin_memcpy (s->a, g, 10);
      |                                   ^
56a356fca747e339722ffe439306da2b5cf2f2cf.c:1018:15: error: â€˜dâ€™ undeclared (first use in this function)
 1018 |           if (d)
      |               ^
56a356fca747e339722ffe439306da2b5cf2f2cf.c:1019:13: error: â€˜fâ€™ undeclared (first use in this function)
 1019 |             f = d + 1;
      |             ^
56a356fca747e339722ffe439306da2b5cf2f2cf.c: At top level:
56a356fca747e339722ffe439306da2b5cf2f2cf.c:1021:7: error: expected identifier or â€˜(â€™ before â€˜whileâ€™
 1021 |       while (d);
      |       ^~~~~
56a356fca747e339722ffe439306da2b5cf2f2cf.c:1022:5: error: expected identifier or â€˜(â€™ before â€˜}â€™ token
 1022 |     }
      |     ^
56a356fca747e339722ffe439306da2b5cf2f2cf.c:1023:1: error: expected identifier or â€˜(â€™ before â€˜}â€™ token
 1023 | }
      | ^
56a356fca747e339722ffe439306da2b5cf2f2cf.c:1026:1: error: redefinition of â€˜bazâ€™
 1026 | baz (char *x)
      | ^~~
56a356fca747e339722ffe439306da2b5cf2f2cf.c:259:1: note: previous definition of â€˜bazâ€™ with type â€˜void(char *)â€™
  259 | baz (char *x)
      | ^~~
56a356fca747e339722ffe439306da2b5cf2f2cf.c:1066:1: error: redefinition of â€˜mainâ€™
 1066 | main ()
      | ^~~~
56a356fca747e339722ffe439306da2b5cf2f2cf.c:549:1: note: previous definition of â€˜mainâ€™ with type â€˜int()â€™
  549 | main ()
      | ^~~~
56a356fca747e339722ffe439306da2b5cf2f2cf.c:1348:9: error: stray â€˜\232â€™ in program
 1348 |   short <9a>:3, g:3{, h:10;
      |         ^~~~
56a356fca747e339722ffe439306da2b5cf2f2cf.c:1348:17: error: expected â€˜,â€™, â€˜;â€™ or â€˜}â€™ before â€˜{â€™ token
 1348 |   short š:3, g:3{, h:10;
      |                 ^
56a356fca747e339722ffe439306da2b5cf2f2cf.c:1358:2: error: stray â€˜\213â€™ in program
 1358 | f<8b><90>at __<U+0002><U+0000><U+0000><U+0000><U+0000><U+0000><U+0000><U+0000>_  x = 1.0 + 14.0 * (1.0fi);
      |  ^~~~
56a356fca747e339722ffe439306da2b5cf2f2cf.c:1358:3: error: stray â€˜\220â€™ in program
 1358 | f<8b><90>at __<U+0002><U+0000><U+0000><U+0000><U+0000><U+0000><U+0000><U+0000>_  x = 1.0 + 14.0 * (1.0fi);
      |      ^~~~
56a356fca747e339722ffe439306da2b5cf2f2cf.c:1358:4: error: expected â€˜=â€™, â€˜,â€™, â€˜;â€™, â€˜asmâ€™ or â€˜__attribute__â€™ before â€˜atâ€™
 1358 | f‹at __       _  x = 1.0 + 14.0 * (1.0fi);
      |    ^~
56a356fca747e339722ffe439306da2b5cf2f2cf.c:1358:4: error: unknown type name â€˜atâ€™
56a356fca747e339722ffe439306da2b5cf2f2cf.c:1358:9: error: stray â€˜\2â€™ in program
 1358 | f<8b><90>at __<U+0002><U+0000><U+0000><U+0000><U+0000><U+0000><U+0000><U+0000>_  x = 1.0 + 14.0 * (1.0fi);
      |               ^~~~~~~~
56a356fca747e339722ffe439306da2b5cf2f2cf.c:1360:1: error: unknown type name â€˜floaâ€™; did you mean â€˜floatâ€™?
 1360 | floa x;
      | ^~~~
      | float
56a356fca747e339722ffe439306da2b5cf2f2cf.c:1362:5: error: expected â€˜=â€™, â€˜,â€™, â€˜;â€™, â€˜asmâ€™ or â€˜__attribute__â€™ before â€˜)â€™ token
 1362 | m128)));
      |     ^
56a356fca747e339722ffe439306da2b5cf2f2cf.c:1363:2: error: expected â€˜;â€™ before â€˜__complex__â€™
 1363 | t __complex__  w = 8.0 + 38.0 * (1.0fi);
      |  ^~~~~~~~~~~~
      |  ;
56a356fca747e339722ffe439306da2b5cf2f2cf.c:1363:16: error: conflicting types for â€˜wâ€™; have â€˜complex doubleâ€™
 1363 | t __complex__  w = 8.0 + 38.0 * (1.0fi);
      |                ^
56a356fca747e339722ffe439306da2b5cf2f2cf.c:842:18: note: previous definition of â€˜wâ€™ with type â€˜struct S *â€™
  842 | static struct S *w = 0;
      |                  ^
56a356fca747e339722ffe439306da2b5cf2f2cf.c:1366:5: error: expected â€˜;â€™ before â€˜voidâ€™
 1366 | main
      |     ^
      |     ;
 1367 | void fun/       /complex-5.c */
      | ~~~~ 
56a356fca747e339722ffe439306da2b5cf2f2cf.c:1367:9: error: expected â€˜=â€™, â€˜,â€™, â€˜;â€™, â€˜asmâ€™ or â€˜__attribute__â€™ before â€˜/â€™ token
 1367 | void fun/       /complex-5.c */
      |         ^
56a356fca747e339722ffe439306da2b5cf2f2cf.c:1367:27: error: invalid suffix "c" on floating constant
 1367 | void fun/       /complex-5.c */
      |                           ^~~
56a356fca747e339722ffe439306da2b5cf2f2cf.c:1373:9: error: stray â€˜\2â€™ in program
 1373 | float __<U+0002><U+0000><U+0000><U+0000><U+0000><U+0000><U+0000><U+0000>_  x = 1.0 + 14.0 * (1.0fi);
      |         ^~~~~~~~
56a356fca747e339722ffe439306da2b5cf2f2cf.c:1373:17: error: expected â€˜=â€™, â€˜,â€™, â€˜;â€™, â€˜asmâ€™ or â€˜__attribute__â€™ before â€˜_â€™
 1373 | float __       _  x = 1.0 + 14.0 * (1.0fi);
      |                 ^
56a356fca747e339722ffe439306da2b5cf2f2cf.c:1373:17: error: unknown type name â€˜_â€™
56a356fca747e339722ffe439306da2b5cf2f2cf.c:1374:20: error: redefinition of â€˜yâ€™
 1374 | float __complex__  y = 7.0 + 5.0 * (1.0fi);
      |                    ^
56a356fca747e339722ffe439306da2b5cf2f2cf.c:1359:20: note: previous definition of â€˜yâ€™ with type â€˜complex floatâ€™
 1359 | float __complex__  y = 7.0 + 5.0 * (1.0fi);
      |                    ^
56a356fca747e339722ffe439306da2b5cf2f2cf.c:1378:1: error: redefinition of â€˜mainâ€™
 1378 | main ()
      | ^~~~
56a356fca747e339722ffe439306da2b5cf2f2cf.c:549:1: note: previous definition of â€˜mainâ€™ with type â€˜int()â€™
  549 | main ()
      | ^~~~
56a356fca747e339722ffe439306da2b5cf2f2cf.c:1386:1: error: expected identifier or â€˜(â€™ before â€˜}â€™ token
 1386 | }
      | ^
56a356fca747e339722ffe439306da2b5cf2f2cf.c:1389:1: error: redefinition of â€˜barâ€™
 1389 | bar (char **x)
      | ^~~
56a356fca747e339722ffe439306da2b5cf2f2cf.c:35:1: note: previous definition of â€˜barâ€™ with type â€˜void(char **)â€™
   35 | bar (char **x)
      | ^~~
56a356fca747e339722ffe439306da2b5cf2f2cf.c:1436:1: error: redefinition of â€˜bazâ€™
 1436 | baz (char *x)
      | ^~~
56a356fca747e339722ffe439306da2b5cf2f2cf.c:259:1: note: previous definition of â€˜bazâ€™ with type â€˜void(char *)â€™
  259 | baz (char *x)
      | ^~~
56a356fca747e339722ffe439306da2b5cf2f2cf.c: In function â€˜bazâ€™:
56a356fca747e339722ffe439306da2b5cf2f2cf.c:1455:15: error: â€˜câ€™ undeclared (first use in this function)
 1455 |     returnif (c >= 48 && c <= 57)
      |               ^
56a356fca747e339722ffe439306da2b5cf2f2cf.c:1455:34: error: expected â€˜;â€™ before â€˜gâ€™
 1455 |     returnif (c >= 48 && c <= 57)
      |                                  ^
      |                                  ;
 1456 |                 g[h] = c - 48;
      |                 ~                 
56a356fca747e339722ffe439306da2b5cf2f2cf.c:1460:33: error: expected expression before â€˜]â€™ token
 1460 |                   if (!s->b[    ]
      |                                 ^
56a356fca747e339722ffe439306da2b5cf2f2cf.c:1467:19: error: â€˜hâ€™ undeclared (first use in this function)
 1467 |                   h++;
      |                   ^
56a356fca747e339722ffe439306da2b5cf2f2cf.c: At top level:
56a356fca747e339722ffe439306da2b5cf2f2cf.c:1470:30: error: expected â€˜)â€™ before â€˜->â€™ token
 1470 |           __builtin_memcpy (s->a, g, 10);
      |                              ^~
      |                              )
56a356fca747e339722ffe439306da2b5cf2f2cf.c:1471:11: error: expected identifier or â€˜(â€™ before â€˜ifâ€™
 1471 |           if (d)
      |           ^~
56a356fca747e339722ffe439306da2b5cf2f2cf.c:1473:9: error: expected identifier or â€˜(â€™ before â€˜}â€™ token
 1473 |         }
      |         ^
56a356fca747e339722ffe439306da2b5cf2f2cf.c:1474:7: error: expected identifier or â€˜(â€™ before â€˜whileâ€™
 1474 |       while (d);
      |       ^~~~~
56a356fca747e339722ffe439306da2b5cf2f2cf.c:1475:5: error: expected identifier or â€˜(â€™ before â€˜}â€™ token
 1475 |     }
      |     ^
56a356fca747e339722ffe439306da2b5cf2f2cf.c:1476:1: error: expected identifier or â€˜(â€™ before â€˜}â€™ token
 1476 | }
      | ^
56a356fca747e339722ffe439306da2b5cf2f2cf.c:1478:39: error: stray â€˜\235â€™ in program
 1478 | __attribute__((noinline, noclone)) voi<9d>d
      |                                       ^~~~
56a356fca747e339722ffe439306da2b5cf2f2cf.c:1478:36: error: unknown type name â€˜voiâ€™
 1478 | __attribute__((noinline, noclone)) void
      |                                    ^~~
56a356fca747e339722ffe439306da2b5cf2f2cf.c:1479:1: error: expected â€˜=â€™, â€˜,â€™, â€˜;â€™, â€˜asmâ€™ or â€˜__attribute__â€™ before â€˜bazâ€™
 1479 | baz (char *x)
      | ^~~
56a356fca747e339722ffe439306da2b5cf2f2cf.c:1519:1: error: redefinition of â€˜mainâ€™
 1519 | main ()
      | ^~~~
56a356fca747e339722ffe439306da2b5cf2f2cf.c:549:1: note: previous definition of â€˜mainâ€™ with type â€˜int()â€™
  549 | main ()
      | ^~~~
56a356fca747e339722ffe439306da2b5cf2f2cf.c: In function â€˜barâ€™:
56a356fca747e339722ffe439306da2b5cf2f2cf.c:954:13: internal compiler error: tree check: expected class â€˜typeâ€™, have â€˜exceptionalâ€™ (error_mark) in useless_type_conversion_p, at gimple-expr.cc:87
  954 |           s = w;
      |           ~~^~~
0x7e4445 tree_class_check_failed(tree_node const*, tree_code_class, char const*, int, char const*)
	.././../gcc-source/gcc/tree.cc:8738
0x7114ec tree_class_check(tree_node*, tree_code_class, char const*, int, char const*)
	.././../gcc-source/gcc/tree.h:3573
0x7114ec useless_type_conversion_p(tree_node*, tree_node*)
	.././../gcc-source/gcc/gimple-expr.cc:87
0xc3ba21 gimplify_modify_expr
	.././../gcc-source/gcc/gimplify.cc:5993
0xc2b126 gimplify_expr(tree_node**, gimple**, gimple**, bool (*)(tree_node*), int)
	.././../gcc-source/gcc/gimplify.cc:15056
0xc2e7f6 gimplify_stmt(tree_node**, gimple**)
	.././../gcc-source/gcc/gimplify.cc:7111
0xc2b8eb gimplify_statement_list
	.././../gcc-source/gcc/gimplify.cc:2019
0xc2b8eb gimplify_expr(tree_node**, gimple**, gimple**, bool (*)(tree_node*), int)
	.././../gcc-source/gcc/gimplify.cc:15501
0xc2e7f6 gimplify_stmt(tree_node**, gimple**)
	.././../gcc-source/gcc/gimplify.cc:7111
0xc2b8eb gimplify_statement_list
	.././../gcc-source/gcc/gimplify.cc:2019
0xc2b8eb gimplify_expr(tree_node**, gimple**, gimple**, bool (*)(tree_node*), int)
	.././../gcc-source/gcc/gimplify.cc:15501
0xc2e7f6 gimplify_stmt(tree_node**, gimple**)
	.././../gcc-source/gcc/gimplify.cc:7111
0xc2b8eb gimplify_statement_list
	.././../gcc-source/gcc/gimplify.cc:2019
0xc2b8eb gimplify_expr(tree_node**, gimple**, gimple**, bool (*)(tree_node*), int)
	.././../gcc-source/gcc/gimplify.cc:15501
0xc2e7f6 gimplify_stmt(tree_node**, gimple**)
	.././../gcc-source/gcc/gimplify.cc:7111
0xc2efb4 gimplify_bind_expr
	.././../gcc-source/gcc/gimplify.cc:1428
0xc2b891 gimplify_expr(tree_node**, gimple**, gimple**, bool (*)(tree_node*), int)
	.././../gcc-source/gcc/gimplify.cc:15257
0xc3d02f gimplify_stmt(tree_node**, gimple**)
	.././../gcc-source/gcc/gimplify.cc:7111
0xc3d02f gimplify_body(tree_node*, bool)
	.././../gcc-source/gcc/gimplify.cc:16313
0xc3d47d gimplify_function_tree(tree_node*)
	.././../gcc-source/gcc/gimplify.cc:16467
Please submit a full bug report, with preprocessed source (by using -freport-bug).
Please include the complete backtrace with any bug report.
See <https://gcc.gnu.org/bugs/> for instructions.
