1934d6e2aee70d21f4a7d16c0d1ff2867764c085.c: In function ‘badfunc’:
1934d6e2aee70d21f4a7d16c0d1ff2867764c085.c:20:5: warning: ISO C forbids nested functions [-Wpedantic]
   20 |     static const short ntf/* corpus/76efea38142c0ee9807e15d5d8a679ed_731_test2113538949.c */
      |     ^~~~~~
1934d6e2aee70d21f4a7d16c0d1ff2867764c085.c:20:27: error: expected ‘;’ before ‘typedef’
   20 |     static const short ntf/* corpus/76efea38142c0ee9807e15d5d8a679ed_731_test2113538949.c */
      |                           ^
      |                           ;
In file included from /home/user42/data/csmith/runtime/random_inc.h:89,
                 from /home/user42/data/csmith/runtime/csmith.h:45,
                 from 1934d6e2aee70d21f4a7d16c0d1ff2867764c085.c:21:
/home/user42/data/csmith/runtime/platform_generic.h:42:1: warning: ISO C forbids nested functions [-Wpedantic]
   42 | static void
      | ^~~~~~
/home/user42/data/csmith/runtime/platform_generic.h:43:1: error: invalid storage class for function ‘platform_main_begin’
   43 | platform_main_begin(void)
      | ^~~~~~~~~~~~~~~~~~~
/home/user42/data/csmith/runtime/platform_generic.h:48:1: warning: ISO C forbids nested functions [-Wpedantic]
   48 | static void
      | ^~~~~~
/home/user42/data/csmith/runtime/platform_generic.h:49:1: error: invalid storage class for function ‘platform_main_end’
   49 | platform_main_end(uint32_t crc, int flag)
      | ^~~~~~~~~~~~~~~~~
/home/user42/data/csmith/runtime/platform_generic.h: In function ‘platform_main_end’:
/home/user42/data/csmith/runtime/platform_generic.h:49:37: warning: unused parameter ‘flag’ [-Wunused-parameter]
   49 | platform_main_end(uint32_t crc, int flag)
      |                                 ~~~~^~~~
/home/user42/data/csmith/build/runtime/safe_math.h: In function ‘badfunc’:
/home/user42/data/csmith/runtime/random_inc.h:92:16: warning: ISO C forbids nested functions [-Wpedantic]
   92 | #define STATIC static
      |                ^~~~~~
/home/user42/data/csmith/build/runtime/safe_math.h:13:1: note: in expansion of macro ‘STATIC’
   13 | STATIC int8_t
      | ^~~~~~
/home/user42/data/csmith/runtime/random_inc.h:99:23: error: invalid storage class for function ‘safe_unary_minus_func_int8_t_s’
   99 | #define FUNC_NAME(x) (safe_##x)
      |                       ^~~~~
/home/user42/data/csmith/build/runtime/safe_math.h:14:1: note: in expansion of macro ‘FUNC_NAME’
   14 | FUNC_NAME(unary_minus_func_int8_t_s)(int8_t si LOG_INDEX)
      | ^~~~~~~~~
/home/user42/data/csmith/runtime/random_inc.h:92:16: warning: ISO C forbids nested functions [-Wpedantic]
   92 | #define STATIC static
      |                ^~~~~~
/home/user42/data/csmith/build/runtime/safe_math.h:27:1: note: in expansion of macro ‘STATIC’
   27 | STATIC int8_t
      | ^~~~~~
/home/user42/data/csmith/runtime/random_inc.h:99:23: error: invalid storage class for function ‘safe_add_func_int8_t_s_s’
   99 | #define FUNC_NAME(x) (safe_##x)
      |                       ^~~~~
/home/user42/data/csmith/build/runtime/safe_math.h:28:1: note: in expansion of macro ‘FUNC_NAME’
   28 | FUNC_NAME(add_func_int8_t_s_s)(int8_t si1, int8_t si2 LOG_INDEX)
      | ^~~~~~~~~
/home/user42/data/csmith/runtime/random_inc.h:92:16: warning: ISO C forbids nested functions [-Wpedantic]
   92 | #define STATIC static
      |                ^~~~~~
/home/user42/data/csmith/build/runtime/safe_math.h:41:1: note: in expansion of macro ‘STATIC’
   41 | STATIC int8_t
      | ^~~~~~
/home/user42/data/csmith/runtime/random_inc.h:99:23: error: invalid storage class for function ‘safe_sub_func_int8_t_s_s’
   99 | #define FUNC_NAME(x) (safe_##x)
      |                       ^~~~~
/home/user42/data/csmith/build/runtime/safe_math.h:42:1: note: in expansion of macro ‘FUNC_NAME’
   42 | FUNC_NAME(sub_func_int8_t_s_s)(int8_t si1, int8_t si2 LOG_INDEX)
      | ^~~~~~~~~
/home/user42/data/csmith/runtime/random_inc.h:92:16: warning: ISO C forbids nested functions [-Wpedantic]
   92 | #define STATIC static
      |                ^~~~~~
/home/user42/data/csmith/build/runtime/safe_math.h:55:1: note: in expansion of macro ‘STATIC’
   55 | STATIC int8_t
      | ^~~~~~
/home/user42/data/csmith/runtime/random_inc.h:99:23: error: invalid storage class for function ‘safe_mul_func_int8_t_s_s’
   99 | #define FUNC_NAME(x) (safe_##x)
      |                       ^~~~~
/home/user42/data/csmith/build/runtime/safe_math.h:56:1: note: in expansion of macro ‘FUNC_NAME’
   56 | FUNC_NAME(mul_func_int8_t_s_s)(int8_t si1, int8_t si2 LOG_INDEX)
      | ^~~~~~~~~
/home/user42/data/csmith/runtime/random_inc.h:92:16: warning: ISO C forbids nested functions [-Wpedantic]
   92 | #define STATIC static
      |                ^~~~~~
/home/user42/data/csmith/build/runtime/safe_math.h:69:1: note: in expansion of macro ‘STATIC’
   69 | STATIC int8_t
      | ^~~~~~
/home/user42/data/csmith/runtime/random_inc.h:99:23: error: invalid storage class for function ‘safe_mod_func_int8_t_s_s’
   99 | #define FUNC_NAME(x) (safe_##x)
      |                       ^~~~~
/home/user42/data/csmith/build/runtime/safe_math.h:70:1: note: in expansion of macro ‘FUNC_NAME’
   70 | FUNC_NAME(mod_func_int8_t_s_s)(int8_t si1, int8_t si2 LOG_INDEX)
      | ^~~~~~~~~
/home/user42/data/csmith/runtime/random_inc.h:92:16: warning: ISO C forbids nested functions [-Wpedantic]
   92 | #define STATIC static
      |                ^~~~~~
/home/user42/data/csmith/build/runtime/safe_math.h:81:1: note: in expansion of macro ‘STATIC’
   81 | STATIC int8_t
      | ^~~~~~
/home/user42/data/csmith/runtime/random_inc.h:99:23: error: invalid storage class for function ‘safe_div_func_int8_t_s_s’
   99 | #define FUNC_NAME(x) (safe_##x)
      |                       ^~~~~
/home/user42/data/csmith/build/runtime/safe_math.h:82:1: note: in expansion of macro ‘FUNC_NAME’
   82 | FUNC_NAME(div_func_int8_t_s_s)(int8_t si1, int8_t si2 LOG_INDEX)
      | ^~~~~~~~~
/home/user42/data/csmith/runtime/random_inc.h:92:16: warning: ISO C forbids nested functions [-Wpedantic]
   92 | #define STATIC static
      |                ^~~~~~
/home/user42/data/csmith/build/runtime/safe_math.h:93:1: note: in expansion of macro ‘STATIC’
   93 | STATIC int8_t
      | ^~~~~~
/home/user42/data/csmith/runtime/random_inc.h:99:23: error: invalid storage class for function ‘safe_lshift_func_int8_t_s_s’
   99 | #define FUNC_NAME(x) (safe_##x)
      |                       ^~~~~
/home/user42/data/csmith/build/runtime/safe_math.h:94:1: note: in expansion of macro ‘FUNC_NAME’
   94 | FUNC_NAME(lshift_func_int8_t_s_s)(int8_t left, int right LOG_INDEX)
      | ^~~~~~~~~
/home/user42/data/csmith/runtime/random_inc.h:92:16: warning: ISO C forbids nested functions [-Wpedantic]
   92 | #define STATIC static
      |                ^~~~~~
/home/user42/data/csmith/build/runtime/safe_math.h:105:1: note: in expansion of macro ‘STATIC’
  105 | STATIC int8_t
      | ^~~~~~
/home/user42/data/csmith/runtime/random_inc.h:99:23: error: invalid storage class for function ‘safe_lshift_func_int8_t_s_u’
   99 | #define FUNC_NAME(x) (safe_##x)
      |                       ^~~~~
/home/user42/data/csmith/build/runtime/safe_math.h:106:1: note: in expansion of macro ‘FUNC_NAME’
  106 | FUNC_NAME(lshift_func_int8_t_s_u)(int8_t left, unsigned int right LOG_INDEX)
      | ^~~~~~~~~
/home/user42/data/csmith/runtime/random_inc.h:92:16: warning: ISO C forbids nested functions [-Wpedantic]
   92 | #define STATIC static
      |                ^~~~~~
/home/user42/data/csmith/build/runtime/safe_math.h:117:1: note: in expansion of macro ‘STATIC’
  117 | STATIC int8_t
      | ^~~~~~
/home/user42/data/csmith/runtime/random_inc.h:99:23: error: invalid storage class for function ‘safe_rshift_func_int8_t_s_s’
   99 | #define FUNC_NAME(x) (safe_##x)
      |                       ^~~~~
/home/user42/data/csmith/build/runtime/safe_math.h:118:1: note: in expansion of macro ‘FUNC_NAME’
  118 | FUNC_NAME(rshift_func_int8_t_s_s)(int8_t left, int right LOG_INDEX)
      | ^~~~~~~~~
/home/user42/data/csmith/runtime/random_inc.h:92:16: warning: ISO C forbids nested functions [-Wpedantic]
   92 | #define STATIC static
      |                ^~~~~~
/home/user42/data/csmith/build/runtime/safe_math.h:129:1: note: in expansion of macro ‘STATIC’
  129 | STATIC int8_t
      | ^~~~~~
/home/user42/data/csmith/runtime/random_inc.h:99:23: error: invalid storage class for function ‘safe_rshift_func_int8_t_s_u’
   99 | #define FUNC_NAME(x) (safe_##x)
      |                       ^~~~~
/home/user42/data/csmith/build/runtime/safe_math.h:130:1: note: in expansion of macro ‘FUNC_NAME’
  130 | FUNC_NAME(rshift_func_int8_t_s_u)(int8_t left, unsigned int right LOG_INDEX)
      | ^~~~~~~~~
/home/user42/data/csmith/runtime/random_inc.h:92:16: warning: ISO C forbids nested functions [-Wpedantic]
   92 | #define STATIC static
      |                ^~~~~~
/home/user42/data/csmith/build/runtime/safe_math.h:143:1: note: in expansion of macro ‘STATIC’
  143 | STATIC int16_t
      | ^~~~~~
/home/user42/data/csmith/runtime/random_inc.h:99:23: error: invalid storage class for function ‘safe_unary_minus_func_int16_t_s’
   99 | #define FUNC_NAME(x) (safe_##x)
      |                       ^~~~~
/home/user42/data/csmith/build/runtime/safe_math.h:144:1: note: in expansion of macro ‘FUNC_NAME’
  144 | FUNC_NAME(unary_minus_func_int16_t_s)(int16_t si LOG_INDEX)
      | ^~~~~~~~~
/home/user42/data/csmith/runtime/random_inc.h:92:16: warning: ISO C forbids nested functions [-Wpedantic]
   92 | #define STATIC static
      |                ^~~~~~
/home/user42/data/csmith/build/runtime/safe_math.h:157:1: note: in expansion of macro ‘STATIC’
  157 | STATIC int16_t
      | ^~~~~~
/home/user42/data/csmith/runtime/random_inc.h:99:23: error: invalid storage class for function ‘safe_add_func_int16_t_s_s’
   99 | #define FUNC_NAME(x) (safe_##x)
      |                       ^~~~~
/home/user42/data/csmith/build/runtime/safe_math.h:158:1: note: in expansion of macro ‘FUNC_NAME’
  158 | FUNC_NAME(add_func_int16_t_s_s)(int16_t si1, int16_t si2 LOG_INDEX)
      | ^~~~~~~~~
/home/user42/data/csmith/runtime/random_inc.h:92:16: warning: ISO C forbids nested functions [-Wpedantic]
   92 | #define STATIC static
      |                ^~~~~~
/home/user42/data/csmith/build/runtime/safe_math.h:171:1: note: in expansion of macro ‘STATIC’
  171 | STATIC int16_t
      | ^~~~~~
/home/user42/data/csmith/runtime/random_inc.h:99:23: error: invalid storage class for function ‘safe_sub_func_int16_t_s_s’
   99 | #define FUNC_NAME(x) (safe_##x)
      |                       ^~~~~
/home/user42/data/csmith/build/runtime/safe_math.h:172:1: note: in expansion of macro ‘FUNC_NAME’
  172 | FUNC_NAME(sub_func_int16_t_s_s)(int16_t si1, int16_t si2 LOG_INDEX)
      | ^~~~~~~~~
/home/user42/data/csmith/runtime/random_inc.h:92:16: warning: ISO C forbids nested functions [-Wpedantic]
   92 | #define STATIC static
      |                ^~~~~~
/home/user42/data/csmith/build/runtime/safe_math.h:185:1: note: in expansion of macro ‘STATIC’
  185 | STATIC int16_t
      | ^~~~~~
/home/user42/data/csmith/runtime/random_inc.h:99:23: error: invalid storage class for function ‘safe_mul_func_int16_t_s_s’
   99 | #define FUNC_NAME(x) (safe_##x)
      |                       ^~~~~
/home/user42/data/csmith/build/runtime/safe_math.h:186:1: note: in expansion of macro ‘FUNC_NAME’
  186 | FUNC_NAME(mul_func_int16_t_s_s)(int16_t si1, int16_t si2 LOG_INDEX)
      | ^~~~~~~~~
/home/user42/data/csmith/runtime/random_inc.h:92:16: warning: ISO C forbids nested functions [-Wpedantic]
   92 | #define STATIC static
      |                ^~~~~~
/home/user42/data/csmith/build/runtime/safe_math.h:199:1: note: in expansion of macro ‘STATIC’
  199 | STATIC int16_t
      | ^~~~~~
/home/user42/data/csmith/runtime/random_inc.h:99:23: error: invalid storage class for function ‘safe_mod_func_int16_t_s_s’
   99 | #define FUNC_NAME(x) (safe_##x)
      |                       ^~~~~
/home/user42/data/csmith/build/runtime/safe_math.h:200:1: note: in expansion of macro ‘FUNC_NAME’
  200 | FUNC_NAME(mod_func_int16_t_s_s)(int16_t si1, int16_t si2 LOG_INDEX)
      | ^~~~~~~~~
/home/user42/data/csmith/runtime/random_inc.h:92:16: warning: ISO C forbids nested functions [-Wpedantic]
   92 | #define STATIC static
      |                ^~~~~~
/home/user42/data/csmith/build/runtime/safe_math.h:211:1: note: in expansion of macro ‘STATIC’
  211 | STATIC int16_t
      | ^~~~~~
/home/user42/data/csmith/runtime/random_inc.h:99:23: error: invalid storage class for function ‘safe_div_func_int16_t_s_s’
   99 | #define FUNC_NAME(x) (safe_##x)
      |                       ^~~~~
/home/user42/data/csmith/build/runtime/safe_math.h:212:1: note: in expansion of macro ‘FUNC_NAME’
  212 | FUNC_NAME(div_func_int16_t_s_s)(int16_t si1, int16_t si2 LOG_INDEX)
      | ^~~~~~~~~
/home/user42/data/csmith/runtime/random_inc.h:92:16: warning: ISO C forbids nested functions [-Wpedantic]
   92 | #define STATIC static
      |                ^~~~~~
/home/user42/data/csmith/build/runtime/safe_math.h:223:1: note: in expansion of macro ‘STATIC’
  223 | STATIC int16_t
      | ^~~~~~
/home/user42/data/csmith/runtime/random_inc.h:99:23: error: invalid storage class for function ‘safe_lshift_func_int16_t_s_s’
   99 | #define FUNC_NAME(x) (safe_##x)
      |                       ^~~~~
/home/user42/data/csmith/build/runtime/safe_math.h:224:1: note: in expansion of macro ‘FUNC_NAME’
  224 | FUNC_NAME(lshift_func_int16_t_s_s)(int16_t left, int right LOG_INDEX)
      | ^~~~~~~~~
/home/user42/data/csmith/runtime/random_inc.h:92:16: warning: ISO C forbids nested functions [-Wpedantic]
   92 | #define STATIC static
      |                ^~~~~~
/home/user42/data/csmith/build/runtime/safe_math.h:235:1: note: in expansion of macro ‘STATIC’
  235 | STATIC int16_t
      | ^~~~~~
/home/user42/data/csmith/runtime/random_inc.h:99:23: error: invalid storage class for function ‘safe_lshift_func_int16_t_s_u’
   99 | #define FUNC_NAME(x) (safe_##x)
      |                       ^~~~~
/home/user42/data/csmith/build/runtime/safe_math.h:236:1: note: in expansion of macro ‘FUNC_NAME’
  236 | FUNC_NAME(lshift_func_int16_t_s_u)(int16_t left, unsigned int right LOG_INDEX)
      | ^~~~~~~~~
/home/user42/data/csmith/runtime/random_inc.h:92:16: warning: ISO C forbids nested functions [-Wpedantic]
   92 | #define STATIC static
      |                ^~~~~~
/home/user42/data/csmith/build/runtime/safe_math.h:247:1: note: in expansion of macro ‘STATIC’
  247 | STATIC int16_t
      | ^~~~~~
/home/user42/data/csmith/runtime/random_inc.h:99:23: error: invalid storage class for function ‘safe_rshift_func_int16_t_s_s’
   99 | #define FUNC_NAME(x) (safe_##x)
      |                       ^~~~~
/home/user42/data/csmith/build/runtime/safe_math.h:248:1: note: in expansion of macro ‘FUNC_NAME’
  248 | FUNC_NAME(rshift_func_int16_t_s_s)(int16_t left, int right LOG_INDEX)
      | ^~~~~~~~~
/home/user42/data/csmith/runtime/random_inc.h:92:16: warning: ISO C forbids nested functions [-Wpedantic]
   92 | #define STATIC static
      |                ^~~~~~
/home/user42/data/csmith/build/runtime/safe_math.h:259:1: note: in expansion of macro ‘STATIC’
  259 | STATIC int16_t
      | ^~~~~~
/home/user42/data/csmith/runtime/random_inc.h:99:23: error: invalid storage class for function ‘safe_rshift_func_int16_t_s_u’
   99 | #define FUNC_NAME(x) (safe_##x)
      |                       ^~~~~
/home/user42/data/csmith/build/runtime/safe_math.h:260:1: note: in expansion of macro ‘FUNC_NAME’
  260 | FUNC_NAME(rshift_func_int16_t_s_u)(int16_t left, unsigned int right LOG_INDEX)
      | ^~~~~~~~~
/home/user42/data/csmith/runtime/random_inc.h:92:16: warning: ISO C forbids nested functions [-Wpedantic]
   92 | #define STATIC static
      |                ^~~~~~
/home/user42/data/csmith/build/runtime/safe_math.h:273:1: note: in expansion of macro ‘STATIC’
  273 | STATIC int32_t
      | ^~~~~~
/home/user42/data/csmith/runtime/random_inc.h:99:23: error: invalid storage class for function ‘safe_unary_minus_func_int32_t_s’
   99 | #define FUNC_NAME(x) (safe_##x)
      |                       ^~~~~
/home/user42/data/csmith/build/runtime/safe_math.h:274:1: note: in expansion of macro ‘FUNC_NAME’
  274 | FUNC_NAME(unary_minus_func_int32_t_s)(int32_t si LOG_INDEX)
      | ^~~~~~~~~
/home/user42/data/csmith/runtime/random_inc.h:92:16: warning: ISO C forbids nested functions [-Wpedantic]
   92 | #define STATIC static
      |                ^~~~~~
/home/user42/data/csmith/build/runtime/safe_math.h:287:1: note: in expansion of macro ‘STATIC’
  287 | STATIC int32_t
      | ^~~~~~
/home/user42/data/csmith/runtime/random_inc.h:99:23: error: invalid storage class for function ‘safe_add_func_int32_t_s_s’
   99 | #define FUNC_NAME(x) (safe_##x)
      |                       ^~~~~
/home/user42/data/csmith/build/runtime/safe_math.h:288:1: note: in expansion of macro ‘FUNC_NAME’
  288 | FUNC_NAME(add_func_int32_t_s_s)(int32_t si1, int32_t si2 LOG_INDEX)
      | ^~~~~~~~~
/home/user42/data/csmith/runtime/random_inc.h:92:16: warning: ISO C forbids nested functions [-Wpedantic]
   92 | #define STATIC static
      |                ^~~~~~
/home/user42/data/csmith/build/runtime/safe_math.h:301:1: note: in expansion of macro ‘STATIC’
  301 | STATIC int32_t
      | ^~~~~~
/home/user42/data/csmith/runtime/random_inc.h:99:23: error: invalid storage class for function ‘safe_sub_func_int32_t_s_s’
   99 | #define FUNC_NAME(x) (safe_##x)
      |                       ^~~~~
/home/user42/data/csmith/build/runtime/safe_math.h:302:1: note: in expansion of macro ‘FUNC_NAME’
  302 | FUNC_NAME(sub_func_int32_t_s_s)(int32_t si1, int32_t si2 LOG_INDEX)
      | ^~~~~~~~~
/home/user42/data/csmith/runtime/random_inc.h:92:16: warning: ISO C forbids nested functions [-Wpedantic]
   92 | #define STATIC static
      |                ^~~~~~
/home/user42/data/csmith/build/runtime/safe_math.h:315:1: note: in expansion of macro ‘STATIC’
  315 | STATIC int32_t
      | ^~~~~~
/home/user42/data/csmith/runtime/random_inc.h:99:23: error: invalid storage class for function ‘safe_mul_func_int32_t_s_s’
   99 | #define FUNC_NAME(x) (safe_##x)
      |                       ^~~~~
/home/user42/data/csmith/build/runtime/safe_math.h:316:1: note: in expansion of macro ‘FUNC_NAME’
  316 | FUNC_NAME(mul_func_int32_t_s_s)(int32_t si1, int32_t si2 LOG_INDEX)
      | ^~~~~~~~~
/home/user42/data/csmith/runtime/random_inc.h:92:16: warning: ISO C forbids nested functions [-Wpedantic]
   92 | #define STATIC static
      |                ^~~~~~
/home/user42/data/csmith/build/runtime/safe_math.h:329:1: note: in expansion of macro ‘STATIC’
  329 | STATIC int32_t
      | ^~~~~~
/home/user42/data/csmith/runtime/random_inc.h:99:23: error: invalid storage class for function ‘safe_mod_func_int32_t_s_s’
   99 | #define FUNC_NAME(x) (safe_##x)
      |                       ^~~~~
/home/user42/data/csmith/build/runtime/safe_math.h:330:1: note: in expansion of macro ‘FUNC_NAME’
  330 | FUNC_NAME(mod_func_int32_t_s_s)(int32_t si1, int32_t si2 LOG_INDEX)
      | ^~~~~~~~~
/home/user42/data/csmith/runtime/random_inc.h:92:16: warning: ISO C forbids nested functions [-Wpedantic]
   92 | #define STATIC static
      |                ^~~~~~
/home/user42/data/csmith/build/runtime/safe_math.h:341:1: note: in expansion of macro ‘STATIC’
  341 | STATIC int32_t
      | ^~~~~~
/home/user42/data/csmith/runtime/random_inc.h:99:23: error: invalid storage class for function ‘safe_div_func_int32_t_s_s’
   99 | #define FUNC_NAME(x) (safe_##x)
      |                       ^~~~~
/home/user42/data/csmith/build/runtime/safe_math.h:342:1: note: in expansion of macro ‘FUNC_NAME’
  342 | FUNC_NAME(div_func_int32_t_s_s)(int32_t si1, int32_t si2 LOG_INDEX)
      | ^~~~~~~~~
/home/user42/data/csmith/runtime/random_inc.h:92:16: warning: ISO C forbids nested functions [-Wpedantic]
   92 | #define STATIC static
      |                ^~~~~~
/home/user42/data/csmith/build/runtime/safe_math.h:353:1: note: in expansion of macro ‘STATIC’
  353 | STATIC int32_t
      | ^~~~~~
/home/user42/data/csmith/runtime/random_inc.h:99:23: error: invalid storage class for function ‘safe_lshift_func_int32_t_s_s’
   99 | #define FUNC_NAME(x) (safe_##x)
      |                       ^~~~~
/home/user42/data/csmith/build/runtime/safe_math.h:354:1: note: in expansion of macro ‘FUNC_NAME’
  354 | FUNC_NAME(lshift_func_int32_t_s_s)(int32_t left, int right LOG_INDEX)
      | ^~~~~~~~~
/home/user42/data/csmith/runtime/random_inc.h:92:16: warning: ISO C forbids nested functions [-Wpedantic]
   92 | #define STATIC static
      |                ^~~~~~
/home/user42/data/csmith/build/runtime/safe_math.h:365:1: note: in expansion of macro ‘STATIC’
  365 | STATIC int32_t
      | ^~~~~~
/home/user42/data/csmith/runtime/random_inc.h:99:23: error: invalid storage class for function ‘safe_lshift_func_int32_t_s_u’
   99 | #define FUNC_NAME(x) (safe_##x)
      |                       ^~~~~
/home/user42/data/csmith/build/runtime/safe_math.h:366:1: note: in expansion of macro ‘FUNC_NAME’
  366 | FUNC_NAME(lshift_func_int32_t_s_u)(int32_t left, unsigned int right LOG_INDEX)
      | ^~~~~~~~~
/home/user42/data/csmith/runtime/random_inc.h:92:16: warning: ISO C forbids nested functions [-Wpedantic]
   92 | #define STATIC static
      |                ^~~~~~
/home/user42/data/csmith/build/runtime/safe_math.h:377:1: note: in expansion of macro ‘STATIC’
  377 | STATIC int32_t
      | ^~~~~~
/home/user42/data/csmith/runtime/random_inc.h:99:23: error: invalid storage class for function ‘safe_rshift_func_int32_t_s_s’
   99 | #define FUNC_NAME(x) (safe_##x)
      |                       ^~~~~
/home/user42/data/csmith/build/runtime/safe_math.h:378:1: note: in expansion of macro ‘FUNC_NAME’
  378 | FUNC_NAME(rshift_func_int32_t_s_s)(int32_t left, int right LOG_INDEX)
      | ^~~~~~~~~
/home/user42/data/csmith/runtime/random_inc.h:92:16: warning: ISO C forbids nested functions [-Wpedantic]
   92 | #define STATIC static
      |                ^~~~~~
/home/user42/data/csmith/build/runtime/safe_math.h:389:1: note: in expansion of macro ‘STATIC’
  389 | STATIC int32_t
      | ^~~~~~
/home/user42/data/csmith/runtime/random_inc.h:99:23: error: invalid storage class for function ‘safe_rshift_func_int32_t_s_u’
   99 | #define FUNC_NAME(x) (safe_##x)
      |                       ^~~~~
/home/user42/data/csmith/build/runtime/safe_math.h:390:1: note: in expansion of macro ‘FUNC_NAME’
  390 | FUNC_NAME(rshift_func_int32_t_s_u)(int32_t left, unsigned int right LOG_INDEX)
      | ^~~~~~~~~
/home/user42/data/csmith/runtime/random_inc.h:92:16: warning: ISO C forbids nested functions [-Wpedantic]
   92 | #define STATIC static
      |                ^~~~~~
/home/user42/data/csmith/build/runtime/safe_math.h:404:1: note: in expansion of macro ‘STATIC’
  404 | STATIC int64_t
      | ^~~~~~
/home/user42/data/csmith/runtime/random_inc.h:99:23: error: invalid storage class for function ‘safe_unary_minus_func_int64_t_s’
   99 | #define FUNC_NAME(x) (safe_##x)
      |                       ^~~~~
/home/user42/data/csmith/build/runtime/safe_math.h:405:1: note: in expansion of macro ‘FUNC_NAME’
  405 | FUNC_NAME(unary_minus_func_int64_t_s)(int64_t si LOG_INDEX)
      | ^~~~~~~~~
/home/user42/data/csmith/runtime/random_inc.h:92:16: warning: ISO C forbids nested functions [-Wpedantic]
   92 | #define STATIC static
      |                ^~~~~~
/home/user42/data/csmith/build/runtime/safe_math.h:418:1: note: in expansion of macro ‘STATIC’
  418 | STATIC int64_t
      | ^~~~~~
/home/user42/data/csmith/runtime/random_inc.h:99:23: error: invalid storage class for function ‘safe_add_func_int64_t_s_s’
   99 | #define FUNC_NAME(x) (safe_##x)
      |                       ^~~~~
/home/user42/data/csmith/build/runtime/safe_math.h:419:1: note: in expansion of macro ‘FUNC_NAME’
  419 | FUNC_NAME(add_func_int64_t_s_s)(int64_t si1, int64_t si2 LOG_INDEX)
      | ^~~~~~~~~
/home/user42/data/csmith/runtime/random_inc.h:92:16: warning: ISO C forbids nested functions [-Wpedantic]
   92 | #define STATIC static
      |                ^~~~~~
/home/user42/data/csmith/build/runtime/safe_math.h:432:1: note: in expansion of macro ‘STATIC’
  432 | STATIC int64_t
      | ^~~~~~
/home/user42/data/csmith/runtime/random_inc.h:99:23: error: invalid storage class for function ‘safe_sub_func_int64_t_s_s’
   99 | #define FUNC_NAME(x) (safe_##x)
      |                       ^~~~~
/home/user42/data/csmith/build/runtime/safe_math.h:433:1: note: in expansion of macro ‘FUNC_NAME’
  433 | FUNC_NAME(sub_func_int64_t_s_s)(int64_t si1, int64_t si2 LOG_INDEX)
      | ^~~~~~~~~
/home/user42/data/csmith/runtime/random_inc.h:92:16: warning: ISO C forbids nested functions [-Wpedantic]
   92 | #define STATIC static
      |                ^~~~~~
/home/user42/data/csmith/build/runtime/safe_math.h:446:1: note: in expansion of macro ‘STATIC’
  446 | STATIC int64_t
      | ^~~~~~
/home/user42/data/csmith/runtime/random_inc.h:99:23: error: invalid storage class for function ‘safe_mul_func_int64_t_s_s’
   99 | #define FUNC_NAME(x) (safe_##x)
      |                       ^~~~~
/home/user42/data/csmith/build/runtime/safe_math.h:447:1: note: in expansion of macro ‘FUNC_NAME’
  447 | FUNC_NAME(mul_func_int64_t_s_s)(int64_t si1, int64_t si2 LOG_INDEX)
      | ^~~~~~~~~
/home/user42/data/csmith/runtime/random_inc.h:92:16: warning: ISO C forbids nested functions [-Wpedantic]
   92 | #define STATIC static
      |                ^~~~~~
/home/user42/data/csmith/build/runtime/safe_math.h:460:1: note: in expansion of macro ‘STATIC’
  460 | STATIC int64_t
      | ^~~~~~
/home/user42/data/csmith/runtime/random_inc.h:99:23: error: invalid storage class for function ‘safe_mod_func_int64_t_s_s’
   99 | #define FUNC_NAME(x) (safe_##x)
      |                       ^~~~~
/home/user42/data/csmith/build/runtime/safe_math.h:461:1: note: in expansion of macro ‘FUNC_NAME’
  461 | FUNC_NAME(mod_func_int64_t_s_s)(int64_t si1, int64_t si2 LOG_INDEX)
      | ^~~~~~~~~
/home/user42/data/csmith/runtime/random_inc.h:92:16: warning: ISO C forbids nested functions [-Wpedantic]
   92 | #define STATIC static
      |                ^~~~~~
/home/user42/data/csmith/build/runtime/safe_math.h:472:1: note: in expansion of macro ‘STATIC’
  472 | STATIC int64_t
      | ^~~~~~
/home/user42/data/csmith/runtime/random_inc.h:99:23: error: invalid storage class for function ‘safe_div_func_int64_t_s_s’
   99 | #define FUNC_NAME(x) (safe_##x)
      |                       ^~~~~
/home/user42/data/csmith/build/runtime/safe_math.h:473:1: note: in expansion of macro ‘FUNC_NAME’
  473 | FUNC_NAME(div_func_int64_t_s_s)(int64_t si1, int64_t si2 LOG_INDEX)
      | ^~~~~~~~~
/home/user42/data/csmith/runtime/random_inc.h:92:16: warning: ISO C forbids nested functions [-Wpedantic]
   92 | #define STATIC static
      |                ^~~~~~
/home/user42/data/csmith/build/runtime/safe_math.h:484:1: note: in expansion of macro ‘STATIC’
  484 | STATIC int64_t
      | ^~~~~~
/home/user42/data/csmith/runtime/random_inc.h:99:23: error: invalid storage class for function ‘safe_lshift_func_int64_t_s_s’
   99 | #define FUNC_NAME(x) (safe_##x)
      |                       ^~~~~
/home/user42/data/csmith/build/runtime/safe_math.h:485:1: note: in expansion of macro ‘FUNC_NAME’
  485 | FUNC_NAME(lshift_func_int64_t_s_s)(int64_t left, int right LOG_INDEX)
      | ^~~~~~~~~
/home/user42/data/csmith/runtime/random_inc.h:92:16: warning: ISO C forbids nested functions [-Wpedantic]
   92 | #define STATIC static
      |                ^~~~~~
/home/user42/data/csmith/build/runtime/safe_math.h:496:1: note: in expansion of macro ‘STATIC’
  496 | STATIC int64_t
      | ^~~~~~
/home/user42/data/csmith/runtime/random_inc.h:99:23: error: invalid storage class for function ‘safe_lshift_func_int64_t_s_u’
   99 | #define FUNC_NAME(x) (safe_##x)
      |                       ^~~~~
/home/user42/data/csmith/build/runtime/safe_math.h:497:1: note: in expansion of macro ‘FUNC_NAME’
  497 | FUNC_NAME(lshift_func_int64_t_s_u)(int64_t left, unsigned int right LOG_INDEX)
      | ^~~~~~~~~
/home/user42/data/csmith/runtime/random_inc.h:92:16: warning: ISO C forbids nested functions [-Wpedantic]
   92 | #define STATIC static
      |                ^~~~~~
/home/user42/data/csmith/build/runtime/safe_math.h:508:1: note: in expansion of macro ‘STATIC’
  508 | STATIC int64_t
      | ^~~~~~
/home/user42/data/csmith/runtime/random_inc.h:99:23: error: invalid storage class for function ‘safe_rshift_func_int64_t_s_s’
   99 | #define FUNC_NAME(x) (safe_##x)
      |                       ^~~~~
/home/user42/data/csmith/build/runtime/safe_math.h:509:1: note: in expansion of macro ‘FUNC_NAME’
  509 | FUNC_NAME(rshift_func_int64_t_s_s)(int64_t left, int right LOG_INDEX)
      | ^~~~~~~~~
/home/user42/data/csmith/runtime/random_inc.h:92:16: warning: ISO C forbids nested functions [-Wpedantic]
   92 | #define STATIC static
      |                ^~~~~~
/home/user42/data/csmith/build/runtime/safe_math.h:520:1: note: in expansion of macro ‘STATIC’
  520 | STATIC int64_t
      | ^~~~~~
/home/user42/data/csmith/runtime/random_inc.h:99:23: error: invalid storage class for function ‘safe_rshift_func_int64_t_s_u’
   99 | #define FUNC_NAME(x) (safe_##x)
      |                       ^~~~~
/home/user42/data/csmith/build/runtime/safe_math.h:521:1: note: in expansion of macro ‘FUNC_NAME’
  521 | FUNC_NAME(rshift_func_int64_t_s_u)(int64_t left, unsigned int right LOG_INDEX)
      | ^~~~~~~~~
/home/user42/data/csmith/runtime/random_inc.h:92:16: warning: ISO C forbids nested functions [-Wpedantic]
   92 | #define STATIC static
      |                ^~~~~~
/home/user42/data/csmith/build/runtime/safe_math.h:538:1: note: in expansion of macro ‘STATIC’
  538 | STATIC uint8_t
      | ^~~~~~
/home/user42/data/csmith/runtime/random_inc.h:99:23: error: invalid storage class for function ‘safe_unary_minus_func_uint8_t_u’
   99 | #define FUNC_NAME(x) (safe_##x)
      |                       ^~~~~
/home/user42/data/csmith/build/runtime/safe_math.h:539:1: note: in expansion of macro ‘FUNC_NAME’
  539 | FUNC_NAME(unary_minus_func_uint8_t_u)(uint8_t ui LOG_INDEX)
      | ^~~~~~~~~
/home/user42/data/csmith/runtime/random_inc.h:92:16: warning: ISO C forbids nested functions [-Wpedantic]
   92 | #define STATIC static
      |                ^~~~~~
/home/user42/data/csmith/build/runtime/safe_math.h:545:1: note: in expansion of macro ‘STATIC’
  545 | STATIC uint8_t
      | ^~~~~~
/home/user42/data/csmith/runtime/random_inc.h:99:23: error: invalid storage class for function ‘safe_add_func_uint8_t_u_u’
   99 | #define FUNC_NAME(x) (safe_##x)
      |                       ^~~~~
/home/user42/data/csmith/build/runtime/safe_math.h:546:1: note: in expansion of macro ‘FUNC_NAME’
  546 | FUNC_NAME(add_func_uint8_t_u_u)(uint8_t ui1, uint8_t ui2 LOG_INDEX)
      | ^~~~~~~~~
/home/user42/data/csmith/runtime/random_inc.h:92:16: warning: ISO C forbids nested functions [-Wpedantic]
   92 | #define STATIC static
      |                ^~~~~~
/home/user42/data/csmith/build/runtime/safe_math.h:552:1: note: in expansion of macro ‘STATIC’
  552 | STATIC uint8_t
      | ^~~~~~
/home/user42/data/csmith/runtime/random_inc.h:99:23: error: invalid storage class for function ‘safe_sub_func_uint8_t_u_u’
   99 | #define FUNC_NAME(x) (safe_##x)
      |                       ^~~~~
/home/user42/data/csmith/build/runtime/safe_math.h:553:1: note: in expansion of macro ‘FUNC_NAME’
  553 | FUNC_NAME(sub_func_uint8_t_u_u)(uint8_t ui1, uint8_t ui2 LOG_INDEX)
      | ^~~~~~~~~
/home/user42/data/csmith/runtime/random_inc.h:92:16: warning: ISO C forbids nested functions [-Wpedantic]
   92 | #define STATIC static
      |                ^~~~~~
/home/user42/data/csmith/build/runtime/safe_math.h:559:1: note: in expansion of macro ‘STATIC’
  559 | STATIC uint8_t
      | ^~~~~~
/home/user42/data/csmith/runtime/random_inc.h:99:23: error: invalid storage class for function ‘safe_mul_func_uint8_t_u_u’
   99 | #define FUNC_NAME(x) (safe_##x)
      |                       ^~~~~
/home/user42/data/csmith/build/runtime/safe_math.h:560:1: note: in expansion of macro ‘FUNC_NAME’
  560 | FUNC_NAME(mul_func_uint8_t_u_u)(uint8_t ui1, uint8_t ui2 LOG_INDEX)
      | ^~~~~~~~~
/home/user42/data/csmith/runtime/random_inc.h:92:16: warning: ISO C forbids nested functions [-Wpedantic]
   92 | #define STATIC static
      |                ^~~~~~
/home/user42/data/csmith/build/runtime/safe_math.h:566:1: note: in expansion of macro ‘STATIC’
  566 | STATIC uint8_t
      | ^~~~~~
/home/user42/data/csmith/runtime/random_inc.h:99:23: error: invalid storage class for function ‘safe_mod_func_uint8_t_u_u’
   99 | #define FUNC_NAME(x) (safe_##x)
      |                       ^~~~~
/home/user42/data/csmith/build/runtime/safe_math.h:567:1: note: in expansion of macro ‘FUNC_NAME’
  567 | FUNC_NAME(mod_func_uint8_t_u_u)(uint8_t ui1, uint8_t ui2 LOG_INDEX)
      | ^~~~~~~~~
/home/user42/data/csmith/runtime/random_inc.h:92:16: warning: ISO C forbids nested functions [-Wpedantic]
   92 | #define STATIC static
      |                ^~~~~~
/home/user42/data/csmith/build/runtime/safe_math.h:578:1: note: in expansion of macro ‘STATIC’
  578 | STATIC uint8_t
      | ^~~~~~
/home/user42/data/csmith/runtime/random_inc.h:99:23: error: invalid storage class for function ‘safe_div_func_uint8_t_u_u’
   99 | #define FUNC_NAME(x) (safe_##x)
      |                       ^~~~~
/home/user42/data/csmith/build/runtime/safe_math.h:579:1: note: in expansion of macro ‘FUNC_NAME’
  579 | FUNC_NAME(div_func_uint8_t_u_u)(uint8_t ui1, uint8_t ui2 LOG_INDEX)
      | ^~~~~~~~~
/home/user42/data/csmith/runtime/random_inc.h:92:16: warning: ISO C forbids nested functions [-Wpedantic]
   92 | #define STATIC static
      |                ^~~~~~
/home/user42/data/csmith/build/runtime/safe_math.h:590:1: note: in expansion of macro ‘STATIC’
  590 | STATIC uint8_t
      | ^~~~~~
/home/user42/data/csmith/runtime/random_inc.h:99:23: error: invalid storage class for function ‘safe_lshift_func_uint8_t_u_s’
   99 | #define FUNC_NAME(x) (safe_##x)
      |                       ^~~~~
/home/user42/data/csmith/build/runtime/safe_math.h:591:1: note: in expansion of macro ‘FUNC_NAME’
  591 | FUNC_NAME(lshift_func_uint8_t_u_s)(uint8_t left, int right LOG_INDEX)
      | ^~~~~~~~~
/home/user42/data/csmith/runtime/random_inc.h:92:16: warning: ISO C forbids nested functions [-Wpedantic]
   92 | #define STATIC static
      |                ^~~~~~
/home/user42/data/csmith/build/runtime/safe_math.h:602:1: note: in expansion of macro ‘STATIC’
  602 | STATIC uint8_t
      | ^~~~~~
/home/user42/data/csmith/runtime/random_inc.h:99:23: error: invalid storage class for function ‘safe_lshift_func_uint8_t_u_u’
   99 | #define FUNC_NAME(x) (safe_##x)
      |                       ^~~~~
/home/user42/data/csmith/build/runtime/safe_math.h:603:1: note: in expansion of macro ‘FUNC_NAME’
  603 | FUNC_NAME(lshift_func_uint8_t_u_u)(uint8_t left, unsigned int right LOG_INDEX)
      | ^~~~~~~~~
/home/user42/data/csmith/runtime/random_inc.h:92:16: warning: ISO C forbids nested functions [-Wpedantic]
   92 | #define STATIC static
      |                ^~~~~~
/home/user42/data/csmith/build/runtime/safe_math.h:614:1: note: in expansion of macro ‘STATIC’
  614 | STATIC uint8_t
      | ^~~~~~
/home/user42/data/csmith/runtime/random_inc.h:99:23: error: invalid storage class for function ‘safe_rshift_func_uint8_t_u_s’
   99 | #define FUNC_NAME(x) (safe_##x)
      |                       ^~~~~
/home/user42/data/csmith/build/runtime/safe_math.h:615:1: note: in expansion of macro ‘FUNC_NAME’
  615 | FUNC_NAME(rshift_func_uint8_t_u_s)(uint8_t left, int right LOG_INDEX)
      | ^~~~~~~~~
/home/user42/data/csmith/runtime/random_inc.h:92:16: warning: ISO C forbids nested functions [-Wpedantic]
   92 | #define STATIC static
      |                ^~~~~~
/home/user42/data/csmith/build/runtime/safe_math.h:626:1: note: in expansion of macro ‘STATIC’
  626 | STATIC uint8_t
      | ^~~~~~
/home/user42/data/csmith/runtime/random_inc.h:99:23: error: invalid storage class for function ‘safe_rshift_func_uint8_t_u_u’
   99 | #define FUNC_NAME(x) (safe_##x)
      |                       ^~~~~
/home/user42/data/csmith/build/runtime/safe_math.h:627:1: note: in expansion of macro ‘FUNC_NAME’
  627 | FUNC_NAME(rshift_func_uint8_t_u_u)(uint8_t left, unsigned int right LOG_INDEX)
      | ^~~~~~~~~
/home/user42/data/csmith/runtime/random_inc.h:92:16: warning: ISO C forbids nested functions [-Wpedantic]
   92 | #define STATIC static
      |                ^~~~~~
/home/user42/data/csmith/build/runtime/safe_math.h:640:1: note: in expansion of macro ‘STATIC’
  640 | STATIC uint16_t
      | ^~~~~~
/home/user42/data/csmith/runtime/random_inc.h:99:23: error: invalid storage class for function ‘safe_unary_minus_func_uint16_t_u’
   99 | #define FUNC_NAME(x) (safe_##x)
      |                       ^~~~~
/home/user42/data/csmith/build/runtime/safe_math.h:641:1: note: in expansion of macro ‘FUNC_NAME’
  641 | FUNC_NAME(unary_minus_func_uint16_t_u)(uint16_t ui LOG_INDEX)
      | ^~~~~~~~~
/home/user42/data/csmith/runtime/random_inc.h:92:16: warning: ISO C forbids nested functions [-Wpedantic]
   92 | #define STATIC static
      |                ^~~~~~
/home/user42/data/csmith/build/runtime/safe_math.h:647:1: note: in expansion of macro ‘STATIC’
  647 | STATIC uint16_t
      | ^~~~~~
/home/user42/data/csmith/runtime/random_inc.h:99:23: error: invalid storage class for function ‘safe_add_func_uint16_t_u_u’
   99 | #define FUNC_NAME(x) (safe_##x)
      |                       ^~~~~
/home/user42/data/csmith/build/runtime/safe_math.h:648:1: note: in expansion of macro ‘FUNC_NAME’
  648 | FUNC_NAME(add_func_uint16_t_u_u)(uint16_t ui1, uint16_t ui2 LOG_INDEX)
      | ^~~~~~~~~
/home/user42/data/csmith/runtime/random_inc.h:92:16: warning: ISO C forbids nested functions [-Wpedantic]
   92 | #define STATIC static
      |                ^~~~~~
/home/user42/data/csmith/build/runtime/safe_math.h:654:1: note: in expansion of macro ‘STATIC’
  654 | STATIC uint16_t
      | ^~~~~~
/home/user42/data/csmith/runtime/random_inc.h:99:23: error: invalid storage class for function ‘safe_sub_func_uint16_t_u_u’
   99 | #define FUNC_NAME(x) (safe_##x)
      |                       ^~~~~
/home/user42/data/csmith/build/runtime/safe_math.h:655:1: note: in expansion of macro ‘FUNC_NAME’
  655 | FUNC_NAME(sub_func_uint16_t_u_u)(uint16_t ui1, uint16_t ui2 LOG_INDEX)
      | ^~~~~~~~~
/home/user42/data/csmith/runtime/random_inc.h:92:16: warning: ISO C forbids nested functions [-Wpedantic]
   92 | #define STATIC static
      |                ^~~~~~
/home/user42/data/csmith/build/runtime/safe_math.h:661:1: note: in expansion of macro ‘STATIC’
  661 | STATIC uint16_t
      | ^~~~~~
/home/user42/data/csmith/runtime/random_inc.h:99:23: error: invalid storage class for function ‘safe_mul_func_uint16_t_u_u’
   99 | #define FUNC_NAME(x) (safe_##x)
      |                       ^~~~~
/home/user42/data/csmith/build/runtime/safe_math.h:662:1: note: in expansion of macro ‘FUNC_NAME’
  662 | FUNC_NAME(mul_func_uint16_t_u_u)(uint16_t ui1, uint16_t ui2 LOG_INDEX)
      | ^~~~~~~~~
/home/user42/data/csmith/runtime/random_inc.h:92:16: warning: ISO C forbids nested functions [-Wpedantic]
   92 | #define STATIC static
      |                ^~~~~~
/home/user42/data/csmith/build/runtime/safe_math.h:668:1: note: in expansion of macro ‘STATIC’
  668 | STATIC uint16_t
      | ^~~~~~
/home/user42/data/csmith/runtime/random_inc.h:99:23: error: invalid storage class for function ‘safe_mod_func_uint16_t_u_u’
   99 | #define FUNC_NAME(x) (safe_##x)
      |                       ^~~~~
/home/user42/data/csmith/build/runtime/safe_math.h:669:1: note: in expansion of macro ‘FUNC_NAME’
  669 | FUNC_NAME(mod_func_uint16_t_u_u)(uint16_t ui1, uint16_t ui2 LOG_INDEX)
      | ^~~~~~~~~
/home/user42/data/csmith/runtime/random_inc.h:92:16: warning: ISO C forbids nested functions [-Wpedantic]
   92 | #define STATIC static
      |                ^~~~~~
/home/user42/data/csmith/build/runtime/safe_math.h:680:1: note: in expansion of macro ‘STATIC’
  680 | STATIC uint16_t
      | ^~~~~~
/home/user42/data/csmith/runtime/random_inc.h:99:23: error: invalid storage class for function ‘safe_div_func_uint16_t_u_u’
   99 | #define FUNC_NAME(x) (safe_##x)
      |                       ^~~~~
/home/user42/data/csmith/build/runtime/safe_math.h:681:1: note: in expansion of macro ‘FUNC_NAME’
  681 | FUNC_NAME(div_func_uint16_t_u_u)(uint16_t ui1, uint16_t ui2 LOG_INDEX)
      | ^~~~~~~~~
/home/user42/data/csmith/runtime/random_inc.h:92:16: warning: ISO C forbids nested functions [-Wpedantic]
   92 | #define STATIC static
      |                ^~~~~~
/home/user42/data/csmith/build/runtime/safe_math.h:692:1: note: in expansion of macro ‘STATIC’
  692 | STATIC uint16_t
      | ^~~~~~
/home/user42/data/csmith/runtime/random_inc.h:99:23: error: invalid storage class for function ‘safe_lshift_func_uint16_t_u_s’
   99 | #define FUNC_NAME(x) (safe_##x)
      |                       ^~~~~
/home/user42/data/csmith/build/runtime/safe_math.h:693:1: note: in expansion of macro ‘FUNC_NAME’
  693 | FUNC_NAME(lshift_func_uint16_t_u_s)(uint16_t left, int right LOG_INDEX)
      | ^~~~~~~~~
/home/user42/data/csmith/runtime/random_inc.h:92:16: warning: ISO C forbids nested functions [-Wpedantic]
   92 | #define STATIC static
      |                ^~~~~~
/home/user42/data/csmith/build/runtime/safe_math.h:704:1: note: in expansion of macro ‘STATIC’
  704 | STATIC uint16_t
      | ^~~~~~
/home/user42/data/csmith/runtime/random_inc.h:99:23: error: invalid storage class for function ‘safe_lshift_func_uint16_t_u_u’
   99 | #define FUNC_NAME(x) (safe_##x)
      |                       ^~~~~
/home/user42/data/csmith/build/runtime/safe_math.h:705:1: note: in expansion of macro ‘FUNC_NAME’
  705 | FUNC_NAME(lshift_func_uint16_t_u_u)(uint16_t left, unsigned int right LOG_INDEX)
      | ^~~~~~~~~
/home/user42/data/csmith/runtime/random_inc.h:92:16: warning: ISO C forbids nested functions [-Wpedantic]
   92 | #define STATIC static
      |                ^~~~~~
/home/user42/data/csmith/build/runtime/safe_math.h:716:1: note: in expansion of macro ‘STATIC’
  716 | STATIC uint16_t
      | ^~~~~~
/home/user42/data/csmith/runtime/random_inc.h:99:23: error: invalid storage class for function ‘safe_rshift_func_uint16_t_u_s’
   99 | #define FUNC_NAME(x) (safe_##x)
      |                       ^~~~~
/home/user42/data/csmith/build/runtime/safe_math.h:717:1: note: in expansion of macro ‘FUNC_NAME’
  717 | FUNC_NAME(rshift_func_uint16_t_u_s)(uint16_t left, int right LOG_INDEX)
      | ^~~~~~~~~
/home/user42/data/csmith/runtime/random_inc.h:92:16: warning: ISO C forbids nested functions [-Wpedantic]
   92 | #define STATIC static
      |                ^~~~~~
/home/user42/data/csmith/build/runtime/safe_math.h:728:1: note: in expansion of macro ‘STATIC’
  728 | STATIC uint16_t
      | ^~~~~~
/home/user42/data/csmith/runtime/random_inc.h:99:23: error: invalid storage class for function ‘safe_rshift_func_uint16_t_u_u’
   99 | #define FUNC_NAME(x) (safe_##x)
      |                       ^~~~~
/home/user42/data/csmith/build/runtime/safe_math.h:729:1: note: in expansion of macro ‘FUNC_NAME’
  729 | FUNC_NAME(rshift_func_uint16_t_u_u)(uint16_t left, unsigned int right LOG_INDEX)
      | ^~~~~~~~~
/home/user42/data/csmith/runtime/random_inc.h:92:16: warning: ISO C forbids nested functions [-Wpedantic]
   92 | #define STATIC static
      |                ^~~~~~
/home/user42/data/csmith/build/runtime/safe_math.h:742:1: note: in expansion of macro ‘STATIC’
  742 | STATIC uint32_t
      | ^~~~~~
/home/user42/data/csmith/runtime/random_inc.h:99:23: error: invalid storage class for function ‘safe_unary_minus_func_uint32_t_u’
   99 | #define FUNC_NAME(x) (safe_##x)
      |                       ^~~~~
/home/user42/data/csmith/build/runtime/safe_math.h:743:1: note: in expansion of macro ‘FUNC_NAME’
  743 | FUNC_NAME(unary_minus_func_uint32_t_u)(uint32_t ui LOG_INDEX)
      | ^~~~~~~~~
/home/user42/data/csmith/runtime/random_inc.h:92:16: warning: ISO C forbids nested functions [-Wpedantic]
   92 | #define STATIC static
      |                ^~~~~~
/home/user42/data/csmith/build/runtime/safe_math.h:749:1: note: in expansion of macro ‘STATIC’
  749 | STATIC uint32_t
      | ^~~~~~
/home/user42/data/csmith/runtime/random_inc.h:99:23: error: invalid storage class for function ‘safe_add_func_uint32_t_u_u’
   99 | #define FUNC_NAME(x) (safe_##x)
      |                       ^~~~~
/home/user42/data/csmith/build/runtime/safe_math.h:750:1: note: in expansion of macro ‘FUNC_NAME’
  750 | FUNC_NAME(add_func_uint32_t_u_u)(uint32_t ui1, uint32_t ui2 LOG_INDEX)
      | ^~~~~~~~~
/home/user42/data/csmith/runtime/random_inc.h:92:16: warning: ISO C forbids nested functions [-Wpedantic]
   92 | #define STATIC static
      |                ^~~~~~
/home/user42/data/csmith/build/runtime/safe_math.h:756:1: note: in expansion of macro ‘STATIC’
  756 | STATIC uint32_t
      | ^~~~~~
/home/user42/data/csmith/runtime/random_inc.h:99:23: error: invalid storage class for function ‘safe_sub_func_uint32_t_u_u’
   99 | #define FUNC_NAME(x) (safe_##x)
      |                       ^~~~~
/home/user42/data/csmith/build/runtime/safe_math.h:757:1: note: in expansion of macro ‘FUNC_NAME’
  757 | FUNC_NAME(sub_func_uint32_t_u_u)(uint32_t ui1, uint32_t ui2 LOG_INDEX)
      | ^~~~~~~~~
/home/user42/data/csmith/runtime/random_inc.h:92:16: warning: ISO C forbids nested functions [-Wpedantic]
   92 | #define STATIC static
      |                ^~~~~~
/home/user42/data/csmith/build/runtime/safe_math.h:763:1: note: in expansion of macro ‘STATIC’
  763 | STATIC uint32_t
      | ^~~~~~
/home/user42/data/csmith/runtime/random_inc.h:99:23: error: invalid storage class for function ‘safe_mul_func_uint32_t_u_u’
   99 | #define FUNC_NAME(x) (safe_##x)
      |                       ^~~~~
/home/user42/data/csmith/build/runtime/safe_math.h:764:1: note: in expansion of macro ‘FUNC_NAME’
  764 | FUNC_NAME(mul_func_uint32_t_u_u)(uint32_t ui1, uint32_t ui2 LOG_INDEX)
      | ^~~~~~~~~
/home/user42/data/csmith/runtime/random_inc.h:92:16: warning: ISO C forbids nested functions [-Wpedantic]
   92 | #define STATIC static
      |                ^~~~~~
/home/user42/data/csmith/build/runtime/safe_math.h:770:1: note: in expansion of macro ‘STATIC’
  770 | STATIC uint32_t
      | ^~~~~~
/home/user42/data/csmith/runtime/random_inc.h:99:23: error: invalid storage class for function ‘safe_mod_func_uint32_t_u_u’
   99 | #define FUNC_NAME(x) (safe_##x)
      |                       ^~~~~
/home/user42/data/csmith/build/runtime/safe_math.h:771:1: note: in expansion of macro ‘FUNC_NAME’
  771 | FUNC_NAME(mod_func_uint32_t_u_u)(uint32_t ui1, uint32_t ui2 LOG_INDEX)
      | ^~~~~~~~~
/home/user42/data/csmith/runtime/random_inc.h:92:16: warning: ISO C forbids nested functions [-Wpedantic]
   92 | #define STATIC static
      |                ^~~~~~
/home/user42/data/csmith/build/runtime/safe_math.h:782:1: note: in expansion of macro ‘STATIC’
  782 | STATIC uint32_t
      | ^~~~~~
/home/user42/data/csmith/runtime/random_inc.h:99:23: error: invalid storage class for function ‘safe_div_func_uint32_t_u_u’
   99 | #define FUNC_NAME(x) (safe_##x)
      |                       ^~~~~
/home/user42/data/csmith/build/runtime/safe_math.h:783:1: note: in expansion of macro ‘FUNC_NAME’
  783 | FUNC_NAME(div_func_uint32_t_u_u)(uint32_t ui1, uint32_t ui2 LOG_INDEX)
      | ^~~~~~~~~
/home/user42/data/csmith/runtime/random_inc.h:92:16: warning: ISO C forbids nested functions [-Wpedantic]
   92 | #define STATIC static
      |                ^~~~~~
/home/user42/data/csmith/build/runtime/safe_math.h:794:1: note: in expansion of macro ‘STATIC’
  794 | STATIC uint32_t
      | ^~~~~~
/home/user42/data/csmith/runtime/random_inc.h:99:23: error: invalid storage class for function ‘safe_lshift_func_uint32_t_u_s’
   99 | #define FUNC_NAME(x) (safe_##x)
      |                       ^~~~~
/home/user42/data/csmith/build/runtime/safe_math.h:795:1: note: in expansion of macro ‘FUNC_NAME’
  795 | FUNC_NAME(lshift_func_uint32_t_u_s)(uint32_t left, int right LOG_INDEX)
      | ^~~~~~~~~
/home/user42/data/csmith/runtime/random_inc.h:92:16: warning: ISO C forbids nested functions [-Wpedantic]
   92 | #define STATIC static
      |                ^~~~~~
/home/user42/data/csmith/build/runtime/safe_math.h:806:1: note: in expansion of macro ‘STATIC’
  806 | STATIC uint32_t
      | ^~~~~~
/home/user42/data/csmith/runtime/random_inc.h:99:23: error: invalid storage class for function ‘safe_lshift_func_uint32_t_u_u’
   99 | #define FUNC_NAME(x) (safe_##x)
      |                       ^~~~~
/home/user42/data/csmith/build/runtime/safe_math.h:807:1: note: in expansion of macro ‘FUNC_NAME’
  807 | FUNC_NAME(lshift_func_uint32_t_u_u)(uint32_t left, unsigned int right LOG_INDEX)
      | ^~~~~~~~~
/home/user42/data/csmith/runtime/random_inc.h:92:16: warning: ISO C forbids nested functions [-Wpedantic]
   92 | #define STATIC static
      |                ^~~~~~
/home/user42/data/csmith/build/runtime/safe_math.h:818:1: note: in expansion of macro ‘STATIC’
  818 | STATIC uint32_t
      | ^~~~~~
/home/user42/data/csmith/runtime/random_inc.h:99:23: error: invalid storage class for function ‘safe_rshift_func_uint32_t_u_s’
   99 | #define FUNC_NAME(x) (safe_##x)
      |                       ^~~~~
/home/user42/data/csmith/build/runtime/safe_math.h:819:1: note: in expansion of macro ‘FUNC_NAME’
  819 | FUNC_NAME(rshift_func_uint32_t_u_s)(uint32_t left, int right LOG_INDEX)
      | ^~~~~~~~~
/home/user42/data/csmith/runtime/random_inc.h:92:16: warning: ISO C forbids nested functions [-Wpedantic]
   92 | #define STATIC static
      |                ^~~~~~
/home/user42/data/csmith/build/runtime/safe_math.h:830:1: note: in expansion of macro ‘STATIC’
  830 | STATIC uint32_t
      | ^~~~~~
/home/user42/data/csmith/runtime/random_inc.h:99:23: error: invalid storage class for function ‘safe_rshift_func_uint32_t_u_u’
   99 | #define FUNC_NAME(x) (safe_##x)
      |                       ^~~~~
/home/user42/data/csmith/build/runtime/safe_math.h:831:1: note: in expansion of macro ‘FUNC_NAME’
  831 | FUNC_NAME(rshift_func_uint32_t_u_u)(uint32_t left, unsigned int right LOG_INDEX)
      | ^~~~~~~~~
/home/user42/data/csmith/runtime/random_inc.h:92:16: warning: ISO C forbids nested functions [-Wpedantic]
   92 | #define STATIC static
      |                ^~~~~~
/home/user42/data/csmith/build/runtime/safe_math.h:845:1: note: in expansion of macro ‘STATIC’
  845 | STATIC uint64_t
      | ^~~~~~
/home/user42/data/csmith/runtime/random_inc.h:99:23: error: invalid storage class for function ‘safe_unary_minus_func_uint64_t_u’
   99 | #define FUNC_NAME(x) (safe_##x)
      |                       ^~~~~
/home/user42/data/csmith/build/runtime/safe_math.h:846:1: note: in expansion of macro ‘FUNC_NAME’
  846 | FUNC_NAME(unary_minus_func_uint64_t_u)(uint64_t ui LOG_INDEX)
      | ^~~~~~~~~
/home/user42/data/csmith/runtime/random_inc.h:92:16: warning: ISO C forbids nested functions [-Wpedantic]
   92 | #define STATIC static
      |                ^~~~~~
/home/user42/data/csmith/build/runtime/safe_math.h:852:1: note: in expansion of macro ‘STATIC’
  852 | STATIC uint64_t
      | ^~~~~~
/home/user42/data/csmith/runtime/random_inc.h:99:23: error: invalid storage class for function ‘safe_add_func_uint64_t_u_u’
   99 | #define FUNC_NAME(x) (safe_##x)
      |                       ^~~~~
/home/user42/data/csmith/build/runtime/safe_math.h:853:1: note: in expansion of macro ‘FUNC_NAME’
  853 | FUNC_NAME(add_func_uint64_t_u_u)(uint64_t ui1, uint64_t ui2 LOG_INDEX)
      | ^~~~~~~~~
/home/user42/data/csmith/runtime/random_inc.h:92:16: warning: ISO C forbids nested functions [-Wpedantic]
   92 | #define STATIC static
      |                ^~~~~~
/home/user42/data/csmith/build/runtime/safe_math.h:859:1: note: in expansion of macro ‘STATIC’
  859 | STATIC uint64_t
      | ^~~~~~
/home/user42/data/csmith/runtime/random_inc.h:99:23: error: invalid storage class for function ‘safe_sub_func_uint64_t_u_u’
   99 | #define FUNC_NAME(x) (safe_##x)
      |                       ^~~~~
/home/user42/data/csmith/build/runtime/safe_math.h:860:1: note: in expansion of macro ‘FUNC_NAME’
  860 | FUNC_NAME(sub_func_uint64_t_u_u)(uint64_t ui1, uint64_t ui2 LOG_INDEX)
      | ^~~~~~~~~
/home/user42/data/csmith/runtime/random_inc.h:92:16: warning: ISO C forbids nested functions [-Wpedantic]
   92 | #define STATIC static
      |                ^~~~~~
/home/user42/data/csmith/build/runtime/safe_math.h:866:1: note: in expansion of macro ‘STATIC’
  866 | STATIC uint64_t
      | ^~~~~~
/home/user42/data/csmith/runtime/random_inc.h:99:23: error: invalid storage class for function ‘safe_mul_func_uint64_t_u_u’
   99 | #define FUNC_NAME(x) (safe_##x)
      |                       ^~~~~
/home/user42/data/csmith/build/runtime/safe_math.h:867:1: note: in expansion of macro ‘FUNC_NAME’
  867 | FUNC_NAME(mul_func_uint64_t_u_u)(uint64_t ui1, uint64_t ui2 LOG_INDEX)
      | ^~~~~~~~~
/home/user42/data/csmith/runtime/random_inc.h:92:16: warning: ISO C forbids nested functions [-Wpedantic]
   92 | #define STATIC static
      |                ^~~~~~
/home/user42/data/csmith/build/runtime/safe_math.h:873:1: note: in expansion of macro ‘STATIC’
  873 | STATIC uint64_t
      | ^~~~~~
/home/user42/data/csmith/runtime/random_inc.h:99:23: error: invalid storage class for function ‘safe_mod_func_uint64_t_u_u’
   99 | #define FUNC_NAME(x) (safe_##x)
      |                       ^~~~~
/home/user42/data/csmith/build/runtime/safe_math.h:874:1: note: in expansion of macro ‘FUNC_NAME’
  874 | FUNC_NAME(mod_func_uint64_t_u_u)(uint64_t ui1, uint64_t ui2 LOG_INDEX)
      | ^~~~~~~~~
/home/user42/data/csmith/runtime/random_inc.h:92:16: warning: ISO C forbids nested functions [-Wpedantic]
   92 | #define STATIC static
      |                ^~~~~~
/home/user42/data/csmith/build/runtime/safe_math.h:885:1: note: in expansion of macro ‘STATIC’
  885 | STATIC uint64_t
      | ^~~~~~
/home/user42/data/csmith/runtime/random_inc.h:99:23: error: invalid storage class for function ‘safe_div_func_uint64_t_u_u’
   99 | #define FUNC_NAME(x) (safe_##x)
      |                       ^~~~~
/home/user42/data/csmith/build/runtime/safe_math.h:886:1: note: in expansion of macro ‘FUNC_NAME’
  886 | FUNC_NAME(div_func_uint64_t_u_u)(uint64_t ui1, uint64_t ui2 LOG_INDEX)
      | ^~~~~~~~~
/home/user42/data/csmith/runtime/random_inc.h:92:16: warning: ISO C forbids nested functions [-Wpedantic]
   92 | #define STATIC static
      |                ^~~~~~
/home/user42/data/csmith/build/runtime/safe_math.h:897:1: note: in expansion of macro ‘STATIC’
  897 | STATIC uint64_t
      | ^~~~~~
/home/user42/data/csmith/runtime/random_inc.h:99:23: error: invalid storage class for function ‘safe_lshift_func_uint64_t_u_s’
   99 | #define FUNC_NAME(x) (safe_##x)
      |                       ^~~~~
/home/user42/data/csmith/build/runtime/safe_math.h:898:1: note: in expansion of macro ‘FUNC_NAME’
  898 | FUNC_NAME(lshift_func_uint64_t_u_s)(uint64_t left, int right LOG_INDEX)
      | ^~~~~~~~~
/home/user42/data/csmith/runtime/random_inc.h:92:16: warning: ISO C forbids nested functions [-Wpedantic]
   92 | #define STATIC static
      |                ^~~~~~
/home/user42/data/csmith/build/runtime/safe_math.h:909:1: note: in expansion of macro ‘STATIC’
  909 | STATIC uint64_t
      | ^~~~~~
/home/user42/data/csmith/runtime/random_inc.h:99:23: error: invalid storage class for function ‘safe_lshift_func_uint64_t_u_u’
   99 | #define FUNC_NAME(x) (safe_##x)
      |                       ^~~~~
/home/user42/data/csmith/build/runtime/safe_math.h:910:1: note: in expansion of macro ‘FUNC_NAME’
  910 | FUNC_NAME(lshift_func_uint64_t_u_u)(uint64_t left, unsigned int right LOG_INDEX)
      | ^~~~~~~~~
/home/user42/data/csmith/runtime/random_inc.h:92:16: warning: ISO C forbids nested functions [-Wpedantic]
   92 | #define STATIC static
      |                ^~~~~~
/home/user42/data/csmith/build/runtime/safe_math.h:921:1: note: in expansion of macro ‘STATIC’
  921 | STATIC uint64_t
      | ^~~~~~
/home/user42/data/csmith/runtime/random_inc.h:99:23: error: invalid storage class for function ‘safe_rshift_func_uint64_t_u_s’
   99 | #define FUNC_NAME(x) (safe_##x)
      |                       ^~~~~
/home/user42/data/csmith/build/runtime/safe_math.h:922:1: note: in expansion of macro ‘FUNC_NAME’
  922 | FUNC_NAME(rshift_func_uint64_t_u_s)(uint64_t left, int right LOG_INDEX)
      | ^~~~~~~~~
/home/user42/data/csmith/runtime/random_inc.h:92:16: warning: ISO C forbids nested functions [-Wpedantic]
   92 | #define STATIC static
      |                ^~~~~~
/home/user42/data/csmith/build/runtime/safe_math.h:933:1: note: in expansion of macro ‘STATIC’
  933 | STATIC uint64_t
      | ^~~~~~
/home/user42/data/csmith/runtime/random_inc.h:99:23: error: invalid storage class for function ‘safe_rshift_func_uint64_t_u_u’
   99 | #define FUNC_NAME(x) (safe_##x)
      |                       ^~~~~
/home/user42/data/csmith/build/runtime/safe_math.h:934:1: note: in expansion of macro ‘FUNC_NAME’
  934 | FUNC_NAME(rshift_func_uint64_t_u_u)(uint64_t left, unsigned int right LOG_INDEX)
      | ^~~~~~~~~
/home/user42/data/csmith/runtime/random_inc.h:92:16: warning: ISO C forbids nested functions [-Wpedantic]
   92 | #define STATIC static
      |                ^~~~~~
/home/user42/data/csmith/build/runtime/safe_math.h:953:1: note: in expansion of macro ‘STATIC’
  953 | STATIC float
      | ^~~~~~
/home/user42/data/csmith/runtime/random_inc.h:99:23: error: invalid storage class for function ‘safe_add_func_float_f_f’
   99 | #define FUNC_NAME(x) (safe_##x)
      |                       ^~~~~
/home/user42/data/csmith/build/runtime/safe_math.h:954:1: note: in expansion of macro ‘FUNC_NAME’
  954 | FUNC_NAME(add_func_float_f_f)(float sf1, float sf2 LOG_INDEX)
      | ^~~~~~~~~
/home/user42/data/csmith/runtime/random_inc.h:92:16: warning: ISO C forbids nested functions [-Wpedantic]
   92 | #define STATIC static
      |                ^~~~~~
/home/user42/data/csmith/build/runtime/safe_math.h:965:1: note: in expansion of macro ‘STATIC’
  965 | STATIC float
      | ^~~~~~
/home/user42/data/csmith/runtime/random_inc.h:99:23: error: invalid storage class for function ‘safe_sub_func_float_f_f’
   99 | #define FUNC_NAME(x) (safe_##x)
      |                       ^~~~~
/home/user42/data/csmith/build/runtime/safe_math.h:966:1: note: in expansion of macro ‘FUNC_NAME’
  966 | FUNC_NAME(sub_func_float_f_f)(float sf1, float sf2 LOG_INDEX)
      | ^~~~~~~~~
/home/user42/data/csmith/runtime/random_inc.h:92:16: warning: ISO C forbids nested functions [-Wpedantic]
   92 | #define STATIC static
      |                ^~~~~~
/home/user42/data/csmith/build/runtime/safe_math.h:977:1: note: in expansion of macro ‘STATIC’
  977 | STATIC float
      | ^~~~~~
/home/user42/data/csmith/runtime/random_inc.h:99:23: error: invalid storage class for function ‘safe_mul_func_float_f_f’
   99 | #define FUNC_NAME(x) (safe_##x)
      |                       ^~~~~
/home/user42/data/csmith/build/runtime/safe_math.h:978:1: note: in expansion of macro ‘FUNC_NAME’
  978 | FUNC_NAME(mul_func_float_f_f)(float sf1, float sf2 LOG_INDEX)
      | ^~~~~~~~~
/home/user42/data/csmith/runtime/random_inc.h:92:16: warning: ISO C forbids nested functions [-Wpedantic]
   92 | #define STATIC static
      |                ^~~~~~
/home/user42/data/csmith/build/runtime/safe_math.h:993:1: note: in expansion of macro ‘STATIC’
  993 | STATIC float
      | ^~~~~~
/home/user42/data/csmith/runtime/random_inc.h:99:23: error: invalid storage class for function ‘safe_div_func_float_f_f’
   99 | #define FUNC_NAME(x) (safe_##x)
      |                       ^~~~~
/home/user42/data/csmith/build/runtime/safe_math.h:994:1: note: in expansion of macro ‘FUNC_NAME’
  994 | FUNC_NAME(div_func_float_f_f)(float sf1, float sf2 LOG_INDEX)
      | ^~~~~~~~~
/home/user42/data/csmith/runtime/random_inc.h:92:16: warning: ISO C forbids nested functions [-Wpedantic]
   92 | #define STATIC static
      |                ^~~~~~
/home/user42/data/csmith/build/runtime/safe_math.h:1012:1: note: in expansion of macro ‘STATIC’
 1012 | STATIC double
      | ^~~~~~
/home/user42/data/csmith/runtime/random_inc.h:99:23: error: invalid storage class for function ‘safe_add_func_double_f_f’
   99 | #define FUNC_NAME(x) (safe_##x)
      |                       ^~~~~
/home/user42/data/csmith/build/runtime/safe_math.h:1013:1: note: in expansion of macro ‘FUNC_NAME’
 1013 | FUNC_NAME(add_func_double_f_f)(double sf1, double sf2 LOG_INDEX)
      | ^~~~~~~~~
/home/user42/data/csmith/runtime/random_inc.h:92:16: warning: ISO C forbids nested functions [-Wpedantic]
   92 | #define STATIC static
      |                ^~~~~~
/home/user42/data/csmith/build/runtime/safe_math.h:1024:1: note: in expansion of macro ‘STATIC’
 1024 | STATIC double
      | ^~~~~~
/home/user42/data/csmith/runtime/random_inc.h:99:23: error: invalid storage class for function ‘safe_sub_func_double_f_f’
   99 | #define FUNC_NAME(x) (safe_##x)
      |                       ^~~~~
/home/user42/data/csmith/build/runtime/safe_math.h:1025:1: note: in expansion of macro ‘FUNC_NAME’
 1025 | FUNC_NAME(sub_func_double_f_f)(double sf1, double sf2 LOG_INDEX)
      | ^~~~~~~~~
/home/user42/data/csmith/runtime/random_inc.h:92:16: warning: ISO C forbids nested functions [-Wpedantic]
   92 | #define STATIC static
      |                ^~~~~~
/home/user42/data/csmith/build/runtime/safe_math.h:1036:1: note: in expansion of macro ‘STATIC’
 1036 | STATIC double
      | ^~~~~~
/home/user42/data/csmith/runtime/random_inc.h:99:23: error: invalid storage class for function ‘safe_mul_func_double_f_f’
   99 | #define FUNC_NAME(x) (safe_##x)
      |                       ^~~~~
/home/user42/data/csmith/build/runtime/safe_math.h:1037:1: note: in expansion of macro ‘FUNC_NAME’
 1037 | FUNC_NAME(mul_func_double_f_f)(double sf1, double sf2 LOG_INDEX)
      | ^~~~~~~~~
/home/user42/data/csmith/runtime/random_inc.h:92:16: warning: ISO C forbids nested functions [-Wpedantic]
   92 | #define STATIC static
      |                ^~~~~~
/home/user42/data/csmith/build/runtime/safe_math.h:1052:1: note: in expansion of macro ‘STATIC’
 1052 | STATIC double
      | ^~~~~~
/home/user42/data/csmith/runtime/random_inc.h:99:23: error: invalid storage class for function ‘safe_div_func_double_f_f’
   99 | #define FUNC_NAME(x) (safe_##x)
      |                       ^~~~~
/home/user42/data/csmith/build/runtime/safe_math.h:1053:1: note: in expansion of macro ‘FUNC_NAME’
 1053 | FUNC_NAME(div_func_double_f_f)(double sf1, double sf2 LOG_INDEX)
      | ^~~~~~~~~
/home/user42/data/csmith/runtime/random_inc.h:92:16: warning: ISO C forbids nested functions [-Wpedantic]
   92 | #define STATIC static
      |                ^~~~~~
/home/user42/data/csmith/build/runtime/safe_math.h:1193:1: note: in expansion of macro ‘STATIC’
 1193 | STATIC int32_t
      | ^~~~~~
/home/user42/data/csmith/runtime/random_inc.h:99:23: error: invalid storage class for function ‘safe_convert_func_float_to_int32_t’
   99 | #define FUNC_NAME(x) (safe_##x)
      |                       ^~~~~
/home/user42/data/csmith/build/runtime/safe_math.h:1194:1: note: in expansion of macro ‘FUNC_NAME’
 1194 | FUNC_NAME(convert_func_float_to_int32_t)(float sf1 LOG_INDEX)
      | ^~~~~~~~~
/home/user42/data/csmith/runtime/csmith.h:50:1: warning: ISO C forbids nested functions [-Wpedantic]
   50 | static void
      | ^~~~~~
/home/user42/data/csmith/runtime/csmith.h:51:1: error: invalid storage class for function ‘crc32_gentab’
   51 | crc32_gentab (void)
      | ^~~~~~~~~~~~
/home/user42/data/csmith/runtime/csmith.h:70:1: warning: ISO C forbids nested functions [-Wpedantic]
   70 | static void
      | ^~~~~~
/home/user42/data/csmith/runtime/csmith.h:71:1: error: invalid storage class for function ‘crc32_byte’
   71 | crc32_byte (uint8_t b) {
      | ^~~~~~~~~~
/home/user42/data/csmith/runtime/csmith.h:96:1: warning: ISO C forbids nested functions [-Wpedantic]
   96 | static void
      | ^~~~~~
/home/user42/data/csmith/runtime/csmith.h:97:1: error: invalid storage class for function ‘crc32_8bytes’
   97 | crc32_8bytes (uint64_t val)
      | ^~~~~~~~~~~~
/home/user42/data/csmith/runtime/csmith.h:109:1: warning: ISO C forbids nested functions [-Wpedantic]
  109 | static void
      | ^~~~~~
/home/user42/data/csmith/runtime/csmith.h:110:1: error: invalid storage class for function ‘transparent_crc’
  110 | transparent_crc (uint64_t val, char* vname, int flag)
      | ^~~~~~~~~~~~~~~
/home/user42/data/csmith/runtime/csmith.h:120:1: warning: ISO C forbids nested functions [-Wpedantic]
  120 | static void
      | ^~~~~~
/home/user42/data/csmith/runtime/csmith.h:121:1: error: invalid storage class for function ‘transparent_crc_bytes’
  121 | transparent_crc_bytes (char *ptr, int nbytes, char* vname, int flag)
      | ^~~~~~~~~~~~~~~~~~~~~
1934d6e2aee70d21f4a7d16c0d1ff2867764c085.c:22:23: error: expected expression before ‘int’
   22 | static int32_t a=0, c=int ret = 0;
      |                       ^~~
1934d6e2aee70d21f4a7d16c0d1ff2867764c085.c:31:13: error: ‘superblock’ undeclared (first use in this function)
   31 |     extfunc(superblock);
      |             ^~~~~~~~~~
1934d6e2aee70d21f4a7d16c0d1ff2867764c085.c:31:13: note: each undeclared identifier is reported only once for each function it appears in
1934d6e2aee70d21f4a7d16c0d1ff2867764c085.c:33:5: warning: implicit declaration of function ‘lstratform_main_end’; did you mean ‘platform_main_end’? [-Wimplicit-function-declaration]
   33 |     lstratform_main_end(0, 0);
      |     ^~~~~~~~~~~~~~~~~~~
      |     platform_main_end
1934d6e2aee70d21f4a7d16c0d1ff2867764c085.c:29:9: error: label ‘done’ used but not defined
   29 |         goto done;
      |         ^~~~
1934d6e2aee70d21f4a7d16c0d1ff2867764c085.c:22:21: warning: unused variable ‘c’ [-Wunused-variable]
   22 | static int32_t a=0, c=int ret = 0;
      |                     ^
1934d6e2aee70d21f4a7d16c0d1ff2867764c085.c:22:16: warning: unused variable ‘a’ [-Wunused-variable]
   22 | static int32_t a=0, c=int ret = 0;
      |                ^
1934d6e2aee70d21f4a7d16c0d1ff2867764c085.c:17:13: warning: unused parameter ‘u0’ [-Wunused-parameter]
   17 | badfunc(int u0, int u1, int u2, int u3,
      |         ~~~~^~
1934d6e2aee70d21f4a7d16c0d1ff2867764c085.c:17:21: warning: unused parameter ‘u1’ [-Wunused-parameter]
   17 | badfunc(int u0, int u1, int u2, int u3,
      |                 ~~~~^~
1934d6e2aee70d21f4a7d16c0d1ff2867764c085.c:17:29: warning: unused parameter ‘u2’ [-Wunused-parameter]
   17 | badfunc(int u0, int u1, int u2, int u3,
      |                         ~~~~^~
1934d6e2aee70d21f4a7d16c0d1ff2867764c085.c:17:37: warning: unused parameter ‘u3’ [-Wunused-parameter]
   17 | badfunc(int u0, int u1, int u2, int u3,
      |                                 ~~~~^~
1934d6e2aee70d21f4a7d16c0d1ff2867764c085.c:18:10: warning: unused parameter ‘fsname’ [-Wunused-parameter]
   18 |   short *fsname, unsigned int fsname_len)
      |   ~~~~~~~^~~~~~
1934d6e2aee70d21f4a7d16c0d1ff2867764c085.c:18:31: warning: unused parameter ‘fsname_len’ [-Wunused-parameter]
   18 |   short *fsname, unsigned int fsname_len)
      |                  ~~~~~~~~~~~~~^~~~~~~~~~
1934d6e2aee70d21f4a7d16c0d1ff2867764c085.c: At top level:
1934d6e2aee70d21f4a7d16c0d1ff2867764c085.c:52:8: error: unknown type name ‘int32_t’
   52 | static int32_t a=0, c=0, b=0;
      |        ^~~~~~~
1934d6e2aee70d21f4a7d16c0d1ff2867764c085.c:53:1: error: unknown type name ‘int32_t’
   53 | int32_t d() {
      | ^~~~~~~
1934d6e2aee70d21f4a7d16c0d1ff2867764c085.c:22:1: note: ‘int32_t’ is defined in header ‘<stdint.h>’; did you forget to ‘#include <stdint.h>’?
   21 | #include "csmith.h"
  +++ |+#include <stdint.h>
   22 | static int32_t a=0, c=int ret = 0;
1934d6e2aee70d21f4a7d16c0d1ff2867764c085.c: In function ‘main’:
1934d6e2aee70d21f4a7d16c0d1ff2867764c085.c:63:3: error: ‘crc3’ undeclared (first use in this function)
   63 |   crc3,'F','S',0};
      |   ^~~~
1934d6e2aee70d21f4a7d16c0d1ff2867764c085.c:63:7: warning: left-hand operand of comma expression has no effect [-Wunused-value]
   63 |   crc3,'F','S',0};
      |       ^
1934d6e2aee70d21f4a7d16c0d1ff2867764c085.c:63:11: warning: left-hand operand of comma expression has no effect [-Wunused-value]
   63 |   crc3,'F','S',0};
      |           ^
1934d6e2aee70d21f4a7d16c0d1ff2867764c085.c:63:15: warning: left-hand operand of comma expression has no effect [-Wunused-value]
   63 |   crc3,'F','S',0};
      |               ^
1934d6e2aee70d21f4a7d16c0d1ff2867764c085.c:63:15: warning: statement with no effect [-Wunused-value]
1934d6e2aee70d21f4a7d16c0d1ff2867764c085.c:63:17: error: expected ‘;’ before ‘}’ token
   63 |   crc3,'F','S',0};
      |                 ^
      |                 ;
1934d6e2aee70d21f4a7d16c0d1ff2867764c085.c:62:7: warning: unused variable ‘f’ [-Wunused-variable]
   62 |   int f = 0;
      |       ^
1934d6e2aee70d21f4a7d16c0d1ff2867764c085.c: At top level:
1934d6e2aee70d21f4a7d16c0d1ff2867764c085.c:63:18: warning: ISO C does not allow extra ‘;’ outside of a function [-Wpedantic]
   63 |   crc3,'F','S',0};
      |                  ^
1934d6e2aee70d21f4a7d16c0d1ff2867764c085.c:68:5: error: expected identifier or ‘(’ before ‘if’
   68 |     if (extfunc())
      |     ^~
1934d6e2aee70d21f4a7d16c0d1ff2867764c085.c:70:5: warning: data definition has no type or storage class
   70 |     p = (void *)extfunc();
      |     ^
1934d6e2aee70d21f4a7d16c0d1ff2867764c085.c:70:5: warning: type defaults to ‘int’ in declaration of ‘p’ [-Wimplicit-int]
1934d6e2aee70d21f4a7d16c0d1ff2867764c085.c:70:5: error: conflicting types for ‘p’; have ‘int’
1934d6e2aee70d21f4a7d16c0d1ff2867764c085.c:66:12: note: previous declaration of ‘p’ with type ‘short int *’
   66 |     short *p;
      |            ^
1934d6e2aee70d21f4a7d16c0d1ff2867764c085.c:71:5: error: expected identifier or ‘(’ before ‘if’
   71 |     if (p != 0)
      |     ^~
1934d6e2aee70d21f4a7d16c0d1ff2867764c085.c:74:5: warning: data definition has no type or storage class
   74 |     extfunc(superblock);
      |     ^~~~~~~
1934d6e2aee70d21f4a7d16c0d1ff2867764c085.c:74:5: warning: type defaults to ‘int’ in declaration of ‘extfunc’ [-Wimplicit-int]
1934d6e2aee70d21f4a7d16c0d1ff2867764c085.c:74:5: warning: parameter names (without types) in function declaration
1934d6e2aee70d21f4a7d16c0d1ff2867764c085.c:74:5: error: ‘extfunc’ redeclared as different kind of symbol
1934d6e2aee70d21f4a7d16c0d1ff2867764c085.c:2:8: note: previous declaration of ‘extfunc’ with type ‘long int (*)()’
    2 | long (*extfunc)();
      |        ^~~~~~~
1934d6e2aee70d21f4a7d16c0d1ff2867764c085.c:76:25: error: expected declaration specifiers or ‘...’ before numeric constant
   76 |     lstratform_main_end(0, 0);
      |                         ^
1934d6e2aee70d21f4a7d16c0d1ff2867764c085.c:76:28: error: expected declaration specifiers or ‘...’ before numeric constant
   76 |     lstratform_main_end(0, 0);
      |                            ^
1934d6e2aee70d21f4a7d16c0d1ff2867764c085.c:77:1: error: expected identifier or ‘(’ before ‘}’ token
   77 | }
      | ^
1934d6e2aee70d21f4a7d16c0d1ff2867764c085.c:91:1: warning: "/*" within comment [-Wcomment]
   91 | /* ProgramSouce */
      |  
1934d6e2aee70d21f4a7d16c0d1ff2867764c085.c:92:1: error: unknown type name ‘urceLLVM’
   92 | urceLLVM */
      | ^~~~~~~~
1934d6e2aee70d21f4a7d16c0d1ff2867764c085.c:92:11: error: expected identifier or ‘(’ before ‘/’ token
   92 | urceLLVM */
      |           ^
1934d6e2aee70d21f4a7d16c0d1ff2867764c085.c: In function ‘badfunc’:
1934d6e2aee70d21f4a7d16c0d1ff2867764c085.c:25:9: internal compiler error: tree check: expected function_type or method_type, have error_mark in gimplify_call_expr, at gimplify.cc:3660
   25 |     if (extfunc())
      |         ^~~~~~~~~
0x7e3fd0 tree_check_failed(tree_node const*, char const*, int, char const*, ...)
	.././../gcc-source/gcc/tree.cc:8688
0x725154 tree_check2(tree_node*, char const*, int, char const*, tree_code, tree_code)
	.././../gcc-source/gcc/tree.h:3469
0x725154 gimplify_call_expr
	.././../gcc-source/gcc/gimplify.cc:3660
0xc2b877 gimplify_expr(tree_node**, gimple**, gimple**, bool (*)(tree_node*), int)
	.././../gcc-source/gcc/gimplify.cc:15028
0xc2ad71 gimplify_expr(tree_node**, gimple**, gimple**, bool (*)(tree_node*), int)
	.././../gcc-source/gcc/gimplify.cc:15833
0xc3a02b gimplify_cond_expr
	.././../gcc-source/gcc/gimplify.cc:4404
0xc2b840 gimplify_expr(tree_node**, gimple**, gimple**, bool (*)(tree_node*), int)
	.././../gcc-source/gcc/gimplify.cc:15013
0xc2e7f6 gimplify_stmt(tree_node**, gimple**)
	.././../gcc-source/gcc/gimplify.cc:7111
0xc2b8eb gimplify_statement_list
	.././../gcc-source/gcc/gimplify.cc:2019
0xc2b8eb gimplify_expr(tree_node**, gimple**, gimple**, bool (*)(tree_node*), int)
	.././../gcc-source/gcc/gimplify.cc:15501
0xc2e7f6 gimplify_stmt(tree_node**, gimple**)
	.././../gcc-source/gcc/gimplify.cc:7111
0xc2efb4 gimplify_bind_expr
	.././../gcc-source/gcc/gimplify.cc:1428
0xc2b891 gimplify_expr(tree_node**, gimple**, gimple**, bool (*)(tree_node*), int)
	.././../gcc-source/gcc/gimplify.cc:15257
0xc3d02f gimplify_stmt(tree_node**, gimple**)
	.././../gcc-source/gcc/gimplify.cc:7111
0xc3d02f gimplify_body(tree_node*, bool)
	.././../gcc-source/gcc/gimplify.cc:16313
0xc3d47d gimplify_function_tree(tree_node*)
	.././../gcc-source/gcc/gimplify.cc:16467
0xa691f7 cgraph_node::analyze()
	.././../gcc-source/gcc/cgraphunit.cc:675
0xa6be47 analyze_functions
	.././../gcc-source/gcc/cgraphunit.cc:1240
0xa6cacd symbol_table::finalize_compilation_unit()
	.././../gcc-source/gcc/cgraphunit.cc:2500
Please submit a full bug report, with preprocessed source (by using -freport-bug).
Please include the complete backtrace with any bug report.
See <https://gcc.gnu.org/bugs/> for instructions.
