/home/user42/directed-compiler-fuzzing-code/scripts/8-crash-testing/tar-data/clang-fuzzer-3/segment_6/dba1d0df531d8ec6b6c0acc927842798131c4159.c: In function ‚Äòat‚Äô:
/home/user42/directed-compiler-fuzzing-code/scripts/8-crash-testing/tar-data/clang-fuzzer-3/segment_6/dba1d0df531d8ec6b6c0acc927842798131c4159.c:44:11: error: lvalue required as left operand of assignment
   44 |    -   ae = n = au[al];
      |           ^
/home/user42/directed-compiler-fuzzing-code/scripts/8-crash-testing/tar-data/clang-fuzzer-3/segment_6/dba1d0df531d8ec6b6c0acc927842798131c4159.c: In function ‚Äòaw‚Äô:
/home/user42/directed-compiler-fuzzing-code/scripts/8-crash-testing/tar-data/clang-fuzzer-3/segment_6/dba1d0df531d8ec6b6c0acc927842798131c4159.c:80:15: error: expected expression before ‚Äò/‚Äô token
   80 |               /corpus/pr49123.c */
      |               ^
/home/user42/directed-compiler-fuzzing-code/scripts/8-crash-testing/tar-data/clang-fuzzer-3/segment_6/dba1d0df531d8ec6b6c0acc927842798131c4159.c:80:16: error: stray ‚Äò\1‚Äô in program
   80 |               /<U+0001><U+001A>corpus/pr49123.c */
      |                ^~~~~~~~
/home/user42/directed-compiler-fuzzing-code/scripts/8-crash-testing/tar-data/clang-fuzzer-3/segment_6/dba1d0df531d8ec6b6c0acc927842798131c4159.c:80:17: error: stray ‚Äò\32‚Äô in program
   80 |               /<U+0001><U+001A>corpus/pr49123.c */
      |                        ^~~~~~~~
/home/user42/directed-compiler-fuzzing-code/scripts/8-crash-testing/tar-data/clang-fuzzer-3/segment_6/dba1d0df531d8ec6b6c0acc927842798131c4159.c: In function ‚Äòmain‚Äô:
/home/user42/directed-compiler-fuzzing-code/scripts/8-crash-testing/tar-data/clang-fuzzer-3/segment_6/dba1d0df531d8ec6b6c0acc927842798131c4159.c:92:1: error: aggregate value used where an integer was expected
   92 | ns_name_skip (unsigned char **x, unsigned char *y)
      | ^~~~~~~~~~~~
/home/user42/directed-compiler-fuzzing-code/scripts/8-crash-testing/tar-data/clang-fuzzer-3/segment_6/dba1d0df531d8ec6b6c0acc927842798131c4159.c:91:23: error: expected ‚Äò)‚Äô before ‚Äòns_name_skip‚Äô
   91 |   if ((unsigned int) s/* corpus/980701-1.c */
      |      ~                ^
      |                       )
   92 | ns_name_skip (unsigned char **x, unsigned char *y)
      | ~~~~~~~~~~~~           
/home/user42/directed-compiler-fuzzing-code/scripts/8-crash-testing/tar-data/clang-fuzzer-3/segment_6/dba1d0df531d8ec6b6c0acc927842798131c4159.c:115:9: error: expected expression before ‚Äò}‚Äô token
  115 | rt v16; } __attribute__((packed)) jint16_t;
      |         ^
/home/user42/directed-compiler-fuzzing-code/scripts/8-crash-testing/tar-data/clang-fuzzer-3/segment_6/dba1d0df531d8ec6b6c0acc927842798131c4159.c: In function ‚Äòaw‚Äô:
/home/user42/directed-compiler-fuzzing-code/scripts/8-crash-testing/tar-data/clang-fuzzer-3/segment_6/dba1d0df531d8ec6b6c0acc927842798131c4159.c:118:3: error: expected specifier-qualifier-list before ‚Äòji‚Äô
  118 |   ji int w, xstruct a bf = {908, 5, 3};
      |   ^~
/home/user42/directed-compiler-fuzzing-code/scripts/8-crash-testing/tar-data/clang-fuzzer-3/segment_6/dba1d0df531d8ec6b6c0acc927842798131c4159.c:130:27: error: stray ‚Äò\300‚Äô in program
  130 |                 dummy("", <c0>);
      |                           ^~~~
/home/user42/directed-compiler-fuzzing-code/scripts/8-crash-testing/tar-data/clang-fuzzer-3/segment_6/dba1d0df531d8ec6b6c0acc927842798131c4159.c:162:10: error: invalid suffix "jint16_t" on integer constant
  162 |   return 0jint16_t magic;
      |          ^~~~~~~~~
/home/user42/directed-compiler-fuzzing-code/scripts/8-crash-testing/tar-data/clang-fuzzer-3/segment_6/dba1d0df531d8ec6b6c0acc927842798131c4159.c:184:25: error: stray ‚Äò\17‚Äô in program
  184 |       c = (unsigned) c <U+0000><U+000F>> -(unsigned) ((o = (m = d =reak;
      |                                ^~~~~~~~
/home/user42/directed-compiler-fuzzing-code/scripts/8-crash-testing/tar-data/clang-fuzzer-3/segment_6/dba1d0df531d8ec6b6c0acc927842798131c4159.c:190:1: error: expected ‚Äò;‚Äô, identifier or ‚Äò(‚Äô before ‚Äòint‚Äô
  190 | int
      | ^~~
/home/user42/directed-compiler-fuzzing-code/scripts/8-crash-testing/tar-data/clang-fuzzer-3/segment_6/dba1d0df531d8ec6b6c0acc927842798131c4159.c:191:1: error: redefinition of ‚Äòmain‚Äô
  191 | main ()
      | ^~~~
/home/user42/directed-compiler-fuzzing-code/scripts/8-crash-testing/tar-data/clang-fuzzer-3/segment_6/dba1d0df531d8ec6b6c0acc927842798131c4159.c:88:1: note: previous definition of ‚Äòmain‚Äô with type ‚Äòint()‚Äô
   88 | main ()
      | ^~~~
/home/user42/directed-compiler-fuzzing-code/scripts/8-crash-testing/tar-data/clang-fuzzer-3/segment_6/dba1d0df531d8ec6b6c0acc927842798131c4159.c:235:1: error: expected ‚Äò=‚Äô, ‚Äò,‚Äô, ‚Äò;‚Äô, ‚Äòasm‚Äô or ‚Äò__attribute__‚Äô before ‚Äò}‚Äô token
  235 | }
      | ^
/home/user42/directed-compiler-fuzzing-code/scripts/8-crash-testing/tar-data/clang-fuzzer-3/segment_6/dba1d0df531d8ec6b6c0acc927842798131c4159.c:237:8: error: expected ‚Äò;‚Äô before ‚Äò{‚Äô token
  237 | main ()
      |        ^
      |        ;
  238 | {
      | ~       
/home/user42/directed-compiler-fuzzing-code/scripts/8-crash-testing/tar-data/clang-fuzzer-3/segment_6/dba1d0df531d8ec6b6c0acc927842798131c4159.c:249:2: error: stray ‚Äò\305‚Äô in program
  249 | }<c5><f5><U+14C2DE>alias analyzer was not considering that 'i' may be used in the call to
      |  ^~~~
/home/user42/directed-compiler-fuzzing-code/scripts/8-crash-testing/tar-data/clang-fuzzer-3/segment_6/dba1d0df531d8ec6b6c0acc927842798131c4159.c:249:3: error: stray ‚Äò\365‚Äô in program
  249 | }<c5><f5><U+14C2DE>alias analyzer was not considering that 'i' may be used in the call to
      |      ^~~~
/home/user42/directed-compiler-fuzzing-code/scripts/8-crash-testing/tar-data/clang-fuzzer-3/segment_6/dba1d0df531d8ec6b6c0acc927842798131c4159.c:249:4: error: stray ‚Äò\365‚Äô in program
  249 | }<c5><f5><U+14C2DE>alias analyzer was not considering that 'i' may be used in the call to
      |          ^~~~~~~~~~
/home/user42/directed-compiler-fuzzing-code/scripts/8-crash-testing/tar-data/clang-fuzzer-3/segment_6/dba1d0df531d8ec6b6c0acc927842798131c4159.c:253:17: error: stray ‚Äò\213‚Äô in program
  253 |   if (bar() != 6<8b><8f>c struct adjust_template adjust = {2, 1};
      |                 ^~~~
/home/user42/directed-compiler-fuzzing-code/scripts/8-crash-testing/tar-data/clang-fuzzer-3/segment_6/dba1d0df531d8ec6b6c0acc927842798131c4159.c:253:18: error: stray ‚Äò\217‚Äô in program
  253 |   if (bar() != 6<8b><8f>c struct adjust_template adjust = {2, 1};
      |                     ^~~~
/home/user42/directed-compiler-fuzzing-code/scripts/8-crash-testing/tar-data/clang-fuzzer-3/segment_6/dba1d0df531d8ec6b6c0acc927842798131c4159.c:282:2: error: expected ‚Äò;‚Äô before ‚Äòif‚Äô
  282 | s
      |  ^
      |  ;
  283 |             if (l)
      |             ~~
/home/user42/directed-compiler-fuzzing-code/scripts/8-crash-testing/tar-data/clang-fuzzer-3/segment_6/dba1d0df531d8ec6b6c0acc927842798131c4159.c: At top level:
/home/user42/directed-compiler-fuzzing-code/scripts/8-crash-testing/tar-data/clang-fuzzer-3/segment_6/dba1d0df531d8ec6b6c0acc927842798131c4159.c:313:3: error: expected identifier or ‚Äò(‚Äô before ‚Äò/‚Äô token
  313 | };/
      |   ^
/home/user42/directed-compiler-fuzzing-code/scripts/8-crash-testing/tar-data/clang-fuzzer-3/segment_6/dba1d0df531d8ec6b6c0acc927842798131c4159.c:325:13: error: two or more data types in declaration specifiers
  325 | struct bnst int i = 5;
      |             ^~~
/home/user42/directed-compiler-fuzzing-code/scripts/8-crash-testing/tar-data/clang-fuzzer-3/segment_6/dba1d0df531d8ec6b6c0acc927842798131c4159.c:325:8: error: variable ‚Äòi‚Äô has initializer but incomplete type
  325 | struct bnst int i = 5;
      |        ^~~~
/home/user42/directed-compiler-fuzzing-code/scripts/8-crash-testing/tar-data/clang-fuzzer-3/segment_6/dba1d0df531d8ec6b6c0acc927842798131c4159.c:325:17: error: conflicting types for ‚Äòi‚Äô; have ‚Äòstruct bnst‚Äô
  325 | struct bnst int i = 5;
      |                 ^
/home/user42/directed-compiler-fuzzing-code/scripts/8-crash-testing/tar-data/clang-fuzzer-3/segment_6/dba1d0df531d8ec6b6c0acc927842798131c4159.c:15:5: note: previous declaration of ‚Äòi‚Äô with type ‚Äòint[6]‚Äô
   15 | int i[6];
      |     ^
/home/user42/directed-compiler-fuzzing-code/scripts/8-crash-testing/tar-data/clang-fuzzer-3/segment_6/dba1d0df531d8ec6b6c0acc927842798131c4159.c:326:3: error: non-static declaration of ‚Äòp‚Äô follows static declaration
  326 |   p = &i;
      |   ^
/home/user42/directed-compiler-fuzzing-code/scripts/8-crash-testing/tar-data/clang-fuzzer-3/segment_6/dba1d0df531d8ec6b6c0acc927842798131c4159.c:16:43: note: previous declaration of ‚Äòp‚Äô with type ‚Äòint‚Äô
   16 | static int j, v, e, f, h = 5, k, l, n, o, p, q, r, s, u, w, x, y, z, aa, ab, ac,
      |                                           ^
/home/user42/directed-compiler-fuzzing-code/scripts/8-crash-testing/tar-data/clang-fuzzer-3/segment_6/dba1d0df531d8ec6b6c0acc927842798131c4159.c:327:3: error: expected identifier or ‚Äò(‚Äô before ‚Äòif‚Äô
  327 |   if (bar() != 6ãèc struct adjust_template adjust = {2, 1};
      |   ^~
/home/user42/directed-compiler-fuzzing-code/scripts/8-crash-testing/tar-data/clang-fuzzer-3/segment_6/dba1d0df531d8ec6b6c0acc927842798131c4159.c:327:17: error: stray ‚Äò\213‚Äô in program
  327 |   if (bar() != 6<8b><8f>c struct adjust_template adjust = {2, 1};
      |                 ^~~~
/home/user42/directed-compiler-fuzzing-code/scripts/8-crash-testing/tar-data/clang-fuzzer-3/segment_6/dba1d0df531d8ec6b6c0acc927842798131c4159.c:327:18: error: stray ‚Äò\217‚Äô in program
  327 |   if (bar() != 6<8b><8f>c struct adjust_template adjust = {2, 1};
      |                     ^~~~
/home/user42/directed-compiler-fuzzing-code/scripts/8-crash-testing/tar-data/clang-fuzzer-3/segment_6/dba1d0df531d8ec6b6c0acc927842798131c4159.c: In function ‚Äòmain‚Äô:
/home/user42/directed-compiler-fuzzing-code/scripts/8-crash-testing/tar-data/clang-fuzzer-3/segment_6/dba1d0df531d8ec6b6c0acc927842798131c4159.c:336:4: error: expected ‚Äò;‚Äô before ‚Äò{‚Äô token
  336 |   2  { abort (); }
      |    ^ ~
      |    ;
/home/user42/directed-compiler-fuzzing-code/scripts/8-crash-testing/tar-data/clang-fuzzer-3/segment_6/dba1d0df531d8ec6b6c0acc927842798131c4159.c: At top level:
/home/user42/directed-compiler-fuzzing-code/scripts/8-crash-testing/tar-data/clang-fuzzer-3/segment_6/dba1d0df531d8ec6b6c0acc927842798131c4159.c:341:1: error: expected identifier or ‚Äò(‚Äô before ‚Äò)‚Äô token
  341 | )
      | ^
/home/user42/directed-compiler-fuzzing-code/scripts/8-crash-testing/tar-data/clang-fuzzer-3/segment_6/dba1d0df531d8ec6b6c0acc927842798131c4159.c:343:9: error: expected declaration specifiers or ‚Äò...‚Äô before numeric constant
  343 |   exit (0);
      |         ^
/home/user42/directed-compiler-fuzzing-code/scripts/8-crash-testing/tar-data/clang-fuzzer-3/segment_6/dba1d0df531d8ec6b6c0acc927842798131c4159.c:344:1: error: expected identifier or ‚Äò(‚Äô before ‚Äò}‚Äô token
  344 | }
      | ^
/home/user42/directed-compiler-fuzzing-code/scripts/8-crash-testing/tar-data/clang-fuzzer-3/segment_6/dba1d0df531d8ec6b6c0acc927842798131c4159.c:361:8: error: redefinition of ‚Äòstruct a‚Äô
  361 | struct a {int val;} a={1},a2;
      |        ^
/home/user42/directed-compiler-fuzzing-code/scripts/8-crash-testing/tar-data/clang-fuzzer-3/segment_6/dba1d0df531d8ec6b6c0acc927842798131c4159.c:19:8: note: originally defined here
   19 | struct a {
      |        ^
/home/user42/directed-compiler-fuzzing-code/scripts/8-crash-testing/tar-data/clang-fuzzer-3/segment_6/dba1d0df531d8ec6b6c0acc927842798131c4159.c:361:21: error: conflicting types for ‚Äòa‚Äô; have ‚Äòstruct a‚Äô
  361 | struct a {int val;} a={1},a2;
      |                     ^
/home/user42/directed-compiler-fuzzing-code/scripts/8-crash-testing/tar-data/clang-fuzzer-3/segment_6/dba1d0df531d8ec6b6c0acc927842798131c4159.c:324:21: note: previous definition of ‚Äòa‚Äô with type ‚Äòint‚Äô
  324 | struct a {int val;} a={1},a2;
      |                     ^
/home/user42/directed-compiler-fuzzing-code/scripts/8-crash-testing/tar-data/clang-fuzzer-3/segment_6/dba1d0df531d8ec6b6c0acc927842798131c4159.c:361:27: error: conflicting types for ‚Äòa2‚Äô; have ‚Äòstruct a‚Äô
  361 | struct a {int val;} a={1},a2;
      |                           ^~
/home/user42/directed-compiler-fuzzing-code/scripts/8-crash-testing/tar-data/clang-fuzzer-3/segment_6/dba1d0df531d8ec6b6c0acc927842798131c4159.c:324:27: note: previous declaration of ‚Äòa2‚Äô with type ‚Äòint‚Äô
  324 | struct a {int val;} a={1},a2;
      |                           ^~
/home/user42/directed-compiler-fuzzing-code/scripts/8-crash-testing/tar-data/clang-fuzzer-3/segment_6/dba1d0df531d8ec6b6c0acc927842798131c4159.c:364:6: error: ‚ÄòyceLLVM‚Äô undeclared here (not in a function)
  364 | st = yceLLVM *ruct c {struct b b;} *cptr=(void *)&val;
      |      ^~~~~~~
/home/user42/directed-compiler-fuzzing-code/scripts/8-crash-testing/tar-data/clang-fuzzer-3/segment_6/dba1d0df531d8ec6b6c0acc927842798131c4159.c:364:15: error: ‚Äòruct‚Äô undeclared here (not in a function)
  364 | st = yceLLVM *ruct c {struct b b;} *cptr=(void *)&val;
      |               ^~~~
/home/user42/directed-compiler-fuzzing-code/scripts/8-crash-testing/tar-data/clang-fuzzer-3/segment_6/dba1d0df531d8ec6b6c0acc927842798131c4159.c:364:20: error: expected ‚Äò,‚Äô or ‚Äò;‚Äô before ‚Äòc‚Äô
  364 | st = yceLLVM *ruct c {struct b b;} *cptr=(void *)&val;
      |                    ^
/home/user42/directed-compiler-fuzzing-code/scripts/8-crash-testing/tar-data/clang-fuzzer-3/segment_6/dba1d0df531d8ec6b6c0acc927842798131c4159.c:367:1: error: redefinition of ‚Äòmain‚Äô
  367 | main(void)
      | ^~~~
/home/user42/directed-compiler-fuzzing-code/scripts/8-crash-testing/tar-data/clang-fuzzer-3/segment_6/dba1d0df531d8ec6b6c0acc927842798131c4159.c:329:1: note: previous definition of ‚Äòmain‚Äô with type ‚Äòint()‚Äô
  329 | main ()
      | ^~~~
/home/user42/directed-compiler-fuzzing-code/scripts/8-crash-testing/tar-data/clang-fuzzer-3/segment_6/dba1d0df531d8ec6b6c0acc927842798131c4159.c: In function ‚Äòmain‚Äô:
/home/user42/directed-compiler-fuzzing-code/scripts/8-crash-testing/tar-data/clang-fuzzer-3/segment_6/dba1d0df531d8ec6b6c0acc927842798131c4159.c:369:7: error: request for member ‚Äòb‚Äô in something not a structure or union
  369 |   cptr->b.a=a;
      |       ^~
/home/user42/directed-compiler-fuzzing-code/scripts/8-crash-testing/tar-data/clang-fuzzer-3/segment_6/dba1d0df531d8ec6b6c0acc927842798131c4159.c:371:10: error: request for member ‚Äòb‚Äô in something not a structure or union
  371 |   a2=cptr->b.a;
      |          ^~
/home/user42/directed-compiler-fuzzing-code/scripts/8-crash-testing/tar-data/clang-fuzzer-3/segment_6/dba1d0df531d8ec6b6c0acc927842798131c4159.c:373:9: error: ‚Äò_builtin_aboort‚Äô undeclared (first use in this function); did you mean ‚Äò__builtin_abort‚Äô?
  373 |     { _(_builtin_aboort  *x;
      |         ^~~~~~~~~~~~~~~
      |         __builtin_abort
/home/user42/directed-compiler-fuzzing-code/scripts/8-crash-testing/tar-data/clang-fuzzer-3/segment_6/dba1d0df531d8ec6b6c0acc927842798131c4159.c:373:9: note: each undeclared identifier is reported only once for each function it appears in
/home/user42/directed-compiler-fuzzing-code/scripts/8-crash-testing/tar-data/clang-fuzzer-3/segment_6/dba1d0df531d8ec6b6c0acc927842798131c4159.c:373:28: error: expected ‚Äò)‚Äô before ‚Äò;‚Äô token
  373 |     { _(_builtin_aboort  *x;
      |        ~                   ^
      |                            )
/home/user42/directed-compiler-fuzzing-code/scripts/8-crash-testing/tar-data/clang-fuzzer-3/segment_6/dba1d0df531d8ec6b6c0acc927842798131c4159.c:377:1: error: expected declaration or statement at end of input
  377 | }
      | ^
/home/user42/directed-compiler-fuzzing-code/scripts/8-crash-testing/tar-data/clang-fuzzer-3/segment_6/dba1d0df531d8ec6b6c0acc927842798131c4159.c:377:1: error: expected declaration or statement at end of input
/home/user42/directed-compiler-fuzzing-code/scripts/8-crash-testing/tar-data/clang-fuzzer-3/segment_6/dba1d0df531d8ec6b6c0acc927842798131c4159.c: In function ‚Äòaq‚Äô:
/home/user42/directed-compiler-fuzzing-code/scripts/8-crash-testing/tar-data/clang-fuzzer-3/segment_6/dba1d0df531d8ec6b6c0acc927842798131c4159.c:27:16: internal compiler error: tree check: expected array_type, have error_mark in array_ref_low_bound, at tree.cc:12479
   27 |   j = j & 5 ^ i[j ^ v & 5];
      |               ~^~~~~~~~~~~
0x7e3fd0 tree_check_failed(tree_node const*, char const*, int, char const*, ...)
	.././../gcc-source/gcc/tree.cc:8688
0x7edb6d tree_check(tree_node*, char const*, int, char const*, tree_code)
	.././../gcc-source/gcc/tree.h:3450
0x7edb6d array_ref_low_bound(tree_node*)
	.././../gcc-source/gcc/tree.cc:12479
0xc310ef gimplify_compound_lval
	.././../gcc-source/gcc/gimplify.cc:3204
0xc2a904 gimplify_expr(tree_node**, gimple**, gimple**, bool (*)(tree_node*), int)
	.././../gcc-source/gcc/gimplify.cc:15008
0xc2adaa gimplify_expr(tree_node**, gimple**, gimple**, bool (*)(tree_node*), int)
	.././../gcc-source/gcc/gimplify.cc:15835
0xc3bae7 gimplify_modify_expr
	.././../gcc-source/gcc/gimplify.cc:6043
0xc2b126 gimplify_expr(tree_node**, gimple**, gimple**, bool (*)(tree_node*), int)
	.././../gcc-source/gcc/gimplify.cc:15056
0xc2e7f6 gimplify_stmt(tree_node**, gimple**)
	.././../gcc-source/gcc/gimplify.cc:7111
0xc2b8eb gimplify_statement_list
	.././../gcc-source/gcc/gimplify.cc:2019
0xc2b8eb gimplify_expr(tree_node**, gimple**, gimple**, bool (*)(tree_node*), int)
	.././../gcc-source/gcc/gimplify.cc:15501
0xc2e7f6 gimplify_stmt(tree_node**, gimple**)
	.././../gcc-source/gcc/gimplify.cc:7111
0xc2efb4 gimplify_bind_expr
	.././../gcc-source/gcc/gimplify.cc:1428
0xc2b891 gimplify_expr(tree_node**, gimple**, gimple**, bool (*)(tree_node*), int)
	.././../gcc-source/gcc/gimplify.cc:15257
0xc3d02f gimplify_stmt(tree_node**, gimple**)
	.././../gcc-source/gcc/gimplify.cc:7111
0xc3d02f gimplify_body(tree_node*, bool)
	.././../gcc-source/gcc/gimplify.cc:16313
0xc3d47d gimplify_function_tree(tree_node*)
	.././../gcc-source/gcc/gimplify.cc:16467
0xa691f7 cgraph_node::analyze()
	.././../gcc-source/gcc/cgraphunit.cc:675
0xa6be47 analyze_functions
	.././../gcc-source/gcc/cgraphunit.cc:1240
0xa6cacd symbol_table::finalize_compilation_unit()
	.././../gcc-source/gcc/cgraphunit.cc:2500
Please submit a full bug report, with preprocessed source (by using -freport-bug).
Please include the complete backtrace with any bug report.
See <https://gcc.gnu.org/bugs/> for instructions.
